  Fri Oct 20 12:04:46 2023 for program Focplt
 Input from file puna_200806211240_p.inp
     2
 Statn  Azimuth  TOAngl  Key  Log10 Ratio     Pol  TOAng2  Comment
EW13  185.18   84.68-
BB02  192.72   84.52-
EW14  193.79   84.68-
EW15  203.30   84.66-
BB09  206.80   85.87D
BB04  244.06   84.46D
BB08  272.10  114.14D
BB05  271.42   90.54D
BB06  313.13   84.68-
NS26   42.23   84.66D
NS25   47.38   84.67D
NS24   50.16   84.68D
NS23   56.10   84.68D
BB20   58.10   84.53D
NS22   62.03   86.07D
BB21   74.40   83.92-
GALA   77.52   84.66D
NS20   77.66   89.93D
BB17   86.93   83.95-
NS01  102.83   91.53D
BB19  113.20   84.67D
NS02  116.92   90.00D
EW06  119.18   83.96-
NS03  127.82   87.78D
NS04  133.27   85.45D
EW01  135.27   84.58-
EW10  139.33   84.67D
EW09  139.84   84.64-
NS05  143.39   84.84D
NS06  150.81   84.68-
NS07  160.10   84.68+
BB10  163.03   90.87+
NS08  169.11   84.66+
EW12  176.96   84.68+
 Plotting P nodal planes
 
  Solutions input from file output_200806211240_uw.out
   Fri Oct 20 12:04:46 2023 for program Focmec
  Event 8703270729 4 UW errors max
  Input from a file puna_200806211240_p.inp
  200806211240
  Including emergent polarity picks
  Polarities/Errors:  P 034/00  SV 000/00  SH 000/00
  There are no amplitude ratio data
  The minimum, increment and maximum B axis trend:     0.00    5.00  355.00
  The limits for the B axis plunge:     0.00    5.00   90.00
  The limits for Angle:     0.00    5.00  175.00
 
     Dip,Strike,Rake     70.08   333.18    84.68
     Dip,Strike,Rake     20.59   168.47   104.35   Auxiliary Plane
     Lower Hem. Trend, Plunge of A,N     78.47    69.41   243.18    19.92
     Lower Hem. Trend & Plunge of B    335.00     5.00
     Lower Hem. Trend, Plunge of P,T     67.32    24.90   234.41    64.54
     MRR = 0.64  MTT =-0.06  MPP =-0.58  MRT =-0.37  MRP = 0.67  MTP = 0.21
     Dip,Strike,Rake     60.13   337.12    84.23
     Dip,Strike,Rake     30.37   168.59    99.93   Auxiliary Plane
     Lower Hem. Trend, Plunge of A,N     78.59    59.63   247.12    29.87
     Lower Hem. Trend & Plunge of B    340.00     5.00
     Lower Hem. Trend, Plunge of P,T     71.34    14.95   231.98    74.20
     MRR = 0.86  MTT =-0.07  MPP =-0.79  MRT =-0.24  MRP = 0.44  MTP = 0.25
     Dip,Strike,Rake     65.10   337.67    84.49
     Dip,Strike,Rake     25.46   170.57   101.69   Auxiliary Plane
     Lower Hem. Trend, Plunge of A,N     80.57    64.54   247.67    24.90
     Lower Hem. Trend & Plunge of B    340.00     5.00
     Lower Hem. Trend, Plunge of P,T     71.81    19.92   236.54    69.41
     MRR = 0.76  MTT =-0.05  MPP =-0.71  MRT =-0.28  MRP = 0.58  MTP = 0.21
     Dip,Strike,Rake     50.18   340.82    83.48
     Dip,Strike,Rake     40.26   170.94    97.76   Auxiliary Plane
     Lower Hem. Trend, Plunge of A,N     80.94    49.74   250.82    39.82
     Lower Hem. Trend & Plunge of B    345.01     5.00
     Lower Hem. Trend, Plunge of P,T     75.44     4.98   210.08    82.93
     MRR = 0.98  MTT =-0.05  MPP =-0.93  MRT =-0.13  MRP = 0.14  MTP = 0.23
     Dip,Strike,Rake     55.15   341.51    83.90
     Dip,Strike,Rake     35.31   172.10    98.68   Auxiliary Plane
     Lower Hem. Trend, Plunge of A,N     82.10    54.69   251.51    34.85
     Lower Hem. Trend & Plunge of B    345.00     5.00
     Lower Hem. Trend, Plunge of P,T     75.89     9.96   228.68    78.83
     MRR = 0.93  MTT =-0.04  MPP =-0.89  MRT =-0.17  MRP = 0.31  MTP = 0.21
     Dip,Strike,Rake     60.13   342.12    84.23
     Dip,Strike,Rake     30.37   173.59    99.93   Auxiliary Plane
     Lower Hem. Trend, Plunge of A,N     83.59    59.63   252.12    29.87
     Lower Hem. Trend & Plunge of B    345.00     5.00
     Lower Hem. Trend, Plunge of P,T     76.34    14.95   236.98    74.20
     MRR = 0.86  MTT =-0.03  MPP =-0.83  MRT =-0.20  MRP = 0.46  MTP = 0.18
     Dip,Strike,Rake     50.73   336.50    77.04
     Dip,Strike,Rake     41.02   176.48   105.34   Auxiliary Plane
     Lower Hem. Trend, Plunge of A,N     86.48    48.98   246.50    39.27
     Lower Hem. Trend & Plunge of B    344.79    10.00
     Lower Hem. Trend, Plunge of P,T     75.66     4.93   191.55    78.83
     MRR = 0.96  MTT =-0.02  MPP =-0.93  MRT =-0.21  MRP = 0.12  MTP = 0.23
     Dip,Strike,Rake     41.03   338.17    74.66
     Dip,Strike,Rake     50.72   178.15   102.96   Auxiliary Plane
     Lower Hem. Trend, Plunge of A,N     88.15    39.28   248.17    48.97
     Lower Hem. Trend & Plunge of B    349.86    10.00
     Lower Hem. Trend, Plunge of P,T    258.99     4.92   143.14    78.83
     MRR = 0.96  MTT =-0.01  MPP =-0.94  MRT =-0.14  MRP =-0.20  MTP = 0.20
     Dip,Strike,Rake     45.86   340.01    76.00
     Dip,Strike,Rake     45.87   179.71   104.00   Auxiliary Plane
     Lower Hem. Trend, Plunge of A,N     89.71    44.13   250.01    44.14
     Lower Hem. Trend & Plunge of B    349.86    10.00
     Lower Hem. Trend, Plunge of P,T    259.86     0.00   169.84    80.00
     MRR = 0.97  MTT =-0.00  MPP =-0.97  MRT =-0.17  MRP =-0.03  MTP = 0.18
     Dip,Strike,Rake     65.91   152.55    73.53
     Dip,Strike,Rake     28.90     8.47   122.38   Auxiliary Plane
     Lower Hem. Trend, Plunge of A,N    278.47    61.10    62.55    24.09
     Lower Hem. Trend & Plunge of B    159.43    15.00
     Lower Hem. Trend, Plunge of P,T    254.81    19.29    34.02    65.18
     MRR = 0.71  MTT = 0.06  MPP =-0.77  MRT = 0.40  MRP =-0.51  MTP = 0.14
     Dip,Strike,Rake     70.71   154.05    74.08
     Dip,Strike,Rake     24.82    14.86   128.09   Auxiliary Plane
     Lower Hem. Trend, Plunge of A,N    284.86    65.18    64.05    19.29
     Lower Hem. Trend & Plunge of B    159.43    15.00
     Lower Hem. Trend, Plunge of P,T    256.32    24.09    40.39    61.09
     MRR = 0.60  MTT = 0.09  MPP =-0.69  MRT = 0.41  MRP =-0.64  MTP = 0.08
     Dip,Strike,Rake     56.36   154.30    71.89
     Dip,Strike,Rake     37.69     4.86   115.04   Auxiliary Plane
     Lower Hem. Trend, Plunge of A,N    274.86    52.31    64.30    33.64
     Lower Hem. Trend & Plunge of B    164.57    15.00
     Lower Hem. Trend, Plunge of P,T    257.18     9.66    18.85    72.04
     MRR = 0.88  MTT = 0.04  MPP =-0.91  MRT = 0.31  MRP =-0.26  MTP = 0.18
     Dip,Strike,Rake     61.12   156.07    72.81
     Dip,Strike,Rake     33.23     8.71   118.18   Auxiliary Plane
     Lower Hem. Trend, Plunge of A,N    278.71    56.77    66.07    28.88
     Lower Hem. Trend & Plunge of B    164.57    15.00
     Lower Hem. Trend, Plunge of P,T    258.53    14.48    30.56    68.91
     MRR = 0.81  MTT = 0.06  MPP =-0.87  MRT = 0.34  MRP =-0.41  MTP = 0.13
     Dip,Strike,Rake     65.91   157.69    73.53
     Dip,Strike,Rake     28.90    13.61   122.38   Auxiliary Plane
     Lower Hem. Trend, Plunge of A,N    283.61    61.10    67.69    24.09
     Lower Hem. Trend & Plunge of B    164.57    15.00
     Lower Hem. Trend, Plunge of P,T    259.95    19.29    39.16    65.18
     MRR = 0.71  MTT = 0.08  MPP =-0.79  MRT = 0.35  MRP =-0.55  MTP = 0.07
     Dip,Strike,Rake     42.27   152.57    67.37
     Dip,Strike,Rake     51.62     1.97   109.28   Auxiliary Plane
     Lower Hem. Trend, Plunge of A,N    271.96    38.38    62.57    47.73
     Lower Hem. Trend & Plunge of B    169.71    15.00
     Lower Hem. Trend, Plunge of P,T     78.42     4.83   331.02    74.21
     MRR = 0.92  MTT = 0.02  MPP =-0.94  MRT = 0.21  MRP = 0.21  MTP = 0.23
     Dip,Strike,Rake     28.90   145.83    57.62
     Dip,Strike,Rake     65.91     1.75   106.47   Auxiliary Plane
     Lower Hem. Trend, Plunge of A,N    271.75    24.09    55.83    61.10
     Lower Hem. Trend & Plunge of B    174.87    15.00
     Lower Hem. Trend, Plunge of P,T     79.48    19.30   300.28    65.18
     MRR = 0.71  MTT = 0.02  MPP =-0.73  MRT = 0.14  MRP = 0.64  MTP = 0.24
     Dip,Strike,Rake     33.23   150.71    61.81
     Dip,Strike,Rake     61.12     3.36   107.20   Auxiliary Plane
     Lower Hem. Trend, Plunge of A,N    273.36    28.88    60.71    56.77
     Lower Hem. Trend & Plunge of B    174.86    15.00
     Lower Hem. Trend, Plunge of P,T     80.89    14.47   308.88    68.91
     MRR = 0.81  MTT = 0.03  MPP =-0.84  MRT = 0.17  MRP = 0.50  MTP = 0.21
     Dip,Strike,Rake     52.84   148.10    64.59
     Dip,Strike,Rake     43.96     6.28   119.52   Auxiliary Plane
     Lower Hem. Trend, Plunge of A,N    276.28    46.04    58.10    37.16
     Lower Hem. Trend & Plunge of B    164.11    20.00
     Lower Hem. Trend, Plunge of P,T    255.82     4.70   358.46    69.41
     MRR = 0.87  MTT = 0.06  MPP =-0.93  MRT = 0.35  MRP =-0.07  MTP = 0.24
     Dip,Strike,Rake     57.39   150.65    66.04
     Dip,Strike,Rake     39.67    10.16   122.41   Auxiliary Plane
     Lower Hem. Trend, Plunge of A,N    280.16    50.33    60.65    32.61
     Lower Hem. Trend & Plunge of B    164.12    20.00
     Lower Hem. Trend, Plunge of P,T    257.57     9.39    11.40    67.73
     MRR = 0.83  MTT = 0.09  MPP =-0.92  MRT = 0.38  MRP =-0.23  MTP = 0.18
     Dip,Strike,Rake     43.96   147.24    60.48
     Dip,Strike,Rake     52.84     5.43   115.42   Auxiliary Plane
     Lower Hem. Trend, Plunge of A,N    275.43    37.16    57.24    46.04
     Lower Hem. Trend & Plunge of B    169.42    20.00
     Lower Hem. Trend, Plunge of P,T     77.70     4.70   335.07    69.41
     MRR = 0.87  MTT = 0.06  MPP =-0.93  MRT = 0.28  MRP = 0.22  MTP = 0.25
     Dip,Strike,Rake     48.36   150.53    62.76
     Dip,Strike,Rake     48.36     8.30   117.24   Auxiliary Plane
     Lower Hem. Trend, Plunge of A,N    278.30    41.64    60.53    41.64
     Lower Hem. Trend & Plunge of B    169.41    20.00
     Lower Hem. Trend, Plunge of P,T     79.41     0.00   349.41    70.00
     MRR = 0.88  MTT = 0.08  MPP =-0.96  MRT = 0.32  MRP = 0.06  MTP = 0.20
     Dip,Strike,Rake     35.53   144.06    53.95
     Dip,Strike,Rake     61.98     5.87   112.79   Auxiliary Plane
     Lower Hem. Trend, Plunge of A,N    275.87    28.02    54.06    54.47
     Lower Hem. Trend & Plunge of B    174.70    20.00
     Lower Hem. Trend, Plunge of P,T     79.46    14.08   316.62    65.19
     MRR = 0.76  MTT = 0.06  MPP =-0.83  MRT = 0.23  MRP = 0.49  MTP = 0.26
     Dip,Strike,Rake     39.67   148.67    57.60
     Dip,Strike,Rake     57.39     8.17   113.96   Auxiliary Plane
     Lower Hem. Trend, Plunge of A,N    278.17    32.61    58.67    50.33
     Lower Hem. Trend & Plunge of B    174.70    20.00
     Lower Hem. Trend, Plunge of P,T     81.25     9.39   327.44    67.73
     MRR = 0.83  MTT = 0.08  MPP =-0.91  MRT = 0.27  MRP = 0.35  MTP = 0.21
