  Fri Oct 20 12:04:46 2023 for program Focmec
 Event 8703270729 4 UW errors max
 Input from a file puna_200806211240_p.inp
 200806211240

 Statn  Azimuth    TOA   Key  Log10 Ratio  NumPol  DenTOA  Comment
  EW13   185.2     84.7   -                                IP
 Including emergent polarity picks
  BB02   192.7     84.5   -                                IP
  EW14   193.8     84.7   -                                IP
  EW15   203.3     84.7   -                                IP
  BB09   206.8     85.9   D                                IP
  BB04   244.1     84.5   D                                IP
  BB08   272.1    114.1   D                                IP
  BB05   271.4     90.5   D                                IP
  BB06   313.1     84.7   -                                IP
  NS26    42.2     84.7   D                                IP
  NS25    47.4     84.7   D                                IP
  NS24    50.2     84.7   D                                IP
  NS23    56.1     84.7   D                                IP
  BB20    58.1     84.5   D                                IP
  NS22    62.0     86.1   D                                IP
  BB21    74.4     83.9   -                                IP
  GALA    77.5     84.7   D                                IP
  NS20    77.7     89.9   D                                IP
  BB17    86.9     83.9   -                                IP
  NS01   102.8     91.5   D                                IP
  BB19   113.2     84.7   D                                IP
  NS02   116.9     90.0   D                                IP
  EW06   119.2     84.0   -                                IP
  NS03   127.8     87.8   D                                IP
  NS04   133.3     85.4   D                                IP
  EW01   135.3     84.6   -                                IP
  EW10   139.3     84.7   D                                IP
  EW09   139.8     84.6   -                                IP
  NS05   143.4     84.8   D                                IP
  NS06   150.8     84.7   -                                IP
  NS07   160.1     84.7   +                                IP
  BB10   163.0     90.9   +                                IP
  NS08   169.1     84.7   +                                IP
  EW12   177.0     84.7   +                                IP
 Polarities/Errors:  P 034/00  SV 000/00  SH 000/00
 There are no amplitude ratio data
 The minimum, increment and maximum B axis trend:     0.00    5.00  355.00
 The limits for the B axis plunge:     0.00    5.00   90.00
 The limits for Angle:     0.00    5.00  175.00
 ++++++++++++++++++++++++++++++++++++++++++++++++++++++++++++++++++++++++++++

     Dip,Strike,Rake     70.08   333.18    84.68
     Dip,Strike,Rake     20.59   168.47   104.35   Auxiliary Plane
     Lower Hem. Trend, Plunge of A,N     78.47    69.41   243.18    19.92
     Lower Hem. Trend, Plunge of P,T     67.33    24.90   234.41    64.54
     B trend, B plunge, Angle:  335.00   5.00  70.00
++++++++++++++++++++++++++++++++++++++++++++++++++++++++++++++++++++++++++++++++

     Dip,Strike,Rake     60.13   337.12    84.23
     Dip,Strike,Rake     30.38   168.58    99.92   Auxiliary Plane
     Lower Hem. Trend, Plunge of A,N     78.58    59.62   247.12    29.87
     Lower Hem. Trend, Plunge of P,T     71.34    14.94   231.98    74.21
     B trend, B plunge, Angle:  340.00   5.00  60.00
++++++++++++++++++++++++++++++++++++++++++++++++++++++++++++++++++++++++++++++++

     Dip,Strike,Rake     65.10   337.67    84.49
     Dip,Strike,Rake     25.46   170.59   101.70   Auxiliary Plane
     Lower Hem. Trend, Plunge of A,N     80.59    64.54   247.67    24.90
     Lower Hem. Trend, Plunge of P,T     71.82    19.92   236.53    69.41
     B trend, B plunge, Angle:  340.00   5.00  65.00
++++++++++++++++++++++++++++++++++++++++++++++++++++++++++++++++++++++++++++++++

     Dip,Strike,Rake     50.18   340.82    83.48
     Dip,Strike,Rake     40.26   170.93    97.75   Auxiliary Plane
     Lower Hem. Trend, Plunge of A,N     80.93    49.74   250.82    39.82
     Lower Hem. Trend, Plunge of P,T     75.44     4.98   210.11    82.93
     B trend, B plunge, Angle:  345.00   5.00  50.00
++++++++++++++++++++++++++++++++++++++++++++++++++++++++++++++++++++++++++++++++

     Dip,Strike,Rake     55.15   341.51    83.90
     Dip,Strike,Rake     35.31   172.10    98.67   Auxiliary Plane
     Lower Hem. Trend, Plunge of A,N     82.10    54.69   251.51    34.85
     Lower Hem. Trend, Plunge of P,T     75.88     9.96   228.70    78.83
     B trend, B plunge, Angle:  345.00   5.00  55.00
++++++++++++++++++++++++++++++++++++++++++++++++++++++++++++++++++++++++++++++++

     Dip,Strike,Rake     60.13   342.12    84.23
     Dip,Strike,Rake     30.38   173.58    99.92   Auxiliary Plane
     Lower Hem. Trend, Plunge of A,N     83.58    59.62   252.12    29.87
     Lower Hem. Trend, Plunge of P,T     76.34    14.94   236.98    74.21
     B trend, B plunge, Angle:  345.00   5.00  60.00
++++++++++++++++++++++++++++++++++++++++++++++++++++++++++++++++++++++++++++++++

     Dip,Strike,Rake     50.73   336.50    77.04
     Dip,Strike,Rake     41.03   176.48   105.34   Auxiliary Plane
     Lower Hem. Trend, Plunge of A,N     86.48    48.97   246.50    39.27
     Lower Hem. Trend, Plunge of P,T     75.66     4.92   191.53    78.83
     B trend, B plunge, Angle:  344.79  10.00  50.00
++++++++++++++++++++++++++++++++++++++++++++++++++++++++++++++++++++++++++++++++

     Dip,Strike,Rake     41.03   338.17    74.66
     Dip,Strike,Rake     50.73   178.15   102.96   Auxiliary Plane
     Lower Hem. Trend, Plunge of A,N     88.15    39.27   248.17    48.97
     Lower Hem. Trend, Plunge of P,T    258.99     4.92   143.12    78.83
     B trend, B plunge, Angle:  349.86  10.00  40.00
++++++++++++++++++++++++++++++++++++++++++++++++++++++++++++++++++++++++++++++++

     Dip,Strike,Rake     45.86   340.01    76.00
     Dip,Strike,Rake     45.86   179.71   104.00   Auxiliary Plane
     Lower Hem. Trend, Plunge of A,N     89.71    44.14   250.01    44.14
     Lower Hem. Trend, Plunge of P,T    259.86     0.00   169.86    80.00
     B trend, B plunge, Angle:  349.86  10.00  45.00
++++++++++++++++++++++++++++++++++++++++++++++++++++++++++++++++++++++++++++++++

     Dip,Strike,Rake     65.91   152.55    73.53
     Dip,Strike,Rake     28.90     8.46   122.38   Auxiliary Plane
     Lower Hem. Trend, Plunge of A,N    278.46    61.10    62.55    24.09
     Lower Hem. Trend, Plunge of P,T    254.81    19.29    34.01    65.19
     B trend, B plunge, Angle:  159.43  15.00  65.00
++++++++++++++++++++++++++++++++++++++++++++++++++++++++++++++++++++++++++++++++

     Dip,Strike,Rake     70.71   154.05    74.08
     Dip,Strike,Rake     24.81    14.85   128.08   Auxiliary Plane
     Lower Hem. Trend, Plunge of A,N    284.85    65.19    64.05    19.29
     Lower Hem. Trend, Plunge of P,T    256.31    24.09    40.40    61.10
     B trend, B plunge, Angle:  159.43  15.00  70.00
++++++++++++++++++++++++++++++++++++++++++++++++++++++++++++++++++++++++++++++++

     Dip,Strike,Rake     56.36   154.30    71.89
     Dip,Strike,Rake     37.70     4.86   115.04   Auxiliary Plane
     Lower Hem. Trend, Plunge of A,N    274.86    52.30    64.30    33.64
     Lower Hem. Trend, Plunge of P,T    257.18     9.66    18.84    72.04
     B trend, B plunge, Angle:  164.57  15.00  55.00
++++++++++++++++++++++++++++++++++++++++++++++++++++++++++++++++++++++++++++++++

     Dip,Strike,Rake     61.12   156.07    72.81
     Dip,Strike,Rake     33.23     8.72   118.19   Auxiliary Plane
     Lower Hem. Trend, Plunge of A,N    278.72    56.77    66.07    28.88
     Lower Hem. Trend, Plunge of P,T    258.54    14.48    30.56    68.91
     B trend, B plunge, Angle:  164.57  15.00  60.00
++++++++++++++++++++++++++++++++++++++++++++++++++++++++++++++++++++++++++++++++

     Dip,Strike,Rake     65.91   157.69    73.53
     Dip,Strike,Rake     28.90    13.60   122.38   Auxiliary Plane
     Lower Hem. Trend, Plunge of A,N    283.60    61.10    67.69    24.09
     Lower Hem. Trend, Plunge of P,T    259.95    19.29    39.15    65.19
     B trend, B plunge, Angle:  164.57  15.00  65.00
++++++++++++++++++++++++++++++++++++++++++++++++++++++++++++++++++++++++++++++++

     Dip,Strike,Rake     42.27   152.57    67.37
     Dip,Strike,Rake     51.62     1.97   109.28   Auxiliary Plane
     Lower Hem. Trend, Plunge of A,N    271.97    38.38    62.57    47.73
     Lower Hem. Trend, Plunge of P,T     78.42     4.83   331.04    74.21
     B trend, B plunge, Angle:  169.71  15.00  40.00
++++++++++++++++++++++++++++++++++++++++++++++++++++++++++++++++++++++++++++++++

     Dip,Strike,Rake     28.90   145.83    57.62
     Dip,Strike,Rake     65.91     1.74   106.47   Auxiliary Plane
     Lower Hem. Trend, Plunge of A,N    271.74    24.09    55.83    61.10
     Lower Hem. Trend, Plunge of P,T     79.48    19.29   300.27    65.19
     B trend, B plunge, Angle:  174.86  15.00  25.00
++++++++++++++++++++++++++++++++++++++++++++++++++++++++++++++++++++++++++++++++

     Dip,Strike,Rake     33.23   150.71    61.81
     Dip,Strike,Rake     61.12     3.36   107.19   Auxiliary Plane
     Lower Hem. Trend, Plunge of A,N    273.36    28.88    60.71    56.77
     Lower Hem. Trend, Plunge of P,T     80.89    14.48   308.86    68.91
     B trend, B plunge, Angle:  174.86  15.00  30.00
++++++++++++++++++++++++++++++++++++++++++++++++++++++++++++++++++++++++++++++++

     Dip,Strike,Rake     52.84   148.10    64.59
     Dip,Strike,Rake     43.96     6.29   119.52   Auxiliary Plane
     Lower Hem. Trend, Plunge of A,N    276.29    46.04    58.10    37.16
     Lower Hem. Trend, Plunge of P,T    255.83     4.70   358.47    69.41
     B trend, B plunge, Angle:  164.12  20.00  50.00
++++++++++++++++++++++++++++++++++++++++++++++++++++++++++++++++++++++++++++++++

     Dip,Strike,Rake     57.39   150.65    66.04
     Dip,Strike,Rake     39.67    10.15   122.40   Auxiliary Plane
     Lower Hem. Trend, Plunge of A,N    280.15    50.33    60.65    32.61
     Lower Hem. Trend, Plunge of P,T    257.57     9.39    11.39    67.73
     B trend, B plunge, Angle:  164.12  20.00  55.00
++++++++++++++++++++++++++++++++++++++++++++++++++++++++++++++++++++++++++++++++

     Dip,Strike,Rake     43.96   147.24    60.48
     Dip,Strike,Rake     52.84     5.42   115.41   Auxiliary Plane
     Lower Hem. Trend, Plunge of A,N    275.42    37.16    57.24    46.04
     Lower Hem. Trend, Plunge of P,T     77.70     4.70   335.06    69.41
     B trend, B plunge, Angle:  169.41  20.00  40.00
++++++++++++++++++++++++++++++++++++++++++++++++++++++++++++++++++++++++++++++++

     Dip,Strike,Rake     48.36   150.53    62.76
     Dip,Strike,Rake     48.36     8.29   117.24   Auxiliary Plane
     Lower Hem. Trend, Plunge of A,N    278.29    41.64    60.53    41.64
     Lower Hem. Trend, Plunge of P,T     79.41     0.00   349.41    70.00
     B trend, B plunge, Angle:  169.41  20.00  45.00
++++++++++++++++++++++++++++++++++++++++++++++++++++++++++++++++++++++++++++++++

     Dip,Strike,Rake     35.53   144.06    53.95
     Dip,Strike,Rake     61.98     5.88   112.80   Auxiliary Plane
     Lower Hem. Trend, Plunge of A,N    275.88    28.02    54.06    54.47
     Lower Hem. Trend, Plunge of P,T     79.47    14.08   316.63    65.19
     B trend, B plunge, Angle:  174.71  20.00  30.00
++++++++++++++++++++++++++++++++++++++++++++++++++++++++++++++++++++++++++++++++

     Dip,Strike,Rake     39.67   148.67    57.60
     Dip,Strike,Rake     57.39     8.17   113.96   Auxiliary Plane
     Lower Hem. Trend, Plunge of A,N    278.17    32.61    58.67    50.33
     Lower Hem. Trend, Plunge of P,T     81.25     9.39   327.43    67.73
     B trend, B plunge, Angle:  174.71  20.00  35.00
++++++++++++++++++++++++++++++++++++++++++++++++++++++++++++++++++++++++++++++++


 There are  23 acceptable solutions
