  Mon Oct 23 15:18:54 2023 for program Focmec
 Event 8703270729 4 UW errors max
 Input from a file puna_200804171436_p.inp
 200804171436
 Including emergent polarity picks
 Polarities/Errors:  P 038/00  SV 000/00  SH 000/00
 There are no amplitude ratio data
 The minimum, increment and maximum B axis trend:     0.00    5.00  355.00
 The limits for the B axis plunge:     0.00    5.00   90.00
 The limits for Angle:     0.00    5.00  175.00
    Dip   Strike   Rake    Pol: P     SV    SH
   50.14  321.30  -22.91       0.00  0.00  0.00
   45.22  149.99    4.98       0.00  0.00  0.00
   45.00  150.00   -0.00       0.00  0.00  0.00
   45.22  150.01   -4.98       0.00  0.00  0.00
   46.92  143.36  -14.51       0.00  0.00  0.00
   45.86  150.12   -9.85       0.00  0.00  0.00
   48.36  143.94  -18.88       0.00  0.00  0.00
   46.92  150.42  -14.51       0.00  0.00  0.00
   50.00  324.78   -0.00       0.00  0.00  0.00
   51.62  321.16  -12.25       0.00  0.00  0.00
   52.84  322.85  -16.01       0.00  0.00  0.00
   54.37  324.76  -19.53       0.00  0.00  0.00
   50.73  149.92    8.29       0.00  0.00  0.00
   50.00  144.78   -0.00       0.00  0.00  0.00
   50.18  151.30    4.18       0.00  0.00  0.00
   50.18  146.09   -4.18       0.00  0.00  0.00
   50.73  147.47   -8.29       0.00  0.00  0.00
   52.84  142.85  -16.01       0.00  0.00  0.00
   51.62  148.98  -12.25       0.00  0.00  0.00
   54.37  144.76  -19.53       0.00  0.00  0.00
   52.84  150.67  -16.01       0.00  0.00  0.00
   58.23  141.48  -25.70       0.00  0.00  0.00
   55.15  325.37   -3.49       0.00  0.00  0.00
   56.36  322.13  -10.27       0.00  0.00  0.00
   57.39  325.07  -13.47       0.00  0.00  0.00
   60.22  322.63  -19.30       0.00  0.00  0.00
   55.61  150.44    6.93       0.00  0.00  0.00
   55.00  147.07   -0.00       0.00  0.00  0.00
   55.61  143.71   -6.93       0.00  0.00  0.00
   55.15  149.76   -3.49       0.00  0.00  0.00
   56.36  146.52  -10.27       0.00  0.00  0.00
   58.68  143.76  -16.48       0.00  0.00  0.00
   57.39  149.46  -13.47       0.00  0.00  0.00
   61.98  141.67  -21.88       0.00  0.00  0.00
   60.22  147.02  -19.30       0.00  0.00  0.00
   63.94  145.29  -24.23       0.00  0.00  0.00
   68.37  144.26  -28.21       0.00  0.00  0.00
   73.33  143.85  -31.23       0.00  0.00  0.00
   78.69  143.92  -33.34       0.00  0.00  0.00
   84.28  144.32  -34.59       0.00  0.00  0.00
   60.13  324.23   -2.88       0.00  0.00  0.00
   61.12  322.81   -8.50       0.00  0.00  0.00
   63.05  321.70  -13.71       0.00  0.00  0.00
   65.82  321.04  -18.32       0.00  0.00  0.00
   64.34  326.31  -16.10       0.00  0.00  0.00
   69.30  320.89  -22.21       0.00  0.00  0.00
   67.48  325.90  -20.36       0.00  0.00  0.00
   60.00  150.00   -0.00       0.00  0.00  0.00
   60.13  144.23   -2.88       0.00  0.00  0.00
   61.12  142.81   -8.50       0.00  0.00  0.00
   60.50  148.49   -5.73       0.00  0.00  0.00
   63.05  141.70  -13.71       0.00  0.00  0.00
   61.98  147.20  -11.17       0.00  0.00  0.00
   65.82  141.04  -18.32       0.00  0.00  0.00
   64.34  146.31  -16.10       0.00  0.00  0.00
   69.30  140.89  -22.21       0.00  0.00  0.00
   67.48  145.90  -20.36       0.00  0.00  0.00
   73.33  141.23  -25.31       0.00  0.00  0.00
   71.25  146.01  -23.86       0.00  0.00  0.00
   77.80  141.99  -27.62       0.00  0.00  0.00
   75.52  146.57  -26.57       0.00  0.00  0.00
   82.56  143.06  -29.15       0.00  0.00  0.00
   80.15  147.50  -28.48       0.00  0.00  0.00
   85.02  148.68  -29.62       0.00  0.00  0.00
   65.10  324.49   -2.33       0.00  0.00  0.00
   65.91  325.53   -6.88       0.00  0.00  0.00
   68.53  321.50  -13.12       0.00  0.00  0.00
   67.48  326.77  -11.15       0.00  0.00  0.00
   71.11  323.21  -16.69       0.00  0.00  0.00
   75.97  320.40  -20.91       0.00  0.00  0.00
   74.24  325.25  -19.66       0.00  0.00  0.00
   79.71  322.91  -22.91       0.00  0.00  0.00
   65.41  149.01    4.63       0.00  0.00  0.00
   65.00  150.00   -0.00       0.00  0.00  0.00
   65.10  144.49   -2.33       0.00  0.00  0.00
   65.91  145.53   -6.88       0.00  0.00  0.00
   68.53  141.50  -13.12       0.00  0.00  0.00
   67.48  146.77  -11.15       0.00  0.00  0.00
   71.11  143.21  -16.69       0.00  0.00  0.00
   69.75  148.31  -14.97       0.00  0.00  0.00
   74.24  145.25  -19.66       0.00  0.00  0.00
   79.71  142.91  -22.91       0.00  0.00  0.00
   77.80  147.62  -21.99       0.00  0.00  0.00
   83.72  145.65  -24.25       0.00  0.00  0.00
   87.89  148.53  -24.92       0.00  0.00  0.00
   70.71  326.08   -5.38       0.00  0.00  0.00
   72.77  324.83  -10.31       0.00  0.00  0.00
   76.00  324.02  -14.43       0.00  0.00  0.00
   80.15  323.68  -17.50       0.00  0.00  0.00
   84.92  323.73  -19.37       0.00  0.00  0.00
   81.69  149.14   18.26       0.00  0.00  0.00
   77.30  148.94   15.58       0.00  0.00  0.00
   73.73  148.29   11.79       0.00  0.00  0.00
   71.25  147.17    7.10       0.00  0.00  0.00
   70.08  145.72    1.82       0.00  0.00  0.00
   70.32  144.17   -3.62       0.00  0.00  0.00
   70.08  149.48   -1.82       0.00  0.00  0.00
   71.94  142.81   -8.74       0.00  0.00  0.00
   71.25  148.03   -7.10       0.00  0.00  0.00
   73.73  146.91  -11.79       0.00  0.00  0.00
