  Wed Oct 18 15:21:31 2023 for program Focplt
 Input from file puna_200809270437_p.inp
     2
 Statn  Azimuth  TOAngl  Key  Log10 Ratio     Pol  TOAng2  Comment
EW13  178.13  106.10-
BB02  193.43   93.74D
EW15  212.44   99.22D
EW16  215.14   96.04D
EW17  222.34   94.43D
EW18  227.16   93.40D
BB09  228.51  109.10D
EW19  232.91   92.82D
BB04  259.60   91.66D
BB22  279.16   90.52D
BB05  317.53   98.80D
BB06  331.71   92.41+
BB08  355.50  103.40C
NS26   33.16   91.08-
NS25   36.08   91.61D
NS24   37.29   92.04D
NS22   43.02   93.26D
NS21   45.90   94.06D
BB20   47.37   89.92D
NS20   47.53   95.59D
NS01   57.95   98.37D
GALA   58.88   91.94D
BB21   65.26   79.47-
NS02   69.72   99.35D
BB17   76.50   79.47-
NS03   84.64   99.40D
BB19   86.15   94.08D
BB18   98.03   89.80D
NS04   97.23   98.18D
BB16   98.97   79.47D
BB10   96.66  116.96D
EW05  107.06   89.33D
EW08  107.58   79.47D
EW06  107.71   88.71D
EW07  108.44   88.40D
NS05  109.65   99.14D
EW02  112.88   91.73D
EW10  112.76   95.97D
EW01  116.16   92.80D
EW09  117.49   94.49D
NS06  122.84   98.69D
BB11  132.01   91.04D
NS07  135.75   99.98D
BB13  138.43   88.44-
EW11  148.41  102.60C
NS08  153.33   98.70C
NS09  159.17   96.26+
EW12  162.62  103.46C
NS10  165.58   94.41+
NS16  168.63   90.48+
NS12  172.36   92.75+
 Plotting P nodal planes
 
  Solutions input from file output_200809270437_uw.out
   Wed Oct 18 15:21:31 2023 for program Focmec
  Event 8703270729 4 UW errors max
  Input from a file puna_200809270437_p.inp
  200809270437
  Including emergent polarity picks
  Polarities/Errors:  P 051/01  SV 000/00  SH 000/00
  There are no amplitude ratio data
  The minimum, increment and maximum B axis trend:     0.00    5.00  355.00
  The limits for the B axis plunge:     0.00    5.00   90.00
  The limits for Angle:     0.00    5.00  175.00
 
     Dip,Strike,Rake     65.91   322.26    73.53
     Dip,Strike,Rake     28.90   178.18   122.38   Auxiliary Plane
     Lower Hem. Trend, Plunge of A,N     88.18    61.10   232.26    24.09
     Lower Hem. Trend & Plunge of B    329.14    15.00
     Lower Hem. Trend, Plunge of P,T     64.52    19.29   203.73    65.18
     MRR = 0.71  MTT =-0.02  MPP =-0.70  MRT =-0.48  MRP = 0.43  MTP = 0.28
     Dip,Strike,Rake     39.67   148.67    57.60
     Dip,Strike,Rake     57.39     8.17   113.96   Auxiliary Plane
     Lower Hem. Trend, Plunge of A,N    278.17    32.61    58.67    50.33
     Lower Hem. Trend & Plunge of B    174.70    20.00
     Lower Hem. Trend, Plunge of P,T     81.25     9.39   327.44    67.73
     MRR = 0.83  MTT = 0.08  MPP =-0.91  MRT = 0.27  MRP = 0.35  MTP = 0.21
     Dip,Strike,Rake     71.25   321.14    68.83
     Dip,Strike,Rake     27.99   191.45   136.77   Auxiliary Plane
     Lower Hem. Trend, Plunge of A,N    101.45    62.01   231.14    18.75
     Lower Hem. Trend & Plunge of B    328.24    20.00
     Lower Hem. Trend, Plunge of P,T     67.30    23.40   201.98    58.40
     MRR = 0.57  MTT = 0.11  MPP =-0.68  MRT =-0.55  MRP = 0.50  MTP = 0.20
     Dip,Strike,Rake     75.92   323.00    69.35
     Dip,Strike,Rake     24.82   200.16   144.58   Auxiliary Plane
     Lower Hem. Trend, Plunge of A,N    110.16    65.18   233.00    14.08
     Lower Hem. Trend & Plunge of B    328.24    20.00
     Lower Hem. Trend, Plunge of P,T     69.41    28.02   207.59    54.47
     MRR = 0.44  MTT = 0.17  MPP =-0.61  MRT =-0.57  MRP = 0.61  MTP = 0.12
     Dip,Strike,Rake     57.39   320.06    66.04
     Dip,Strike,Rake     39.67   179.57   122.41   Auxiliary Plane
     Lower Hem. Trend, Plunge of A,N     89.57    50.33   230.06    32.61
     Lower Hem. Trend & Plunge of B    333.53    20.00
     Lower Hem. Trend, Plunge of P,T     66.98     9.39   180.81    67.73
     MRR = 0.83  MTT =-0.01  MPP =-0.82  MRT =-0.41  MRP = 0.15  MTP = 0.35
     Dip,Strike,Rake     61.98   322.36    67.20
     Dip,Strike,Rake     35.53   184.18   126.06   Auxiliary Plane
     Lower Hem. Trend, Plunge of A,N     94.18    54.47   232.36    28.02
     Lower Hem. Trend & Plunge of B    333.53    20.00
     Lower Hem. Trend, Plunge of P,T     68.77    14.08   191.61    65.18
     MRR = 0.76  MTT = 0.05  MPP =-0.81  MRT =-0.46  MRP = 0.30  MTP = 0.28
     Dip,Strike,Rake     66.60   324.47    68.12
     Dip,Strike,Rake     31.61   189.79   130.73   Auxiliary Plane
     Lower Hem. Trend, Plunge of A,N     99.79    58.39   234.47    23.40
     Lower Hem. Trend & Plunge of B    333.53    20.00
     Lower Hem. Trend, Plunge of P,T     70.63    18.75   200.31    62.01
     MRR = 0.68  MTT = 0.10  MPP =-0.77  MRT =-0.49  MRP = 0.43  MTP = 0.21
     Dip,Strike,Rake     71.25   326.43    68.83
     Dip,Strike,Rake     27.99   196.74   136.77   Auxiliary Plane
     Lower Hem. Trend, Plunge of A,N    106.74    62.01   236.43    18.75
     Lower Hem. Trend & Plunge of B    333.53    20.00
     Lower Hem. Trend, Plunge of P,T     72.59    23.40   207.27    58.40
     MRR = 0.57  MTT = 0.14  MPP =-0.71  MRT =-0.51  MRP = 0.55  MTP = 0.13
     Dip,Strike,Rake     57.39   325.36    66.04
     Dip,Strike,Rake     39.67   184.87   122.41   Auxiliary Plane
     Lower Hem. Trend, Plunge of A,N     94.87    50.33   235.36    32.61
     Lower Hem. Trend & Plunge of B    338.83    20.00
     Lower Hem. Trend, Plunge of P,T     72.28     9.39   186.11    67.73
     MRR = 0.83  MTT = 0.05  MPP =-0.88  MRT =-0.40  MRP = 0.19  MTP = 0.27
     Dip,Strike,Rake     61.98   327.65    67.20
     Dip,Strike,Rake     35.53   189.47   126.06   Auxiliary Plane
     Lower Hem. Trend, Plunge of A,N     99.47    54.47   237.65    28.02
     Lower Hem. Trend & Plunge of B    338.82    20.00
     Lower Hem. Trend, Plunge of P,T     74.06    14.08   196.90    65.18
     MRR = 0.76  MTT = 0.09  MPP =-0.85  MRT =-0.43  MRP = 0.34  MTP = 0.20
     Dip,Strike,Rake     76.43   320.31    64.23
     Dip,Strike,Rake     28.91   204.39   150.96   Auxiliary Plane
     Lower Hem. Trend, Plunge of A,N    114.39    61.09   230.31    13.57
     Lower Hem. Trend & Plunge of B    326.77    25.00
     Lower Hem. Trend, Plunge of P,T     70.48    26.94   200.56    51.71
     MRR = 0.41  MTT = 0.25  MPP =-0.66  MRT =-0.59  MRP = 0.55  MTP = 0.12
     Dip,Strike,Rake     67.48   321.16    62.77
     Dip,Strike,Rake     34.78   194.50   137.82   Auxiliary Plane
     Lower Hem. Trend, Plunge of A,N    104.50    55.22   231.16    22.52
     Lower Hem. Trend & Plunge of B    332.31    25.00
     Lower Hem. Trend, Plunge of P,T     71.06    18.06   193.04    58.39
     MRR = 0.63  MTT = 0.17  MPP =-0.79  MRT =-0.53  MRP = 0.38  MTP = 0.22
     Dip,Strike,Rake     71.94   323.56    63.61
     Dip,Strike,Rake     31.61   201.56   143.74   Auxiliary Plane
     Lower Hem. Trend, Plunge of A,N    111.56    58.39   233.56    18.06
     Lower Hem. Trend & Plunge of B    332.30    25.00
     Lower Hem. Trend, Plunge of P,T     73.45    22.52   200.12    55.23
     MRR = 0.53  MTT = 0.22  MPP =-0.75  MRT =-0.54  MRP = 0.50  MTP = 0.13
     Dip,Strike,Rake     63.05   324.13    61.70
     Dip,Strike,Rake     38.29   194.04   133.00   Auxiliary Plane
     Lower Hem. Trend, Plunge of A,N    104.04    51.71   234.13    26.95
     Lower Hem. Trend & Plunge of B    337.84    25.00
     Lower Hem. Trend, Plunge of P,T     74.30    13.56   190.21    61.10
     MRR = 0.71  MTT = 0.16  MPP =-0.87  MRT =-0.48  MRP = 0.29  MTP = 0.21
     Dip,Strike,Rake     58.68   326.90    60.35
     Dip,Strike,Rake     42.06   194.50   129.11   Auxiliary Plane
     Lower Hem. Trend, Plunge of A,N    104.50    47.94   236.90    31.32
     Lower Hem. Trend & Plunge of B    343.38    25.00
     Lower Hem. Trend, Plunge of P,T     77.65     9.06   186.03    63.19
     MRR = 0.77  MTT = 0.16  MPP =-0.93  MRT =-0.43  MRP = 0.19  MTP = 0.18
