  Wed Oct 18 16:01:37 2023 for program Focplt
 Input from file puna_200811082033_p.inp
     2
 Statn  Azimuth  TOAngl  Key  Log10 Ratio     Pol  TOAng2  Comment
NS10  181.16   92.66+
BB02  195.55   92.20+
EW14  197.45   94.38+
EW19  217.91   79.89+
EW20  219.86   79.89+
BB04  236.19   79.89+
BB05  241.92   99.86-
BB22  252.91   79.89-
BB23  282.43   79.89-
BB06  285.78   98.44D
NS26   52.36  101.85C
NS25   62.37  103.69+
BB20   69.87   96.12D
NS24   69.04  105.49-
BB21   83.23   79.89-
BB17   97.02   79.89D
NS22   94.45  108.13D
GALA  100.35   98.80D
NS21  108.55  108.61D
BB16  119.62   79.89-
EW22  125.19   79.88-
BB18  125.25   92.27D
EW08  126.17   79.88-
NS20  128.07  109.64D
EW06  129.55   79.89-
EW05  131.13   79.89D
BB19  137.22   96.71D
NS01  150.56  104.91D
EW01  150.27   93.46-
NS02  155.11  101.72D
EW09  156.09   94.24-
NS03  157.48   99.08D
NS04  157.41   97.23-
EW10  157.69   95.17-
NS05  163.78   96.39D
NS09  179.77   93.37+
 Plotting P nodal planes
 
  Solutions input from file output_200811082033_uw.out
   Wed Oct 18 16:01:37 2023 for program Focmec
  Event 8703270729 4 UW errors max
  Input from a file puna_200811082033_p.inp
  200811082033
  Including emergent polarity picks
  Polarities/Errors:  P 036/00  SV 000/00  SH 000/00
  There are no amplitude ratio data
  The minimum, increment and maximum B axis trend:     0.00    5.00  355.00
  The limits for the B axis plunge:     0.00    5.00   90.00
  The limits for Angle:     0.00    5.00  175.00
 
     Dip,Strike,Rake     66.60   356.23    68.12
     Dip,Strike,Rake     31.61   221.55   130.73   Auxiliary Plane
     Lower Hem. Trend, Plunge of A,N    131.55    58.39   266.23    23.40
     Lower Hem. Trend & Plunge of B      5.29    20.00
     Lower Hem. Trend, Plunge of P,T    102.39    18.75   232.07    62.01
     MRR = 0.68  MTT = 0.04  MPP =-0.72  MRT =-0.19  MRP = 0.62  MTP =-0.29
     Dip,Strike,Rake     67.48   348.85    62.77
     Dip,Strike,Rake     34.78   222.19   137.82   Auxiliary Plane
     Lower Hem. Trend, Plunge of A,N    132.19    55.22   258.85    22.52
     Lower Hem. Trend & Plunge of B      0.00    25.00
     Lower Hem. Trend, Plunge of P,T     98.75    18.06   220.73    58.39
     MRR = 0.63  MTT = 0.14  MPP =-0.77  MRT =-0.29  MRP = 0.58  MTP =-0.27
     Dip,Strike,Rake     63.05   357.36    61.70
     Dip,Strike,Rake     38.29   227.27   133.00   Auxiliary Plane
     Lower Hem. Trend, Plunge of A,N    137.27    51.71   267.36    26.95
     Lower Hem. Trend & Plunge of B     11.07    25.00
     Lower Hem. Trend, Plunge of P,T    107.53    13.56   223.44    61.10
     MRR = 0.71  MTT = 0.04  MPP =-0.75  MRT =-0.24  MRP = 0.51  MTP =-0.39
     Dip,Strike,Rake     68.53   346.88    57.50
     Dip,Strike,Rake     38.29   227.00   143.80   Auxiliary Plane
     Lower Hem. Trend, Plunge of A,N    137.00    51.71   256.88    21.47
     Lower Hem. Trend & Plunge of B      0.00    30.00
     Lower Hem. Trend, Plunge of P,T    100.32    17.23   216.05    54.47
     MRR = 0.57  MTT = 0.19  MPP =-0.77  MRT =-0.33  MRP = 0.56  MTP =-0.32
     Dip,Strike,Rake     64.34   349.70    56.31
     Dip,Strike,Rake     41.41   226.69   139.11   Auxiliary Plane
     Lower Hem. Trend, Plunge of A,N    136.69    48.59   259.70    25.66
     Lower Hem. Trend & Plunge of B      5.80    30.00
     Lower Hem. Trend, Plunge of P,T    103.43    12.95   213.99    56.77
     MRR = 0.65  MTT = 0.16  MPP =-0.80  MRT =-0.33  MRP = 0.47  MTP =-0.35
     Dip,Strike,Rake     33.23   350.44    24.15
     Dip,Strike,Rake     77.04   239.88   120.87   Auxiliary Plane
     Lower Hem. Trend, Plunge of A,N    149.88    12.96   260.44    56.77
     Lower Hem. Trend & Plunge of B     52.25    30.00
     Lower Hem. Trend, Plunge of P,T    306.15    25.65   183.15    48.59
     MRR = 0.38  MTT = 0.15  MPP =-0.53  MRT =-0.73  MRP =-0.29  MTP =-0.41
     Dip,Strike,Rake     31.47   347.49    16.74
     Dip,Strike,Rake     81.35   243.10   120.38   Auxiliary Plane
     Lower Hem. Trend, Plunge of A,N    153.10     8.65   257.49    58.53
     Lower Hem. Trend & Plunge of B     58.07    30.00
     Lower Hem. Trend, Plunge of P,T    308.77    29.79   183.59    45.19
     MRR = 0.26  MTT = 0.20  MPP =-0.46  MRT =-0.77  MRP =-0.30  MTP =-0.40
     Dip,Strike,Rake     69.75   345.03    52.31
     Dip,Strike,Rake     42.06   230.90   148.89   Auxiliary Plane
     Lower Hem. Trend, Plunge of A,N    140.90    47.94   255.03    20.25
     Lower Hem. Trend & Plunge of B      0.00    35.00
     Lower Hem. Trend, Plunge of P,T    101.80    16.27   212.40    50.33
     MRR = 0.51  MTT = 0.25  MPP =-0.77  MRT =-0.36  MRP = 0.53  MTP =-0.37
     Dip,Strike,Rake     65.82   347.78    51.04
     Dip,Strike,Rake     44.82   230.92   144.47   Auxiliary Plane
     Lower Hem. Trend, Plunge of A,N    140.92    45.18   257.78    24.18
     Lower Hem. Trend & Plunge of B      6.11    35.00
     Lower Hem. Trend, Plunge of P,T    104.84    12.24   211.14    52.30
     MRR = 0.58  MTT = 0.21  MPP =-0.79  MRT =-0.36  MRP = 0.45  MTP =-0.40
     Dip,Strike,Rake     61.98   350.32    49.48
     Dip,Strike,Rake     47.85   231.52   140.68   Auxiliary Plane
     Lower Hem. Trend, Plunge of A,N    141.52    42.15   260.32    28.02
     Lower Hem. Trend & Plunge of B     12.20    35.00
     Lower Hem. Trend, Plunge of P,T    107.97     8.18   209.30    53.78
     MRR = 0.63  MTT = 0.17  MPP =-0.80  MRT =-0.37  MRP = 0.37  MTP =-0.44
     Dip,Strike,Rake     58.23   352.60    47.57
     Dip,Strike,Rake     51.13   232.66   137.45   Auxiliary Plane
     Lower Hem. Trend, Plunge of A,N    142.66    38.87   262.60    31.77
     Lower Hem. Trend & Plunge of B     18.30    35.00
     Lower Hem. Trend, Plunge of P,T    111.17     4.10   206.98    54.69
     MRR = 0.66  MTT = 0.14  MPP =-0.80  MRT =-0.39  MRP = 0.28  MTP =-0.47
     Dip,Strike,Rake     54.60   354.57    45.28
     Dip,Strike,Rake     54.61   234.24   134.72   Auxiliary Plane
     Lower Hem. Trend, Plunge of A,N    144.24    35.39   264.57    35.40
     Lower Hem. Trend & Plunge of B     24.41    35.00
     Lower Hem. Trend, Plunge of P,T    294.41     0.00   204.40    55.00
     MRR = 0.67  MTT = 0.10  MPP =-0.77  MRT =-0.43  MRP = 0.19  MTP =-0.50
     Dip,Strike,Rake     51.13   356.15    42.55
     Dip,Strike,Rake     58.23   236.21   132.43   Auxiliary Plane
     Lower Hem. Trend, Plunge of A,N    146.21    31.77   266.15    38.87
     Lower Hem. Trend & Plunge of B     30.51    35.00
     Lower Hem. Trend, Plunge of P,T    297.63     4.10   201.83    54.69
     MRR = 0.66  MTT = 0.07  MPP =-0.73  MRT =-0.47  MRP = 0.11  MTP =-0.52
     Dip,Strike,Rake     42.06   351.82    31.11
     Dip,Strike,Rake     69.75   237.69   127.69   Auxiliary Plane
     Lower Hem. Trend, Plunge of A,N    147.69    20.25   261.82    47.94
     Lower Hem. Trend & Plunge of B     42.71    35.00
     Lower Hem. Trend, Plunge of P,T    300.92    16.27   190.31    50.33
     MRR = 0.51  MTT = 0.15  MPP =-0.67  MRT =-0.62  MRP =-0.14  MTP =-0.48
     Dip,Strike,Rake     39.67   351.21    26.03
     Dip,Strike,Rake     73.73   240.61   126.69   Auxiliary Plane
     Lower Hem. Trend, Plunge of A,N    150.61    16.27   261.21    50.33
     Lower Hem. Trend & Plunge of B     48.82    35.00
     Lower Hem. Trend, Plunge of P,T    303.84    20.25   189.71    47.93
     MRR = 0.43  MTT = 0.16  MPP =-0.59  MRT =-0.67  MRP =-0.19  MTP =-0.48
     Dip,Strike,Rake     36.22   342.00    13.93
     Dip,Strike,Rake     81.82   240.68   125.41   Auxiliary Plane
     Lower Hem. Trend, Plunge of A,N    150.68     8.18   252.00    53.78
     Lower Hem. Trend & Plunge of B     54.91    35.00
     Lower Hem. Trend, Plunge of P,T    303.03    28.03   184.23    42.15
     MRR = 0.23  MTT = 0.32  MPP =-0.54  MRT =-0.72  MRP =-0.31  MTP =-0.40
     Dip,Strike,Rake     37.70   349.96    20.29
     Dip,Strike,Rake     77.76   243.65   125.94   Auxiliary Plane
     Lower Hem. Trend, Plunge of A,N    153.65    12.24   259.96    52.30
     Lower Hem. Trend & Plunge of B     54.91    35.00
     Lower Hem. Trend, Plunge of P,T    306.59    24.18   189.73    45.19
     MRR = 0.34  MTT = 0.19  MPP =-0.52  MRT =-0.72  MRP =-0.22  MTP =-0.48
     Dip,Strike,Rake     67.48   346.18    45.90
     Dip,Strike,Rake     48.44   234.61   149.21   Auxiliary Plane
     Lower Hem. Trend, Plunge of A,N    144.61    41.56   256.18    22.52
     Lower Hem. Trend & Plunge of B      6.54    40.00
     Lower Hem. Trend, Plunge of P,T    106.32    11.43   209.17    47.72
     MRR = 0.51  MTT = 0.27  MPP =-0.78  MRT =-0.38  MRP = 0.43  MTP =-0.45
     Dip,Strike,Rake     63.94   348.86    44.31
     Dip,Strike,Rake     51.13   235.65   145.65   Auxiliary Plane
     Lower Hem. Trend, Plunge of A,N    145.65    38.87   258.86    26.06
     Lower Hem. Trend & Plunge of B     13.09    40.00
     Lower Hem. Trend, Plunge of P,T    109.56     7.65   208.44    48.97
     MRR = 0.55  MTT = 0.22  MPP =-0.77  MRT =-0.39  MRP = 0.36  MTP =-0.49
     Dip,Strike,Rake     60.50   351.30    42.39
     Dip,Strike,Rake     54.07   237.10   142.55   Auxiliary Plane
     Lower Hem. Trend, Plunge of A,N    147.10    35.93   261.30    29.50
     Lower Hem. Trend & Plunge of B     19.65    40.00
     Lower Hem. Trend, Plunge of P,T    112.86     3.83   207.39    49.74
     MRR = 0.58  MTT = 0.18  MPP =-0.76  MRT =-0.41  MRP = 0.29  MTP =-0.53
     Dip,Strike,Rake     54.07   348.73    37.45
     Dip,Strike,Rake     60.50   234.53   137.61   Auxiliary Plane
     Lower Hem. Trend, Plunge of A,N    144.53    29.50   258.73    35.93
     Lower Hem. Trend & Plunge of B     26.19    40.00
     Lower Hem. Trend, Plunge of P,T    292.97     3.83   198.44    49.74
     MRR = 0.58  MTT = 0.22  MPP =-0.80  MRT =-0.49  MRP = 0.09  MTP =-0.48
     Dip,Strike,Rake     51.13   350.18    34.36
     Dip,Strike,Rake     63.93   236.96   135.68   Auxiliary Plane
     Lower Hem. Trend, Plunge of A,N    146.96    26.07   260.18    38.87
     Lower Hem. Trend & Plunge of B     32.73    39.99
     Lower Hem. Trend, Plunge of P,T    296.26     7.64   197.39    48.98
     MRR = 0.55  MTT = 0.20  MPP =-0.75  MRT =-0.53  MRP = 0.03  MTP =-0.51
     Dip,Strike,Rake     48.44   351.20    30.79
     Dip,Strike,Rake     67.48   239.63   134.10   Auxiliary Plane
     Lower Hem. Trend, Plunge of A,N    149.63    22.52   261.20    41.56
     Lower Hem. Trend & Plunge of B     39.27    40.00
     Lower Hem. Trend, Plunge of P,T    299.50    11.43   196.64    47.73
     MRR = 0.51  MTT = 0.18  MPP =-0.69  MRT =-0.57  MRP =-0.03  MTP =-0.54
     Dip,Strike,Rake     43.96   345.34    22.18
     Dip,Strike,Rake     74.81   238.99   131.76   Auxiliary Plane
     Lower Hem. Trend, Plunge of A,N    148.99    15.19   255.34    46.04
     Lower Hem. Trend & Plunge of B     45.81    40.00
     Lower Hem. Trend, Plunge of P,T    299.13    18.89   189.86    43.97
     MRR = 0.38  MTT = 0.29  MPP =-0.67  MRT =-0.64  MRP =-0.18  MTP =-0.47
     Dip,Strike,Rake     46.03   351.78    26.73
     Dip,Strike,Rake     71.11   242.51   132.79   Auxiliary Plane
     Lower Hem. Trend, Plunge of A,N    152.51    18.89   261.78    43.97
     Lower Hem. Trend & Plunge of B     45.82    40.00
     Lower Hem. Trend, Plunge of P,T    302.65    15.19   196.30    46.04
     MRR = 0.45  MTT = 0.17  MPP =-0.62  MRT =-0.62  MRP =-0.07  MTP =-0.55
     Dip,Strike,Rake     42.27   344.99    17.14
     Dip,Strike,Rake     78.57   242.13   130.98   Auxiliary Plane
     Lower Hem. Trend, Plunge of A,N    152.13    11.43   254.99    47.73
     Lower Hem. Trend & Plunge of B     52.36    40.00
     Lower Hem. Trend, Plunge of P,T    302.00    22.52   190.43    41.56
     MRR = 0.29  MTT = 0.30  MPP =-0.60  MRT =-0.68  MRP =-0.21  MTP =-0.48
     Dip,Strike,Rake     40.26   336.66     5.93
     Dip,Strike,Rake     86.17   242.13   130.11   Auxiliary Plane
     Lower Hem. Trend, Plunge of A,N    152.13     3.83   246.66    49.74
     Lower Hem. Trend & Plunge of B     58.91    40.00
     Lower Hem. Trend, Plunge of P,T    300.57    29.50   186.36    35.93
     MRR = 0.10  MTT = 0.45  MPP =-0.55  MRT =-0.69  MRP =-0.32  MTP =-0.40
     Dip,Strike,Rake     62.97   343.44    37.45
     Dip,Strike,Rake     57.20   234.25   147.27   Auxiliary Plane
     Lower Hem. Trend, Plunge of A,N    144.25    32.80   253.44    27.03
     Lower Hem. Trend & Plunge of B     14.12    45.00
     Lower Hem. Trend, Plunge of P,T    107.66     3.53   201.18    44.78
     MRR = 0.49  MTT = 0.35  MPP =-0.84  MRT =-0.45  MRP = 0.24  MTP =-0.46
     Dip,Strike,Rake     60.00   345.91    35.26
     Dip,Strike,Rake     60.00   236.44   144.74   Auxiliary Plane
     Lower Hem. Trend, Plunge of A,N    146.44    30.00   255.91    30.00
     Lower Hem. Trend & Plunge of B     21.18    45.00
     Lower Hem. Trend, Plunge of P,T    291.18     0.00   201.17    45.00
     MRR = 0.50  MTT = 0.30  MPP =-0.80  MRT =-0.47  MRP = 0.18  MTP =-0.51
     Dip,Strike,Rake     57.20   348.11    32.73
     Dip,Strike,Rake     62.97   238.91   142.54   Auxiliary Plane
     Lower Hem. Trend, Plunge of A,N    148.91    27.03   258.11    32.80
     Lower Hem. Trend & Plunge of B     28.24    45.00
     Lower Hem. Trend, Plunge of P,T    294.69     3.54   201.18    44.78
     MRR = 0.49  MTT = 0.26  MPP =-0.76  MRT =-0.49  MRP = 0.12  MTP =-0.55
     Dip,Strike,Rake     52.24   344.53    26.57
     Dip,Strike,Rake     69.29   237.50   139.11   Auxiliary Plane
     Lower Hem. Trend, Plunge of A,N    147.50    20.71   254.53    37.76
     Lower Hem. Trend & Plunge of B     35.29    45.00
     Lower Hem. Trend, Plunge of P,T    294.57    10.54   194.54    43.08
     MRR = 0.43  MTT = 0.33  MPP =-0.77  MRT =-0.56  MRP =-0.04  MTP =-0.50
     Dip,Strike,Rake     54.60   350.01    29.84
     Dip,Strike,Rake     66.07   241.63   140.67   Auxiliary Plane
     Lower Hem. Trend, Plunge of A,N    151.63    23.93   260.01    35.40
     Lower Hem. Trend & Plunge of B     35.29    45.00
     Lower Hem. Trend, Plunge of P,T    298.18     7.05   201.29    44.14
     MRR = 0.47  MTT = 0.23  MPP =-0.70  MRT =-0.52  MRP = 0.07  MTP =-0.58
     Dip,Strike,Rake     50.14   345.76    22.91
     Dip,Strike,Rake     72.61   240.60   137.81   Auxiliary Plane
     Lower Hem. Trend, Plunge of A,N    150.60    17.39   255.76    39.86
     Lower Hem. Trend & Plunge of B     42.36    45.00
     Lower Hem. Trend, Plunge of P,T    297.92    14.00   195.12    41.64
     MRR = 0.38  MTT = 0.31  MPP =-0.70  MRT =-0.59  MRP =-0.08  MTP =-0.53
     Dip,Strike,Rake     46.92   340.17    14.51
     Dip,Strike,Rake     79.46   240.15   135.99   Auxiliary Plane
     Lower Hem. Trend, Plunge of A,N    150.15    10.54   250.17    43.08
     Lower Hem. Trend & Plunge of B     49.42    45.00
     Lower Hem. Trend, Plunge of P,T    297.21    20.71   190.18    37.76
     MRR = 0.25  MTT = 0.42  MPP =-0.67  MRT =-0.63  MRP =-0.21  MTP =-0.46
     Dip,Strike,Rake     48.36   346.65    18.88
     Dip,Strike,Rake     76.01   243.85   136.78   Auxiliary Plane
     Lower Hem. Trend, Plunge of A,N    153.85    13.99   256.65    41.64
     Lower Hem. Trend & Plunge of B     49.42    45.00
     Lower Hem. Trend, Plunge of P,T    301.17    17.39   196.01    39.85
     MRR = 0.32  MTT = 0.30  MPP =-0.62  MRT =-0.62  MRP =-0.11  MTP =-0.56
     Dip,Strike,Rake     65.60   342.92    32.73
     Dip,Strike,Rake     60.50   238.05   151.66   Auxiliary Plane
     Lower Hem. Trend, Plunge of A,N    148.05    29.50   252.92    24.40
     Lower Hem. Trend & Plunge of B     15.65    50.00
     Lower Hem. Trend, Plunge of P,T    109.49     3.21   202.17    39.81
     MRR = 0.41  MTT = 0.40  MPP =-0.80  MRT =-0.44  MRP = 0.24  MTP =-0.52
     Dip,Strike,Rake     60.50   341.08    28.34
     Dip,Strike,Rake     65.60   236.21   147.27   Auxiliary Plane
     Lower Hem. Trend, Plunge of A,N    146.21    24.40   251.08    29.50
     Lower Hem. Trend & Plunge of B     23.48    50.00
     Lower Hem. Trend, Plunge of P,T    289.64     3.21   196.96    39.82
     MRR = 0.41  MTT = 0.43  MPP =-0.83  MRT =-0.49  MRP = 0.09  MTP =-0.48
     Dip,Strike,Rake     58.23   343.73    25.70
     Dip,Strike,Rake     68.37   239.51   145.50   Auxiliary Plane
     Lower Hem. Trend, Plunge of A,N    149.51    21.63   253.73    31.77
     Lower Hem. Trend & Plunge of B     31.30    50.00
     Lower Hem. Trend, Plunge of P,T    293.61     6.41   198.34    39.27
     MRR = 0.39  MTT = 0.38  MPP =-0.77  MRT =-0.51  MRP = 0.05  MTP =-0.54
     Dip,Strike,Rake     54.37   340.46    19.53
     Dip,Strike,Rake     74.23   238.79   142.75   Auxiliary Plane
     Lower Hem. Trend, Plunge of A,N    148.79    15.77   250.46    35.63
     Lower Hem. Trend & Plunge of B     39.12    50.00
     Lower Hem. Trend, Plunge of P,T    293.55    12.70   193.72    37.16
     MRR = 0.32  MTT = 0.45  MPP =-0.76  MRT =-0.55  MRP =-0.08  MTP =-0.49
     Dip,Strike,Rake     56.17   346.13    22.76
     Dip,Strike,Rake     71.25   242.98   143.99   Auxiliary Plane
     Lower Hem. Trend, Plunge of A,N    152.98    18.75   256.13    33.83
     Lower Hem. Trend & Plunge of B     39.13    50.00
     Lower Hem. Trend, Plunge of P,T    297.53     9.58   199.84    38.38
     MRR = 0.36  MTT = 0.34  MPP =-0.69  MRT =-0.53  MRP = 0.02  MTP =-0.59
     Dip,Strike,Rake     52.84   342.37    16.01
     Dip,Strike,Rake     77.30   242.54   141.74   Auxiliary Plane
     Lower Hem. Trend, Plunge of A,N    152.54    12.70   252.37    37.16
     Lower Hem. Trend & Plunge of B     46.96    50.00
     Lower Hem. Trend, Plunge of P,T    297.30    15.77   195.63    35.63
     MRR = 0.27  MTT = 0.42  MPP =-0.68  MRT =-0.58  MRP =-0.10  MTP =-0.55
     Dip,Strike,Rake     63.94   342.03    24.23
     Dip,Strike,Rake     68.37   240.85   151.80   Auxiliary Plane
     Lower Hem. Trend, Plunge of A,N    150.85    21.63   252.03    26.06
     Lower Hem. Trend & Plunge of B     26.34    55.00
     Lower Hem. Trend, Plunge of P,T    292.24     2.86   200.25    34.84
     MRR = 0.32  MTT = 0.45  MPP =-0.77  MRT =-0.46  MRP = 0.12  MTP =-0.57
     Dip,Strike,Rake     60.22   340.30    19.30
     Dip,Strike,Rake     73.33   240.43   148.77   Auxiliary Plane
     Lower Hem. Trend, Plunge of A,N    150.43    16.67   250.30    29.78
     Lower Hem. Trend & Plunge of B     35.11    55.00
     Lower Hem. Trend, Plunge of P,T    292.74     8.53   197.01    33.64
     MRR = 0.28  MTT = 0.49  MPP =-0.77  MRT =-0.50  MRP =-0.00  MTP =-0.54
