  Wed Oct 25 15:17:38 2023 for program Focmec
 Event 8703270729 4 UW errors max
 Input from a file puna_200801251313_p.inp
 200801251313

 Statn  Azimuth    TOA   Key  Log10 Ratio  NumPol  DenTOA  Comment
  EW01   185.2     87.6   U                                IP
  EW09   197.4     87.6   U                                IP
  EW10   205.2     87.7   U                                IP
  NS09   214.1     87.2   +                                IP
 Including emergent polarity picks
  NS06   214.8     87.6   +                                IP
  NS05   217.5     87.7   U                                IP
  NS04   218.5     87.7   U                                IP
  NS07   218.1     87.5   U                                IP
  NS08   217.9     87.3   +                                IP
  EW11   223.4     87.4   -                                IP..
  NS02   241.2     88.3   -                                IP
  BB09   241.5     87.1   -                                IP
  NS01   253.0     89.1   D                                IP
  NS19   259.8     90.0   D                                IP
  NS20   274.4     91.3   D                                IP
  NS21   290.7     92.9   -                                IP
  NS22   304.3     92.3   U                                IP
  NS23   318.4     91.2   U                                IP
  NS24   324.2     89.0   U                                IP
  NS25   330.5     87.9   U                                IP
  NS26   335.5     87.7   U                                IP
  GALA   352.5    111.7   U                                IP
  EW07   139.8     87.1   +                                IP
  EW04   155.9     87.4   U                                IP..
  BB15   160.1     86.7   +                                IP
  EW03   170.2     87.5   +                                IP
  BB13   170.0     86.2   U                                IP
  EW02   173.9     87.6   U                                IP
  BB11   180.6     87.2   U                                IP
 Polarities/Errors:  P 029/00  SV 000/00  SH 000/00
 There are no amplitude ratio data
 The minimum, increment and maximum B axis trend:     0.00    5.00  355.00
 The limits for the B axis plunge:     0.00    5.00   90.00
 The limits for Angle:     0.00    5.00  175.00
 ++++++++++++++++++++++++++++++++++++++++++++++++++++++++++++++++++++++++++++

     Dip,Strike,Rake     10.00   310.56    -0.00
     Dip,Strike,Rake     90.00   220.56   100.00   Auxiliary Plane
     Lower Hem. Trend, Plunge of A,N    310.56     0.00   220.56    80.00
     Lower Hem. Trend, Plunge of P,T    300.71    44.14   140.41    44.14
     B trend, B plunge, Angle:   40.56  10.00   0.00
++++++++++++++++++++++++++++++++++++++++++++++++++++++++++++++++++++++++++++++++

     Dip,Strike,Rake     15.00   311.14    -0.00
     Dip,Strike,Rake     90.00   221.14   105.00   Auxiliary Plane
     Lower Hem. Trend, Plunge of A,N    311.14     0.00   221.14    75.00
     Lower Hem. Trend, Plunge of P,T    296.63    43.08   145.65    43.08
     B trend, B plunge, Angle:   41.14  15.00   0.00
++++++++++++++++++++++++++++++++++++++++++++++++++++++++++++++++++++++++++++++++

     Dip,Strike,Rake     90.00   303.43    75.00
     Dip,Strike,Rake     15.00   213.43   180.00   Auxiliary Plane
     Lower Hem. Trend, Plunge of A,N    123.43    75.00    33.43     0.00
     Lower Hem. Trend, Plunge of P,T     47.94    43.08   198.92    43.08
     B trend, B plunge, Angle:  303.43  15.00  90.00
++++++++++++++++++++++++++++++++++++++++++++++++++++++++++++++++++++++++++++++++

     Dip,Strike,Rake     85.30   112.89   -69.93
     Dip,Strike,Rake     20.59   215.53  -166.53   Auxiliary Plane
     Lower Hem. Trend, Plunge of A,N    125.53    69.41    22.89     4.70
     Lower Hem. Trend, Plunge of P,T     43.35    46.04   185.16    37.16
     B trend, B plunge, Angle:  291.18  20.00  95.00
++++++++++++++++++++++++++++++++++++++++++++++++++++++++++++++++++++++++++++++++

     Dip,Strike,Rake     25.00   308.77    -0.00
     Dip,Strike,Rake     90.00   218.77   115.00   Auxiliary Plane
     Lower Hem. Trend, Plunge of A,N    308.77     0.00   218.77    65.00
     Lower Hem. Trend, Plunge of P,T    285.86    39.86   151.68    39.86
     B trend, B plunge, Angle:   38.77  25.00   0.00
++++++++++++++++++++++++++++++++++++++++++++++++++++++++++++++++++++++++++++++++

     Dip,Strike,Rake     25.46   302.61   -10.59
     Dip,Strike,Rake     85.47    42.19  -115.08   Auxiliary Plane
     Lower Hem. Trend, Plunge of A,N    312.19     4.53   212.61    64.54
     Lower Hem. Trend, Plunge of P,T    287.58    43.97   153.83    35.63
     B trend, B plunge, Angle:   44.31  25.00 175.00
++++++++++++++++++++++++++++++++++++++++++++++++++++++++++++++++++++++++++++++++

     Dip,Strike,Rake     76.43   291.69   -64.23
     Dip,Strike,Rake     28.90    47.61  -150.97   Auxiliary Plane
     Lower Hem. Trend, Plunge of A,N    317.61    61.10   201.69    13.57
     Lower Hem. Trend, Plunge of P,T    231.43    51.71     1.52    26.95
     B trend, B plunge, Angle:  105.23  25.00 105.00
++++++++++++++++++++++++++++++++++++++++++++++++++++++++++++++++++++++++++++++++

     Dip,Strike,Rake     26.81   114.43   -20.42
     Dip,Strike,Rake     80.95   222.82  -115.34   Auxiliary Plane
     Lower Hem. Trend, Plunge of A,N    132.82     9.05    24.43    63.19
     Lower Hem. Trend, Plunge of P,T    105.96    47.94   333.56    31.32
     B trend, B plunge, Angle:  227.08  25.00 170.00
++++++++++++++++++++++++++++++++++++++++++++++++++++++++++++++++++++++++++++++++

     Dip,Strike,Rake     85.47   115.66   -64.92
     Dip,Strike,Rake     25.46   215.23  -169.41   Auxiliary Plane
     Lower Hem. Trend, Plunge of A,N    125.23    64.54    25.66     4.53
     Lower Hem. Trend, Plunge of P,T     50.27    43.97   184.01    35.63
     B trend, B plunge, Angle:  293.54  25.00  95.00
++++++++++++++++++++++++++++++++++++++++++++++++++++++++++++++++++++++++++++++++

     Dip,Strike,Rake     31.47   297.03   -16.74
     Dip,Strike,Rake     81.35    41.41  -120.38   Auxiliary Plane
     Lower Hem. Trend, Plunge of A,N    311.41     8.65   207.03    58.53
     Lower Hem. Trend, Plunge of P,T    280.92    45.19   155.75    29.78
     B trend, B plunge, Angle:   46.45  30.00 170.00
++++++++++++++++++++++++++++++++++++++++++++++++++++++++++++++++++++++++++++++++

     Dip,Strike,Rake     77.05   292.15   -59.13
     Dip,Strike,Rake     33.23    42.70  -155.85   Auxiliary Plane
     Lower Hem. Trend, Plunge of A,N    312.70    56.77   202.15    12.95
     Lower Hem. Trend, Plunge of P,T    235.41    48.59   358.41    25.66
     B trend, B plunge, Angle:  104.52  30.00 105.00
++++++++++++++++++++++++++++++++++++++++++++++++++++++++++++++++++++++++++++++++

     Dip,Strike,Rake     81.35   301.17   -59.62
     Dip,Strike,Rake     31.47    45.55  -163.26   Auxiliary Plane
     Lower Hem. Trend, Plunge of A,N    315.55    58.53   211.17     8.65
     Lower Hem. Trend, Plunge of P,T    241.66    45.19     6.83    29.78
     B trend, B plunge, Angle:  116.13  30.00 100.00
++++++++++++++++++++++++++++++++++++++++++++++++++++++++++++++++++++++++++++++++

     Dip,Strike,Rake     33.23   108.26   -24.15
     Dip,Strike,Rake     77.05   218.82  -120.87   Auxiliary Plane
     Lower Hem. Trend, Plunge of A,N    128.82    12.95    18.26    56.77
     Lower Hem. Trend, Plunge of P,T     95.56    48.59   332.55    25.66
     B trend, B plunge, Angle:  226.45  30.00 165.00
++++++++++++++++++++++++++++++++++++++++++++++++++++++++++++++++++++++++++++++++

     Dip,Strike,Rake     31.47   117.03   -16.74
     Dip,Strike,Rake     81.35   221.41  -120.38   Auxiliary Plane
     Lower Hem. Trend, Plunge of A,N    131.41     8.65    27.03    58.53
     Lower Hem. Trend, Plunge of P,T    100.92    45.19   335.75    29.78
     B trend, B plunge, Angle:  226.45  30.00 170.00
++++++++++++++++++++++++++++++++++++++++++++++++++++++++++++++++++++++++++++++++

     Dip,Strike,Rake     85.67   118.63   -59.91
     Dip,Strike,Rake     30.38   216.05  -171.42   Auxiliary Plane
     Lower Hem. Trend, Plunge of A,N    126.05    59.62    28.63     4.33
     Lower Hem. Trend, Plunge of P,T     56.92    41.56   183.37    33.83
     B trend, B plunge, Angle:  296.13  30.00  95.00
++++++++++++++++++++++++++++++++++++++++++++++++++++++++++++++++++++++++++++++++

     Dip,Strike,Rake     35.31   304.04    -7.10
     Dip,Strike,Rake     85.91    39.84  -125.10   Auxiliary Plane
     Lower Hem. Trend, Plunge of A,N    309.84     4.09   214.04    54.69
     Lower Hem. Trend, Plunge of P,T    278.36    38.87   158.41    31.77
     B trend, B plunge, Angle:   42.71  35.00 175.00
++++++++++++++++++++++++++++++++++++++++++++++++++++++++++++++++++++++++++++++++

     Dip,Strike,Rake     36.22   301.73   -13.93
     Dip,Strike,Rake     81.82    43.04  -125.41   Auxiliary Plane
     Lower Hem. Trend, Plunge of A,N    313.04     8.18   211.73    53.78
     Lower Hem. Trend, Plunge of P,T    279.49    42.15   160.70    28.02
     B trend, B plunge, Angle:   48.81  35.00 170.00
++++++++++++++++++++++++++++++++++++++++++++++++++++++++++++++++++++++++++++++++

     Dip,Strike,Rake     73.73   295.52   -53.31
     Dip,Strike,Rake     39.67    46.13  -153.97   Auxiliary Plane
     Lower Hem. Trend, Plunge of A,N    316.13    50.33   205.52    16.27
     Lower Hem. Trend, Plunge of P,T    244.62    47.94   358.75    20.25
     B trend, B plunge, Angle:  103.73  35.00 110.00
++++++++++++++++++++++++++++++++++++++++++++++++++++++++++++++++++++++++++++++++

     Dip,Strike,Rake     77.76   298.57   -54.06
     Dip,Strike,Rake     37.70    44.87  -159.71   Auxiliary Plane
     Lower Hem. Trend, Plunge of A,N    314.87    52.30   208.57    12.24
     Lower Hem. Trend, Plunge of P,T    244.64    45.19     1.51    24.18
     B trend, B plunge, Angle:  109.83  35.00 105.00
++++++++++++++++++++++++++++++++++++++++++++++++++++++++++++++++++++++++++++++++

     Dip,Strike,Rake     81.82   301.71   -54.59
     Dip,Strike,Rake     36.22    43.02  -166.07   Auxiliary Plane
     Lower Hem. Trend, Plunge of A,N    313.02    53.78   211.71     8.18
     Lower Hem. Trend, Plunge of P,T    245.25    42.15     4.05    28.02
     B trend, B plunge, Angle:  115.93  35.00 100.00
++++++++++++++++++++++++++++++++++++++++++++++++++++++++++++++++++++++++++++++++

     Dip,Strike,Rake     36.22   118.67   -13.93
     Dip,Strike,Rake     81.82   219.99  -125.41   Auxiliary Plane
     Lower Hem. Trend, Plunge of A,N    129.99     8.18    28.67    53.78
     Lower Hem. Trend, Plunge of P,T     96.44    42.15   337.64    28.02
     B trend, B plunge, Angle:  225.76  35.00 170.00
++++++++++++++++++++++++++++++++++++++++++++++++++++++++++++++++++++++++++++++++

     Dip,Strike,Rake     39.67   109.47   -26.03
     Dip,Strike,Rake     73.73   220.07  -126.69   Auxiliary Plane
     Lower Hem. Trend, Plunge of A,N    130.07    16.27    19.47    50.33
     Lower Hem. Trend, Plunge of P,T     90.97    47.94   336.84    20.25
     B trend, B plunge, Angle:  231.86  35.00 160.00
++++++++++++++++++++++++++++++++++++++++++++++++++++++++++++++++++++++++++++++++

     Dip,Strike,Rake     85.91   121.86   -54.90
     Dip,Strike,Rake     35.31   217.66  -172.90   Auxiliary Plane
     Lower Hem. Trend, Plunge of A,N    127.66    54.69    31.86     4.09
     Lower Hem. Trend, Plunge of P,T     63.34    38.87   183.28    31.77
     B trend, B plunge, Angle:  298.98  35.00  95.00
++++++++++++++++++++++++++++++++++++++++++++++++++++++++++++++++++++++++++++++++

     Dip,Strike,Rake     41.03   300.48   -11.69
     Dip,Strike,Rake     82.36    39.35  -130.43   Auxiliary Plane
     Lower Hem. Trend, Plunge of A,N    309.35     7.64   210.48    48.97
     Lower Hem. Trend, Plunge of P,T    273.27    38.87   160.05    26.06
     B trend, B plunge, Angle:   45.82  40.00 170.00
++++++++++++++++++++++++++++++++++++++++++++++++++++++++++++++++++++++++++++++++

     Dip,Strike,Rake     42.27   299.73   -17.14
     Dip,Strike,Rake     78.56    42.59  -130.98   Auxiliary Plane
     Lower Hem. Trend, Plunge of A,N    312.59    11.44   209.73    47.73
     Lower Hem. Trend, Plunge of P,T    274.29    41.56   162.72    22.52
     B trend, B plunge, Angle:   52.36  40.00 165.00
++++++++++++++++++++++++++++++++++++++++++++++++++++++++++++++++++++++++++++++++

     Dip,Strike,Rake     67.48   292.00   -45.90
     Dip,Strike,Rake     48.44    43.57  -149.21   Auxiliary Plane
     Lower Hem. Trend, Plunge of A,N    313.57    41.56   202.00    22.52
     Lower Hem. Trend, Plunge of P,T    249.01    47.73   351.86    11.44
     B trend, B plunge, Angle:   91.64  40.00 120.00
++++++++++++++++++++++++++++++++++++++++++++++++++++++++++++++++++++++++++++++++

     Dip,Strike,Rake     71.11   294.87   -47.21
     Dip,Strike,Rake     46.03    44.14  -153.27   Auxiliary Plane
     Lower Hem. Trend, Plunge of A,N    314.14    43.97   204.87    18.89
     Lower Hem. Trend, Plunge of P,T    248.66    46.04   355.01    15.19
     B trend, B plunge, Angle:   98.18  40.00 115.00
++++++++++++++++++++++++++++++++++++++++++++++++++++++++++++++++++++++++++++++++

     Dip,Strike,Rake     74.81   297.90   -48.24
     Dip,Strike,Rake     43.96    44.25  -157.82   Auxiliary Plane
     Lower Hem. Trend, Plunge of A,N    314.25    46.04   207.90    15.19
     Lower Hem. Trend, Plunge of P,T    248.77    43.97   358.04    18.89
     B trend, B plunge, Angle:  104.73  40.00 110.00
++++++++++++++++++++++++++++++++++++++++++++++++++++++++++++++++++++++++++++++++

     Dip,Strike,Rake     78.56   301.05   -49.02
     Dip,Strike,Rake     42.27    43.90  -162.86   Auxiliary Plane
     Lower Hem. Trend, Plunge of A,N    313.90    47.73   211.05    11.44
     Lower Hem. Trend, Plunge of P,T    249.34    41.56     0.91    22.52
     B trend, B plunge, Angle:  111.27  40.00 105.00
++++++++++++++++++++++++++++++++++++++++++++++++++++++++++++++++++++++++++++++++

     Dip,Strike,Rake     82.36   304.28   -49.57
     Dip,Strike,Rake     41.03    43.16  -168.31   Auxiliary Plane
     Lower Hem. Trend, Plunge of A,N    313.16    48.97   214.28     7.64
     Lower Hem. Trend, Plunge of P,T    250.37    38.87     3.59    26.06
     B trend, B plunge, Angle:  117.82  40.00 100.00
++++++++++++++++++++++++++++++++++++++++++++++++++++++++++++++++++++++++++++++++

     Dip,Strike,Rake     42.27   116.46   -17.14
     Dip,Strike,Rake     78.56   219.32  -130.98   Auxiliary Plane
     Lower Hem. Trend, Plunge of A,N    129.32    11.44    26.46    47.73
     Lower Hem. Trend, Plunge of P,T     91.02    41.56   339.45    22.52
     B trend, B plunge, Angle:  229.09  40.00 165.00
++++++++++++++++++++++++++++++++++++++++++++++++++++++++++++++++++++++++++++++++

     Dip,Strike,Rake     46.03   109.68   -26.73
     Dip,Strike,Rake     71.11   218.95  -132.79   Auxiliary Plane
     Lower Hem. Trend, Plunge of A,N    128.95    18.89    19.68    43.97
     Lower Hem. Trend, Plunge of P,T     85.16    46.04   338.80    15.19
     B trend, B plunge, Angle:  235.64  40.00 155.00
++++++++++++++++++++++++++++++++++++++++++++++++++++++++++++++++++++++++++++++++

     Dip,Strike,Rake     43.96   116.12   -22.18
     Dip,Strike,Rake     74.81   222.47  -131.76   Auxiliary Plane
     Lower Hem. Trend, Plunge of A,N    132.47    15.19    26.12    46.04
     Lower Hem. Trend, Plunge of P,T     91.60    43.97   342.32    18.89
     B trend, B plunge, Angle:  235.64  40.00 160.00
++++++++++++++++++++++++++++++++++++++++++++++++++++++++++++++++++++++++++++++++

     Dip,Strike,Rake     48.44   110.25   -30.79
     Dip,Strike,Rake     67.48   221.82  -134.10   Auxiliary Plane
     Lower Hem. Trend, Plunge of A,N    131.82    22.52    20.25    41.56
     Lower Hem. Trend, Plunge of P,T     84.81    47.73   341.95    11.44
     B trend, B plunge, Angle:  242.18  40.00 150.00
++++++++++++++++++++++++++++++++++++++++++++++++++++++++++++++++++++++++++++++++

     Dip,Strike,Rake     71.11   111.59   -47.21
     Dip,Strike,Rake     46.03   220.87  -153.27   Auxiliary Plane
     Lower Hem. Trend, Plunge of A,N    130.87    43.97    21.59    18.89
     Lower Hem. Trend, Plunge of P,T     65.39    46.04   171.74    15.19
     B trend, B plunge, Angle:  274.91  40.00 115.00
++++++++++++++++++++++++++++++++++++++++++++++++++++++++++++++++++++++++++++++++

     Dip,Strike,Rake     82.36   121.01   -49.57
     Dip,Strike,Rake     41.03   219.89  -168.31   Auxiliary Plane
     Lower Hem. Trend, Plunge of A,N    129.89    48.97    31.01     7.64
     Lower Hem. Trend, Plunge of P,T     67.10    38.87   180.31    26.06
     B trend, B plunge, Angle:  294.55  40.00 100.00
++++++++++++++++++++++++++++++++++++++++++++++++++++++++++++++++++++++++++++++++

     Dip,Strike,Rake     45.22   305.30    -4.98
     Dip,Strike,Rake     86.47    38.81  -135.11   Auxiliary Plane
     Lower Hem. Trend, Plunge of A,N    308.81     3.53   215.30    44.78
     Lower Hem. Trend, Plunge of P,T    272.23    32.80   163.03    27.03
     B trend, B plunge, Angle:   42.35  45.00 175.00
++++++++++++++++++++++++++++++++++++++++++++++++++++++++++++++++++++++++++++++++

     Dip,Strike,Rake     45.86   305.41    -9.85
     Dip,Strike,Rake     82.95    42.30  -135.44   Auxiliary Plane
     Lower Hem. Trend, Plunge of A,N    312.30     7.05   215.41    44.14
     Lower Hem. Trend, Plunge of P,T    274.13    35.40   165.75    23.93
     B trend, B plunge, Angle:   49.41  45.00 170.00
++++++++++++++++++++++++++++++++++++++++++++++++++++++++++++++++++++++++++++++++

     Dip,Strike,Rake     48.36   299.23   -18.88
     Dip,Strike,Rake     76.00    42.04  -136.78   Auxiliary Plane
     Lower Hem. Trend, Plunge of A,N    312.04    14.00   209.23    41.64
     Lower Hem. Trend, Plunge of P,T    269.87    39.86   164.72    17.39
     B trend, B plunge, Angle:   56.47  45.00 160.00
++++++++++++++++++++++++++++++++++++++++++++++++++++++++++++++++++++++++++++++++

     Dip,Strike,Rake     52.24   294.30   -26.57
     Dip,Strike,Rake     69.30    41.32  -139.11   Auxiliary Plane
     Lower Hem. Trend, Plunge of A,N    311.32    20.70   204.30    37.76
     Lower Hem. Trend, Plunge of P,T    264.28    43.08   164.26    10.55
     B trend, B plunge, Angle:   63.53  45.00 150.00
++++++++++++++++++++++++++++++++++++++++++++++++++++++++++++++++++++++++++++++++

     Dip,Strike,Rake     54.60   295.87   -29.84
     Dip,Strike,Rake     66.07    44.25  -140.68   Auxiliary Plane
     Lower Hem. Trend, Plunge of A,N    314.25    23.93   205.87    35.40
     Lower Hem. Trend, Plunge of P,T    264.59    44.14   167.70     7.05
     B trend, B plunge, Angle:   70.59  45.00 145.00
++++++++++++++++++++++++++++++++++++++++++++++++++++++++++++++++++++++++++++++++

     Dip,Strike,Rake     60.00   292.91   -35.26
     Dip,Strike,Rake     60.00    42.38  -144.74   Auxiliary Plane
     Lower Hem. Trend, Plunge of A,N    312.38    30.00   202.91    30.00
     Lower Hem. Trend, Plunge of P,T    257.65    45.00   167.65     0.00
     B trend, B plunge, Angle:   77.65  45.00 135.00
++++++++++++++++++++++++++++++++++++++++++++++++++++++++++++++++++++++++++++++++

     Dip,Strike,Rake     62.97   295.39   -37.45
     Dip,Strike,Rake     57.20    44.59  -147.27   Auxiliary Plane
     Lower Hem. Trend, Plunge of A,N    314.59    32.80   205.39    27.03
     Lower Hem. Trend, Plunge of P,T    257.65    44.78   351.17     3.53
     B trend, B plunge, Angle:   84.71  45.00 130.00
++++++++++++++++++++++++++++++++++++++++++++++++++++++++++++++++++++++++++++++++

     Dip,Strike,Rake     69.30   293.97   -40.89
     Dip,Strike,Rake     52.24    41.00  -153.43   Auxiliary Plane
     Lower Hem. Trend, Plunge of A,N    311.00    37.76   203.97    20.70
     Lower Hem. Trend, Plunge of P,T    251.01    43.08   351.04    10.55
     B trend, B plunge, Angle:   91.76  45.00 120.00
++++++++++++++++++++++++++++++++++++++++++++++++++++++++++++++++++++++++++++++++

     Dip,Strike,Rake     72.61   297.07   -42.19
     Dip,Strike,Rake     50.14    42.23  -157.09   Auxiliary Plane
     Lower Hem. Trend, Plunge of A,N    312.23    39.86   207.07    17.39
     Lower Hem. Trend, Plunge of P,T    251.59    41.64   354.39    14.00
     B trend, B plunge, Angle:   98.82  45.00 115.00
++++++++++++++++++++++++++++++++++++++++++++++++++++++++++++++++++++++++++++++++

     Dip,Strike,Rake     76.00   300.32   -43.22
     Dip,Strike,Rake     48.36    43.12  -161.12   Auxiliary Plane
     Lower Hem. Trend, Plunge of A,N    313.12    41.64   210.32    14.00
     Lower Hem. Trend, Plunge of P,T    252.48    39.86   357.63    17.39
     B trend, B plunge, Angle:  105.88  45.00 110.00
++++++++++++++++++++++++++++++++++++++++++++++++++++++++++++++++++++++++++++++++

     Dip,Strike,Rake     79.45   303.67   -44.01
     Dip,Strike,Rake     46.92    43.69  -165.49   Auxiliary Plane
     Lower Hem. Trend, Plunge of A,N    313.69    43.08   213.67    10.55
     Lower Hem. Trend, Plunge of P,T    253.71    37.76     0.73    20.70
     B trend, B plunge, Angle:  112.94  45.00 105.00
++++++++++++++++++++++++++++++++++++++++++++++++++++++++++++++++++++++++++++++++

     Dip,Strike,Rake     45.86   121.88    -9.85
     Dip,Strike,Rake     82.95   218.78  -135.44   Auxiliary Plane
     Lower Hem. Trend, Plunge of A,N    128.78     7.05    31.88    44.14
     Lower Hem. Trend, Plunge of P,T     90.60    35.40   342.22    23.93
     B trend, B plunge, Angle:  225.88  45.00 170.00
++++++++++++++++++++++++++++++++++++++++++++++++++++++++++++++++++++++++++++++++

     Dip,Strike,Rake     48.36   115.70   -18.88
     Dip,Strike,Rake     76.00   218.51  -136.78   Auxiliary Plane
     Lower Hem. Trend, Plunge of A,N    128.51    14.00    25.70    41.64
     Lower Hem. Trend, Plunge of P,T     86.34    39.86   341.19    17.39
     B trend, B plunge, Angle:  232.94  45.00 160.00
++++++++++++++++++++++++++++++++++++++++++++++++++++++++++++++++++++++++++++++++

     Dip,Strike,Rake     52.24   110.77   -26.57
     Dip,Strike,Rake     69.30   217.79  -139.11   Auxiliary Plane
     Lower Hem. Trend, Plunge of A,N    127.79    20.70    20.77    37.76
     Lower Hem. Trend, Plunge of P,T     80.75    43.08   340.73    10.55
     B trend, B plunge, Angle:  240.00  45.00 150.00
++++++++++++++++++++++++++++++++++++++++++++++++++++++++++++++++++++++++++++++++

     Dip,Strike,Rake     50.14   116.60   -22.91
     Dip,Strike,Rake     72.61   221.75  -137.81   Auxiliary Plane
     Lower Hem. Trend, Plunge of A,N    131.75    17.39    26.60    39.86
     Lower Hem. Trend, Plunge of P,T     87.24    41.64   344.43    14.00
     B trend, B plunge, Angle:  240.00  45.00 155.00
++++++++++++++++++++++++++++++++++++++++++++++++++++++++++++++++++++++++++++++++

     Dip,Strike,Rake     54.60   112.34   -29.84
     Dip,Strike,Rake     66.07   220.72  -140.68   Auxiliary Plane
     Lower Hem. Trend, Plunge of A,N    130.72    23.93    22.34    35.40
     Lower Hem. Trend, Plunge of P,T     81.06    44.14   344.17     7.05
     B trend, B plunge, Angle:  247.06  45.00 145.00
++++++++++++++++++++++++++++++++++++++++++++++++++++++++++++++++++++++++++++++++

     Dip,Strike,Rake     60.00   109.38   -35.26
     Dip,Strike,Rake     60.00   218.85  -144.74   Auxiliary Plane
     Lower Hem. Trend, Plunge of A,N    128.85    30.00    19.38    30.00
     Lower Hem. Trend, Plunge of P,T     74.12    45.00   344.12     0.00
     B trend, B plunge, Angle:  254.12  45.00 135.00
++++++++++++++++++++++++++++++++++++++++++++++++++++++++++++++++++++++++++++++++

     Dip,Strike,Rake     62.97   111.86   -37.45
     Dip,Strike,Rake     57.20   221.06  -147.27   Auxiliary Plane
     Lower Hem. Trend, Plunge of A,N    131.06    32.80    21.86    27.03
     Lower Hem. Trend, Plunge of P,T     74.12    44.78   167.64     3.53
     B trend, B plunge, Angle:  261.18  45.00 130.00
++++++++++++++++++++++++++++++++++++++++++++++++++++++++++++++++++++++++++++++++

     Dip,Strike,Rake     69.30   110.44   -40.89
     Dip,Strike,Rake     52.24   217.47  -153.43   Auxiliary Plane
     Lower Hem. Trend, Plunge of A,N    127.47    37.76    20.44    20.70
     Lower Hem. Trend, Plunge of P,T     67.48    43.08   167.51    10.55
     B trend, B plunge, Angle:  268.24  45.00 120.00
++++++++++++++++++++++++++++++++++++++++++++++++++++++++++++++++++++++++++++++++

     Dip,Strike,Rake     72.61   113.54   -42.19
     Dip,Strike,Rake     50.14   218.70  -157.09   Auxiliary Plane
     Lower Hem. Trend, Plunge of A,N    128.70    39.86    23.54    17.39
     Lower Hem. Trend, Plunge of P,T     68.06    41.64   170.86    14.00
     B trend, B plunge, Angle:  275.29  45.00 115.00
++++++++++++++++++++++++++++++++++++++++++++++++++++++++++++++++++++++++++++++++

     Dip,Strike,Rake     76.00   116.79   -43.22
     Dip,Strike,Rake     48.36   219.59  -161.12   Auxiliary Plane
     Lower Hem. Trend, Plunge of A,N    129.59    41.64    26.79    14.00
     Lower Hem. Trend, Plunge of P,T     68.95    39.86   174.10    17.39
     B trend, B plunge, Angle:  282.35  45.00 110.00
++++++++++++++++++++++++++++++++++++++++++++++++++++++++++++++++++++++++++++++++

     Dip,Strike,Rake     79.45   120.14   -44.01
     Dip,Strike,Rake     46.92   220.17  -165.49   Auxiliary Plane
     Lower Hem. Trend, Plunge of A,N    130.17    43.08    30.14    10.55
     Lower Hem. Trend, Plunge of P,T     70.18    37.76   177.20    20.70
     B trend, B plunge, Angle:  289.41  45.00 105.00
++++++++++++++++++++++++++++++++++++++++++++++++++++++++++++++++++++++++++++++++

     Dip,Strike,Rake     82.95   123.58   -44.56
     Dip,Strike,Rake     45.86   220.47  -170.15   Auxiliary Plane
     Lower Hem. Trend, Plunge of A,N    130.47    44.14    33.58     7.05
     Lower Hem. Trend, Plunge of P,T     71.75    35.40   180.13    23.93
     B trend, B plunge, Angle:  296.47  45.00 100.00
++++++++++++++++++++++++++++++++++++++++++++++++++++++++++++++++++++++++++++++++

     Dip,Strike,Rake     50.73   303.99    -8.29
     Dip,Strike,Rake     83.59    39.26  -140.43   Auxiliary Plane
     Lower Hem. Trend, Plunge of A,N    309.26     6.41   213.99    39.27
     Lower Hem. Trend, Plunge of P,T    269.39    31.77   165.17    21.63
     B trend, B plunge, Angle:   46.96  50.00 170.00
++++++++++++++++++++++++++++++++++++++++++++++++++++++++++++++++++++++++++++++++

     Dip,Strike,Rake     52.84   299.37   -16.01
     Dip,Strike,Rake     77.30    39.20  -141.74   Auxiliary Plane
     Lower Hem. Trend, Plunge of A,N    309.20    12.70   209.37    37.16
     Lower Hem. Trend, Plunge of P,T    266.11    35.63   164.44    15.76
     B trend, B plunge, Angle:   54.78  50.00 160.00
++++++++++++++++++++++++++++++++++++++++++++++++++++++++++++++++++++++++++++++++

     Dip,Strike,Rake     51.62   305.50   -12.25
     Dip,Strike,Rake     80.42    43.18  -140.97   Auxiliary Plane
     Lower Hem. Trend, Plunge of A,N    313.18     9.58   215.50    38.38
     Lower Hem. Trend, Plunge of P,T    271.79    33.83   168.64    18.75
     B trend, B plunge, Angle:   54.78  50.00 165.00
++++++++++++++++++++++++++++++++++++++++++++++++++++++++++++++++++++++++++++++++

     Dip,Strike,Rake     54.37   301.28   -19.53
     Dip,Strike,Rake     74.24    42.95  -142.75   Auxiliary Plane
     Lower Hem. Trend, Plunge of A,N    312.95    15.76   211.28    35.63
     Lower Hem. Trend, Plunge of P,T    268.02    37.16   168.19    12.70
     B trend, B plunge, Angle:   62.61  50.00 155.00
++++++++++++++++++++++++++++++++++++++++++++++++++++++++++++++++++++++++++++++++

     Dip,Strike,Rake     58.23   298.01   -25.70
     Dip,Strike,Rake     68.37    42.23  -145.50   Auxiliary Plane
     Lower Hem. Trend, Plunge of A,N    312.23    21.63   208.01    31.77
     Lower Hem. Trend, Plunge of P,T    263.40    39.27   168.13     6.41
     B trend, B plunge, Angle:   70.43  50.00 145.00
++++++++++++++++++++++++++++++++++++++++++++++++++++++++++++++++++++++++++++++++

     Dip,Strike,Rake     62.97   295.71   -30.68
     Dip,Strike,Rake     62.97    40.81  -149.32   Auxiliary Plane
     Lower Hem. Trend, Plunge of A,N    310.81    27.03   205.71    27.03
     Lower Hem. Trend, Plunge of P,T    258.26    40.00   168.26     0.00
     B trend, B plunge, Angle:   78.26  50.00 135.00
++++++++++++++++++++++++++++++++++++++++++++++++++++++++++++++++++++++++++++++++

     Dip,Strike,Rake     65.60   298.82   -32.73
     Dip,Strike,Rake     60.50    43.69  -151.66   Auxiliary Plane
     Lower Hem. Trend, Plunge of A,N    313.69    29.50   208.82    24.40
     Lower Hem. Trend, Plunge of P,T    259.57    39.82   352.25     3.21
     B trend, B plunge, Angle:   86.09  50.00 130.00
++++++++++++++++++++++++++++++++++++++++++++++++++++++++++++++++++++++++++++++++

     Dip,Strike,Rake     71.25   297.77   -36.01
     Dip,Strike,Rake     56.17    40.92  -157.24   Auxiliary Plane
     Lower Hem. Trend, Plunge of A,N    310.92    33.83   207.77    18.75
     Lower Hem. Trend, Plunge of P,T    254.63    38.38   352.31     9.58
     B trend, B plunge, Angle:   93.91  50.00 120.00
++++++++++++++++++++++++++++++++++++++++++++++++++++++++++++++++++++++++++++++++

     Dip,Strike,Rake     74.24   301.40   -37.25
     Dip,Strike,Rake     54.37    43.07  -160.47   Auxiliary Plane
     Lower Hem. Trend, Plunge of A,N    313.07    35.63   211.40    15.76
     Lower Hem. Trend, Plunge of P,T    256.33    37.16   356.16    12.70
     B trend, B plunge, Angle:  101.74  50.00 115.00
++++++++++++++++++++++++++++++++++++++++++++++++++++++++++++++++++++++++++++++++

     Dip,Strike,Rake     52.84   119.37   -16.01
     Dip,Strike,Rake     77.30   219.20  -141.74   Auxiliary Plane
     Lower Hem. Trend, Plunge of A,N    129.20    12.70    29.37    37.16
     Lower Hem. Trend, Plunge of P,T     86.11    35.63   344.44    15.76
     B trend, B plunge, Angle:  234.78  50.00 160.00
++++++++++++++++++++++++++++++++++++++++++++++++++++++++++++++++++++++++++++++++

     Dip,Strike,Rake     56.17   115.60   -22.76
     Dip,Strike,Rake     71.25   218.75  -143.99   Auxiliary Plane
     Lower Hem. Trend, Plunge of A,N    128.75    18.75    25.60    33.83
     Lower Hem. Trend, Plunge of P,T     81.89    38.38   344.21     9.58
     B trend, B plunge, Angle:  242.61  50.00 150.00
++++++++++++++++++++++++++++++++++++++++++++++++++++++++++++++++++++++++++++++++

     Dip,Strike,Rake     60.50   112.83   -28.34
     Dip,Strike,Rake     65.60   217.70  -147.27   Auxiliary Plane
     Lower Hem. Trend, Plunge of A,N    127.70    24.40    22.83    29.50
     Lower Hem. Trend, Plunge of P,T     76.95    39.82   344.27     3.21
     B trend, B plunge, Angle:  250.43  50.00 140.00
++++++++++++++++++++++++++++++++++++++++++++++++++++++++++++++++++++++++++++++++

     Dip,Strike,Rake     58.23   118.01   -25.70
     Dip,Strike,Rake     68.37   222.23  -145.50   Auxiliary Plane
     Lower Hem. Trend, Plunge of A,N    132.23    21.63    28.01    31.77
     Lower Hem. Trend, Plunge of P,T     83.40    39.27   348.13     6.41
     B trend, B plunge, Angle:  250.43  50.00 145.00
++++++++++++++++++++++++++++++++++++++++++++++++++++++++++++++++++++++++++++++++

     Dip,Strike,Rake     62.97   115.71   -30.68
     Dip,Strike,Rake     62.97   220.81  -149.32   Auxiliary Plane
     Lower Hem. Trend, Plunge of A,N    130.81    27.03    25.71    27.03
     Lower Hem. Trend, Plunge of P,T     78.26    40.00   348.26     0.00
     B trend, B plunge, Angle:  258.26  50.00 135.00
++++++++++++++++++++++++++++++++++++++++++++++++++++++++++++++++++++++++++++++++

     Dip,Strike,Rake     68.37   114.30   -34.50
     Dip,Strike,Rake     58.23   218.52  -154.30   Auxiliary Plane
     Lower Hem. Trend, Plunge of A,N    128.52    31.77    24.30    21.63
     Lower Hem. Trend, Plunge of P,T     73.12    39.27   168.39     6.41
     B trend, B plunge, Angle:  266.09  50.00 125.00
++++++++++++++++++++++++++++++++++++++++++++++++++++++++++++++++++++++++++++++++

     Dip,Strike,Rake     71.25   117.77   -36.01
     Dip,Strike,Rake     56.17   220.92  -157.24   Auxiliary Plane
     Lower Hem. Trend, Plunge of A,N    130.92    33.83    27.77    18.75
     Lower Hem. Trend, Plunge of P,T     74.63    38.38   172.31     9.58
     B trend, B plunge, Angle:  273.91  50.00 120.00
++++++++++++++++++++++++++++++++++++++++++++++++++++++++++++++++++++++++++++++++

     Dip,Strike,Rake     77.30   117.32   -38.26
     Dip,Strike,Rake     52.84   217.15  -163.99   Auxiliary Plane
     Lower Hem. Trend, Plunge of A,N    127.15    37.16    27.32    12.70
     Lower Hem. Trend, Plunge of P,T     70.41    35.63   172.08    15.76
     B trend, B plunge, Angle:  281.74  50.00 110.00
++++++++++++++++++++++++++++++++++++++++++++++++++++++++++++++++++++++++++++++++

     Dip,Strike,Rake     80.42   121.16   -39.03
     Dip,Strike,Rake     51.62   218.84  -167.75   Auxiliary Plane
     Lower Hem. Trend, Plunge of A,N    128.84    38.38    31.16     9.58
     Lower Hem. Trend, Plunge of P,T     72.56    33.83   175.71    18.75
     B trend, B plunge, Angle:  289.57  50.00 105.00
++++++++++++++++++++++++++++++++++++++++++++++++++++++++++++++++++++++++++++++++

     Dip,Strike,Rake     56.36   304.57   -10.27
     Dip,Strike,Rake     81.46    40.30  -145.93   Auxiliary Plane
     Lower Hem. Trend, Plunge of A,N    310.30     8.54   214.57    33.64
     Lower Hem. Trend, Plunge of P,T    267.86    29.78   167.99    16.67
     B trend, B plunge, Angle:   52.68  55.00 165.00
++++++++++++++++++++++++++++++++++++++++++++++++++++++++++++++++++++++++++++++++

     Dip,Strike,Rake     58.68   301.81   -16.48
     Dip,Strike,Rake     75.97    40.56  -147.60   Auxiliary Plane
     Lower Hem. Trend, Plunge of A,N    310.56    14.03   211.81    31.32
     Lower Hem. Trend, Plunge of P,T    265.42    32.61   168.07    11.31
     B trend, B plunge, Angle:   61.46  55.00 155.00
++++++++++++++++++++++++++++++++++++++++++++++++++++++++++++++++++++++++++++++++

     Dip,Strike,Rake     61.98   299.72   -21.88
     Dip,Strike,Rake     70.79    40.41  -150.16   Auxiliary Plane
     Lower Hem. Trend, Plunge of A,N    310.41    19.21   209.72    28.02
     Lower Hem. Trend, Plunge of P,T    262.39    34.39   168.46     5.72
     B trend, B plunge, Angle:   70.24  55.00 145.00
++++++++++++++++++++++++++++++++++++++++++++++++++++++++++++++++++++++++++++++++

     Dip,Strike,Rake     66.07   298.35   -26.34
     Dip,Strike,Rake     66.07    39.70  -153.66   Auxiliary Plane
     Lower Hem. Trend, Plunge of A,N    309.70    23.93   208.35    23.93
     Lower Hem. Trend, Plunge of P,T    259.02    35.00   169.02     0.00
     B trend, B plunge, Angle:   79.02  55.00 135.00
++++++++++++++++++++++++++++++++++++++++++++++++++++++++++++++++++++++++++++++++

     Dip,Strike,Rake     68.37   302.31   -28.21
     Dip,Strike,Rake     63.94    43.49  -155.77   Auxiliary Plane
     Lower Hem. Trend, Plunge of A,N    313.49    26.06   212.31    21.63
     Lower Hem. Trend, Plunge of P,T    261.71    34.85   353.71     2.87
     B trend, B plunge, Angle:   87.80  55.00 130.00
++++++++++++++++++++++++++++++++++++++++++++++++++++++++++++++++++++++++++++++++

     Dip,Strike,Rake     73.33   301.90   -31.23
     Dip,Strike,Rake     60.22    41.76  -160.70   Auxiliary Plane
     Lower Hem. Trend, Plunge of A,N    311.76    29.78   211.90    16.67
     Lower Hem. Trend, Plunge of P,T    258.47    33.64   354.21     8.54
     B trend, B plunge, Angle:   96.59  55.00 120.00
++++++++++++++++++++++++++++++++++++++++++++++++++++++++++++++++++++++++++++++++

     Dip,Strike,Rake     60.22   120.68   -19.30
     Dip,Strike,Rake     73.33   220.54  -148.77   Auxiliary Plane
     Lower Hem. Trend, Plunge of A,N    130.54    16.67    30.68    29.78
     Lower Hem. Trend, Plunge of P,T     83.97    33.64   348.23     8.54
     B trend, B plunge, Angle:  245.85  55.00 150.00
++++++++++++++++++++++++++++++++++++++++++++++++++++++++++++++++++++++++++++++++

     Dip,Strike,Rake     63.94   118.95   -24.23
     Dip,Strike,Rake     68.37   220.13  -151.79   Auxiliary Plane
     Lower Hem. Trend, Plunge of A,N    130.13    21.63    28.94    26.06
     Lower Hem. Trend, Plunge of P,T     80.73    34.85   348.73     2.87
     B trend, B plunge, Angle:  254.63  55.00 140.00
++++++++++++++++++++++++++++++++++++++++++++++++++++++++++++++++++++++++++++++++

     Dip,Strike,Rake     68.37   117.92   -28.21
     Dip,Strike,Rake     63.94   219.10  -155.77   Auxiliary Plane
     Lower Hem. Trend, Plunge of A,N    129.10    26.06    27.92    21.63
     Lower Hem. Trend, Plunge of P,T     77.32    34.85   169.32     2.87
     B trend, B plunge, Angle:  263.41  55.00 130.00
++++++++++++++++++++++++++++++++++++++++++++++++++++++++++++++++++++++++++++++++

     Dip,Strike,Rake     73.33   117.51   -31.23
     Dip,Strike,Rake     60.22   217.37  -160.70   Auxiliary Plane
     Lower Hem. Trend, Plunge of A,N    127.37    29.78    27.51    16.67
     Lower Hem. Trend, Plunge of P,T     74.08    33.64   169.82     8.54
     B trend, B plunge, Angle:  272.20  55.00 120.00
++++++++++++++++++++++++++++++++++++++++++++++++++++++++++++++++++++++++++++++++

     Dip,Strike,Rake     75.97   121.88   -32.40
     Dip,Strike,Rake     58.68   220.63  -163.52   Auxiliary Plane
     Lower Hem. Trend, Plunge of A,N    130.63    31.32    31.88    14.03
     Lower Hem. Trend, Plunge of P,T     77.02    32.61   174.37    11.31
     B trend, B plunge, Angle:  280.98  55.00 115.00
++++++++++++++++++++++++++++++++++++++++++++++++++++++++++++++++++++++++++++++++

     Dip,Strike,Rake     81.46   122.14   -34.07
     Dip,Strike,Rake     56.36   217.87  -169.73   Auxiliary Plane
     Lower Hem. Trend, Plunge of A,N    127.87    33.64    32.14     8.54
     Lower Hem. Trend, Plunge of P,T     74.58    29.78   174.44    16.67
     B trend, B plunge, Angle:  289.76  55.00 105.00
++++++++++++++++++++++++++++++++++++++++++++++++++++++++++++++++++++++++++++++++

     Dip,Strike,Rake     63.05   121.70   -13.71
     Dip,Strike,Rake     77.80   218.01  -152.38   Auxiliary Plane
     Lower Hem. Trend, Plunge of A,N    128.01    12.20    31.70    26.95
     Lower Hem. Trend, Plunge of P,T     82.80    28.02   347.50     9.85
     B trend, B plunge, Angle:  240.00  60.00 155.00
++++++++++++++++++++++++++++++++++++++++++++++++++++++++++++++++++++++++++++++++

     Dip,Strike,Rake     65.82   121.04   -18.32
     Dip,Strike,Rake     73.33   218.77  -154.69   Auxiliary Plane
     Lower Hem. Trend, Plunge of A,N    128.77    16.67    31.04    24.18
     Lower Hem. Trend, Plunge of P,T     81.51    29.50   348.68     4.98
     B trend, B plunge, Angle:  250.00  60.00 145.00
++++++++++++++++++++++++++++++++++++++++++++++++++++++++++++++++++++++++++++++++

     Dip,Strike,Rake     69.30   120.89   -22.21
     Dip,Strike,Rake     69.30   219.11  -157.79   Auxiliary Plane
     Lower Hem. Trend, Plunge of A,N    129.11    20.70    30.89    20.70
     Lower Hem. Trend, Plunge of P,T    180.00    90.00   350.00     0.00
     B trend, B plunge, Angle:  260.00  60.00 135.00
++++++++++++++++++++++++++++++++++++++++++++++++++++++++++++++++++++++++++++++++

     Dip,Strike,Rake     73.33   121.23   -25.31
     Dip,Strike,Rake     65.82   218.96  -161.68   Auxiliary Plane
     Lower Hem. Trend, Plunge of A,N    128.96    24.18    31.23    16.67
     Lower Hem. Trend, Plunge of P,T     78.49    29.50   171.32     4.98
     B trend, B plunge, Angle:  270.00  60.00 125.00
++++++++++++++++++++++++++++++++++++++++++++++++++++++++++++++++++++++++++++++++

     Dip,Strike,Rake     77.80   121.99   -27.62
     Dip,Strike,Rake     63.05   218.30  -166.29   Auxiliary Plane
     Lower Hem. Trend, Plunge of A,N    128.30    26.95    31.99    12.20
     Lower Hem. Trend, Plunge of P,T     77.20    28.02   172.50     9.85
     B trend, B plunge, Angle:  280.00  60.00 115.00
++++++++++++++++++++++++++++++++++++++++++++++++++++++++++++++++++++++++++++++++

     Dip,Strike,Rake     69.75   304.31   -14.97
     Dip,Strike,Rake     75.97    39.60  -159.09   Auxiliary Plane
     Lower Hem. Trend, Plunge of A,N    309.60    14.03   214.31    20.25
     Lower Hem. Trend, Plunge of P,T    263.01    24.59   171.08     4.21
     B trend, B plunge, Angle:   72.00  65.00 145.00
++++++++++++++++++++++++++++++++++++++++++++++++++++++++++++++++++++++++++++++++

     Dip,Strike,Rake     77.80   123.62   -21.99
     Dip,Strike,Rake     68.53   218.50  -166.88   Auxiliary Plane
     Lower Hem. Trend, Plunge of A,N    128.50    21.47    33.62    12.20
     Lower Hem. Trend, Plunge of P,T     79.53    24.09   172.35     6.28
     B trend, B plunge, Angle:  276.00  65.00 120.00
++++++++++++++++++++++++++++++++++++++++++++++++++++++++++++++++++++++++++++++++


 There are  96 acceptable solutions
