  Mon Oct 16 12:30:59 2023 for program Focmec
 Event 8703270729 4 UW errors max
 Input from a file puna_200907090052_p.inp
 200907090052

 Statn  Azimuth    TOA   Key  Log10 Ratio  NumPol  DenTOA  Comment
  NS18   236.3     94.7   D                                IP
  BB24   248.7     92.6   D                                IP
  NS16   255.3     96.2   D                                IP
  NS15   261.2     96.5   D                                IP
  NS14   264.3     95.6   D                                IP
  BB01   266.8     92.8   -                                IP
 Including emergent polarity picks
  NS13   271.2     95.0   D                                IP
  NS12   277.8     95.1   D                                IP
  BB02   281.1     92.9   D                                IP
  EW20   283.3     79.9   -                                IP
  EW19   284.9     79.9   -                                IP
  NS10   289.3     95.2   D                                IP
  EW16   289.6     79.9   D                                IP
  BB05   314.2     79.9   D                                IP
  BB06   320.2     49.2   U                                IP
  BB11   319.5    109.8   D                                IP
  EW10   327.1     95.3   D                                IP
  NS04   329.0     93.9   D                                IP
  NS03   329.7     93.2   D                                IP
  NS02   331.2     92.6   D                                IP
  NS01   332.8     92.3   D                                IP
  NS19   334.5     79.9   D                                IP
  NS20   337.3     79.9   U                                IP
  EW01   336.3     98.3   D                                IP
  NS21   340.8     79.9   U                                IP
  NS22   342.5     79.9   D                                IP
  NS23   344.5     79.9   +                                IP
  NS24   345.0     79.9   +                                IP
  GALA   351.8     79.9   +                                IP
  EW03   354.8    102.2   D                                IP
  BB18    20.6     95.7   D                                IP
  BB17    26.8     79.9   D                                IP
  EW05    32.6     98.2   D                                IP
  BB16    45.9     94.2   -                                IP
  EW06    45.3     97.5   D                                IP
  EW08    62.8     95.3   D                                IP
  EW22    65.9     94.7   D                                IP
  BB15    86.3    111.5   D                                IP
  BB14   110.3     98.1   D                                IP
  BB13   161.2    111.7   D                                IP
 Polarities/Errors:  P 040/02  SV 000/00  SH 000/00
 There are no amplitude ratio data
 The minimum, increment and maximum B axis trend:     0.00    5.00  355.00
 The limits for the B axis plunge:     0.00    5.00   90.00
 The limits for Angle:     0.00    5.00  175.00
 ++++++++++++++++++++++++++++++++++++++++++++++++++++++++++++++++++++++++++++

     Dip,Strike,Rake     60.50   161.60    78.49
     Dip,Strike,Rake     31.47     4.06   109.43   Auxiliary Plane
     Lower Hem. Trend, Plunge of A,N    274.06    58.53    71.60    29.50
     Lower Hem. Trend, Plunge of P,T    259.99    14.77    44.38    72.04
     B trend, B plunge, Angle:  167.32  10.00  60.00

 P Polarity error at  NS22 BB13
 P Polarity weights:  1.00 1.00
  Total P polarity weight is  2.000   Total number:   2
++++++++++++++++++++++++++++++++++++++++++++++++++++++++++++++++++++++++++++++++

     Dip,Strike,Rake     50.73   164.10    77.04
     Dip,Strike,Rake     41.03     4.09   105.34   Auxiliary Plane
     Lower Hem. Trend, Plunge of A,N    274.09    48.97    74.10    39.27
     Lower Hem. Trend, Plunge of P,T    263.26     4.92    19.13    78.83
     B trend, B plunge, Angle:  172.39  10.00  50.00

 P Polarity error at  NS22 BB13
 P Polarity weights:  1.00 1.00
  Total P polarity weight is  2.000   Total number:   2
++++++++++++++++++++++++++++++++++++++++++++++++++++++++++++++++++++++++++++++++

     Dip,Strike,Rake     36.22   168.61    72.91
     Dip,Strike,Rake     55.61     9.47   102.15   Auxiliary Plane
     Lower Hem. Trend, Plunge of A,N    279.47    34.39    78.61    53.78
     Lower Hem. Trend, Plunge of P,T     90.78     9.85   317.10    75.89
     B trend, B plunge, Angle:  182.54  10.00  35.00

 P Polarity error at  NS22 BB13
 P Polarity weights:  1.00 1.00
  Total P polarity weight is  2.000   Total number:   2
++++++++++++++++++++++++++++++++++++++++++++++++++++++++++++++++++++++++++++++++

     Dip,Strike,Rake     46.92   165.49    69.25
     Dip,Strike,Rake     46.92    14.51   110.75   Auxiliary Plane
     Lower Hem. Trend, Plunge of A,N    284.51    43.08    75.49    43.08
     Lower Hem. Trend, Plunge of P,T     90.00     0.00   360.00    75.00
     B trend, B plunge, Angle:  180.00  15.00  45.00

 P Polarity error at  NS22 BB13
 P Polarity weights:  1.00 1.00
  Total P polarity weight is  2.000   Total number:   2
++++++++++++++++++++++++++++++++++++++++++++++++++++++++++++++++++++++++++++++++

     Dip,Strike,Rake     42.27   168.00    67.37
     Dip,Strike,Rake     51.62    17.40   109.28   Auxiliary Plane
     Lower Hem. Trend, Plunge of A,N    287.40    38.38    78.00    47.73
     Lower Hem. Trend, Plunge of P,T     93.85     4.83   346.47    74.21
     B trend, B plunge, Angle:  185.14  15.00  40.00

 P Polarity error at  NS22 BB13
 P Polarity weights:  1.00 1.00
  Total P polarity weight is  2.000   Total number:   2
++++++++++++++++++++++++++++++++++++++++++++++++++++++++++++++++++++++++++++++++


 There are   5 acceptable solutions
