  Wed Oct 25 14:38:16 2023 for program Focmec
 Event 8703270729 4 UW errors max
 Input from a file puna_200811221029_p.inp
 200811221029

 Statn  Azimuth    TOA   Key  Log10 Ratio  NumPol  DenTOA  Comment
  EW05   191.9     98.7   U                                IP
  BB18   221.0    109.1   U                                IP
  EW03   225.7     93.6   U                                IP
  NS16   226.2     88.0   U                                IP
  EW02   236.4     93.7   U                                IP
  BB01   238.4     79.2   +                                IP
 Including emergent polarity picks
  BB25   238.6     49.0   +                                IP
  NS10   242.7     88.9   +                                IP
  EW01   243.0     92.5   U                                IP
  NS09   247.2     89.2   -                                IP
  EW09   250.4     91.6   D                                IP
  NS08   252.1     89.4   D                                IP
  NS07   256.0     89.9   D                                IP
  EW10   256.8     91.3   D                                IP
  EW12   257.2     89.1   D                                IP
  EW11   257.2     89.4   D                                IP
  EW13   259.1     88.7   -                                IP
  NS05   262.4     90.7   D                                IP
  NS04   267.1     91.1   D                                IP
  BB10   269.4     89.5   -                                IP
  NS03   272.8     90.8   D                                IP
  BB19   274.7     92.8   D                                IP
  NS02   278.7     90.6   D                                IP
  BB08   282.6     88.5   D                                IP
  NS01   283.7     90.4   D                                IP
  NS19   286.8     90.4   D                                IP
  NS20   292.5     90.4   D                                IP
  BB06   292.5     79.2   -                                IP
  NS21   298.2     90.5   D                                IP
  NS22   302.5     90.4   D                                IP
  NS23   307.3     90.2   D                                IP
  NS24   310.1     90.0   D                                IP
  NS25   313.0     89.9   -                                IP
  NS26   316.3     89.6   -                                IP
  BB20   330.3     90.7   +                                IP
  BB21    15.4     92.1   U                                IP
  BB17    30.6     96.1   U                                IP
  BB16   130.9     99.7   D                                IP
  EW22   142.2     93.2   D                                IP
  EW08   147.1     93.9   U                                IP
  BB14   171.0     89.9   U                                IP
  EW06   172.6     97.2   U                                IP
 Polarities/Errors:  P 042/00  SV 000/00  SH 000/00
 There are no amplitude ratio data
 The minimum, increment and maximum B axis trend:     0.00    5.00  355.00
 The limits for the B axis plunge:     0.00    5.00   90.00
 The limits for Angle:     0.00    5.00  175.00
 ++++++++++++++++++++++++++++++++++++++++++++++++++++++++++++++++++++++++++++

     Dip,Strike,Rake     82.36   147.19   -49.57
     Dip,Strike,Rake     41.03   246.07  -168.31   Auxiliary Plane
     Lower Hem. Trend, Plunge of A,N    156.07    48.97    57.19     7.64
     Lower Hem. Trend, Plunge of P,T     93.28    38.87   206.50    26.06
     B trend, B plunge, Angle:  320.73  40.00 100.00
++++++++++++++++++++++++++++++++++++++++++++++++++++++++++++++++++++++++++++++++

     Dip,Strike,Rake     51.62   148.98   -12.25
     Dip,Strike,Rake     80.42   246.66  -140.97   Auxiliary Plane
     Lower Hem. Trend, Plunge of A,N    156.66     9.58    58.98    38.38
     Lower Hem. Trend, Plunge of P,T    115.27    33.83    12.12    18.75
     B trend, B plunge, Angle:  258.26  50.00 165.00
++++++++++++++++++++++++++++++++++++++++++++++++++++++++++++++++++++++++++++++++

     Dip,Strike,Rake     54.37   144.76   -19.53
     Dip,Strike,Rake     74.24   246.43  -142.75   Auxiliary Plane
     Lower Hem. Trend, Plunge of A,N    156.43    15.76    54.76    35.63
     Lower Hem. Trend, Plunge of P,T    111.50    37.16    11.67    12.70
     B trend, B plunge, Angle:  266.09  50.00 155.00
++++++++++++++++++++++++++++++++++++++++++++++++++++++++++++++++++++++++++++++++

     Dip,Strike,Rake     74.24   144.87   -37.25
     Dip,Strike,Rake     54.37   246.55  -160.47   Auxiliary Plane
     Lower Hem. Trend, Plunge of A,N    156.55    35.63    54.87    15.76
     Lower Hem. Trend, Plunge of P,T     99.80    37.16   199.64    12.70
     B trend, B plunge, Angle:  305.22  50.00 115.00
++++++++++++++++++++++++++++++++++++++++++++++++++++++++++++++++++++++++++++++++

     Dip,Strike,Rake     57.39   149.46   -13.47
     Dip,Strike,Rake     78.69   246.81  -146.66   Auxiliary Plane
     Lower Hem. Trend, Plunge of A,N    156.81    11.31    59.46    32.61
     Lower Hem. Trend, Plunge of P,T    113.07    31.32    14.32    14.03
     B trend, B plunge, Angle:  263.41  55.00 160.00
++++++++++++++++++++++++++++++++++++++++++++++++++++++++++++++++++++++++++++++++

     Dip,Strike,Rake     60.22   147.02   -19.30
     Dip,Strike,Rake     73.33   246.88  -148.77   Auxiliary Plane
     Lower Hem. Trend, Plunge of A,N    156.88    16.67    57.02    29.78
     Lower Hem. Trend, Plunge of P,T    110.31    33.64    14.57     8.54
     B trend, B plunge, Angle:  272.20  55.00 150.00
++++++++++++++++++++++++++++++++++++++++++++++++++++++++++++++++++++++++++++++++

     Dip,Strike,Rake     63.94   145.29   -24.23
     Dip,Strike,Rake     68.37   246.47  -151.79   Auxiliary Plane
     Lower Hem. Trend, Plunge of A,N    156.47    21.63    55.29    26.06
     Lower Hem. Trend, Plunge of P,T    107.07    34.85    15.07     2.87
     B trend, B plunge, Angle:  280.98  55.00 140.00
++++++++++++++++++++++++++++++++++++++++++++++++++++++++++++++++++++++++++++++++

     Dip,Strike,Rake     68.37   144.26   -28.21
     Dip,Strike,Rake     63.94   245.45  -155.77   Auxiliary Plane
     Lower Hem. Trend, Plunge of A,N    155.45    26.06    54.26    21.63
     Lower Hem. Trend, Plunge of P,T    103.66    34.85   195.66     2.87
     B trend, B plunge, Angle:  289.76  55.00 130.00
++++++++++++++++++++++++++++++++++++++++++++++++++++++++++++++++++++++++++++++++

     Dip,Strike,Rake     67.48   145.90   -20.36
     Dip,Strike,Rake     71.25   243.99  -156.14   Auxiliary Plane
     Lower Hem. Trend, Plunge of A,N    153.99    18.75    55.90    22.52
     Lower Hem. Trend, Plunge of P,T    105.77    29.87    14.33     2.50
     B trend, B plunge, Angle:  280.00  60.00 140.00
++++++++++++++++++++++++++++++++++++++++++++++++++++++++++++++++++++++++++++++++

     Dip,Strike,Rake     71.25   146.01   -23.86
     Dip,Strike,Rake     67.48   244.10  -159.64   Auxiliary Plane
     Lower Hem. Trend, Plunge of A,N    154.10    22.52    56.01    18.75
     Lower Hem. Trend, Plunge of P,T    104.23    29.87   195.67     2.50
     B trend, B plunge, Angle:  290.00  60.00 130.00
++++++++++++++++++++++++++++++++++++++++++++++++++++++++++++++++++++++++++++++++


 There are  10 acceptable solutions
