  Tue Oct 24 17:02:51 2023 for program Focmec
 Event 8703270729 4 UW errors max
 Input from a file puna_200807251715_p.inp
 200807251715
 Including emergent polarity picks
 Polarities/Errors:  P 031/00  SV 000/00  SH 000/00
 There are no amplitude ratio data
 The minimum, increment and maximum B axis trend:     0.00    5.00  355.00
 The limits for the B axis plunge:     0.00    5.00   90.00
 The limits for Angle:     0.00    5.00  175.00
    Dip   Strike   Rake    Pol: P     SV    SH
   21.09  110.86  -44.01       0.00  0.00  0.00
   21.09  116.01  -44.01       0.00  0.00  0.00
   22.27  115.67  -25.51       0.00  0.00  0.00
   24.81  115.45  -35.42       0.00  0.00  0.00
   25.46  114.30  -10.59       0.00  0.00  0.00
   26.81  114.43  -20.42       0.00  0.00  0.00
   28.90  115.78  -29.03       0.00  0.00  0.00
   31.61  112.96  -36.26       0.00  0.00  0.00
   68.53  303.45  -57.50       0.00  0.00  0.00
   30.38  114.91   -8.58       0.00  0.00  0.00
   30.38  120.72   -8.58       0.00  0.00  0.00
   31.47  117.03  -16.74       0.00  0.00  0.00
   33.23  114.07  -24.15       0.00  0.00  0.00
   33.23  119.88  -24.15       0.00  0.00  0.00
   35.53  117.82  -30.64       0.00  0.00  0.00
   38.29  116.67  -36.20       0.00  0.00  0.00
   65.82  302.05  -51.04       0.00  0.00  0.00
   35.31  120.99   -7.10       0.00  0.00  0.00
   36.22  118.67  -13.93       0.00  0.00  0.00
   37.70  116.82  -20.29       0.00  0.00  0.00
   39.67  115.57  -26.03       0.00  0.00  0.00
   37.70  122.93  -20.29       0.00  0.00  0.00
   39.67  121.67  -26.03       0.00  0.00  0.00
   42.06  121.06  -31.11       0.00  0.00  0.00
   85.91  121.86  -54.90       0.00  0.00  0.00
   90.00  305.08   55.00       0.00  0.00  0.00
   63.94  302.41  -44.31       0.00  0.00  0.00
   71.11  301.41  -47.21       0.00  0.00  0.00
   40.26  118.25   -5.93       0.00  0.00  0.00
   41.03  117.21  -11.69       0.00  0.00  0.00
   42.27  116.46  -17.14       0.00  0.00  0.00
   41.03  123.75  -11.69       0.00  0.00  0.00
   43.96  116.12  -22.18       0.00  0.00  0.00
   42.27  123.01  -17.14       0.00  0.00  0.00
   46.03  116.22  -26.73       0.00  0.00  0.00
   43.96  122.66  -22.18       0.00  0.00  0.00
   48.44  116.80  -30.79       0.00  0.00  0.00
   46.03  122.77  -26.73       0.00  0.00  0.00
   51.13  117.82  -34.36       0.00  0.00  0.00
   48.44  123.34  -30.79       0.00  0.00  0.00
   54.07  119.27  -37.45       0.00  0.00  0.00
   82.36  121.01  -49.57       0.00  0.00  0.00
   90.00  301.09   50.00       0.00  0.00  0.00
   86.17  124.31  -49.89       0.00  0.00  0.00
   82.36  301.17   49.57       0.00  0.00  0.00
   86.17  304.42   49.89       0.00  0.00  0.00
   78.56  304.41   49.02       0.00  0.00  0.00
   62.97  302.45  -37.45       0.00  0.00  0.00
   45.22  121.77   -4.98       0.00  0.00  0.00
   45.86  121.88   -9.85       0.00  0.00  0.00
   46.92  122.19  -14.51       0.00  0.00  0.00
   50.14  116.60  -22.91       0.00  0.00  0.00
   48.36  122.76  -18.88       0.00  0.00  0.00
   52.24  117.83  -26.57       0.00  0.00  0.00
   50.14  123.66  -22.91       0.00  0.00  0.00
   54.60  119.40  -29.84       0.00  0.00  0.00
   52.24  124.89  -26.57       0.00  0.00  0.00
   57.20  121.30  -32.73       0.00  0.00  0.00
   62.97  118.92  -37.45       0.00  0.00  0.00
   60.00  123.50  -35.26       0.00  0.00  0.00
   66.07  121.64  -39.32       0.00  0.00  0.00
   72.61  120.60  -42.19       0.00  0.00  0.00
   79.45  120.14  -44.01       0.00  0.00  0.00
   76.00  123.84  -43.22       0.00  0.00  0.00
   86.47  120.01  -44.89       0.00  0.00  0.00
   82.95  123.58  -44.56       0.00  0.00  0.00
   90.00  303.53   45.00       0.00  0.00  0.00
   82.95  303.48   44.56       0.00  0.00  0.00
   76.00  303.21   43.22       0.00  0.00  0.00
   68.37  302.12  -34.50       0.00  0.00  0.00
   50.18  122.62   -4.18       0.00  0.00  0.00
   51.62  117.68  -12.25       0.00  0.00  0.00
   50.73  123.99   -8.29       0.00  0.00  0.00
   52.84  119.37  -16.01       0.00  0.00  0.00
   51.62  125.50  -12.25       0.00  0.00  0.00
   54.37  121.28  -19.53       0.00  0.00  0.00
   58.23  118.01  -25.70       0.00  0.00  0.00
   56.17  123.43  -22.76       0.00  0.00  0.00
   60.50  120.65  -28.34       0.00  0.00  0.00
   58.23  125.83  -25.70       0.00  0.00  0.00
   65.60  118.82  -32.73       0.00  0.00  0.00
   62.97  123.54  -30.68       0.00  0.00  0.00
   68.37  122.12  -34.50       0.00  0.00  0.00
   74.24  121.40  -37.25       0.00  0.00  0.00
   71.25  125.60  -36.01       0.00  0.00  0.00
   80.42  121.16  -39.03       0.00  0.00  0.00
   77.30  125.14  -38.26       0.00  0.00  0.00
   86.79  121.23  -39.89       0.00  0.00  0.00
   83.59  125.08  -39.57       0.00  0.00  0.00
   86.79  301.38   39.89       0.00  0.00  0.00
   80.42  301.44   39.03       0.00  0.00  0.00
   63.94  303.34  -24.23       0.00  0.00  0.00
   68.37  302.31  -28.21       0.00  0.00  0.00
   55.61  117.36   -6.93       0.00  0.00  0.00
   55.15  123.42   -3.49       0.00  0.00  0.00
   56.36  120.18  -10.27       0.00  0.00  0.00
   55.61  126.14   -6.93       0.00  0.00  0.00
   58.68  117.42  -16.48       0.00  0.00  0.00
   57.39  123.12  -13.47       0.00  0.00  0.00
   60.22  120.68  -19.30       0.00  0.00  0.00
   58.68  126.20  -16.48       0.00  0.00  0.00
   63.94  118.95  -24.23       0.00  0.00  0.00
   61.98  124.11  -21.88       0.00  0.00  0.00
   66.07  122.74  -26.34       0.00  0.00  0.00
   70.79  122.03  -29.84       0.00  0.00  0.00
   75.97  121.88  -32.40       0.00  0.00  0.00
   81.46  122.14  -34.07       0.00  0.00  0.00
   87.13  122.64  -34.90       0.00  0.00  0.00
   87.13  303.22   34.90       0.00  0.00  0.00
   81.46  303.72   34.07       0.00  0.00  0.00
   75.97  303.97   32.40       0.00  0.00  0.00
   61.12  302.81   -8.50       0.00  0.00  0.00
   60.13  125.77    2.88       0.00  0.00  0.00
   60.50  118.49   -5.73       0.00  0.00  0.00
   60.13  124.23   -2.88       0.00  0.00  0.00
   61.12  122.81   -8.50       0.00  0.00  0.00
   63.05  121.70  -13.71       0.00  0.00  0.00
   65.82  121.04  -18.32       0.00  0.00  0.00
   64.34  126.31  -16.10       0.00  0.00  0.00
   69.30  120.89  -22.21       0.00  0.00  0.00
   67.48  125.90  -20.36       0.00  0.00  0.00
   73.33  121.23  -25.31       0.00  0.00  0.00
   71.25  126.01  -23.86       0.00  0.00  0.00
   77.80  121.99  -27.62       0.00  0.00  0.00
   82.56  123.06  -29.15       0.00  0.00  0.00
   90.00  300.00   30.00       0.00  0.00  0.00
   87.50  124.33  -29.91       0.00  0.00  0.00
   85.02  301.32   29.62       0.00  0.00  0.00
   80.15  302.50   28.48       0.00  0.00  0.00
   75.52  303.43   26.57       0.00  0.00  0.00
   71.25  303.99   23.86       0.00  0.00  0.00
   67.48  302.77  -11.15       0.00  0.00  0.00
   65.00  126.00   -0.00       0.00  0.00  0.00
   65.91  121.53   -6.88       0.00  0.00  0.00
   67.48  122.77  -11.15       0.00  0.00  0.00
   71.11  119.21  -16.69       0.00  0.00  0.00
   69.75  124.31  -14.97       0.00  0.00  0.00
   74.24  121.25  -19.66       0.00  0.00  0.00
   77.80  123.62  -21.99       0.00  0.00  0.00
   83.72  121.65  -24.25       0.00  0.00  0.00
   90.00  300.00   25.00       0.00  0.00  0.00
   87.89  124.53  -24.92       0.00  0.00  0.00
   85.79  302.92   24.67       0.00  0.00  0.00
   79.71  301.09   22.91       0.00  0.00  0.00
   75.97  303.60   20.91       0.00  0.00  0.00
   70.32  302.57   -3.62       0.00  0.00  0.00
   70.00  126.00   -0.00       0.00  0.00  0.00
   71.25  119.23   -7.10       0.00  0.00  0.00
   70.71  124.48   -5.38       0.00  0.00  0.00
   72.77  123.23  -10.31       0.00  0.00  0.00
   76.00  122.42  -14.43       0.00  0.00  0.00
   80.15  122.08  -17.50       0.00  0.00  0.00
   84.92  122.13  -19.37       0.00  0.00  0.00
   90.00  302.40   20.00       0.00  0.00  0.00
   84.92  302.67   19.37       0.00  0.00  0.00
   80.15  302.72   17.50       0.00  0.00  0.00
   76.00  302.38   14.43       0.00  0.00  0.00
   75.06  302.72   -1.34       0.00  0.00  0.00
   75.06  123.60    1.34       0.00  0.00  0.00
   75.52  121.86   -3.97       0.00  0.00  0.00
   77.76  120.38   -8.74       0.00  0.00  0.00
   77.05  125.45   -7.63       0.00  0.00  0.00
   81.46  119.34  -12.38       0.00  0.00  0.00
   80.42  124.29  -11.60       0.00  0.00  0.00
   84.92  123.58  -14.13       0.00  0.00  0.00
   90.00  303.16   15.00       0.00  0.00  0.00
   84.92  302.74   14.13       0.00  0.00  0.00
   80.42  302.03   11.60       0.00  0.00  0.00
   80.04  302.77    0.88       0.00  0.00  0.00
   80.61  124.13    3.45       0.00  0.00  0.00
   81.82  123.82   -5.78       0.00  0.00  0.00
   85.79  121.59   -9.08       0.00  0.00  0.00
   90.00  304.62   10.00       0.00  0.00  0.00
   85.02  302.69    8.68       0.00  0.00  0.00
   89.56  304.98   -4.98       0.00  0.00  0.00
   85.91  125.10    2.87       0.00  0.00  0.00
   85.47  124.92   -2.12       0.00  0.00  0.00
   89.56  124.98   -4.98       0.00  0.00  0.00
   90.00  305.00   -0.00       0.00  0.00  0.00
