  Thu Oct 19 11:13:06 2023 for program Focmec
 Event 8703270729 4 UW errors max
 Input from a file puna_20081204143_p.inp
 20081204143

 Statn  Azimuth    TOA   Key  Log10 Ratio  NumPol  DenTOA  Comment
  NS15   183.1     94.6   +                                IP
 Including emergent polarity picks
  NS16   183.4     93.9   +                                IP
  NS07   182.5    123.6   U                                IP
  NS10   193.0    100.2   U                                IP
  NS09   193.1    104.3   U                                IP
  BB24   200.0     92.2   +                                IP
  NS08   197.7    110.5   U                                IP
  BB01   209.6     94.0   +                                IP
  BB25   217.9     92.2   +                                IP
  BB02   217.9     96.6   +                                IP
  EW11   213.5    119.0   U                                IP
  EW12   225.9    112.3   U                                IP
  EW16   240.7     97.1   D                                IP
  EW17   242.9     95.6   -                                IP
  EW14   241.3    103.2   D                                IP
  EW13   240.7    108.7   D                                IP
  EW18   244.7     94.6   -                                IP
  EW19   248.2     94.0   D                                IP
  EW20   248.5     93.4   -                                IP
  BB04   267.3     92.6   -                                IP
  BB22   281.8     79.9   D                                IP
  BB10   308.2    125.7   D                                IP
  BB06   321.3     93.2   +                                IP
  BB08   324.1    100.2   +                                IP
  BB07   355.9     94.8   U                                IP
  NS01    15.0    105.9   U                                IP
  NS19    15.2    103.5   U                                IP
  NS20    15.5    100.3   U                                IP
  NS26    15.8     93.8   +                                IP
  NS24    17.1     95.1   +                                IP
  NS25    17.2     94.5   -                                IP
  NS02    21.9    111.1   U                                IP
  NS21    19.0     98.2   U                                IP
  NS22    18.8     96.9   U                                IP
  NS23    19.1     95.8   U                                IP
  NS03    39.4    119.0   D                                IP
  BB20    33.2     93.0   U                                IP
  GALA    39.9     96.2   U                                IP
  BB21    57.0     79.9   D                                IP
  NS04    70.7    122.1   D                                IP
  BB19    67.6    103.3   D                                IP
  NS05   102.9    134.2   D                                IP
  BB18    93.4     94.1   D                                IP
  BB16    95.9     79.9   D                                IP
  EW05   105.4     93.5   D                                IP
  EW22   106.2     79.9   D                                IP
  EW06   106.4     92.7   D                                IP
  EW08   106.5     79.9   D                                IP
  EW24   106.7     79.9   -                                IP
  EW10   113.4    113.6   D                                IP
  EW02   113.1     98.2   D                                IP
  EW01   118.5    101.2   D                                IP
  EW03   118.3     96.6   D                                IP
  EW09   122.1    106.9   D                                IP
 Polarities/Errors:  P 054/01  SV 000/00  SH 000/00
 There are no amplitude ratio data
 The minimum, increment and maximum B axis trend:     0.00    5.00  355.00
 The limits for the B axis plunge:     0.00    5.00   90.00
 The limits for Angle:     0.00    5.00  175.00
 ++++++++++++++++++++++++++++++++++++++++++++++++++++++++++++++++++++++++++++

     Dip,Strike,Rake     87.13   136.39    34.90
     Dip,Strike,Rake     55.15    44.39   176.51   Auxiliary Plane
     Lower Hem. Trend, Plunge of A,N    314.39    34.85    46.39     2.87
     Lower Hem. Trend, Plunge of P,T    264.99    21.63     6.18    26.06
     B trend, B plunge, Angle:  140.49  55.00  85.00

 P Polarity error at  NS25
 P Polarity weights:  1.00
  Total P polarity weight is  1.000   Total number:   1
++++++++++++++++++++++++++++++++++++++++++++++++++++++++++++++++++++++++++++++++

     Dip,Strike,Rake     87.50   314.33   -29.91
     Dip,Strike,Rake     60.13    45.77  -177.12   Auxiliary Plane
     Lower Hem. Trend, Plunge of A,N    315.77    29.87   224.33     2.50
     Lower Hem. Trend, Plunge of P,T    265.90    22.52     3.99    18.75
     B trend, B plunge, Angle:  130.00  60.00  95.00

 P Polarity error at  NS25
 P Polarity weights:  1.00
  Total P polarity weight is  1.000   Total number:   1
++++++++++++++++++++++++++++++++++++++++++++++++++++++++++++++++++++++++++++++++

     Dip,Strike,Rake     87.50   135.67    29.91
     Dip,Strike,Rake     60.13    44.23   177.12   Auxiliary Plane
     Lower Hem. Trend, Plunge of A,N    314.23    29.87    45.67     2.50
     Lower Hem. Trend, Plunge of P,T    266.01    18.75     4.10    22.52
     B trend, B plunge, Angle:  140.00  60.00  85.00

 P Polarity error at  NS25
 P Polarity weights:  1.00
  Total P polarity weight is  1.000   Total number:   1
++++++++++++++++++++++++++++++++++++++++++++++++++++++++++++++++++++++++++++++++

     Dip,Strike,Rake     63.05   138.30    13.71
     Dip,Strike,Rake     77.80    41.99   152.38   Auxiliary Plane
     Lower Hem. Trend, Plunge of A,N    311.99    12.20    48.30    26.95
     Lower Hem. Trend, Plunge of P,T     92.50     9.85   357.20    28.02
     B trend, B plunge, Angle:  200.00  60.00  25.00

 P Polarity error at  NS25
 P Polarity weights:  1.00
  Total P polarity weight is  1.000   Total number:   1
++++++++++++++++++++++++++++++++++++++++++++++++++++++++++++++++++++++++++++++++

     Dip,Strike,Rake     61.12   137.19     8.50
     Dip,Strike,Rake     82.56    43.06   150.85   Auxiliary Plane
     Lower Hem. Trend, Plunge of A,N    313.06     7.44    47.19    28.88
     Lower Hem. Trend, Plunge of P,T     93.43    14.48   356.31    25.66
     B trend, B plunge, Angle:  210.00  60.00  15.00

 P Polarity error at  NS25
 P Polarity weights:  1.00
  Total P polarity weight is  1.000   Total number:   1
++++++++++++++++++++++++++++++++++++++++++++++++++++++++++++++++++++++++++++++++

     Dip,Strike,Rake     83.72   313.65   -24.25
     Dip,Strike,Rake     65.91    46.47  -173.12   Auxiliary Plane
     Lower Hem. Trend, Plunge of A,N    316.47    24.09   223.65     6.28
     Lower Hem. Trend, Plunge of P,T    267.50    21.47     2.38    12.20
     B trend, B plunge, Angle:  120.00  65.00 105.00

 P Polarity error at  NS25
 P Polarity weights:  1.00
  Total P polarity weight is  1.000   Total number:   1
++++++++++++++++++++++++++++++++++++++++++++++++++++++++++++++++++++++++++++++++

     Dip,Strike,Rake     81.69   318.26   -23.66
     Dip,Strike,Rake     66.60    51.88  -170.94   Auxiliary Plane
     Lower Hem. Trend, Plunge of A,N    321.88    23.40   228.26     8.31
     Lower Hem. Trend, Plunge of P,T    272.77    22.52     7.09    10.29
     B trend, B plunge, Angle:  120.00  65.00 110.00

 P Polarity error at  NS25
 P Polarity weights:  1.00
  Total P polarity weight is  1.000   Total number:   1
++++++++++++++++++++++++++++++++++++++++++++++++++++++++++++++++++++++++++++++++

     Dip,Strike,Rake     87.89   316.53   -24.92
     Dip,Strike,Rake     65.10    47.51  -177.67   Auxiliary Plane
     Lower Hem. Trend, Plunge of A,N    317.51    24.90   226.53     2.11
     Lower Hem. Trend, Plunge of P,T    269.21    18.89     4.75    15.76
     B trend, B plunge, Angle:  132.00  65.00  95.00

 P Polarity error at  NS25
 P Polarity weights:  1.00
  Total P polarity weight is  1.000   Total number:   1
++++++++++++++++++++++++++++++++++++++++++++++++++++++++++++++++++++++++++++++++

     Dip,Strike,Rake     85.79   134.92    24.67
     Dip,Strike,Rake     65.41    42.99   175.37   Auxiliary Plane
     Lower Hem. Trend, Plunge of A,N    312.99    24.59    44.92     4.21
     Lower Hem. Trend, Plunge of P,T    266.40    14.03     1.69    20.25
     B trend, B plunge, Angle:  144.00  65.00  80.00

 P Polarity error at  NS25
 P Polarity weights:  1.00
  Total P polarity weight is  1.000   Total number:   1
++++++++++++++++++++++++++++++++++++++++++++++++++++++++++++++++++++++++++++++++

     Dip,Strike,Rake     87.89   139.47    24.92
     Dip,Strike,Rake     65.10    48.49   177.67   Auxiliary Plane
     Lower Hem. Trend, Plunge of A,N    318.49    24.90    49.47     2.11
     Lower Hem. Trend, Plunge of P,T    271.25    15.76     6.79    18.89
     B trend, B plunge, Angle:  144.00  65.00  85.00

 P Polarity error at  NS25
 P Polarity weights:  1.00
  Total P polarity weight is  1.000   Total number:   1
++++++++++++++++++++++++++++++++++++++++++++++++++++++++++++++++++++++++++++++++

     Dip,Strike,Rake     81.69   137.74    23.66
     Dip,Strike,Rake     66.60    44.12   170.94   Auxiliary Plane
     Lower Hem. Trend, Plunge of A,N    314.12    23.40    47.74     8.31
     Lower Hem. Trend, Plunge of P,T    268.91    10.29     3.23    22.52
     B trend, B plunge, Angle:  156.00  65.00  70.00

 P Polarity error at  NS25
 P Polarity weights:  1.00
  Total P polarity weight is  1.000   Total number:   1
++++++++++++++++++++++++++++++++++++++++++++++++++++++++++++++++++++++++++++++++

     Dip,Strike,Rake     77.80   140.38    21.99
     Dip,Strike,Rake     68.53    45.50   166.88   Auxiliary Plane
     Lower Hem. Trend, Plunge of A,N    315.50    21.47    50.38    12.20
     Lower Hem. Trend, Plunge of P,T    271.65     6.28     4.47    24.09
     B trend, B plunge, Angle:  168.00  65.00  60.00

 P Polarity error at  NS25
 P Polarity weights:  1.00
  Total P polarity weight is  1.000   Total number:   1
++++++++++++++++++++++++++++++++++++++++++++++++++++++++++++++++++++++++++++++++

     Dip,Strike,Rake     72.61   137.81    18.25
     Dip,Strike,Rake     72.61    42.19   161.75   Auxiliary Plane
     Lower Hem. Trend, Plunge of A,N    312.19    17.39    47.81    17.39
     Lower Hem. Trend, Plunge of P,T     90.00     0.00   360.00    25.00
     B trend, B plunge, Angle:  180.00  65.00  45.00

 P Polarity error at  NS25
 P Polarity weights:  1.00
  Total P polarity weight is  1.000   Total number:   1
++++++++++++++++++++++++++++++++++++++++++++++++++++++++++++++++++++++++++++++++

     Dip,Strike,Rake     69.75   139.69    14.97
     Dip,Strike,Rake     75.97    44.40   159.09   Auxiliary Plane
     Lower Hem. Trend, Plunge of A,N    314.40    14.03    49.69    20.25
     Lower Hem. Trend, Plunge of P,T     92.92     4.21     0.99    24.59
     B trend, B plunge, Angle:  192.00  65.00  35.00

 P Polarity error at  NS25
 P Polarity weights:  1.00
  Total P polarity weight is  1.000   Total number:   1
++++++++++++++++++++++++++++++++++++++++++++++++++++++++++++++++++++++++++++++++

     Dip,Strike,Rake     83.28   314.08   -18.88
     Dip,Strike,Rake     71.25    46.37  -172.90   Auxiliary Plane
     Lower Hem. Trend, Plunge of A,N    316.37    18.75   224.08     6.72
     Lower Hem. Trend, Plunge of P,T    268.81    18.06     1.54     8.31
     B trend, B plunge, Angle:  115.20  70.00 110.00

 P Polarity error at  NS25
 P Polarity weights:  1.00
  Total P polarity weight is  1.000   Total number:   1
++++++++++++++++++++++++++++++++++++++++++++++++++++++++++++++++++++++++++++++++

     Dip,Strike,Rake     88.29   314.30   -19.93
     Dip,Strike,Rake     70.08    44.92  -178.18   Auxiliary Plane
     Lower Hem. Trend, Plunge of A,N    314.92    19.92   224.30     1.71
     Lower Hem. Trend, Plunge of P,T    267.84    15.19     1.34    12.70
     B trend, B plunge, Angle:  129.60  70.00  95.00

 P Polarity error at  NS25
 P Polarity weights:  1.00
  Total P polarity weight is  1.000   Total number:   1
++++++++++++++++++++++++++++++++++++++++++++++++++++++++++++++++++++++++++++++++

     Dip,Strike,Rake     86.60   319.01   -19.72
     Dip,Strike,Rake     70.32    50.23  -176.38   Auxiliary Plane
     Lower Hem. Trend, Plunge of A,N    320.23    19.68   229.01     3.40
     Lower Hem. Trend, Plunge of P,T    272.91    16.27     6.26    11.31
     B trend, B plunge, Angle:  129.60  70.00 100.00

 P Polarity error at  NS25
 P Polarity weights:  1.00
  Total P polarity weight is  1.000   Total number:   1
++++++++++++++++++++++++++++++++++++++++++++++++++++++++++++++++++++++++++++++++

     Dip,Strike,Rake     86.60   134.59    19.72
     Dip,Strike,Rake     70.32    43.37   176.38   Auxiliary Plane
     Lower Hem. Trend, Plunge of A,N    313.37    19.68    44.59     3.40
     Lower Hem. Trend, Plunge of P,T    267.34    11.31     0.69    16.27
     B trend, B plunge, Angle:  144.00  70.00  80.00

 P Polarity error at  NS25
 P Polarity weights:  1.00
  Total P polarity weight is  1.000   Total number:   1
++++++++++++++++++++++++++++++++++++++++++++++++++++++++++++++++++++++++++++++++

     Dip,Strike,Rake     88.29   139.30    19.93
     Dip,Strike,Rake     70.08    48.68   178.18   Auxiliary Plane
     Lower Hem. Trend, Plunge of A,N    318.68    19.92    49.30     1.71
     Lower Hem. Trend, Plunge of P,T    272.26    12.70     5.76    15.19
     B trend, B plunge, Angle:  144.00  70.00  85.00

 P Polarity error at  NS25
 P Polarity weights:  1.00
  Total P polarity weight is  1.000   Total number:   1
++++++++++++++++++++++++++++++++++++++++++++++++++++++++++++++++++++++++++++++++

     Dip,Strike,Rake     81.69   134.74    18.26
     Dip,Strike,Rake     71.94    42.01   171.26   Auxiliary Plane
     Lower Hem. Trend, Plunge of A,N    312.01    18.06    44.74     8.31
     Lower Hem. Trend, Plunge of P,T    267.28     6.72   359.57    18.75
     B trend, B plunge, Angle:  158.40  70.00  65.00

 P Polarity error at  NS25
 P Polarity weights:  1.00
  Total P polarity weight is  1.000   Total number:   1
++++++++++++++++++++++++++++++++++++++++++++++++++++++++++++++++++++++++++++++++

     Dip,Strike,Rake     83.28   139.52    18.88
     Dip,Strike,Rake     71.25    47.23   172.90   Auxiliary Plane
     Lower Hem. Trend, Plunge of A,N    317.23    18.75    49.52     6.72
     Lower Hem. Trend, Plunge of P,T    272.06     8.31     4.79    18.06
     B trend, B plunge, Angle:  158.40  70.00  70.00

 P Polarity error at  NS25
 P Polarity weights:  1.00
  Total P polarity weight is  1.000   Total number:   1
++++++++++++++++++++++++++++++++++++++++++++++++++++++++++++++++++++++++++++++++

     Dip,Strike,Rake     78.69   139.46    16.60
     Dip,Strike,Rake     73.73    46.11   168.21   Auxiliary Plane
     Lower Hem. Trend, Plunge of A,N    316.11    16.27    49.46    11.31
     Lower Hem. Trend, Plunge of P,T    272.21     3.40     3.43    19.68
     B trend, B plunge, Angle:  172.80  70.00  55.00

 P Polarity error at  NS25
 P Polarity weights:  1.00
  Total P polarity weight is  1.000   Total number:   1
++++++++++++++++++++++++++++++++++++++++++++++++++++++++++++++++++++++++++++++++

     Dip,Strike,Rake     74.81   138.96    13.17
     Dip,Strike,Rake     77.30    45.46   164.42   Auxiliary Plane
     Lower Hem. Trend, Plunge of A,N    315.46    12.70    48.96    15.19
     Lower Hem. Trend, Plunge of P,T     92.50     1.71     1.88    19.92
     B trend, B plunge, Angle:  187.20  70.00  40.00

 P Polarity error at  NS25
 P Polarity weights:  1.00
  Total P polarity weight is  1.000   Total number:   1
++++++++++++++++++++++++++++++++++++++++++++++++++++++++++++++++++++++++++++++++

     Dip,Strike,Rake     84.92   313.05   -14.13
     Dip,Strike,Rake     75.92    44.33  -174.76   Auxiliary Plane
     Lower Hem. Trend, Plunge of A,N    314.33    14.08   223.05     5.08
     Lower Hem. Trend, Plunge of P,T    267.91    13.57   359.44     6.28
     B trend, B plunge, Angle:  113.68  75.00 110.00

 P Polarity error at  NS25
 P Polarity weights:  1.00
  Total P polarity weight is  1.000   Total number:   1
++++++++++++++++++++++++++++++++++++++++++++++++++++++++++++++++++++++++++++++++

     Dip,Strike,Rake     90.00   132.63    15.00
     Dip,Strike,Rake     75.00    42.63   180.00   Auxiliary Plane
     Lower Hem. Trend, Plunge of A,N    312.63    15.00   222.63     0.00
     Lower Hem. Trend, Plunge of P,T    266.64    10.55   358.62    10.55
     B trend, B plunge, Angle:  132.63  75.00  90.00

 P Polarity error at  NS25
 P Polarity weights:  1.00
  Total P polarity weight is  1.000   Total number:   1
++++++++++++++++++++++++++++++++++++++++++++++++++++++++++++++++++++++++++++++++

     Dip,Strike,Rake     88.71   317.46   -14.95
     Dip,Strike,Rake     75.06    47.81  -178.66   Auxiliary Plane
     Lower Hem. Trend, Plunge of A,N    317.81    14.94   227.46     1.29
     Lower Hem. Trend, Plunge of P,T    271.65    11.44     3.61     9.58
     B trend, B plunge, Angle:  132.63  75.00  95.00

 P Polarity error at  NS25
 P Polarity weights:  1.00
  Total P polarity weight is  1.000   Total number:   1
++++++++++++++++++++++++++++++++++++++++++++++++++++++++++++++++++++++++++++++++

     Dip,Strike,Rake     86.16   137.07    14.51
     Dip,Strike,Rake     75.52    46.07   176.03   Auxiliary Plane
     Lower Hem. Trend, Plunge of A,N    316.07    14.48    47.07     3.84
     Lower Hem. Trend, Plunge of P,T    270.73     7.44     2.45    12.95
     B trend, B plunge, Angle:  151.58  75.00  75.00

 P Polarity error at  NS25
 P Polarity weights:  1.00
  Total P polarity weight is  1.000   Total number:   1
++++++++++++++++++++++++++++++++++++++++++++++++++++++++++++++++++++++++++++++++

     Dip,Strike,Rake     81.46   136.45    12.38
     Dip,Strike,Rake     77.76    44.59   171.26   Auxiliary Plane
     Lower Hem. Trend, Plunge of A,N    314.59    12.24    46.45     8.54
     Lower Hem. Trend, Plunge of P,T    270.19     2.58     0.87    14.77
     B trend, B plunge, Angle:  170.53  75.00  55.00

 P Polarity error at  NS25
 P Polarity weights:  1.00
  Total P polarity weight is  1.000   Total number:   1
++++++++++++++++++++++++++++++++++++++++++++++++++++++++++++++++++++++++++++++++

     Dip,Strike,Rake     77.76   135.41     8.74
     Dip,Strike,Rake     81.46    43.55   167.62   Auxiliary Plane
     Lower Hem. Trend, Plunge of A,N    313.55     8.54    45.41    12.24
     Lower Hem. Trend, Plunge of P,T     89.81     2.58   359.13    14.77
     B trend, B plunge, Angle:  189.47  75.00  35.00

 P Polarity error at  NS25
 P Polarity weights:  1.00
  Total P polarity weight is  1.000   Total number:   1
++++++++++++++++++++++++++++++++++++++++++++++++++++++++++++++++++++++++++++++++

     Dip,Strike,Rake     89.13   133.54     9.96
     Dip,Strike,Rake     80.04    43.38   179.12   Auxiliary Plane
     Lower Hem. Trend, Plunge of A,N    313.38     9.96    43.54     0.87
     Lower Hem. Trend, Plunge of P,T    268.03     6.41   358.89     7.64
     B trend, B plunge, Angle:  138.46  80.00  85.00

 P Polarity error at  NS25
 P Polarity weights:  1.00
  Total P polarity weight is  1.000   Total number:   1
++++++++++++++++++++++++++++++++++++++++++++++++++++++++++++++++++++++++++++++++


 There are  30 acceptable solutions
