  Fri Oct 20 15:31:01 2023 for program Focplt
 Input from file puna_200909200242_p.inp
     2
 Statn  Azimuth  TOAngl  Key  Log10 Ratio     Pol  TOAng2  Comment
BB14  195.26   97.70+
EW08  252.25  174.57+
BB13  225.73   89.14C
BB15  232.25   98.23C
NS16  248.31   84.07+
NS13  256.75   84.07+
BB11  259.90   87.47C
NS10  265.57   84.07C
EW03  274.52   93.16D
EW01  279.55   84.25D
EW10  284.00   84.08D
EW06  284.56  112.86D
EW05  287.28  104.11D
NS04  289.76   84.08D
BB05  292.09   49.88-
NS03  292.78   84.08-
NS02  296.11   84.08-
NS01  299.04   84.07-
NS19  301.04   84.07D
NS20  304.60   84.07D
BB18  306.32   98.65D
NS22  310.97   84.07D
NS23  313.93   84.07D
NS24  315.51   84.07D
GALA  315.67   84.08D
NS25  317.33   84.07D
NS26  319.39   84.07-
BB16  344.75  113.90+
BB21  353.81   84.08-
BB17  353.83   89.01-
EW22  105.69  153.43+
 Plotting P nodal planes
 
  Solutions input from file output_200909200242_uw.out
   Fri Oct 20 15:31:01 2023 for program Focmec
  Event 8703270729 4 UW errors max
  Input from a file puna_200909200242_p.inp
  200909200242
  Including emergent polarity picks
  Polarities/Errors:  P 031/00  SV 000/00  SH 000/00
  There are no amplitude ratio data
  The minimum, increment and maximum B axis trend:     0.00    5.00  355.00
  The limits for the B axis plunge:     0.00    5.00   90.00
  The limits for Angle:     0.00    5.00  175.00
 
     Dip,Strike,Rake     48.36     7.82    18.88
     Dip,Strike,Rake     76.01   265.02   136.78   Auxiliary Plane
     Lower Hem. Trend, Plunge of A,N    175.02    13.99   277.82    41.64
     Lower Hem. Trend & Plunge of B     70.59    45.00
     Lower Hem. Trend, Plunge of P,T    322.34    17.39   217.18    39.85
     MRR = 0.32  MTT =-0.20  MPP =-0.12  MRT =-0.62  MRP = 0.12  MTP =-0.72
