  Mon Oct 23 17:41:34 2023 for program Focmec
 Event 8703270729 4 UW errors max
 Input from a file puna_200804162045_p.inp
 200804162045

 Statn  Azimuth    TOA   Key  Log10 Ratio  NumPol  DenTOA  Comment
  BB15   202.2    115.2   D                                IP
  BB13   208.8     99.5   D                                IP
  NS18   235.8     81.4   -                                IP
 Including emergent polarity picks
  BB12   240.6     94.9   D                                IP
  BB24   244.9     81.3   -                                IP
  NS16   247.7     81.4   -                                IP
  NS13   258.9     81.4   -                                IP
  BB11   266.7    100.0   D                                IP
  BB02   268.5     81.3   D                                IP
  NS10   270.9     81.4   D                                IP
  NS09   277.4     81.4   D                                IP
  NS08   283.0     81.4   D                                IP
  EW14   282.9     81.3   -                                IP
  EW12   285.8     81.4   -                                IP
  EW13   286.0     81.4   -                                IP
  NS07   289.2     81.4   D                                IP
  NS06   293.3     90.5   D                                IP
  EW03   295.8    103.3   D                                IP
  EW01   296.3     97.1   D                                IP
  EW10   298.1     92.9   D                                IP
  NS05   298.5     90.0   D                                IP
  BB10   298.2     81.4   -                                IP
  EW02   301.9    100.0   D                                IP
  NS04   303.9     90.0   D                                IP
  BB08   305.1     81.3   D                                IP
  NS03   306.7     81.4   D                                IP
  NS02   309.9     81.4   D                                IP
  NS01   312.7     81.4   D                                IP
  BB19   316.6     92.4   D                                IP
  BB18   349.3    102.0   U                                IP
  EW05   352.1    114.2   U                                IP
  BB17    15.3     81.4   -                                IP
  EW06    25.2    117.9   U                                IP
  BB16    37.4    101.4   D                                IP
  EW07    44.9    117.4   U                                IP
  EW08    70.9    106.0   D                                IP
  EW22    75.8    103.1   D                                IP
  EW24    87.3     97.1   -                                IP
 Polarities/Errors:  P 038/00  SV 000/00  SH 000/00
 There are no amplitude ratio data
 The minimum, increment and maximum B axis trend:     0.00    5.00  355.00
 The limits for the B axis plunge:     0.00    5.00   90.00
 The limits for Angle:     0.00    5.00  175.00
 ++++++++++++++++++++++++++++++++++++++++++++++++++++++++++++++++++++++++++++

     Dip,Strike,Rake     25.00   155.00    90.00
     Dip,Strike,Rake     65.00   335.00    90.00   Auxiliary Plane
     Lower Hem. Trend, Plunge of A,N    245.00    25.00    65.00    65.00
     Lower Hem. Trend, Plunge of P,T     65.00    20.00   245.00    70.00
     B trend, B plunge, Angle:  155.00   0.00  25.00
++++++++++++++++++++++++++++++++++++++++++++++++++++++++++++++++++++++++++++++++

     Dip,Strike,Rake     20.00   160.00    90.00
     Dip,Strike,Rake     70.00   340.00    90.00   Auxiliary Plane
     Lower Hem. Trend, Plunge of A,N    250.00    20.00    70.00    70.00
     Lower Hem. Trend, Plunge of P,T     70.00    25.00   250.00    65.00
     B trend, B plunge, Angle:  160.00   0.00  20.00
++++++++++++++++++++++++++++++++++++++++++++++++++++++++++++++++++++++++++++++++

     Dip,Strike,Rake     25.00   160.00    90.00
     Dip,Strike,Rake     65.00   340.00    90.00   Auxiliary Plane
     Lower Hem. Trend, Plunge of A,N    250.00    25.00    70.00    65.00
     Lower Hem. Trend, Plunge of P,T     70.00    20.00   250.00    70.00
     B trend, B plunge, Angle:  160.00   0.00  25.00
++++++++++++++++++++++++++++++++++++++++++++++++++++++++++++++++++++++++++++++++

     Dip,Strike,Rake     20.00   165.00    90.00
     Dip,Strike,Rake     70.00   345.00    90.00   Auxiliary Plane
     Lower Hem. Trend, Plunge of A,N    255.00    20.00    75.00    70.00
     Lower Hem. Trend, Plunge of P,T     75.00    25.00   255.00    65.00
     B trend, B plunge, Angle:  165.00   0.00  20.00
++++++++++++++++++++++++++++++++++++++++++++++++++++++++++++++++++++++++++++++++

     Dip,Strike,Rake     25.00   165.00    90.00
     Dip,Strike,Rake     65.00   345.00    90.00   Auxiliary Plane
     Lower Hem. Trend, Plunge of A,N    255.00    25.00    75.00    65.00
     Lower Hem. Trend, Plunge of P,T     75.00    20.00   255.00    70.00
     B trend, B plunge, Angle:  165.00   0.00  25.00
++++++++++++++++++++++++++++++++++++++++++++++++++++++++++++++++++++++++++++++++

     Dip,Strike,Rake     30.00   165.00    90.00
     Dip,Strike,Rake     60.00   345.00    90.00   Auxiliary Plane
     Lower Hem. Trend, Plunge of A,N    255.00    30.00    75.00    60.00
     Lower Hem. Trend, Plunge of P,T     75.00    15.00   255.00    75.00
     B trend, B plunge, Angle:  165.00   0.00  30.00
++++++++++++++++++++++++++++++++++++++++++++++++++++++++++++++++++++++++++++++++

     Dip,Strike,Rake     20.00   170.00    90.00
     Dip,Strike,Rake     70.00   350.00    90.00   Auxiliary Plane
     Lower Hem. Trend, Plunge of A,N    260.00    20.00    80.00    70.00
     Lower Hem. Trend, Plunge of P,T     80.00    25.00   260.00    65.00
     B trend, B plunge, Angle:  170.00   0.00  20.00
++++++++++++++++++++++++++++++++++++++++++++++++++++++++++++++++++++++++++++++++

     Dip,Strike,Rake     25.00   170.00    90.00
     Dip,Strike,Rake     65.00   350.00    90.00   Auxiliary Plane
     Lower Hem. Trend, Plunge of A,N    260.00    25.00    80.00    65.00
     Lower Hem. Trend, Plunge of P,T     80.00    20.00   260.00    70.00
     B trend, B plunge, Angle:  170.00   0.00  25.00
++++++++++++++++++++++++++++++++++++++++++++++++++++++++++++++++++++++++++++++++

     Dip,Strike,Rake     30.00   170.00    90.00
     Dip,Strike,Rake     60.00   350.00    90.00   Auxiliary Plane
     Lower Hem. Trend, Plunge of A,N    260.00    30.00    80.00    60.00
     Lower Hem. Trend, Plunge of P,T     80.00    15.00   260.00    75.00
     B trend, B plunge, Angle:  170.00   0.00  30.00
++++++++++++++++++++++++++++++++++++++++++++++++++++++++++++++++++++++++++++++++

     Dip,Strike,Rake     30.00   175.00    90.00
     Dip,Strike,Rake     60.00   355.00    90.00   Auxiliary Plane
     Lower Hem. Trend, Plunge of A,N    265.00    30.00    85.00    60.00
     Lower Hem. Trend, Plunge of P,T     85.00    15.00   265.00    75.00
     B trend, B plunge, Angle:  175.00   0.00  30.00
++++++++++++++++++++++++++++++++++++++++++++++++++++++++++++++++++++++++++++++++

     Dip,Strike,Rake     55.15   356.51    83.90
     Dip,Strike,Rake     35.31   187.10    98.67   Auxiliary Plane
     Lower Hem. Trend, Plunge of A,N     97.10    54.69   266.51    34.85
     Lower Hem. Trend, Plunge of P,T     90.88     9.96   243.70    78.83
     B trend, B plunge, Angle:    0.00   5.00  55.00
++++++++++++++++++++++++++++++++++++++++++++++++++++++++++++++++++++++++++++++++

     Dip,Strike,Rake     25.46   154.41    78.30
     Dip,Strike,Rake     65.10   347.33    95.51   Auxiliary Plane
     Lower Hem. Trend, Plunge of A,N    257.33    24.90    64.41    64.54
     Lower Hem. Trend, Plunge of P,T     73.18    19.92   268.47    69.41
     B trend, B plunge, Angle:  165.00   5.00  25.00
++++++++++++++++++++++++++++++++++++++++++++++++++++++++++++++++++++++++++++++++

     Dip,Strike,Rake     25.46   159.41    78.30
     Dip,Strike,Rake     65.10   352.33    95.51   Auxiliary Plane
     Lower Hem. Trend, Plunge of A,N    262.33    24.90    69.41    64.54
     Lower Hem. Trend, Plunge of P,T     78.18    19.92   273.47    69.41
     B trend, B plunge, Angle:  170.00   5.00  25.00
++++++++++++++++++++++++++++++++++++++++++++++++++++++++++++++++++++++++++++++++

     Dip,Strike,Rake     65.10   322.67    84.49
     Dip,Strike,Rake     25.46   155.59   101.70   Auxiliary Plane
     Lower Hem. Trend, Plunge of A,N     65.59    64.54   232.67    24.90
     Lower Hem. Trend, Plunge of P,T     56.82    19.92   221.53    69.41
     B trend, B plunge, Angle:  325.00   5.00  65.00
++++++++++++++++++++++++++++++++++++++++++++++++++++++++++++++++++++++++++++++++

     Dip,Strike,Rake     70.08   323.18    84.68
     Dip,Strike,Rake     20.59   158.47   104.35   Auxiliary Plane
     Lower Hem. Trend, Plunge of A,N     68.47    69.41   233.18    19.92
     Lower Hem. Trend, Plunge of P,T     57.33    24.90   224.41    64.54
     B trend, B plunge, Angle:  325.00   5.00  70.00
++++++++++++++++++++++++++++++++++++++++++++++++++++++++++++++++++++++++++++++++

     Dip,Strike,Rake     65.10   327.67    84.49
     Dip,Strike,Rake     25.46   160.59   101.70   Auxiliary Plane
     Lower Hem. Trend, Plunge of A,N     70.59    64.54   237.67    24.90
     Lower Hem. Trend, Plunge of P,T     61.82    19.92   226.53    69.41
     B trend, B plunge, Angle:  330.00   5.00  65.00
++++++++++++++++++++++++++++++++++++++++++++++++++++++++++++++++++++++++++++++++

     Dip,Strike,Rake     70.08   328.18    84.68
     Dip,Strike,Rake     20.59   163.47   104.35   Auxiliary Plane
     Lower Hem. Trend, Plunge of A,N     73.47    69.41   238.18    19.92
     Lower Hem. Trend, Plunge of P,T     62.33    24.90   229.41    64.54
     B trend, B plunge, Angle:  330.00   5.00  70.00
++++++++++++++++++++++++++++++++++++++++++++++++++++++++++++++++++++++++++++++++

     Dip,Strike,Rake     60.13   332.12    84.23
     Dip,Strike,Rake     30.38   163.58    99.92   Auxiliary Plane
     Lower Hem. Trend, Plunge of A,N     73.58    59.62   242.12    29.87
     Lower Hem. Trend, Plunge of P,T     66.34    14.94   226.98    74.21
     B trend, B plunge, Angle:  335.00   5.00  60.00
++++++++++++++++++++++++++++++++++++++++++++++++++++++++++++++++++++++++++++++++

     Dip,Strike,Rake     65.10   332.67    84.49
     Dip,Strike,Rake     25.46   165.59   101.70   Auxiliary Plane
     Lower Hem. Trend, Plunge of A,N     75.59    64.54   242.67    24.90
     Lower Hem. Trend, Plunge of P,T     66.82    19.92   231.53    69.41
     B trend, B plunge, Angle:  335.00   5.00  65.00
++++++++++++++++++++++++++++++++++++++++++++++++++++++++++++++++++++++++++++++++

     Dip,Strike,Rake     70.08   333.18    84.68
     Dip,Strike,Rake     20.59   168.47   104.35   Auxiliary Plane
     Lower Hem. Trend, Plunge of A,N     78.47    69.41   243.18    19.92
     Lower Hem. Trend, Plunge of P,T     67.33    24.90   234.41    64.54
     B trend, B plunge, Angle:  335.00   5.00  70.00
++++++++++++++++++++++++++++++++++++++++++++++++++++++++++++++++++++++++++++++++

     Dip,Strike,Rake     60.13   337.12    84.23
     Dip,Strike,Rake     30.38   168.58    99.92   Auxiliary Plane
     Lower Hem. Trend, Plunge of A,N     78.58    59.62   247.12    29.87
     Lower Hem. Trend, Plunge of P,T     71.34    14.94   231.98    74.21
     B trend, B plunge, Angle:  340.00   5.00  60.00
++++++++++++++++++++++++++++++++++++++++++++++++++++++++++++++++++++++++++++++++

     Dip,Strike,Rake     65.10   337.67    84.49
     Dip,Strike,Rake     25.46   170.59   101.70   Auxiliary Plane
     Lower Hem. Trend, Plunge of A,N     80.59    64.54   247.67    24.90
     Lower Hem. Trend, Plunge of P,T     71.82    19.92   236.53    69.41
     B trend, B plunge, Angle:  340.00   5.00  65.00
++++++++++++++++++++++++++++++++++++++++++++++++++++++++++++++++++++++++++++++++

     Dip,Strike,Rake     70.08   338.18    84.68
     Dip,Strike,Rake     20.59   173.47   104.35   Auxiliary Plane
     Lower Hem. Trend, Plunge of A,N     83.47    69.41   248.18    19.92
     Lower Hem. Trend, Plunge of P,T     72.33    24.90   239.41    64.54
     B trend, B plunge, Angle:  340.00   5.00  70.00
++++++++++++++++++++++++++++++++++++++++++++++++++++++++++++++++++++++++++++++++

     Dip,Strike,Rake     60.13   342.12    84.23
     Dip,Strike,Rake     30.38   173.58    99.92   Auxiliary Plane
     Lower Hem. Trend, Plunge of A,N     83.58    59.62   252.12    29.87
     Lower Hem. Trend, Plunge of P,T     76.34    14.94   236.98    74.21
     B trend, B plunge, Angle:  345.00   5.00  60.00
++++++++++++++++++++++++++++++++++++++++++++++++++++++++++++++++++++++++++++++++

     Dip,Strike,Rake     65.10   342.67    84.49
     Dip,Strike,Rake     25.46   175.59   101.70   Auxiliary Plane
     Lower Hem. Trend, Plunge of A,N     85.59    64.54   252.67    24.90
     Lower Hem. Trend, Plunge of P,T     76.82    19.92   241.53    69.41
     B trend, B plunge, Angle:  345.00   5.00  65.00
++++++++++++++++++++++++++++++++++++++++++++++++++++++++++++++++++++++++++++++++

     Dip,Strike,Rake     70.08   343.18    84.68
     Dip,Strike,Rake     20.59   178.47   104.35   Auxiliary Plane
     Lower Hem. Trend, Plunge of A,N     88.47    69.41   253.18    19.92
     Lower Hem. Trend, Plunge of P,T     77.33    24.90   244.41    64.54
     B trend, B plunge, Angle:  345.00   5.00  70.00
++++++++++++++++++++++++++++++++++++++++++++++++++++++++++++++++++++++++++++++++

     Dip,Strike,Rake     60.13   347.12    84.23
     Dip,Strike,Rake     30.38   178.58    99.92   Auxiliary Plane
     Lower Hem. Trend, Plunge of A,N     88.58    59.62   257.12    29.87
     Lower Hem. Trend, Plunge of P,T     81.34    14.94   241.98    74.21
     B trend, B plunge, Angle:  350.00   5.00  60.00
++++++++++++++++++++++++++++++++++++++++++++++++++++++++++++++++++++++++++++++++

     Dip,Strike,Rake     65.10   347.67    84.49
     Dip,Strike,Rake     25.46   180.59   101.70   Auxiliary Plane
     Lower Hem. Trend, Plunge of A,N     90.59    64.54   257.67    24.90
     Lower Hem. Trend, Plunge of P,T     81.82    19.92   246.53    69.41
     B trend, B plunge, Angle:  350.00   5.00  65.00
++++++++++++++++++++++++++++++++++++++++++++++++++++++++++++++++++++++++++++++++

     Dip,Strike,Rake     70.08   348.18    84.68
     Dip,Strike,Rake     20.59   183.47   104.35   Auxiliary Plane
     Lower Hem. Trend, Plunge of A,N     93.47    69.41   258.18    19.92
     Lower Hem. Trend, Plunge of P,T     82.33    24.90   249.41    64.54
     B trend, B plunge, Angle:  350.00   5.00  70.00
++++++++++++++++++++++++++++++++++++++++++++++++++++++++++++++++++++++++++++++++

     Dip,Strike,Rake     55.15   351.51    83.90
     Dip,Strike,Rake     35.31   182.10    98.67   Auxiliary Plane
     Lower Hem. Trend, Plunge of A,N     92.10    54.69   261.51    34.85
     Lower Hem. Trend, Plunge of P,T     85.88     9.96   238.70    78.83
     B trend, B plunge, Angle:  355.00   5.00  55.00
++++++++++++++++++++++++++++++++++++++++++++++++++++++++++++++++++++++++++++++++

     Dip,Strike,Rake     60.13   352.12    84.23
     Dip,Strike,Rake     30.38   183.58    99.92   Auxiliary Plane
     Lower Hem. Trend, Plunge of A,N     93.58    59.62   262.12    29.87
     Lower Hem. Trend, Plunge of P,T     86.34    14.94   246.98    74.21
     B trend, B plunge, Angle:  355.00   5.00  60.00
++++++++++++++++++++++++++++++++++++++++++++++++++++++++++++++++++++++++++++++++

     Dip,Strike,Rake     65.10   352.67    84.49
     Dip,Strike,Rake     25.46   185.59   101.70   Auxiliary Plane
     Lower Hem. Trend, Plunge of A,N     95.59    64.54   262.67    24.90
     Lower Hem. Trend, Plunge of P,T     86.82    19.92   251.53    69.41
     B trend, B plunge, Angle:  355.00   5.00  65.00
++++++++++++++++++++++++++++++++++++++++++++++++++++++++++++++++++++++++++++++++

     Dip,Strike,Rake     50.73   351.71    77.04
     Dip,Strike,Rake     41.03   191.69   105.34   Auxiliary Plane
     Lower Hem. Trend, Plunge of A,N    101.69    48.97   261.71    39.27
     Lower Hem. Trend, Plunge of P,T     90.87     4.92   206.74    78.83
     B trend, B plunge, Angle:    0.00  10.00  50.00
++++++++++++++++++++++++++++++++++++++++++++++++++++++++++++++++++++++++++++++++

     Dip,Strike,Rake     55.61   353.07    77.85
     Dip,Strike,Rake     36.22   193.93   107.09   Auxiliary Plane
     Lower Hem. Trend, Plunge of A,N    103.93    53.78   263.07    34.39
     Lower Hem. Trend, Plunge of P,T     91.75     9.85   225.44    75.89
     B trend, B plunge, Angle:    0.00  10.00  55.00
++++++++++++++++++++++++++++++++++++++++++++++++++++++++++++++++++++++++++++++++

     Dip,Strike,Rake     60.50   354.27    78.49
     Dip,Strike,Rake     31.47   196.74   109.43   Auxiliary Plane
     Lower Hem. Trend, Plunge of A,N    106.74    58.53   264.27    29.50
     Lower Hem. Trend, Plunge of P,T     92.66    14.77   237.05    72.04
     B trend, B plunge, Angle:    0.00  10.00  60.00
++++++++++++++++++++++++++++++++++++++++++++++++++++++++++++++++++++++++++++++++

     Dip,Strike,Rake     50.73   356.78    77.04
     Dip,Strike,Rake     41.03   196.76   105.34   Auxiliary Plane
     Lower Hem. Trend, Plunge of A,N    106.76    48.97   266.78    39.27
     Lower Hem. Trend, Plunge of P,T     95.94     4.92   211.81    78.83
     B trend, B plunge, Angle:    5.07  10.00  50.00
++++++++++++++++++++++++++++++++++++++++++++++++++++++++++++++++++++++++++++++++

     Dip,Strike,Rake     65.41   319.88    78.99
     Dip,Strike,Rake     26.81   164.93   112.65   Auxiliary Plane
     Lower Hem. Trend, Plunge of A,N     74.93    63.19   229.88    24.59
     Lower Hem. Trend, Plunge of P,T     58.12    19.68   209.00    67.73
     B trend, B plunge, Angle:  324.51  10.00  65.00
++++++++++++++++++++++++++++++++++++++++++++++++++++++++++++++++++++++++++++++++

     Dip,Strike,Rake     70.32   320.89    79.37
     Dip,Strike,Rake     22.27   170.01   117.27   Auxiliary Plane
     Lower Hem. Trend, Plunge of A,N     80.01    67.73   230.89    19.68
     Lower Hem. Trend, Plunge of P,T     59.14    24.59   214.08    63.19
     B trend, B plunge, Angle:  324.51  10.00  70.00
++++++++++++++++++++++++++++++++++++++++++++++++++++++++++++++++++++++++++++++++

     Dip,Strike,Rake     75.23   321.84    79.65
     Dip,Strike,Rake     17.96   177.45   124.27   Auxiliary Plane
     Lower Hem. Trend, Plunge of A,N     87.45    72.04   231.84    14.77
     Lower Hem. Trend, Plunge of P,T     60.23    29.50   217.77    58.53
     B trend, B plunge, Angle:  324.51  10.00  75.00
++++++++++++++++++++++++++++++++++++++++++++++++++++++++++++++++++++++++++++++++

     Dip,Strike,Rake     65.41   324.95    78.99
     Dip,Strike,Rake     26.81   170.00   112.65   Auxiliary Plane
     Lower Hem. Trend, Plunge of A,N     80.00    63.19   234.95    24.59
     Lower Hem. Trend, Plunge of P,T     63.19    19.68   214.07    67.73
     B trend, B plunge, Angle:  329.58  10.00  65.00
++++++++++++++++++++++++++++++++++++++++++++++++++++++++++++++++++++++++++++++++

     Dip,Strike,Rake     70.32   325.96    79.37
     Dip,Strike,Rake     22.27   175.08   117.27   Auxiliary Plane
     Lower Hem. Trend, Plunge of A,N     85.08    67.73   235.96    19.68
     Lower Hem. Trend, Plunge of P,T     64.21    24.59   219.15    63.19
     B trend, B plunge, Angle:  329.58  10.00  70.00
++++++++++++++++++++++++++++++++++++++++++++++++++++++++++++++++++++++++++++++++

     Dip,Strike,Rake     60.50   328.92    78.49
     Dip,Strike,Rake     31.47   171.39   109.43   Auxiliary Plane
     Lower Hem. Trend, Plunge of A,N     81.39    58.53   238.92    29.50
     Lower Hem. Trend, Plunge of P,T     67.31    14.77   211.70    72.04
     B trend, B plunge, Angle:  334.65  10.00  60.00
++++++++++++++++++++++++++++++++++++++++++++++++++++++++++++++++++++++++++++++++

     Dip,Strike,Rake     65.41   330.02    78.99
     Dip,Strike,Rake     26.81   175.07   112.65   Auxiliary Plane
     Lower Hem. Trend, Plunge of A,N     85.07    63.19   240.02    24.59
     Lower Hem. Trend, Plunge of P,T     68.26    19.68   219.14    67.73
     B trend, B plunge, Angle:  334.65  10.00  65.00
++++++++++++++++++++++++++++++++++++++++++++++++++++++++++++++++++++++++++++++++

     Dip,Strike,Rake     70.32   331.03    79.37
     Dip,Strike,Rake     22.27   180.15   117.27   Auxiliary Plane
     Lower Hem. Trend, Plunge of A,N     90.15    67.73   241.03    19.68
     Lower Hem. Trend, Plunge of P,T     69.28    24.59   224.22    63.19
     B trend, B plunge, Angle:  334.65  10.00  70.00
++++++++++++++++++++++++++++++++++++++++++++++++++++++++++++++++++++++++++++++++

     Dip,Strike,Rake     60.50   333.99    78.49
     Dip,Strike,Rake     31.47   176.46   109.43   Auxiliary Plane
     Lower Hem. Trend, Plunge of A,N     86.46    58.53   243.99    29.50
     Lower Hem. Trend, Plunge of P,T     72.38    14.77   216.77    72.04
     B trend, B plunge, Angle:  339.72  10.00  60.00
++++++++++++++++++++++++++++++++++++++++++++++++++++++++++++++++++++++++++++++++

     Dip,Strike,Rake     65.41   335.09    78.99
     Dip,Strike,Rake     26.81   180.14   112.65   Auxiliary Plane
     Lower Hem. Trend, Plunge of A,N     90.14    63.19   245.09    24.59
     Lower Hem. Trend, Plunge of P,T     73.33    19.68   224.21    67.73
     B trend, B plunge, Angle:  339.72  10.00  65.00
++++++++++++++++++++++++++++++++++++++++++++++++++++++++++++++++++++++++++++++++

     Dip,Strike,Rake     70.32   336.10    79.37
     Dip,Strike,Rake     22.27   185.22   117.27   Auxiliary Plane
     Lower Hem. Trend, Plunge of A,N     95.22    67.73   246.10    19.68
     Lower Hem. Trend, Plunge of P,T     74.35    24.59   229.29    63.19
     B trend, B plunge, Angle:  339.72  10.00  70.00
++++++++++++++++++++++++++++++++++++++++++++++++++++++++++++++++++++++++++++++++

     Dip,Strike,Rake     60.50   339.06    78.49
     Dip,Strike,Rake     31.47   181.53   109.43   Auxiliary Plane
     Lower Hem. Trend, Plunge of A,N     91.53    58.53   249.06    29.50
     Lower Hem. Trend, Plunge of P,T     77.45    14.77   221.84    72.04
     B trend, B plunge, Angle:  344.79  10.00  60.00
++++++++++++++++++++++++++++++++++++++++++++++++++++++++++++++++++++++++++++++++

     Dip,Strike,Rake     65.41   340.16    78.99
     Dip,Strike,Rake     26.81   185.21   112.65   Auxiliary Plane
     Lower Hem. Trend, Plunge of A,N     95.21    63.19   250.16    24.59
     Lower Hem. Trend, Plunge of P,T     78.41    19.68   229.28    67.73
     B trend, B plunge, Angle:  344.79  10.00  65.00
++++++++++++++++++++++++++++++++++++++++++++++++++++++++++++++++++++++++++++++++

     Dip,Strike,Rake     55.61   342.93    77.85
     Dip,Strike,Rake     36.22   183.79   107.09   Auxiliary Plane
     Lower Hem. Trend, Plunge of A,N     93.79    53.78   252.93    34.39
     Lower Hem. Trend, Plunge of P,T     81.61     9.85   215.30    75.89
     B trend, B plunge, Angle:  349.86  10.00  55.00
++++++++++++++++++++++++++++++++++++++++++++++++++++++++++++++++++++++++++++++++

     Dip,Strike,Rake     60.50   344.13    78.49
     Dip,Strike,Rake     31.47   186.60   109.43   Auxiliary Plane
     Lower Hem. Trend, Plunge of A,N     96.60    58.53   254.13    29.50
     Lower Hem. Trend, Plunge of P,T     82.52    14.77   226.91    72.04
     B trend, B plunge, Angle:  349.86  10.00  60.00
++++++++++++++++++++++++++++++++++++++++++++++++++++++++++++++++++++++++++++++++

     Dip,Strike,Rake     65.41   345.23    78.99
     Dip,Strike,Rake     26.81   190.28   112.65   Auxiliary Plane
     Lower Hem. Trend, Plunge of A,N    100.28    63.19   255.23    24.59
     Lower Hem. Trend, Plunge of P,T     83.48    19.68   234.35    67.73
     B trend, B plunge, Angle:  349.86  10.00  65.00
++++++++++++++++++++++++++++++++++++++++++++++++++++++++++++++++++++++++++++++++

     Dip,Strike,Rake     55.61   348.00    77.85
     Dip,Strike,Rake     36.22   188.86   107.09   Auxiliary Plane
     Lower Hem. Trend, Plunge of A,N     98.86    53.78   258.00    34.39
     Lower Hem. Trend, Plunge of P,T     86.68     9.85   220.37    75.89
     B trend, B plunge, Angle:  354.93  10.00  55.00
++++++++++++++++++++++++++++++++++++++++++++++++++++++++++++++++++++++++++++++++

     Dip,Strike,Rake     60.50   349.20    78.49
     Dip,Strike,Rake     31.47   191.67   109.43   Auxiliary Plane
     Lower Hem. Trend, Plunge of A,N    101.67    58.53   259.20    29.50
     Lower Hem. Trend, Plunge of P,T     87.59    14.77   231.98    72.04
     B trend, B plunge, Angle:  354.93  10.00  60.00
++++++++++++++++++++++++++++++++++++++++++++++++++++++++++++++++++++++++++++++++

     Dip,Strike,Rake     51.62   347.75    70.72
     Dip,Strike,Rake     42.27   197.14   112.63   Auxiliary Plane
     Lower Hem. Trend, Plunge of A,N    107.14    47.73   257.75    38.38
     Lower Hem. Trend, Plunge of P,T     91.30     4.83   198.68    74.21
     B trend, B plunge, Angle:    0.00  15.00  50.00
++++++++++++++++++++++++++++++++++++++++++++++++++++++++++++++++++++++++++++++++

     Dip,Strike,Rake     56.36   349.73    71.89
     Dip,Strike,Rake     37.70   200.29   115.04   Auxiliary Plane
     Lower Hem. Trend, Plunge of A,N    110.29    52.30   259.73    33.64
     Lower Hem. Trend, Plunge of P,T     92.61     9.66   214.27    72.04
     B trend, B plunge, Angle:    0.00  15.00  55.00
++++++++++++++++++++++++++++++++++++++++++++++++++++++++++++++++++++++++++++++++

     Dip,Strike,Rake     46.92   350.63    69.25
     Dip,Strike,Rake     46.92   199.65   110.75   Auxiliary Plane
     Lower Hem. Trend, Plunge of A,N    109.65    43.08   260.63    43.08
     Lower Hem. Trend, Plunge of P,T    275.14     0.00   185.14    75.00
     B trend, B plunge, Angle:    5.14  15.00  45.00
++++++++++++++++++++++++++++++++++++++++++++++++++++++++++++++++++++++++++++++++

     Dip,Strike,Rake     51.62   352.89    70.72
     Dip,Strike,Rake     42.27   202.29   112.63   Auxiliary Plane
     Lower Hem. Trend, Plunge of A,N    112.29    47.73   262.89    38.38
     Lower Hem. Trend, Plunge of P,T     96.44     4.83   203.82    74.21
     B trend, B plunge, Angle:    5.14  15.00  50.00
++++++++++++++++++++++++++++++++++++++++++++++++++++++++++++++++++++++++++++++++

     Dip,Strike,Rake     70.71   318.62    74.08
     Dip,Strike,Rake     24.81   179.42   128.08   Auxiliary Plane
     Lower Hem. Trend, Plunge of A,N     89.42    65.19   228.62    19.29
     Lower Hem. Trend, Plunge of P,T     60.88    24.09   204.97    61.10
     B trend, B plunge, Angle:  324.00  15.00  70.00
++++++++++++++++++++++++++++++++++++++++++++++++++++++++++++++++++++++++++++++++

     Dip,Strike,Rake     61.12   320.64    72.81
     Dip,Strike,Rake     33.23   173.29   118.19   Auxiliary Plane
     Lower Hem. Trend, Plunge of A,N     83.29    56.77   230.64    28.88
     Lower Hem. Trend, Plunge of P,T     63.11    14.48   195.14    68.91
     B trend, B plunge, Angle:  329.14  15.00  60.00
++++++++++++++++++++++++++++++++++++++++++++++++++++++++++++++++++++++++++++++++

     Dip,Strike,Rake     65.91   322.26    73.53
     Dip,Strike,Rake     28.90   178.17   122.38   Auxiliary Plane
     Lower Hem. Trend, Plunge of A,N     88.17    61.10   232.26    24.09
     Lower Hem. Trend, Plunge of P,T     64.52    19.29   203.73    65.19
     B trend, B plunge, Angle:  329.14  15.00  65.00
++++++++++++++++++++++++++++++++++++++++++++++++++++++++++++++++++++++++++++++++

     Dip,Strike,Rake     70.71   323.76    74.08
     Dip,Strike,Rake     24.81   184.56   128.08   Auxiliary Plane
     Lower Hem. Trend, Plunge of A,N     94.56    65.19   233.76    19.29
     Lower Hem. Trend, Plunge of P,T     66.02    24.09   210.11    61.10
     B trend, B plunge, Angle:  329.14  15.00  70.00
++++++++++++++++++++++++++++++++++++++++++++++++++++++++++++++++++++++++++++++++

     Dip,Strike,Rake     61.12   325.79    72.81
     Dip,Strike,Rake     33.23   178.43   118.19   Auxiliary Plane
     Lower Hem. Trend, Plunge of A,N     88.43    56.77   235.79    28.88
     Lower Hem. Trend, Plunge of P,T     68.25    14.48   200.28    68.91
     B trend, B plunge, Angle:  334.29  15.00  60.00
++++++++++++++++++++++++++++++++++++++++++++++++++++++++++++++++++++++++++++++++

     Dip,Strike,Rake     65.91   327.40    73.53
     Dip,Strike,Rake     28.90   183.32   122.38   Auxiliary Plane
     Lower Hem. Trend, Plunge of A,N     93.32    61.10   237.40    24.09
     Lower Hem. Trend, Plunge of P,T     69.67    19.29   208.87    65.19
     B trend, B plunge, Angle:  334.29  15.00  65.00
++++++++++++++++++++++++++++++++++++++++++++++++++++++++++++++++++++++++++++++++

     Dip,Strike,Rake     70.71   328.90    74.08
     Dip,Strike,Rake     24.81   189.70   128.08   Auxiliary Plane
     Lower Hem. Trend, Plunge of A,N     99.70    65.19   238.90    19.29
     Lower Hem. Trend, Plunge of P,T     71.17    24.09   215.25    61.10
     B trend, B plunge, Angle:  334.29  15.00  70.00
++++++++++++++++++++++++++++++++++++++++++++++++++++++++++++++++++++++++++++++++

     Dip,Strike,Rake     61.12   330.93    72.81
     Dip,Strike,Rake     33.23   183.57   118.19   Auxiliary Plane
     Lower Hem. Trend, Plunge of A,N     93.57    56.77   240.93    28.88
     Lower Hem. Trend, Plunge of P,T     73.40    14.48   205.42    68.91
     B trend, B plunge, Angle:  339.43  15.00  60.00
++++++++++++++++++++++++++++++++++++++++++++++++++++++++++++++++++++++++++++++++

     Dip,Strike,Rake     65.91   332.55    73.53
     Dip,Strike,Rake     28.90   188.46   122.38   Auxiliary Plane
     Lower Hem. Trend, Plunge of A,N     98.46    61.10   242.55    24.09
     Lower Hem. Trend, Plunge of P,T     74.81    19.29   214.01    65.19
     B trend, B plunge, Angle:  339.43  15.00  65.00
++++++++++++++++++++++++++++++++++++++++++++++++++++++++++++++++++++++++++++++++

     Dip,Strike,Rake     56.36   334.30    71.89
     Dip,Strike,Rake     37.70   184.86   115.04   Auxiliary Plane
     Lower Hem. Trend, Plunge of A,N     94.86    52.30   244.30    33.64
     Lower Hem. Trend, Plunge of P,T     77.18     9.66   198.84    72.04
     B trend, B plunge, Angle:  344.57  15.00  55.00
++++++++++++++++++++++++++++++++++++++++++++++++++++++++++++++++++++++++++++++++

     Dip,Strike,Rake     61.12   336.07    72.81
     Dip,Strike,Rake     33.23   188.72   118.19   Auxiliary Plane
     Lower Hem. Trend, Plunge of A,N     98.72    56.77   246.07    28.88
     Lower Hem. Trend, Plunge of P,T     78.54    14.48   210.56    68.91
     B trend, B plunge, Angle:  344.57  15.00  60.00
++++++++++++++++++++++++++++++++++++++++++++++++++++++++++++++++++++++++++++++++

     Dip,Strike,Rake     65.91   337.69    73.53
     Dip,Strike,Rake     28.90   193.60   122.38   Auxiliary Plane
     Lower Hem. Trend, Plunge of A,N    103.60    61.10   247.69    24.09
     Lower Hem. Trend, Plunge of P,T     79.95    19.29   219.15    65.19
     B trend, B plunge, Angle:  344.57  15.00  65.00
++++++++++++++++++++++++++++++++++++++++++++++++++++++++++++++++++++++++++++++++

     Dip,Strike,Rake     56.36   339.44    71.89
     Dip,Strike,Rake     37.70   190.00   115.04   Auxiliary Plane
     Lower Hem. Trend, Plunge of A,N    100.00    52.30   249.44    33.64
     Lower Hem. Trend, Plunge of P,T     82.33     9.66   203.98    72.04
     B trend, B plunge, Angle:  349.71  15.00  55.00
++++++++++++++++++++++++++++++++++++++++++++++++++++++++++++++++++++++++++++++++

     Dip,Strike,Rake     61.12   341.22    72.81
     Dip,Strike,Rake     33.23   193.86   118.19   Auxiliary Plane
     Lower Hem. Trend, Plunge of A,N    103.86    56.77   251.22    28.88
     Lower Hem. Trend, Plunge of P,T     83.68    14.48   215.71    68.91
     B trend, B plunge, Angle:  349.71  15.00  60.00
++++++++++++++++++++++++++++++++++++++++++++++++++++++++++++++++++++++++++++++++

     Dip,Strike,Rake     51.62   342.60    70.72
     Dip,Strike,Rake     42.27   192.00   112.63   Auxiliary Plane
     Lower Hem. Trend, Plunge of A,N    102.00    47.73   252.60    38.38
     Lower Hem. Trend, Plunge of P,T     86.15     4.83   193.53    74.21
     B trend, B plunge, Angle:  354.86  15.00  50.00
++++++++++++++++++++++++++++++++++++++++++++++++++++++++++++++++++++++++++++++++

     Dip,Strike,Rake     56.36   344.59    71.89
     Dip,Strike,Rake     37.70   195.14   115.04   Auxiliary Plane
     Lower Hem. Trend, Plunge of A,N    105.14    52.30   254.59    33.64
     Lower Hem. Trend, Plunge of P,T     87.47     9.66   209.12    72.04
     B trend, B plunge, Angle:  354.86  15.00  55.00
++++++++++++++++++++++++++++++++++++++++++++++++++++++++++++++++++++++++++++++++

     Dip,Strike,Rake     61.12   346.36    72.81
     Dip,Strike,Rake     33.23   199.00   118.19   Auxiliary Plane
     Lower Hem. Trend, Plunge of A,N    109.00    56.77   256.36    28.88
     Lower Hem. Trend, Plunge of P,T     88.82    14.48   220.85    68.91
     B trend, B plunge, Angle:  354.86  15.00  60.00
++++++++++++++++++++++++++++++++++++++++++++++++++++++++++++++++++++++++++++++++

     Dip,Strike,Rake     48.36   341.12    62.76
     Dip,Strike,Rake     48.36   198.88   117.24   Auxiliary Plane
     Lower Hem. Trend, Plunge of A,N    108.88    41.64   251.12    41.64
     Lower Hem. Trend, Plunge of P,T    270.00     0.00   180.00    70.00
     B trend, B plunge, Angle:    0.00  20.00  45.00
++++++++++++++++++++++++++++++++++++++++++++++++++++++++++++++++++++++++++++++++

     Dip,Strike,Rake     52.84   343.99    64.59
     Dip,Strike,Rake     43.96   202.18   119.52   Auxiliary Plane
     Lower Hem. Trend, Plunge of A,N    112.18    46.04   253.99    37.16
     Lower Hem. Trend, Plunge of P,T     91.71     4.70   194.35    69.41
     B trend, B plunge, Angle:    0.00  20.00  50.00
++++++++++++++++++++++++++++++++++++++++++++++++++++++++++++++++++++++++++++++++

     Dip,Strike,Rake     66.60   319.17    68.12
     Dip,Strike,Rake     31.61   184.49   130.74   Auxiliary Plane
     Lower Hem. Trend, Plunge of A,N     94.49    58.39   229.17    23.40
     Lower Hem. Trend, Plunge of P,T     65.33    18.75   195.02    62.01
     B trend, B plunge, Angle:  328.24  20.00  65.00
++++++++++++++++++++++++++++++++++++++++++++++++++++++++++++++++++++++++++++++++

     Dip,Strike,Rake     71.25   321.14    68.83
     Dip,Strike,Rake     27.99   191.45   136.78   Auxiliary Plane
     Lower Hem. Trend, Plunge of A,N    101.45    62.01   231.14    18.75
     Lower Hem. Trend, Plunge of P,T     67.30    23.40   201.98    58.39
     B trend, B plunge, Angle:  328.24  20.00  70.00
++++++++++++++++++++++++++++++++++++++++++++++++++++++++++++++++++++++++++++++++

     Dip,Strike,Rake     61.98   322.36    67.20
     Dip,Strike,Rake     35.53   184.17   126.05   Auxiliary Plane
     Lower Hem. Trend, Plunge of A,N     94.17    54.47   232.36    28.02
     Lower Hem. Trend, Plunge of P,T     68.77    14.08   191.61    65.19
     B trend, B plunge, Angle:  333.53  20.00  60.00
++++++++++++++++++++++++++++++++++++++++++++++++++++++++++++++++++++++++++++++++

     Dip,Strike,Rake     66.60   324.47    68.12
     Dip,Strike,Rake     31.61   189.79   130.74   Auxiliary Plane
     Lower Hem. Trend, Plunge of A,N     99.79    58.39   234.47    23.40
     Lower Hem. Trend, Plunge of P,T     70.63    18.75   200.31    62.01
     B trend, B plunge, Angle:  333.53  20.00  65.00
++++++++++++++++++++++++++++++++++++++++++++++++++++++++++++++++++++++++++++++++

     Dip,Strike,Rake     61.98   327.65    67.20
     Dip,Strike,Rake     35.53   189.47   126.05   Auxiliary Plane
     Lower Hem. Trend, Plunge of A,N     99.47    54.47   237.65    28.02
     Lower Hem. Trend, Plunge of P,T     74.06    14.08   196.90    65.19
     B trend, B plunge, Angle:  338.82  20.00  60.00
++++++++++++++++++++++++++++++++++++++++++++++++++++++++++++++++++++++++++++++++

     Dip,Strike,Rake     66.60   329.76    68.12
     Dip,Strike,Rake     31.61   195.08   130.74   Auxiliary Plane
     Lower Hem. Trend, Plunge of A,N    105.08    58.39   239.76    23.40
     Lower Hem. Trend, Plunge of P,T     75.92    18.75   205.60    62.01
     B trend, B plunge, Angle:  338.82  20.00  65.00
++++++++++++++++++++++++++++++++++++++++++++++++++++++++++++++++++++++++++++++++

     Dip,Strike,Rake     57.39   330.65    66.04
     Dip,Strike,Rake     39.67   190.15   122.40   Auxiliary Plane
     Lower Hem. Trend, Plunge of A,N    100.15    50.33   240.65    32.61
     Lower Hem. Trend, Plunge of P,T     77.57     9.39   191.39    67.73
     B trend, B plunge, Angle:  344.12  20.00  55.00
++++++++++++++++++++++++++++++++++++++++++++++++++++++++++++++++++++++++++++++++

     Dip,Strike,Rake     61.98   332.95    67.20
     Dip,Strike,Rake     35.53   194.76   126.05   Auxiliary Plane
     Lower Hem. Trend, Plunge of A,N    104.76    54.47   242.95    28.02
     Lower Hem. Trend, Plunge of P,T     79.35    14.08   202.19    65.19
     B trend, B plunge, Angle:  344.12  20.00  60.00
++++++++++++++++++++++++++++++++++++++++++++++++++++++++++++++++++++++++++++++++

     Dip,Strike,Rake     57.39   335.94    66.04
     Dip,Strike,Rake     39.67   195.45   122.40   Auxiliary Plane
     Lower Hem. Trend, Plunge of A,N    105.45    50.33   245.94    32.61
     Lower Hem. Trend, Plunge of P,T     82.86     9.39   196.68    67.73
     B trend, B plunge, Angle:  349.41  20.00  55.00
++++++++++++++++++++++++++++++++++++++++++++++++++++++++++++++++++++++++++++++++

     Dip,Strike,Rake     61.98   338.24    67.20
     Dip,Strike,Rake     35.53   200.05   126.05   Auxiliary Plane
     Lower Hem. Trend, Plunge of A,N    110.05    54.47   248.24    28.02
     Lower Hem. Trend, Plunge of P,T     84.65    14.08   207.49    65.19
     B trend, B plunge, Angle:  349.41  20.00  60.00
++++++++++++++++++++++++++++++++++++++++++++++++++++++++++++++++++++++++++++++++

     Dip,Strike,Rake     52.84   338.69    64.59
     Dip,Strike,Rake     43.96   196.88   119.52   Auxiliary Plane
     Lower Hem. Trend, Plunge of A,N    106.88    46.04   248.69    37.16
     Lower Hem. Trend, Plunge of P,T     86.42     4.70   189.05    69.41
     B trend, B plunge, Angle:  354.71  20.00  50.00
++++++++++++++++++++++++++++++++++++++++++++++++++++++++++++++++++++++++++++++++

     Dip,Strike,Rake     57.39   341.24    66.04
     Dip,Strike,Rake     39.67   200.74   122.40   Auxiliary Plane
     Lower Hem. Trend, Plunge of A,N    110.74    50.33   251.24    32.61
     Lower Hem. Trend, Plunge of P,T     88.16     9.39   201.98    67.73
     B trend, B plunge, Angle:  354.71  20.00  55.00
++++++++++++++++++++++++++++++++++++++++++++++++++++++++++++++++++++++++++++++++

     Dip,Strike,Rake     71.94   318.02    63.61
     Dip,Strike,Rake     31.61   196.03   143.74   Auxiliary Plane
     Lower Hem. Trend, Plunge of A,N    106.03    58.39   228.02    18.06
     Lower Hem. Trend, Plunge of P,T     67.92    22.52   194.58    55.22
     B trend, B plunge, Angle:  326.77  25.00  70.00
++++++++++++++++++++++++++++++++++++++++++++++++++++++++++++++++++++++++++++++++

     Dip,Strike,Rake     63.05   318.60    61.70
     Dip,Strike,Rake     38.29   188.51   133.00   Auxiliary Plane
     Lower Hem. Trend, Plunge of A,N     98.51    51.71   228.60    26.95
     Lower Hem. Trend, Plunge of P,T     68.77    13.57   184.68    61.10
     B trend, B plunge, Angle:  332.31  25.00  60.00
++++++++++++++++++++++++++++++++++++++++++++++++++++++++++++++++++++++++++++++++

     Dip,Strike,Rake     67.48   321.16    62.77
     Dip,Strike,Rake     34.78   194.49   137.81   Auxiliary Plane
     Lower Hem. Trend, Plunge of A,N    104.49    55.22   231.16    22.52
     Lower Hem. Trend, Plunge of P,T     71.05    18.06   193.04    58.39
     B trend, B plunge, Angle:  332.31  25.00  65.00
++++++++++++++++++++++++++++++++++++++++++++++++++++++++++++++++++++++++++++++++

     Dip,Strike,Rake     63.05   324.13    61.70
     Dip,Strike,Rake     38.29   194.05   133.00   Auxiliary Plane
     Lower Hem. Trend, Plunge of A,N    104.05    51.71   234.13    26.95
     Lower Hem. Trend, Plunge of P,T     74.31    13.57   190.22    61.10
     B trend, B plunge, Angle:  337.85  25.00  60.00
++++++++++++++++++++++++++++++++++++++++++++++++++++++++++++++++++++++++++++++++

     Dip,Strike,Rake     67.48   326.70    62.77
     Dip,Strike,Rake     34.78   200.03   137.81   Auxiliary Plane
     Lower Hem. Trend, Plunge of A,N    110.03    55.22   236.70    22.52
     Lower Hem. Trend, Plunge of P,T     76.59    18.06   198.58    58.39
     B trend, B plunge, Angle:  337.85  25.00  65.00
++++++++++++++++++++++++++++++++++++++++++++++++++++++++++++++++++++++++++++++++

     Dip,Strike,Rake     58.68   326.90    60.35
     Dip,Strike,Rake     42.06   194.50   129.11   Auxiliary Plane
     Lower Hem. Trend, Plunge of A,N    104.50    47.94   236.90    31.32
     Lower Hem. Trend, Plunge of P,T     77.65     9.05   186.03    63.19
     B trend, B plunge, Angle:  343.38  25.00  55.00
++++++++++++++++++++++++++++++++++++++++++++++++++++++++++++++++++++++++++++++++

     Dip,Strike,Rake     63.05   329.67    61.70
     Dip,Strike,Rake     38.29   199.59   133.00   Auxiliary Plane
     Lower Hem. Trend, Plunge of A,N    109.59    51.71   239.67    26.95
     Lower Hem. Trend, Plunge of P,T     79.85    13.57   195.76    61.10
     B trend, B plunge, Angle:  343.38  25.00  60.00
++++++++++++++++++++++++++++++++++++++++++++++++++++++++++++++++++++++++++++++++

     Dip,Strike,Rake     54.37   329.40    58.67
     Dip,Strike,Rake     46.03   195.66   125.96   Auxiliary Plane
     Lower Hem. Trend, Plunge of A,N    105.66    43.97   239.40    35.63
     Lower Hem. Trend, Plunge of P,T     81.04     4.53   180.62    64.54
     B trend, B plunge, Angle:  348.92  25.00  50.00
++++++++++++++++++++++++++++++++++++++++++++++++++++++++++++++++++++++++++++++++

     Dip,Strike,Rake     58.68   332.44    60.35
     Dip,Strike,Rake     42.06   200.04   129.11   Auxiliary Plane
     Lower Hem. Trend, Plunge of A,N    110.04    47.94   242.44    31.32
     Lower Hem. Trend, Plunge of P,T     83.18     9.05   191.57    63.19
     B trend, B plunge, Angle:  348.92  25.00  55.00
++++++++++++++++++++++++++++++++++++++++++++++++++++++++++++++++++++++++++++++++

     Dip,Strike,Rake     54.37   334.94    58.67
     Dip,Strike,Rake     46.03   201.19   125.96   Auxiliary Plane
     Lower Hem. Trend, Plunge of A,N    111.19    43.97   244.94    35.63
     Lower Hem. Trend, Plunge of P,T     86.58     4.53   186.16    64.54
     B trend, B plunge, Angle:  354.46  25.00  50.00
++++++++++++++++++++++++++++++++++++++++++++++++++++++++++++++++++++++++++++++++

     Dip,Strike,Rake     68.53   317.84    57.50
     Dip,Strike,Rake     38.29   197.96   143.80   Auxiliary Plane
     Lower Hem. Trend, Plunge of A,N    107.96    51.71   227.84    21.47
     Lower Hem. Trend, Plunge of P,T     71.28    17.23   187.02    54.47
     B trend, B plunge, Angle:  330.97  30.00  65.00
++++++++++++++++++++++++++++++++++++++++++++++++++++++++++++++++++++++++++++++++

 Reached chosen maximum of  100 solutions

 There are 100 acceptable solutions
