  Mon Oct 16 12:43:02 2023 for program Focplt
 Input from file puna_200906162050_p.inp
     2
 Statn  Azimuth  TOAngl  Key  Log10 Ratio     Pol  TOAng2  Comment
EW03  186.28   80.78C
BB11  193.61   80.74+
EW01  205.01   80.97C
NS16  209.36   80.43+
NS15  210.63   80.48+
NS10  222.89   80.64+
EW10  225.76   80.80+
NS04  239.81   81.65-
NS03  249.11   81.72D
NS02  258.80   81.85D
NS01  267.37   81.86D
NS19  272.35   82.16D
BB05  272.03   80.60-
NS20  281.92   82.48D
BB06  288.35   80.49-
NS21  291.75   83.18D
NS22  299.62   82.94D
GALA  310.71   88.59D
NS23  308.36   82.52-
NS24  313.05   81.52-
NS25  317.88   80.98-
NS26  322.87   80.78C
BB21   50.67   80.77+
BB17   77.52   81.63D
EW07  146.45   80.75+
BB18  150.80   84.48C
EW05  155.63   80.78C
BB14  158.47   80.48+
BB15  168.57   80.66+
EW04  169.51   80.78C
BB13  178.02   80.52+
 Plotting P nodal planes
 
  Solutions input from file output_200906162050_uw.out
   Mon Oct 16 12:43:02 2023 for program Focmec
  Event 8703270729 4 UW errors max
  Input from a file puna_200906162050_p.inp
  200906162050
  Including emergent polarity picks
  Polarities/Errors:  P 031/00  SV 000/00  SH 000/00
  There are no amplitude ratio data
  The minimum, increment and maximum B axis trend:     0.00    5.00  355.00
  The limits for the B axis plunge:     0.00    5.00   90.00
  The limits for Angle:     0.00    5.00  175.00
 
     Dip,Strike,Rake     81.35   318.59   -59.62
     Dip,Strike,Rake     31.47    62.98  -163.26   Auxiliary Plane
     Lower Hem. Trend, Plunge of A,N    332.98    58.53   228.59     8.65
     Lower Hem. Trend & Plunge of B    133.55    30.00
     Lower Hem. Trend, Plunge of P,T    259.08    45.19    24.26    29.78
     MRR =-0.26  MTT = 0.61  MPP =-0.35  MRT = 0.49  MRP =-0.67  MTP =-0.19
     Dip,Strike,Rake     39.67   310.82   -26.03
     Dip,Strike,Rake     73.73    61.42  -126.69   Auxiliary Plane
     Lower Hem. Trend, Plunge of A,N    331.42    16.27   220.82    50.33
     Lower Hem. Trend & Plunge of B     73.21    35.00
     Lower Hem. Trend, Plunge of P,T    292.32    47.93   178.19    20.25
     MRR =-0.43  MTT = 0.81  MPP =-0.38  MRT =-0.51  MRP =-0.47  MTP =-0.13
     Dip,Strike,Rake     77.76   316.87   -54.06
     Dip,Strike,Rake     37.70    63.17  -159.72   Auxiliary Plane
     Lower Hem. Trend, Plunge of A,N    333.17    52.30   226.87    12.24
     Lower Hem. Trend & Plunge of B    128.13    35.00
     Lower Hem. Trend, Plunge of P,T    262.95    45.19    19.81    24.18
     MRR =-0.34  MTT = 0.73  MPP =-0.39  MRT = 0.41  MRP =-0.62  MTP =-0.20
     Dip,Strike,Rake     81.82   320.01   -54.59
     Dip,Strike,Rake     36.22    61.33  -166.07   Auxiliary Plane
     Lower Hem. Trend, Plunge of A,N    331.33    53.78   230.01     8.18
     Lower Hem. Trend & Plunge of B    134.23    35.00
     Lower Hem. Trend, Plunge of P,T    263.56    42.15    22.36    28.02
     MRR =-0.23  MTT = 0.66  MPP =-0.43  MRT = 0.44  MRP =-0.65  MTP =-0.21
     Dip,Strike,Rake     43.96   312.48   -22.18
     Dip,Strike,Rake     74.81    58.83  -131.76   Auxiliary Plane
     Lower Hem. Trend, Plunge of A,N    328.83    15.19   222.48    46.04
     Lower Hem. Trend & Plunge of B     72.01    40.00
     Lower Hem. Trend, Plunge of P,T    287.96    43.97   178.69    18.89
     MRR =-0.38  MTT = 0.85  MPP =-0.47  MRT =-0.46  MRP =-0.48  MTP =-0.13
     Dip,Strike,Rake     46.03   312.59   -26.73
     Dip,Strike,Rake     71.11    61.86  -132.79   Auxiliary Plane
     Lower Hem. Trend, Plunge of A,N    331.86    18.89   222.59    43.97
     Lower Hem. Trend & Plunge of B     78.55    40.00
     Lower Hem. Trend, Plunge of P,T    288.07    46.04   181.72    15.19
     MRR =-0.45  MTT = 0.88  MPP =-0.43  MRT =-0.41  MRP =-0.47  MTP =-0.17
     Dip,Strike,Rake     74.81   317.53   -48.24
     Dip,Strike,Rake     43.96    63.89  -157.82   Auxiliary Plane
     Lower Hem. Trend, Plunge of A,N    333.89    46.04   227.53    15.19
     Lower Hem. Trend & Plunge of B    124.36    40.00
     Lower Hem. Trend, Plunge of P,T    268.40    43.97    17.68    18.89
     MRR =-0.38  MTT = 0.81  MPP =-0.43  MRT = 0.31  MRP =-0.59  MTP =-0.24
     Dip,Strike,Rake     78.56   320.68   -49.02
     Dip,Strike,Rake     42.27    63.54  -162.85   Auxiliary Plane
     Lower Hem. Trend, Plunge of A,N    333.54    47.73   230.68    11.44
     Lower Hem. Trend & Plunge of B    130.90    40.00
     Lower Hem. Trend, Plunge of P,T    268.98    41.56    20.55    22.52
     MRR =-0.29  MTT = 0.75  MPP =-0.45  MRT = 0.34  MRP =-0.62  MTP =-0.27
     Dip,Strike,Rake     46.92   312.78   -14.51
     Dip,Strike,Rake     79.46    52.80  -135.99   Auxiliary Plane
     Lower Hem. Trend, Plunge of A,N    322.80    10.54   222.78    43.08
     Lower Hem. Trend & Plunge of B     63.53    45.00
     Lower Hem. Trend, Plunge of P,T    282.77    37.76   175.74    20.71
     MRR =-0.25  MTT = 0.84  MPP =-0.59  MRT =-0.44  MRP =-0.50  MTP =-0.07
     Dip,Strike,Rake     48.36   313.35   -18.88
     Dip,Strike,Rake     76.01    56.15  -136.78   Auxiliary Plane
     Lower Hem. Trend, Plunge of A,N    326.15    13.99   223.35    41.64
     Lower Hem. Trend & Plunge of B     70.58    45.00
     Lower Hem. Trend, Plunge of P,T    283.99    39.85   178.83    17.39
     MRR =-0.32  MTT = 0.88  MPP =-0.55  MRT =-0.40  MRP =-0.48  MTP =-0.12
     Dip,Strike,Rake     50.14   314.24   -22.91
     Dip,Strike,Rake     72.61    59.40  -137.81   Auxiliary Plane
     Lower Hem. Trend, Plunge of A,N    329.40    17.39   224.24    39.86
     Lower Hem. Trend & Plunge of B     77.64    45.00
     Lower Hem. Trend, Plunge of P,T    284.88    41.64   182.08    14.00
     MRR =-0.38  MTT = 0.90  MPP =-0.52  MRT =-0.36  MRP =-0.47  MTP =-0.17
     Dip,Strike,Rake     52.24   315.47   -26.57
     Dip,Strike,Rake     69.29    62.50  -139.11   Auxiliary Plane
     Lower Hem. Trend, Plunge of A,N    332.50    20.71   225.47    37.76
     Lower Hem. Trend & Plunge of B     84.71    45.00
     Lower Hem. Trend, Plunge of P,T    285.46    43.08   185.43    10.54
     MRR =-0.43  MTT = 0.92  MPP =-0.49  MRT =-0.31  MRP =-0.46  MTP =-0.23
     Dip,Strike,Rake     60.00   314.09   -35.26
     Dip,Strike,Rake     60.00    63.56  -144.74   Auxiliary Plane
     Lower Hem. Trend, Plunge of A,N    333.56    30.00   224.09    30.00
     Lower Hem. Trend & Plunge of B     98.82    45.00
     Lower Hem. Trend, Plunge of P,T    278.83    45.00     8.82     0.00
     MRR =-0.50  MTT = 0.96  MPP =-0.46  MRT =-0.08  MRP =-0.49  MTP =-0.23
     Dip,Strike,Rake     69.30   315.15   -40.89
     Dip,Strike,Rake     52.24    62.17  -153.44   Auxiliary Plane
     Lower Hem. Trend, Plunge of A,N    332.17    37.76   225.15    20.70
     Lower Hem. Trend & Plunge of B    112.94    45.00
     Lower Hem. Trend, Plunge of P,T    272.19    43.07    12.21    10.55
     MRR =-0.43  MTT = 0.92  MPP =-0.49  MRT = 0.16  MRP =-0.54  MTP =-0.22
     Dip,Strike,Rake     72.61   318.25   -42.19
     Dip,Strike,Rake     50.14    63.41  -157.09   Auxiliary Plane
     Lower Hem. Trend, Plunge of A,N    333.41    39.86   228.25    17.39
     Lower Hem. Trend & Plunge of B    120.00    45.00
     Lower Hem. Trend, Plunge of P,T    272.77    41.65    15.57    14.00
     MRR =-0.38  MTT = 0.87  MPP =-0.49  MRT = 0.20  MRP =-0.56  MTP =-0.27
     Dip,Strike,Rake     79.45   317.79   -44.01
     Dip,Strike,Rake     46.92    57.82  -165.48   Auxiliary Plane
     Lower Hem. Trend, Plunge of A,N    327.82    43.08   227.79    10.55
     Lower Hem. Trend & Plunge of B    127.06    45.00
     Lower Hem. Trend, Plunge of P,T    267.83    37.77    14.86    20.70
     MRR =-0.25  MTT = 0.82  MPP =-0.57  MRT = 0.34  MRP =-0.57  MTP =-0.19
     Dip,Strike,Rake     82.95   321.22   -44.56
     Dip,Strike,Rake     45.87    58.11  -170.15   Auxiliary Plane
     Lower Hem. Trend, Plunge of A,N    328.11    44.13   231.22     7.05
     Lower Hem. Trend & Plunge of B    134.12    45.00
     Lower Hem. Trend, Plunge of P,T    269.39    35.39    17.77    23.93
     MRR =-0.17  MTT = 0.76  MPP =-0.59  MRT = 0.36  MRP =-0.59  MTP =-0.24
     Dip,Strike,Rake     51.62   313.33   -12.25
     Dip,Strike,Rake     80.43    51.01  -140.98   Auxiliary Plane
     Lower Hem. Trend, Plunge of A,N    321.01     9.57   223.33    38.38
     Lower Hem. Trend & Plunge of B     62.60    50.00
     Lower Hem. Trend, Plunge of P,T    279.61    33.82   176.47    18.75
     MRR =-0.21  MTT = 0.87  MPP =-0.67  MRT =-0.38  MRP =-0.47  MTP =-0.06
     Dip,Strike,Rake     52.84   315.02   -16.01
     Dip,Strike,Rake     77.30    54.85  -141.74   Auxiliary Plane
     Lower Hem. Trend, Plunge of A,N    324.85    12.70   225.02    37.16
     Lower Hem. Trend & Plunge of B     70.43    50.00
     Lower Hem. Trend, Plunge of P,T    281.76    35.63   180.09    15.77
     MRR =-0.27  MTT = 0.90  MPP =-0.63  MRT =-0.36  MRP =-0.46  MTP =-0.13
     Dip,Strike,Rake     58.23   313.66   -25.70
     Dip,Strike,Rake     68.37    57.88  -145.50   Auxiliary Plane
     Lower Hem. Trend, Plunge of A,N    327.88    21.63   223.66    31.77
     Lower Hem. Trend & Plunge of B     86.09    50.00
     Lower Hem. Trend, Plunge of P,T    279.05    39.27   183.78     6.41
     MRR =-0.39  MTT = 0.97  MPP =-0.58  MRT =-0.19  MRP =-0.48  MTP =-0.16
     Dip,Strike,Rake     60.50   316.31   -28.34
     Dip,Strike,Rake     65.60    61.18  -147.27   Auxiliary Plane
     Lower Hem. Trend, Plunge of A,N    331.18    24.40   226.31    29.50
     Lower Hem. Trend & Plunge of B     93.91    50.00
     Lower Hem. Trend, Plunge of P,T    280.43    39.82   187.75     3.21
     MRR =-0.41  MTT = 0.96  MPP =-0.55  MRT =-0.14  MRP =-0.48  MTP =-0.24
     Dip,Strike,Rake     65.60   314.47   -32.73
     Dip,Strike,Rake     60.50    59.34  -151.66   Auxiliary Plane
     Lower Hem. Trend, Plunge of A,N    329.34    29.50   224.47    24.40
     Lower Hem. Trend & Plunge of B    101.74    50.00
     Lower Hem. Trend, Plunge of P,T    275.22    39.81     7.90     3.21
     MRR =-0.41  MTT = 0.97  MPP =-0.57  MRT = 0.01  MRP =-0.50  MTP =-0.19
     Dip,Strike,Rake     68.37   317.77   -34.50
     Dip,Strike,Rake     58.23    61.99  -154.31   Auxiliary Plane
     Lower Hem. Trend, Plunge of A,N    331.99    31.77   227.77    21.63
     Lower Hem. Trend & Plunge of B    109.56    50.00
     Lower Hem. Trend, Plunge of P,T    276.60    39.27    11.87     6.41
     MRR =-0.39  MTT = 0.94  MPP =-0.55  MRT = 0.05  MRP =-0.51  MTP =-0.27
     Dip,Strike,Rake     74.24   317.05   -37.25
     Dip,Strike,Rake     54.37    58.72  -160.48   Auxiliary Plane
     Lower Hem. Trend, Plunge of A,N    328.72    35.63   227.05    15.76
     Lower Hem. Trend & Plunge of B    117.39    50.00
     Lower Hem. Trend, Plunge of P,T    271.98    37.16    11.81    12.70
     MRR =-0.32  MTT = 0.91  MPP =-0.59  MRT = 0.19  MRP =-0.52  MTP =-0.21
     Dip,Strike,Rake     80.42   316.82   -39.03
     Dip,Strike,Rake     51.61    54.50  -167.74   Auxiliary Plane
     Lower Hem. Trend, Plunge of A,N    324.50    38.39   226.82     9.58
     Lower Hem. Trend & Plunge of B    125.22    49.99
     Lower Hem. Trend, Plunge of P,T    268.22    33.83    11.36    18.75
     MRR =-0.21  MTT = 0.86  MPP =-0.65  MRT = 0.31  MRP =-0.52  MTP =-0.15
     Dip,Strike,Rake     83.59   320.74   -39.57
     Dip,Strike,Rake     50.73    56.01  -171.71   Auxiliary Plane
     Lower Hem. Trend, Plunge of A,N    326.01    39.27   230.74     6.41
     Lower Hem. Trend & Plunge of B    133.05    50.00
     Lower Hem. Trend, Plunge of P,T    270.62    31.77    14.84    21.63
     MRR =-0.14  MTT = 0.81  MPP =-0.67  MRT = 0.33  MRP =-0.54  MTP =-0.22
     Dip,Strike,Rake     57.39   316.29   -13.47
     Dip,Strike,Rake     78.68    53.65  -146.66   Auxiliary Plane
     Lower Hem. Trend, Plunge of A,N    323.65    11.32   226.29    32.61
     Lower Hem. Trend & Plunge of B     70.25    55.00
     Lower Hem. Trend, Plunge of P,T    279.90    31.32   181.15    14.02
     MRR =-0.21  MTT = 0.92  MPP =-0.71  MRT =-0.31  MRP =-0.43  MTP =-0.14
     Dip,Strike,Rake     60.22   313.85   -19.30
     Dip,Strike,Rake     73.33    53.72  -148.77   Auxiliary Plane
     Lower Hem. Trend, Plunge of A,N    323.72    16.67   223.85    29.78
     Lower Hem. Trend & Plunge of B     79.04    55.00
     Lower Hem. Trend, Plunge of P,T    277.14    33.64   181.41     8.53
     MRR =-0.28  MTT = 0.97  MPP =-0.68  MRT =-0.20  MRP =-0.45  MTP =-0.11
     Dip,Strike,Rake     61.98   317.28   -21.88
     Dip,Strike,Rake     70.79    57.96  -150.17   Auxiliary Plane
     Lower Hem. Trend, Plunge of A,N    327.96    19.21   227.28    28.02
     Lower Hem. Trend & Plunge of B     87.81    55.00
     Lower Hem. Trend, Plunge of P,T    279.95    34.39   186.02     5.71
     MRR =-0.31  MTT = 0.96  MPP =-0.65  MRT =-0.18  MRP =-0.45  MTP =-0.22
     Dip,Strike,Rake     66.07   315.91   -26.34
     Dip,Strike,Rake     66.07    57.27  -153.66   Auxiliary Plane
     Lower Hem. Trend, Plunge of A,N    327.27    23.93   225.91    23.93
     Lower Hem. Trend & Plunge of B     96.58    55.00
     Lower Hem. Trend, Plunge of P,T    276.59    35.00     6.59     0.00
     MRR =-0.33  MTT = 0.98  MPP =-0.65  MRT =-0.05  MRP =-0.47  MTP =-0.19
     Dip,Strike,Rake     70.79   315.20   -29.84
     Dip,Strike,Rake     61.97    55.89  -158.12   Auxiliary Plane
     Lower Hem. Trend, Plunge of A,N    325.89    28.03   225.20    19.21
     Lower Hem. Trend & Plunge of B    105.36    55.00
     Lower Hem. Trend, Plunge of P,T    273.22    34.40     7.14     5.72
     MRR =-0.31  MTT = 0.97  MPP =-0.66  MRT = 0.07  MRP =-0.48  MTP =-0.16
     Dip,Strike,Rake     73.33   319.46   -31.23
     Dip,Strike,Rake     60.22    59.33  -160.70   Auxiliary Plane
     Lower Hem. Trend, Plunge of A,N    329.33    29.78   229.46    16.67
     Lower Hem. Trend & Plunge of B    114.14    55.00
     Lower Hem. Trend, Plunge of P,T    276.04    33.65    11.77     8.53
     MRR =-0.28  MTT = 0.93  MPP =-0.64  MRT = 0.10  MRP =-0.49  MTP =-0.27
     Dip,Strike,Rake     78.69   319.53   -33.34
     Dip,Strike,Rake     57.39    56.88  -166.54   Auxiliary Plane
     Lower Hem. Trend, Plunge of A,N    326.88    32.61   229.53    11.31
     Lower Hem. Trend & Plunge of B    122.93    55.00
     Lower Hem. Trend, Plunge of P,T    273.28    31.32    12.02    14.03
     MRR =-0.21  MTT = 0.90  MPP =-0.69  MRT = 0.20  MRP =-0.49  MTP =-0.23
     Dip,Strike,Rake     84.28   319.93   -34.59
     Dip,Strike,Rake     55.61    53.86  -173.06   Auxiliary Plane
     Lower Hem. Trend, Plunge of A,N    323.86    34.39   229.93     5.72
     Lower Hem. Trend & Plunge of B    131.71    55.00
     Lower Hem. Trend, Plunge of P,T    271.19    28.03    11.87    19.21
     MRR =-0.11  MTT = 0.85  MPP =-0.74  MRT = 0.30  MRP =-0.48  MTP =-0.20
     Dip,Strike,Rake     61.98   317.20   -11.17
     Dip,Strike,Rake     80.15    52.50  -151.52   Auxiliary Plane
     Lower Hem. Trend, Plunge of A,N    322.50     9.85   227.20    28.02
     Lower Hem. Trend & Plunge of B     70.00    60.00
     Lower Hem. Trend, Plunge of P,T    278.29    26.94   181.99    12.20
     MRR =-0.16  MTT = 0.94  MPP =-0.78  MRT =-0.26  MRP =-0.39  MTP =-0.15
     Dip,Strike,Rake     64.34   316.31   -16.10
     Dip,Strike,Rake     75.52    53.43  -153.43   Auxiliary Plane
     Lower Hem. Trend, Plunge of A,N    323.43    14.48   226.31    25.66
     Lower Hem. Trend & Plunge of B     80.00    60.00
     Lower Hem. Trend, Plunge of P,T    277.19    28.88   183.06     7.44
     MRR =-0.22  MTT = 0.97  MPP =-0.75  MRT =-0.18  MRP =-0.41  MTP =-0.15
     Dip,Strike,Rake     67.48   315.90   -20.36
     Dip,Strike,Rake     71.25    53.99  -156.14   Auxiliary Plane
     Lower Hem. Trend, Plunge of A,N    323.99    18.75   225.90    22.52
     Lower Hem. Trend & Plunge of B     90.00    60.00
     Lower Hem. Trend, Plunge of P,T    275.76    29.87   184.33     2.50
     MRR =-0.25  MTT = 0.98  MPP =-0.74  MRT =-0.09  MRP =-0.43  MTP =-0.15
     Dip,Strike,Rake     71.25   316.01   -23.86
     Dip,Strike,Rake     67.48    54.10  -159.64   Auxiliary Plane
     Lower Hem. Trend, Plunge of A,N    324.10    22.52   226.01    18.75
     Lower Hem. Trend & Plunge of B    100.00    60.00
     Lower Hem. Trend, Plunge of P,T    274.24    29.88     5.67     2.50
     MRR =-0.25  MTT = 0.98  MPP =-0.74  MRT = 0.01  MRP =-0.44  MTP =-0.15
     Dip,Strike,Rake     75.52   316.57   -26.57
     Dip,Strike,Rake     64.34    53.70  -163.89   Auxiliary Plane
     Lower Hem. Trend, Plunge of A,N    323.70    25.66   226.57    14.48
     Lower Hem. Trend & Plunge of B    110.01    59.99
     Lower Hem. Trend, Plunge of P,T    272.81    28.88     6.94     7.44
     MRR =-0.22  MTT = 0.97  MPP =-0.75  MRT = 0.11  MRP =-0.44  MTP =-0.16
     Dip,Strike,Rake     80.15   317.50   -28.48
     Dip,Strike,Rake     61.98    52.80  -168.83   Auxiliary Plane
     Lower Hem. Trend, Plunge of A,N    322.80    28.02   227.50     9.85
     Lower Hem. Trend & Plunge of B    120.00    60.00
     Lower Hem. Trend, Plunge of P,T    271.71    26.95     8.01    12.20
     MRR =-0.16  MTT = 0.94  MPP =-0.78  MRT = 0.19  MRP =-0.43  MTP =-0.16
     Dip,Strike,Rake     85.02   318.68   -29.62
     Dip,Strike,Rake     60.50    51.51  -174.28   Auxiliary Plane
     Lower Hem. Trend, Plunge of A,N    321.51    29.50   228.68     4.98
     Lower Hem. Trend & Plunge of B    130.00    60.00
     Lower Hem. Trend, Plunge of P,T    271.04    24.18     8.76    16.67
     MRR =-0.09  MTT = 0.90  MPP =-0.81  MRT = 0.26  MRP =-0.42  MTP =-0.15
     Dip,Strike,Rake     67.48   314.77   -11.15
     Dip,Strike,Rake     79.71    49.09  -157.09   Auxiliary Plane
     Lower Hem. Trend, Plunge of A,N    319.09    10.29   224.77    22.52
     Lower Hem. Trend & Plunge of B     72.00    65.00
     Lower Hem. Trend, Plunge of P,T    273.88    23.40   180.25     8.31
     MRR =-0.14  MTT = 0.98  MPP =-0.84  MRT =-0.17  MRP =-0.36  MTP =-0.06
     Dip,Strike,Rake     69.75   316.31   -14.97
     Dip,Strike,Rake     75.97    51.60  -159.10   Auxiliary Plane
     Lower Hem. Trend, Plunge of A,N    321.60    14.03   226.31    20.25
     Lower Hem. Trend & Plunge of B     84.00    65.01
     Lower Hem. Trend, Plunge of P,T    275.01    24.59   183.08     4.21
     MRR =-0.17  MTT = 0.99  MPP =-0.82  MRT =-0.11  MRP =-0.37  MTP =-0.13
     Dip,Strike,Rake     72.61   318.19   -18.25
     Dip,Strike,Rake     72.61    53.82  -161.75   Auxiliary Plane
     Lower Hem. Trend, Plunge of A,N    323.82    17.39   228.19    17.39
     Lower Hem. Trend & Plunge of B     96.00    65.00
     Lower Hem. Trend, Plunge of P,T    276.00    25.00     6.00     0.00
     MRR =-0.18  MTT = 0.98  MPP =-0.80  MRT =-0.04  MRP =-0.38  MTP =-0.19
     Dip,Strike,Rake     75.97   320.40   -20.91
     Dip,Strike,Rake     69.74    55.69  -165.02   Auxiliary Plane
     Lower Hem. Trend, Plunge of A,N    325.69    20.26   230.40    14.03
     Lower Hem. Trend & Plunge of B    108.00    65.00
     Lower Hem. Trend, Plunge of P,T    276.99    24.60     8.92     4.21
     MRR =-0.17  MTT = 0.96  MPP =-0.79  MRT = 0.03  MRP =-0.39  MTP =-0.25
     Dip,Strike,Rake     81.69   318.26   -23.66
     Dip,Strike,Rake     66.60    51.88  -170.94   Auxiliary Plane
     Lower Hem. Trend, Plunge of A,N    321.88    23.40   228.26     8.31
     Lower Hem. Trend & Plunge of B    120.00    65.00
     Lower Hem. Trend, Plunge of P,T    272.78    22.52     7.09    10.29
     MRR =-0.11  MTT = 0.95  MPP =-0.84  MRT = 0.16  MRP =-0.38  MTP =-0.16
     Dip,Strike,Rake     85.79   321.08   -24.67
     Dip,Strike,Rake     65.40    53.01  -175.37   Auxiliary Plane
     Lower Hem. Trend, Plunge of A,N    323.01    24.60   231.08     4.21
     Lower Hem. Trend & Plunge of B    132.00    65.00
     Lower Hem. Trend, Plunge of P,T    274.31    20.26     9.60    14.03
     MRR =-0.06  MTT = 0.91  MPP =-0.85  MRT = 0.21  MRP =-0.36  MTP =-0.22
     Dip,Strike,Rake     68.53   141.50   -13.12
     Dip,Strike,Rake     77.80   236.38  -158.01   Auxiliary Plane
     Lower Hem. Trend, Plunge of A,N    146.38    12.20    51.50    21.47
     Lower Hem. Trend & Plunge of B    263.99    65.00
     Lower Hem. Trend, Plunge of P,T    100.47    24.09     7.65     6.28
     MRR =-0.15  MTT = 0.94  MPP =-0.79  MRT = 0.18  MRP = 0.35  MTP =-0.28
     Dip,Strike,Rake     75.97   140.40   -20.91
     Dip,Strike,Rake     69.74   235.69  -165.02   Auxiliary Plane
     Lower Hem. Trend, Plunge of A,N    145.69    20.26    50.40    14.03
     Lower Hem. Trend & Plunge of B    288.00    65.00
     Lower Hem. Trend, Plunge of P,T     96.99    24.60   188.92     4.21
     MRR =-0.17  MTT = 0.96  MPP =-0.79  MRT =-0.03  MRP = 0.39  MTP =-0.25
     Dip,Strike,Rake     73.73   319.71   -11.79
     Dip,Strike,Rake     78.69    53.06  -163.40   Auxiliary Plane
     Lower Hem. Trend, Plunge of A,N    323.06    11.31   229.71    16.27
     Lower Hem. Trend & Plunge of B     86.40    70.00
     Lower Hem. Trend, Plunge of P,T    277.03    19.68   185.81     3.41
     MRR =-0.11  MTT = 0.97  MPP =-0.86  MRT =-0.10  MRP =-0.31  MTP =-0.21
     Dip,Strike,Rake     77.30   319.06   -15.58
     Dip,Strike,Rake     74.81    52.57  -166.83   Auxiliary Plane
     Lower Hem. Trend, Plunge of A,N    322.57    15.19   229.06    12.70
     Lower Hem. Trend & Plunge of B    100.81    70.00
     Lower Hem. Trend, Plunge of P,T    275.49    19.92     6.10     1.71
     MRR =-0.12  MTT = 0.98  MPP =-0.86  MRT =-0.00  MRP =-0.32  MTP =-0.19
     Dip,Strike,Rake     81.69   318.86   -18.26
     Dip,Strike,Rake     71.94    51.59  -171.26   Auxiliary Plane
     Lower Hem. Trend, Plunge of A,N    321.59    18.06   228.86     8.31
     Lower Hem. Trend & Plunge of B    115.20    70.00
     Lower Hem. Trend, Plunge of P,T    274.02    18.75     6.32     6.72
     MRR =-0.09  MTT = 0.97  MPP =-0.88  MRT = 0.09  MRP =-0.32  MTP =-0.17
     Dip,Strike,Rake     86.60   319.01   -19.72
     Dip,Strike,Rake     70.32    50.23  -176.39   Auxiliary Plane
     Lower Hem. Trend, Plunge of A,N    320.23    19.68   229.01     3.40
     Lower Hem. Trend & Plunge of B    129.62    70.00
     Lower Hem. Trend, Plunge of P,T    272.91    16.27     6.26    11.32
     MRR =-0.04  MTT = 0.95  MPP =-0.91  MRT = 0.18  MRP =-0.29  MTP =-0.15
     Dip,Strike,Rake     80.15   144.32    17.50
     Dip,Strike,Rake     72.77    51.23   169.68   Auxiliary Plane
     Lower Hem. Trend, Plunge of A,N    321.23    17.23    54.32     9.85
     Lower Hem. Trend & Plunge of B    172.80    69.99
     Lower Hem. Trend, Plunge of P,T    276.93     5.08     8.72    19.30
     MRR = 0.10  MTT = 0.86  MPP =-0.96  MRT = 0.30  MRP =-0.13  MTP =-0.25
     Dip,Strike,Rake     76.00   143.98    14.43
     Dip,Strike,Rake     76.01    50.42   165.56   Auxiliary Plane
     Lower Hem. Trend, Plunge of A,N    320.42    13.99    53.98    14.00
     Lower Hem. Trend & Plunge of B    187.21    70.00
     Lower Hem. Trend, Plunge of P,T     97.20     0.00     7.20    20.00
     MRR = 0.12  MTT = 0.85  MPP =-0.97  MRT = 0.32  MRP =-0.04  MTP =-0.23
     Dip,Strike,Rake     72.77   143.17    10.31
     Dip,Strike,Rake     80.16    50.09   162.50   Auxiliary Plane
     Lower Hem. Trend, Plunge of A,N    320.09     9.84    53.17    17.23
     Lower Hem. Trend & Plunge of B    201.61    70.00
     Lower Hem. Trend, Plunge of P,T     97.47     5.08     5.69    19.29
     MRR = 0.10  MTT = 0.87  MPP =-0.97  MRT = 0.32  MRP = 0.06  MTP =-0.22
     Dip,Strike,Rake     70.71   141.92     5.38
     Dip,Strike,Rake     84.92    50.14   160.63   Auxiliary Plane
     Lower Hem. Trend, Plunge of A,N    320.14     5.08    51.92    19.29
     Lower Hem. Trend & Plunge of B    216.01    70.00
     Lower Hem. Trend, Plunge of P,T     97.52     9.85     4.44    17.23
     MRR = 0.06  MTT = 0.89  MPP =-0.95  MRT = 0.30  MRP = 0.15  MTP =-0.20
     Dip,Strike,Rake     71.94   142.81    -8.74
     Dip,Strike,Rake     81.69   235.54  -161.74   Auxiliary Plane
     Lower Hem. Trend, Plunge of A,N    145.54     8.31    52.81    18.06
     Lower Hem. Trend & Plunge of B    259.19    70.00
     Lower Hem. Trend, Plunge of P,T    100.38    18.75     8.08     6.72
     MRR =-0.09  MTT = 0.94  MPP =-0.85  MRT = 0.17  MRP = 0.28  MTP =-0.30
     Dip,Strike,Rake     74.81   141.84   -13.17
     Dip,Strike,Rake     77.30   235.35  -164.42   Auxiliary Plane
     Lower Hem. Trend, Plunge of A,N    145.35    12.70    51.84    15.19
     Lower Hem. Trend & Plunge of B    273.61    70.00
     Lower Hem. Trend, Plunge of P,T     98.92    19.92     8.30     1.71
     MRR =-0.12  MTT = 0.96  MPP =-0.84  MRT = 0.08  MRP = 0.31  MTP =-0.28
     Dip,Strike,Rake     78.69   141.34   -16.60
     Dip,Strike,Rake     73.73   234.69  -168.21   Auxiliary Plane
     Lower Hem. Trend, Plunge of A,N    144.69    16.27    51.34    11.31
     Lower Hem. Trend & Plunge of B    288.00    70.00
     Lower Hem. Trend, Plunge of P,T     97.37    19.68   188.59     3.41
     MRR =-0.11  MTT = 0.96  MPP =-0.85  MRT =-0.02  MRP = 0.32  MTP =-0.26
     Dip,Strike,Rake     76.43   320.02    -6.46
     Dip,Strike,Rake     83.72    51.54  -166.35   Auxiliary Plane
     Lower Hem. Trend, Plunge of A,N    321.54     6.28   230.02    13.57
     Lower Hem. Trend & Plunge of B     75.78    75.00
     Lower Hem. Trend, Plunge of P,T    276.44    14.08   185.16     5.08
     MRR =-0.05  MTT = 0.97  MPP =-0.92  MRT =-0.11  MRP =-0.23  MTP =-0.19
     Dip,Strike,Rake     79.45   318.74   -10.73
     Dip,Strike,Rake     79.45    50.73  -169.27   Auxiliary Plane
     Lower Hem. Trend, Plunge of A,N    320.73    10.55   228.74    10.55
     Lower Hem. Trend & Plunge of B     94.72    75.00
     Lower Hem. Trend, Plunge of P,T    274.73    15.00     4.73     0.00
     MRR =-0.07  MTT = 0.99  MPP =-0.92  MRT =-0.02  MRP =-0.25  MTP =-0.16
     Dip,Strike,Rake     83.72   317.93   -13.65
     Dip,Strike,Rake     76.43    49.45  -173.54   Auxiliary Plane
     Lower Hem. Trend, Plunge of A,N    319.45    13.57   227.93     6.28
     Lower Hem. Trend & Plunge of B    113.68    75.00
     Lower Hem. Trend, Plunge of P,T    273.04    14.08     4.31     5.08
     MRR =-0.05  MTT = 0.98  MPP =-0.93  MRT = 0.08  MRP =-0.24  MTP =-0.12
     Dip,Strike,Rake     87.42   322.30   -14.78
     Dip,Strike,Rake     75.24    52.98  -177.33   Auxiliary Plane
     Lower Hem. Trend, Plunge of A,N    322.98    14.76   232.30     2.58
     Lower Hem. Trend & Plunge of B    132.62    75.00
     Lower Hem. Trend, Plunge of P,T    276.70    12.24     8.56     8.53
     MRR =-0.02  MTT = 0.94  MPP =-0.92  MRT = 0.12  MRP =-0.23  MTP =-0.25
     Dip,Strike,Rake     87.42   141.91    14.78
     Dip,Strike,Rake     75.24    51.23   177.33   Auxiliary Plane
     Lower Hem. Trend, Plunge of A,N    321.23    14.76    51.91     2.58
     Lower Hem. Trend & Plunge of B    151.59    75.00
     Lower Hem. Trend, Plunge of P,T    275.65     8.53     7.51    12.24
     MRR = 0.02  MTT = 0.93  MPP =-0.95  MRT = 0.19  MRP =-0.17  MTP =-0.22
     Dip,Strike,Rake     82.56   141.38    13.06
     Dip,Strike,Rake     77.05    49.66   172.36   Auxiliary Plane
     Lower Hem. Trend, Plunge of A,N    319.66    12.95    51.38     7.44
     Lower Hem. Trend & Plunge of B    170.55    75.00
     Lower Hem. Trend, Plunge of P,T    275.04     3.83     6.03    14.48
     MRR = 0.06  MTT = 0.92  MPP =-0.98  MRT = 0.23  MRP =-0.09  MTP =-0.19
     Dip,Strike,Rake     76.43   144.19     6.46
     Dip,Strike,Rake     83.72    52.67   166.35   Auxiliary Plane
     Lower Hem. Trend, Plunge of A,N    322.67     6.28    54.19    13.57
     Lower Hem. Trend & Plunge of B    208.43    75.00
     Lower Hem. Trend, Plunge of P,T     99.05     5.08     7.77    14.08
     MRR = 0.05  MTT = 0.90  MPP =-0.95  MRT = 0.25  MRP = 0.06  MTP =-0.28
     Dip,Strike,Rake     75.06   142.54     1.34
     Dip,Strike,Rake     88.71    52.19   165.06   Auxiliary Plane
     Lower Hem. Trend, Plunge of A,N    322.19     1.29    52.54    14.94
     Lower Hem. Trend & Plunge of B    227.36    75.00
     Lower Hem. Trend, Plunge of P,T     98.34     9.57     6.38    11.44
     MRR = 0.01  MTT = 0.93  MPP =-0.94  MRT = 0.22  MRP = 0.14  MTP =-0.25
     Dip,Strike,Rake     75.52   140.81    -3.97
     Dip,Strike,Rake     86.16   231.80  -165.49   Auxiliary Plane
     Lower Hem. Trend, Plunge of A,N    141.80     3.84    50.81    14.48
     Lower Hem. Trend & Plunge of B    246.32    75.00
     Lower Hem. Trend, Plunge of P,T     97.18    12.96     5.46     7.44
     MRR =-0.03  MTT = 0.96  MPP =-0.93  MRT = 0.16  MRP = 0.20  MTP =-0.21
     Dip,Strike,Rake     80.42   143.24   -11.60
     Dip,Strike,Rake     78.56   235.20  -170.22   Auxiliary Plane
     Lower Hem. Trend, Plunge of A,N    145.20    11.44    53.24     9.58
     Lower Hem. Trend & Plunge of B    284.21    75.00
     Lower Hem. Trend, Plunge of P,T     99.04    14.94   189.38     1.29
     MRR =-0.07  MTT = 0.95  MPP =-0.88  MRT = 0.02  MRP = 0.25  MTP =-0.31
     Dip,Strike,Rake     84.92   142.53   -14.13
     Dip,Strike,Rake     75.93   233.81  -174.76   Auxiliary Plane
     Lower Hem. Trend, Plunge of A,N    143.81    14.07    52.53     5.08
     Lower Hem. Trend & Plunge of B    303.15    75.00
     Lower Hem. Trend, Plunge of P,T     97.39    13.57   188.91     6.28
     MRR =-0.04  MTT = 0.95  MPP =-0.91  MRT =-0.08  MRP = 0.24  MTP =-0.27
     Dip,Strike,Rake     85.02   320.39    -8.68
     Dip,Strike,Rake     81.35    51.15  -174.96   Auxiliary Plane
     Lower Hem. Trend, Plunge of A,N    321.15     8.65   230.39     4.98
     Lower Hem. Trend & Plunge of B    110.77    80.00
     Lower Hem. Trend, Plunge of P,T    275.55     9.65     5.99     2.58
     MRR =-0.03  MTT = 0.98  MPP =-0.95  MRT = 0.03  MRP =-0.17  MTP =-0.20
     Dip,Strike,Rake     85.79   141.49     9.08
     Dip,Strike,Rake     80.94    50.82   175.74   Auxiliary Plane
     Lower Hem. Trend, Plunge of A,N    320.82     9.06    51.49     4.21
     Lower Hem. Trend & Plunge of B    166.16    80.00
     Lower Hem. Trend, Plunge of P,T    275.88     3.40     6.44     9.39
     MRR = 0.02  MTT = 0.95  MPP =-0.97  MRT = 0.15  MRP =-0.08  MTP =-0.21
     Dip,Strike,Rake     80.15   141.69     1.75
     Dip,Strike,Rake     88.28    51.39   170.15   Auxiliary Plane
     Lower Hem. Trend, Plunge of A,N    321.39     1.72    51.69     9.85
     Lower Hem. Trend & Plunge of B    221.56    80.00
     Lower Hem. Trend, Plunge of P,T     96.95     5.72     6.13     8.18
     MRR = 0.01  MTT = 0.95  MPP =-0.96  MRT = 0.15  MRP = 0.08  MTP =-0.22
     Dip,Strike,Rake     80.34   144.01    -2.61
     Dip,Strike,Rake     87.43   234.45  -170.33   Auxiliary Plane
     Lower Hem. Trend, Plunge of A,N    144.45     2.57    54.01     9.66
     Lower Hem. Trend & Plunge of B    249.21    80.00
     Lower Hem. Trend, Plunge of P,T     99.61     8.65     8.85     4.99
     MRR =-0.02  MTT = 0.94  MPP =-0.93  MRT = 0.11  MRP = 0.13  MTP =-0.31
     Dip,Strike,Rake     82.95   141.48    -7.11
     Dip,Strike,Rake     82.94   232.36  -172.90   Auxiliary Plane
     Lower Hem. Trend, Plunge of A,N    142.36     7.06    51.48     7.05
     Lower Hem. Trend & Plunge of B    276.94    80.00
     Lower Hem. Trend, Plunge of P,T     96.92    10.00   186.92     0.00
     MRR =-0.03  MTT = 0.97  MPP =-0.94  MRT = 0.02  MRP = 0.17  MTP =-0.24
     Dip,Strike,Rake     88.29   319.93    -4.70
     Dip,Strike,Rake     85.30    50.07  -178.28   Auxiliary Plane
     Lower Hem. Trend, Plunge of A,N    320.07     4.70   229.93     1.71
     Lower Hem. Trend & Plunge of B    119.98    85.00
     Lower Hem. Trend, Plunge of P,T    274.92     4.53     5.08     2.11
     MRR =-0.00  MTT = 0.98  MPP =-0.98  MRT = 0.03  MRP =-0.08  MTP =-0.17
