  Mon Oct 16 12:43:02 2023 for program Focmec
 Event 8703270729 4 UW errors max
 Input from a file puna_200906162050_p.inp
 200906162050

 Statn  Azimuth    TOA   Key  Log10 Ratio  NumPol  DenTOA  Comment
  EW03   186.3     80.8   U                                IP
  BB11   193.6     80.7   +                                IP
 Including emergent polarity picks
  EW01   205.0     81.0   U                                IP
  NS16   209.4     80.4   +                                IP..
  NS15   210.6     80.5   +                                IP
  NS10   222.9     80.6   +                                IP
  EW10   225.8     80.8   +                                IP
  NS04   239.8     81.7   -                                IP
  NS03   249.1     81.7   D                                IP
  NS02   258.8     81.8   D                                IP
  NS01   267.4     81.9   D                                IP
  NS19   272.4     82.2   D                                IP
  BB05   272.0     80.6   -                                IP
  NS20   281.9     82.5   D                                IP
  BB06   288.4     80.5   -                                IP
  NS21   291.8     83.2   D                                IP
  NS22   299.6     82.9   D                                IP
  GALA   310.7     88.6   D                                IP
  NS23   308.4     82.5   -                                IP
  NS24   313.0     81.5   -                                IP
  NS25   317.9     81.0   -                                IP
  NS26   322.9     80.8   U                                IP
  BB21    50.7     80.8   +                                IP
  BB17    77.5     81.6   D                                IP
  EW07   146.4     80.8   +                                IP
  BB18   150.8     84.5   U                                IP
  EW05   155.6     80.8   U                                IP
  BB14   158.5     80.5   +                                IP
  BB15   168.6     80.7   +                                IP
  EW04   169.5     80.8   U                                IP
  BB13   178.0     80.5   +                                IP
 Polarities/Errors:  P 031/00  SV 000/00  SH 000/00
 There are no amplitude ratio data
 The minimum, increment and maximum B axis trend:     0.00    5.00  355.00
 The limits for the B axis plunge:     0.00    5.00   90.00
 The limits for Angle:     0.00    5.00  175.00
 ++++++++++++++++++++++++++++++++++++++++++++++++++++++++++++++++++++++++++++

     Dip,Strike,Rake     81.35   318.59   -59.62
     Dip,Strike,Rake     31.47    62.97  -163.26   Auxiliary Plane
     Lower Hem. Trend, Plunge of A,N    332.97    58.53   228.59     8.65
     Lower Hem. Trend, Plunge of P,T    259.08    45.19    24.25    29.78
     B trend, B plunge, Angle:  133.55  30.00 100.00
++++++++++++++++++++++++++++++++++++++++++++++++++++++++++++++++++++++++++++++++

     Dip,Strike,Rake     39.67   310.82   -26.03
     Dip,Strike,Rake     73.73    61.43  -126.69   Auxiliary Plane
     Lower Hem. Trend, Plunge of A,N    331.43    16.27   220.82    50.33
     Lower Hem. Trend, Plunge of P,T    292.33    47.94   178.19    20.25
     B trend, B plunge, Angle:   73.22  35.00 160.00
++++++++++++++++++++++++++++++++++++++++++++++++++++++++++++++++++++++++++++++++

     Dip,Strike,Rake     77.76   316.87   -54.06
     Dip,Strike,Rake     37.70    63.18  -159.71   Auxiliary Plane
     Lower Hem. Trend, Plunge of A,N    333.18    52.30   226.87    12.24
     Lower Hem. Trend, Plunge of P,T    262.95    45.19    19.81    24.18
     B trend, B plunge, Angle:  128.14  35.00 105.00
++++++++++++++++++++++++++++++++++++++++++++++++++++++++++++++++++++++++++++++++

     Dip,Strike,Rake     81.82   320.01   -54.59
     Dip,Strike,Rake     36.22    61.33  -166.07   Auxiliary Plane
     Lower Hem. Trend, Plunge of A,N    331.33    53.78   230.01     8.18
     Lower Hem. Trend, Plunge of P,T    263.56    42.15    22.36    28.02
     B trend, B plunge, Angle:  134.24  35.00 100.00
++++++++++++++++++++++++++++++++++++++++++++++++++++++++++++++++++++++++++++++++

     Dip,Strike,Rake     43.96   312.48   -22.18
     Dip,Strike,Rake     74.81    58.83  -131.76   Auxiliary Plane
     Lower Hem. Trend, Plunge of A,N    328.83    15.19   222.48    46.04
     Lower Hem. Trend, Plunge of P,T    287.96    43.97   178.69    18.89
     B trend, B plunge, Angle:   72.00  40.00 160.00
++++++++++++++++++++++++++++++++++++++++++++++++++++++++++++++++++++++++++++++++

     Dip,Strike,Rake     46.03   312.59   -26.73
     Dip,Strike,Rake     71.11    61.86  -132.79   Auxiliary Plane
     Lower Hem. Trend, Plunge of A,N    331.86    18.89   222.59    43.97
     Lower Hem. Trend, Plunge of P,T    288.07    46.04   181.71    15.19
     B trend, B plunge, Angle:   78.55  40.00 155.00
++++++++++++++++++++++++++++++++++++++++++++++++++++++++++++++++++++++++++++++++

     Dip,Strike,Rake     74.81   317.53   -48.24
     Dip,Strike,Rake     43.96    63.88  -157.82   Auxiliary Plane
     Lower Hem. Trend, Plunge of A,N    333.88    46.04   227.53    15.19
     Lower Hem. Trend, Plunge of P,T    268.40    43.97    17.68    18.89
     B trend, B plunge, Angle:  124.36  40.00 110.00
++++++++++++++++++++++++++++++++++++++++++++++++++++++++++++++++++++++++++++++++

     Dip,Strike,Rake     78.56   320.68   -49.02
     Dip,Strike,Rake     42.27    63.54  -162.86   Auxiliary Plane
     Lower Hem. Trend, Plunge of A,N    333.54    47.73   230.68    11.44
     Lower Hem. Trend, Plunge of P,T    268.98    41.56    20.55    22.52
     B trend, B plunge, Angle:  130.91  40.00 105.00
++++++++++++++++++++++++++++++++++++++++++++++++++++++++++++++++++++++++++++++++

     Dip,Strike,Rake     46.92   312.78   -14.51
     Dip,Strike,Rake     79.45    52.80  -135.99   Auxiliary Plane
     Lower Hem. Trend, Plunge of A,N    322.80    10.55   222.78    43.08
     Lower Hem. Trend, Plunge of P,T    282.76    37.76   175.74    20.70
     B trend, B plunge, Angle:   63.53  45.00 165.00
++++++++++++++++++++++++++++++++++++++++++++++++++++++++++++++++++++++++++++++++

     Dip,Strike,Rake     48.36   313.35   -18.88
     Dip,Strike,Rake     76.00    56.16  -136.78   Auxiliary Plane
     Lower Hem. Trend, Plunge of A,N    326.16    14.00   223.35    41.64
     Lower Hem. Trend, Plunge of P,T    283.99    39.86   178.84    17.39
     B trend, B plunge, Angle:   70.59  45.00 160.00
++++++++++++++++++++++++++++++++++++++++++++++++++++++++++++++++++++++++++++++++

     Dip,Strike,Rake     50.14   314.24   -22.91
     Dip,Strike,Rake     72.61    59.40  -137.81   Auxiliary Plane
     Lower Hem. Trend, Plunge of A,N    329.40    17.39   224.24    39.86
     Lower Hem. Trend, Plunge of P,T    284.88    41.64   182.08    14.00
     B trend, B plunge, Angle:   77.65  45.00 155.00
++++++++++++++++++++++++++++++++++++++++++++++++++++++++++++++++++++++++++++++++

     Dip,Strike,Rake     52.24   315.47   -26.57
     Dip,Strike,Rake     69.30    62.50  -139.11   Auxiliary Plane
     Lower Hem. Trend, Plunge of A,N    332.50    20.70   225.47    37.76
     Lower Hem. Trend, Plunge of P,T    285.46    43.08   185.43    10.55
     B trend, B plunge, Angle:   84.71  45.00 150.00
++++++++++++++++++++++++++++++++++++++++++++++++++++++++++++++++++++++++++++++++

     Dip,Strike,Rake     60.00   314.09   -35.26
     Dip,Strike,Rake     60.00    63.56  -144.74   Auxiliary Plane
     Lower Hem. Trend, Plunge of A,N    333.56    30.00   224.09    30.00
     Lower Hem. Trend, Plunge of P,T    278.82    45.00   188.82     0.00
     B trend, B plunge, Angle:   98.82  45.00 135.00
++++++++++++++++++++++++++++++++++++++++++++++++++++++++++++++++++++++++++++++++

     Dip,Strike,Rake     69.30   315.15   -40.89
     Dip,Strike,Rake     52.24    62.17  -153.43   Auxiliary Plane
     Lower Hem. Trend, Plunge of A,N    332.17    37.76   225.15    20.70
     Lower Hem. Trend, Plunge of P,T    272.19    43.08    12.21    10.55
     B trend, B plunge, Angle:  112.94  45.00 120.00
++++++++++++++++++++++++++++++++++++++++++++++++++++++++++++++++++++++++++++++++

     Dip,Strike,Rake     72.61   318.25   -42.19
     Dip,Strike,Rake     50.14    63.40  -157.09   Auxiliary Plane
     Lower Hem. Trend, Plunge of A,N    333.40    39.86   228.25    17.39
     Lower Hem. Trend, Plunge of P,T    272.76    41.64    15.57    14.00
     B trend, B plunge, Angle:  120.00  45.00 115.00
++++++++++++++++++++++++++++++++++++++++++++++++++++++++++++++++++++++++++++++++

     Dip,Strike,Rake     79.45   317.79   -44.01
     Dip,Strike,Rake     46.92    57.81  -165.49   Auxiliary Plane
     Lower Hem. Trend, Plunge of A,N    327.81    43.08   227.79    10.55
     Lower Hem. Trend, Plunge of P,T    267.83    37.76    14.85    20.70
     B trend, B plunge, Angle:  127.06  45.00 105.00
++++++++++++++++++++++++++++++++++++++++++++++++++++++++++++++++++++++++++++++++

     Dip,Strike,Rake     82.95   321.22   -44.56
     Dip,Strike,Rake     45.86    58.12  -170.15   Auxiliary Plane
     Lower Hem. Trend, Plunge of A,N    328.12    44.14   231.22     7.05
     Lower Hem. Trend, Plunge of P,T    269.40    35.40    17.78    23.93
     B trend, B plunge, Angle:  134.12  45.00 100.00
++++++++++++++++++++++++++++++++++++++++++++++++++++++++++++++++++++++++++++++++

     Dip,Strike,Rake     51.62   313.33   -12.25
     Dip,Strike,Rake     80.42    51.01  -140.97   Auxiliary Plane
     Lower Hem. Trend, Plunge of A,N    321.01     9.58   223.33    38.38
     Lower Hem. Trend, Plunge of P,T    279.61    33.83   176.47    18.75
     B trend, B plunge, Angle:   62.61  50.00 165.00
++++++++++++++++++++++++++++++++++++++++++++++++++++++++++++++++++++++++++++++++

     Dip,Strike,Rake     52.84   315.02   -16.01
     Dip,Strike,Rake     77.30    54.86  -141.74   Auxiliary Plane
     Lower Hem. Trend, Plunge of A,N    324.86    12.70   225.02    37.16
     Lower Hem. Trend, Plunge of P,T    281.76    35.63   180.09    15.76
     B trend, B plunge, Angle:   70.43  50.00 160.00
++++++++++++++++++++++++++++++++++++++++++++++++++++++++++++++++++++++++++++++++

     Dip,Strike,Rake     58.23   313.66   -25.70
     Dip,Strike,Rake     68.37    57.88  -145.50   Auxiliary Plane
     Lower Hem. Trend, Plunge of A,N    327.88    21.63   223.66    31.77
     Lower Hem. Trend, Plunge of P,T    279.05    39.27   183.78     6.41
     B trend, B plunge, Angle:   86.09  50.00 145.00
++++++++++++++++++++++++++++++++++++++++++++++++++++++++++++++++++++++++++++++++

     Dip,Strike,Rake     60.50   316.31   -28.34
     Dip,Strike,Rake     65.60    61.18  -147.27   Auxiliary Plane
     Lower Hem. Trend, Plunge of A,N    331.18    24.40   226.31    29.50
     Lower Hem. Trend, Plunge of P,T    280.43    39.82   187.75     3.21
     B trend, B plunge, Angle:   93.91  50.00 140.00
++++++++++++++++++++++++++++++++++++++++++++++++++++++++++++++++++++++++++++++++

     Dip,Strike,Rake     65.60   314.47   -32.73
     Dip,Strike,Rake     60.50    59.35  -151.66   Auxiliary Plane
     Lower Hem. Trend, Plunge of A,N    329.35    29.50   224.47    24.40
     Lower Hem. Trend, Plunge of P,T    275.22    39.82     7.90     3.21
     B trend, B plunge, Angle:  101.74  50.00 130.00
++++++++++++++++++++++++++++++++++++++++++++++++++++++++++++++++++++++++++++++++

     Dip,Strike,Rake     68.37   317.77   -34.50
     Dip,Strike,Rake     58.23    61.99  -154.30   Auxiliary Plane
     Lower Hem. Trend, Plunge of A,N    331.99    31.77   227.77    21.63
     Lower Hem. Trend, Plunge of P,T    276.60    39.27    11.87     6.41
     B trend, B plunge, Angle:  109.57  50.00 125.00
++++++++++++++++++++++++++++++++++++++++++++++++++++++++++++++++++++++++++++++++

     Dip,Strike,Rake     74.24   317.05   -37.25
     Dip,Strike,Rake     54.37    58.72  -160.47   Auxiliary Plane
     Lower Hem. Trend, Plunge of A,N    328.72    35.63   227.05    15.76
     Lower Hem. Trend, Plunge of P,T    271.98    37.16    11.81    12.70
     B trend, B plunge, Angle:  117.39  50.00 115.00
++++++++++++++++++++++++++++++++++++++++++++++++++++++++++++++++++++++++++++++++

     Dip,Strike,Rake     80.42   316.82   -39.03
     Dip,Strike,Rake     51.62    54.50  -167.75   Auxiliary Plane
     Lower Hem. Trend, Plunge of A,N    324.50    38.38   226.82     9.58
     Lower Hem. Trend, Plunge of P,T    268.21    33.83    11.36    18.75
     B trend, B plunge, Angle:  125.22  50.00 105.00
++++++++++++++++++++++++++++++++++++++++++++++++++++++++++++++++++++++++++++++++

     Dip,Strike,Rake     83.59   320.74   -39.57
     Dip,Strike,Rake     50.73    56.01  -171.71   Auxiliary Plane
     Lower Hem. Trend, Plunge of A,N    326.01    39.27   230.74     6.41
     Lower Hem. Trend, Plunge of P,T    270.61    31.77    14.83    21.63
     B trend, B plunge, Angle:  133.04  50.00 100.00
++++++++++++++++++++++++++++++++++++++++++++++++++++++++++++++++++++++++++++++++

     Dip,Strike,Rake     57.39   316.29   -13.47
     Dip,Strike,Rake     78.69    53.64  -146.66   Auxiliary Plane
     Lower Hem. Trend, Plunge of A,N    323.64    11.31   226.29    32.61
     Lower Hem. Trend, Plunge of P,T    279.89    31.32   181.15    14.03
     B trend, B plunge, Angle:   70.24  55.00 160.00
++++++++++++++++++++++++++++++++++++++++++++++++++++++++++++++++++++++++++++++++

     Dip,Strike,Rake     60.22   313.85   -19.30
     Dip,Strike,Rake     73.33    53.71  -148.77   Auxiliary Plane
     Lower Hem. Trend, Plunge of A,N    323.71    16.67   223.85    29.78
     Lower Hem. Trend, Plunge of P,T    277.14    33.64   181.40     8.54
     B trend, B plunge, Angle:   79.02  55.00 150.00
++++++++++++++++++++++++++++++++++++++++++++++++++++++++++++++++++++++++++++++++

     Dip,Strike,Rake     61.98   317.28   -21.88
     Dip,Strike,Rake     70.79    57.97  -150.16   Auxiliary Plane
     Lower Hem. Trend, Plunge of A,N    327.97    19.21   227.28    28.02
     Lower Hem. Trend, Plunge of P,T    279.95    34.39   186.02     5.72
     B trend, B plunge, Angle:   87.80  55.00 145.00
++++++++++++++++++++++++++++++++++++++++++++++++++++++++++++++++++++++++++++++++

     Dip,Strike,Rake     66.07   315.91   -26.34
     Dip,Strike,Rake     66.07    57.26  -153.66   Auxiliary Plane
     Lower Hem. Trend, Plunge of A,N    327.26    23.93   225.91    23.93
     Lower Hem. Trend, Plunge of P,T    276.59    35.00   186.59     0.00
     B trend, B plunge, Angle:   96.59  55.00 135.00
++++++++++++++++++++++++++++++++++++++++++++++++++++++++++++++++++++++++++++++++

     Dip,Strike,Rake     70.79   315.20   -29.84
     Dip,Strike,Rake     61.98    55.89  -158.12   Auxiliary Plane
     Lower Hem. Trend, Plunge of A,N    325.89    28.02   225.20    19.21
     Lower Hem. Trend, Plunge of P,T    273.22    34.39     7.15     5.72
     B trend, B plunge, Angle:  105.37  55.00 125.00
++++++++++++++++++++++++++++++++++++++++++++++++++++++++++++++++++++++++++++++++

     Dip,Strike,Rake     73.33   319.46   -31.23
     Dip,Strike,Rake     60.22    59.32  -160.70   Auxiliary Plane
     Lower Hem. Trend, Plunge of A,N    329.32    29.78   229.46    16.67
     Lower Hem. Trend, Plunge of P,T    276.03    33.64    11.77     8.54
     B trend, B plunge, Angle:  114.15  55.00 120.00
++++++++++++++++++++++++++++++++++++++++++++++++++++++++++++++++++++++++++++++++

     Dip,Strike,Rake     78.69   319.53   -33.34
     Dip,Strike,Rake     57.39    56.88  -166.53   Auxiliary Plane
     Lower Hem. Trend, Plunge of A,N    326.88    32.61   229.53    11.31
     Lower Hem. Trend, Plunge of P,T    273.28    31.32    12.02    14.03
     B trend, B plunge, Angle:  122.93  55.00 110.00
++++++++++++++++++++++++++++++++++++++++++++++++++++++++++++++++++++++++++++++++

     Dip,Strike,Rake     84.28   319.93   -34.59
     Dip,Strike,Rake     55.61    53.86  -173.07   Auxiliary Plane
     Lower Hem. Trend, Plunge of A,N    323.86    34.39   229.93     5.72
     Lower Hem. Trend, Plunge of P,T    271.18    28.02    11.87    19.21
     B trend, B plunge, Angle:  131.71  55.00 100.00
++++++++++++++++++++++++++++++++++++++++++++++++++++++++++++++++++++++++++++++++

     Dip,Strike,Rake     61.98   317.20   -11.17
     Dip,Strike,Rake     80.15    52.50  -151.52   Auxiliary Plane
     Lower Hem. Trend, Plunge of A,N    322.50     9.85   227.20    28.02
     Lower Hem. Trend, Plunge of P,T    278.30    26.95   181.99    12.20
     B trend, B plunge, Angle:   70.00  60.00 160.00
++++++++++++++++++++++++++++++++++++++++++++++++++++++++++++++++++++++++++++++++

     Dip,Strike,Rake     64.34   316.31   -16.10
     Dip,Strike,Rake     75.52    53.43  -153.43   Auxiliary Plane
     Lower Hem. Trend, Plunge of A,N    323.43    14.48   226.31    25.66
     Lower Hem. Trend, Plunge of P,T    277.19    28.88   183.06     7.44
     B trend, B plunge, Angle:   80.00  60.00 150.00
++++++++++++++++++++++++++++++++++++++++++++++++++++++++++++++++++++++++++++++++

     Dip,Strike,Rake     67.48   315.90   -20.36
     Dip,Strike,Rake     71.25    53.99  -156.14   Auxiliary Plane
     Lower Hem. Trend, Plunge of A,N    323.99    18.75   225.90    22.52
     Lower Hem. Trend, Plunge of P,T    275.77    29.87   184.33     2.50
     B trend, B plunge, Angle:   90.00  60.00 140.00
++++++++++++++++++++++++++++++++++++++++++++++++++++++++++++++++++++++++++++++++

     Dip,Strike,Rake     71.25   316.01   -23.86
     Dip,Strike,Rake     67.48    54.10  -159.64   Auxiliary Plane
     Lower Hem. Trend, Plunge of A,N    324.10    22.52   226.01    18.75
     Lower Hem. Trend, Plunge of P,T    274.23    29.87     5.67     2.50
     B trend, B plunge, Angle:  100.00  60.00 130.00
++++++++++++++++++++++++++++++++++++++++++++++++++++++++++++++++++++++++++++++++

     Dip,Strike,Rake     75.52   316.57   -26.57
     Dip,Strike,Rake     64.34    53.69  -163.90   Auxiliary Plane
     Lower Hem. Trend, Plunge of A,N    323.69    25.66   226.57    14.48
     Lower Hem. Trend, Plunge of P,T    272.81    28.88     6.94     7.44
     B trend, B plunge, Angle:  110.00  60.00 120.00
++++++++++++++++++++++++++++++++++++++++++++++++++++++++++++++++++++++++++++++++

     Dip,Strike,Rake     80.15   317.50   -28.48
     Dip,Strike,Rake     61.98    52.80  -168.83   Auxiliary Plane
     Lower Hem. Trend, Plunge of A,N    322.80    28.02   227.50     9.85
     Lower Hem. Trend, Plunge of P,T    271.70    26.95     8.01    12.20
     B trend, B plunge, Angle:  120.00  60.00 110.00
++++++++++++++++++++++++++++++++++++++++++++++++++++++++++++++++++++++++++++++++

     Dip,Strike,Rake     85.02   318.68   -29.62
     Dip,Strike,Rake     60.50    51.51  -174.27   Auxiliary Plane
     Lower Hem. Trend, Plunge of A,N    321.51    29.50   228.68     4.98
     Lower Hem. Trend, Plunge of P,T    271.04    24.18     8.77    16.67
     B trend, B plunge, Angle:  130.00  60.00 100.00
++++++++++++++++++++++++++++++++++++++++++++++++++++++++++++++++++++++++++++++++

     Dip,Strike,Rake     67.48   314.77   -11.15
     Dip,Strike,Rake     79.71    49.09  -157.09   Auxiliary Plane
     Lower Hem. Trend, Plunge of A,N    319.09    10.29   224.77    22.52
     Lower Hem. Trend, Plunge of P,T    273.88    23.40   180.26     8.31
     B trend, B plunge, Angle:   72.00  65.00 155.00
++++++++++++++++++++++++++++++++++++++++++++++++++++++++++++++++++++++++++++++++

     Dip,Strike,Rake     69.75   316.31   -14.97
     Dip,Strike,Rake     75.97    51.60  -159.09   Auxiliary Plane
     Lower Hem. Trend, Plunge of A,N    321.60    14.03   226.31    20.25
     Lower Hem. Trend, Plunge of P,T    275.01    24.59   183.08     4.21
     B trend, B plunge, Angle:   84.00  65.00 145.00
++++++++++++++++++++++++++++++++++++++++++++++++++++++++++++++++++++++++++++++++

     Dip,Strike,Rake     72.61   318.19   -18.25
     Dip,Strike,Rake     72.61    53.81  -161.75   Auxiliary Plane
     Lower Hem. Trend, Plunge of A,N    323.81    17.39   228.19    17.39
     Lower Hem. Trend, Plunge of P,T    276.00    25.00   186.00     0.00
     B trend, B plunge, Angle:   96.00  65.00 135.00
++++++++++++++++++++++++++++++++++++++++++++++++++++++++++++++++++++++++++++++++

     Dip,Strike,Rake     75.97   320.40   -20.91
     Dip,Strike,Rake     69.75    55.69  -165.03   Auxiliary Plane
     Lower Hem. Trend, Plunge of A,N    325.69    20.25   230.40    14.03
     Lower Hem. Trend, Plunge of P,T    276.99    24.59     8.92     4.21
     B trend, B plunge, Angle:  108.00  65.00 125.00
++++++++++++++++++++++++++++++++++++++++++++++++++++++++++++++++++++++++++++++++

     Dip,Strike,Rake     81.69   318.26   -23.66
     Dip,Strike,Rake     66.60    51.88  -170.94   Auxiliary Plane
     Lower Hem. Trend, Plunge of A,N    321.88    23.40   228.26     8.31
     Lower Hem. Trend, Plunge of P,T    272.77    22.52     7.09    10.29
     B trend, B plunge, Angle:  120.00  65.00 110.00
++++++++++++++++++++++++++++++++++++++++++++++++++++++++++++++++++++++++++++++++

     Dip,Strike,Rake     85.79   321.08   -24.67
     Dip,Strike,Rake     65.41    53.01  -175.37   Auxiliary Plane
     Lower Hem. Trend, Plunge of A,N    323.01    24.59   231.08     4.21
     Lower Hem. Trend, Plunge of P,T    274.31    20.25     9.60    14.03
     B trend, B plunge, Angle:  132.00  65.00 100.00
++++++++++++++++++++++++++++++++++++++++++++++++++++++++++++++++++++++++++++++++

     Dip,Strike,Rake     68.53   141.50   -13.12
     Dip,Strike,Rake     77.80   236.38  -158.01   Auxiliary Plane
     Lower Hem. Trend, Plunge of A,N    146.38    12.20    51.50    21.47
     Lower Hem. Trend, Plunge of P,T    100.47    24.09     7.65     6.28
     B trend, B plunge, Angle:  264.00  65.00 150.00
++++++++++++++++++++++++++++++++++++++++++++++++++++++++++++++++++++++++++++++++

     Dip,Strike,Rake     75.97   140.40   -20.91
     Dip,Strike,Rake     69.75   235.69  -165.03   Auxiliary Plane
     Lower Hem. Trend, Plunge of A,N    145.69    20.25    50.40    14.03
     Lower Hem. Trend, Plunge of P,T     96.99    24.59   188.92     4.21
     B trend, B plunge, Angle:  288.00  65.00 125.00
++++++++++++++++++++++++++++++++++++++++++++++++++++++++++++++++++++++++++++++++

     Dip,Strike,Rake     73.73   319.71   -11.79
     Dip,Strike,Rake     78.69    53.06  -163.40   Auxiliary Plane
     Lower Hem. Trend, Plunge of A,N    323.06    11.31   229.71    16.27
     Lower Hem. Trend, Plunge of P,T    277.03    19.68   185.81     3.40
     B trend, B plunge, Angle:   86.40  70.00 145.00
++++++++++++++++++++++++++++++++++++++++++++++++++++++++++++++++++++++++++++++++

     Dip,Strike,Rake     77.30   319.06   -15.58
     Dip,Strike,Rake     74.81    52.56  -166.83   Auxiliary Plane
     Lower Hem. Trend, Plunge of A,N    322.56    15.19   229.06    12.70
     Lower Hem. Trend, Plunge of P,T    275.48    19.92     6.10     1.71
     B trend, B plunge, Angle:  100.80  70.00 130.00
++++++++++++++++++++++++++++++++++++++++++++++++++++++++++++++++++++++++++++++++

     Dip,Strike,Rake     81.69   318.86   -18.26
     Dip,Strike,Rake     71.94    51.59  -171.26   Auxiliary Plane
     Lower Hem. Trend, Plunge of A,N    321.59    18.06   228.86     8.31
     Lower Hem. Trend, Plunge of P,T    274.03    18.75     6.32     6.72
     B trend, B plunge, Angle:  115.20  70.00 115.00
++++++++++++++++++++++++++++++++++++++++++++++++++++++++++++++++++++++++++++++++

     Dip,Strike,Rake     86.60   319.01   -19.72
     Dip,Strike,Rake     70.32    50.23  -176.38   Auxiliary Plane
     Lower Hem. Trend, Plunge of A,N    320.23    19.68   229.01     3.40
     Lower Hem. Trend, Plunge of P,T    272.91    16.27     6.26    11.31
     B trend, B plunge, Angle:  129.60  70.00 100.00
++++++++++++++++++++++++++++++++++++++++++++++++++++++++++++++++++++++++++++++++

     Dip,Strike,Rake     80.15   144.32    17.50
     Dip,Strike,Rake     72.77    51.23   169.69   Auxiliary Plane
     Lower Hem. Trend, Plunge of A,N    321.23    17.23    54.32     9.85
     Lower Hem. Trend, Plunge of P,T    276.93     5.08     8.72    19.29
     B trend, B plunge, Angle:  172.80  70.00  60.00
++++++++++++++++++++++++++++++++++++++++++++++++++++++++++++++++++++++++++++++++

     Dip,Strike,Rake     76.00   143.98    14.43
     Dip,Strike,Rake     76.00    50.42   165.57   Auxiliary Plane
     Lower Hem. Trend, Plunge of A,N    320.42    14.00    53.98    14.00
     Lower Hem. Trend, Plunge of P,T     97.20     0.00     7.20    20.00
     B trend, B plunge, Angle:  187.20  70.00  45.00
++++++++++++++++++++++++++++++++++++++++++++++++++++++++++++++++++++++++++++++++

     Dip,Strike,Rake     72.77   143.17    10.31
     Dip,Strike,Rake     80.15    50.08   162.50   Auxiliary Plane
     Lower Hem. Trend, Plunge of A,N    320.08     9.85    53.17    17.23
     Lower Hem. Trend, Plunge of P,T     97.47     5.08     5.68    19.29
     B trend, B plunge, Angle:  201.60  70.00  30.00
++++++++++++++++++++++++++++++++++++++++++++++++++++++++++++++++++++++++++++++++

     Dip,Strike,Rake     70.71   141.92     5.38
     Dip,Strike,Rake     84.92    50.13   160.63   Auxiliary Plane
     Lower Hem. Trend, Plunge of A,N    320.13     5.08    51.92    19.29
     Lower Hem. Trend, Plunge of P,T     97.52     9.85     4.43    17.23
     B trend, B plunge, Angle:  216.00  70.00  15.00
++++++++++++++++++++++++++++++++++++++++++++++++++++++++++++++++++++++++++++++++

     Dip,Strike,Rake     71.94   142.81    -8.74
     Dip,Strike,Rake     81.69   235.54  -161.74   Auxiliary Plane
     Lower Hem. Trend, Plunge of A,N    145.54     8.31    52.81    18.06
     Lower Hem. Trend, Plunge of P,T    100.37    18.75     8.08     6.72
     B trend, B plunge, Angle:  259.20  70.00 155.00
++++++++++++++++++++++++++++++++++++++++++++++++++++++++++++++++++++++++++++++++

     Dip,Strike,Rake     74.81   141.84   -13.17
     Dip,Strike,Rake     77.30   235.34  -164.42   Auxiliary Plane
     Lower Hem. Trend, Plunge of A,N    145.34    12.70    51.84    15.19
     Lower Hem. Trend, Plunge of P,T     98.92    19.92     8.30     1.71
     B trend, B plunge, Angle:  273.60  70.00 140.00
++++++++++++++++++++++++++++++++++++++++++++++++++++++++++++++++++++++++++++++++

     Dip,Strike,Rake     78.69   141.34   -16.60
     Dip,Strike,Rake     73.73   234.69  -168.21   Auxiliary Plane
     Lower Hem. Trend, Plunge of A,N    144.69    16.27    51.34    11.31
     Lower Hem. Trend, Plunge of P,T     97.37    19.68   188.59     3.40
     B trend, B plunge, Angle:  288.00  70.00 125.00
++++++++++++++++++++++++++++++++++++++++++++++++++++++++++++++++++++++++++++++++

     Dip,Strike,Rake     76.43   320.02    -6.46
     Dip,Strike,Rake     83.72    51.54  -166.35   Auxiliary Plane
     Lower Hem. Trend, Plunge of A,N    321.54     6.28   230.02    13.57
     Lower Hem. Trend, Plunge of P,T    276.44    14.08   185.16     5.08
     B trend, B plunge, Angle:   75.79  75.00 155.00
++++++++++++++++++++++++++++++++++++++++++++++++++++++++++++++++++++++++++++++++

     Dip,Strike,Rake     79.45   318.74   -10.73
     Dip,Strike,Rake     79.45    50.73  -169.27   Auxiliary Plane
     Lower Hem. Trend, Plunge of A,N    320.73    10.55   228.74    10.55
     Lower Hem. Trend, Plunge of P,T    274.74    15.00   184.74     0.00
     B trend, B plunge, Angle:   94.74  75.00 135.00
++++++++++++++++++++++++++++++++++++++++++++++++++++++++++++++++++++++++++++++++

     Dip,Strike,Rake     83.72   317.93   -13.65
     Dip,Strike,Rake     76.43    49.45  -173.54   Auxiliary Plane
     Lower Hem. Trend, Plunge of A,N    319.45    13.57   227.93     6.28
     Lower Hem. Trend, Plunge of P,T    273.04    14.08     4.31     5.08
     B trend, B plunge, Angle:  113.68  75.00 115.00
++++++++++++++++++++++++++++++++++++++++++++++++++++++++++++++++++++++++++++++++

     Dip,Strike,Rake     87.42   322.30   -14.78
     Dip,Strike,Rake     75.23    52.98  -177.34   Auxiliary Plane
     Lower Hem. Trend, Plunge of A,N    322.98    14.77   232.30     2.58
     Lower Hem. Trend, Plunge of P,T    276.69    12.24     8.56     8.54
     B trend, B plunge, Angle:  132.63  75.00 100.00
++++++++++++++++++++++++++++++++++++++++++++++++++++++++++++++++++++++++++++++++

     Dip,Strike,Rake     87.42   141.91    14.78
     Dip,Strike,Rake     75.23    51.23   177.34   Auxiliary Plane
     Lower Hem. Trend, Plunge of A,N    321.23    14.77    51.91     2.58
     Lower Hem. Trend, Plunge of P,T    275.65     8.54     7.52    12.24
     B trend, B plunge, Angle:  151.58  75.00  80.00
++++++++++++++++++++++++++++++++++++++++++++++++++++++++++++++++++++++++++++++++

     Dip,Strike,Rake     82.56   141.38    13.06
     Dip,Strike,Rake     77.05    49.66   172.37   Auxiliary Plane
     Lower Hem. Trend, Plunge of A,N    319.66    12.95    51.38     7.44
     Lower Hem. Trend, Plunge of P,T    275.04     3.84     6.03    14.48
     B trend, B plunge, Angle:  170.53  75.00  60.00
++++++++++++++++++++++++++++++++++++++++++++++++++++++++++++++++++++++++++++++++

     Dip,Strike,Rake     76.43   144.19     6.46
     Dip,Strike,Rake     83.72    52.67   166.35   Auxiliary Plane
     Lower Hem. Trend, Plunge of A,N    322.67     6.28    54.19    13.57
     Lower Hem. Trend, Plunge of P,T     99.05     5.08     7.77    14.08
     B trend, B plunge, Angle:  208.42  75.00  25.00
++++++++++++++++++++++++++++++++++++++++++++++++++++++++++++++++++++++++++++++++

     Dip,Strike,Rake     75.06   142.54     1.34
     Dip,Strike,Rake     88.71    52.20   165.05   Auxiliary Plane
     Lower Hem. Trend, Plunge of A,N    322.20     1.29    52.54    14.94
     Lower Hem. Trend, Plunge of P,T     98.34     9.58     6.39    11.44
     B trend, B plunge, Angle:  227.37  75.00   5.00
++++++++++++++++++++++++++++++++++++++++++++++++++++++++++++++++++++++++++++++++

     Dip,Strike,Rake     75.52   140.81    -3.97
     Dip,Strike,Rake     86.16   231.80  -165.49   Auxiliary Plane
     Lower Hem. Trend, Plunge of A,N    141.80     3.84    50.81    14.48
     Lower Hem. Trend, Plunge of P,T     97.18    12.95     5.46     7.44
     B trend, B plunge, Angle:  246.32  75.00 165.00
++++++++++++++++++++++++++++++++++++++++++++++++++++++++++++++++++++++++++++++++

     Dip,Strike,Rake     80.42   143.24   -11.60
     Dip,Strike,Rake     78.56   235.19  -170.23   Auxiliary Plane
     Lower Hem. Trend, Plunge of A,N    145.19    11.44    53.24     9.58
     Lower Hem. Trend, Plunge of P,T     99.04    14.94   189.38     1.29
     B trend, B plunge, Angle:  284.21  75.00 130.00
++++++++++++++++++++++++++++++++++++++++++++++++++++++++++++++++++++++++++++++++

     Dip,Strike,Rake     84.92   142.53   -14.13
     Dip,Strike,Rake     75.92   233.80  -174.76   Auxiliary Plane
     Lower Hem. Trend, Plunge of A,N    143.80    14.08    52.53     5.08
     Lower Hem. Trend, Plunge of P,T     97.39    13.57   188.91     6.28
     B trend, B plunge, Angle:  303.16  75.00 110.00
++++++++++++++++++++++++++++++++++++++++++++++++++++++++++++++++++++++++++++++++

     Dip,Strike,Rake     85.02   320.39    -8.68
     Dip,Strike,Rake     81.35    51.15  -174.96   Auxiliary Plane
     Lower Hem. Trend, Plunge of A,N    321.15     8.65   230.39     4.98
     Lower Hem. Trend, Plunge of P,T    275.55     9.66     5.99     2.58
     B trend, B plunge, Angle:  110.77  80.00 120.00
++++++++++++++++++++++++++++++++++++++++++++++++++++++++++++++++++++++++++++++++

     Dip,Strike,Rake     85.79   141.49     9.08
     Dip,Strike,Rake     80.95    50.82   175.74   Auxiliary Plane
     Lower Hem. Trend, Plunge of A,N    320.82     9.05    51.49     4.21
     Lower Hem. Trend, Plunge of P,T    275.87     3.40     6.44     9.39
     B trend, B plunge, Angle:  166.15  80.00  65.00
++++++++++++++++++++++++++++++++++++++++++++++++++++++++++++++++++++++++++++++++

     Dip,Strike,Rake     80.15   141.69     1.75
     Dip,Strike,Rake     88.27    51.39   170.15   Auxiliary Plane
     Lower Hem. Trend, Plunge of A,N    321.39     1.73    51.69     9.85
     Lower Hem. Trend, Plunge of P,T     96.95     5.72     6.13     8.18
     B trend, B plunge, Angle:  221.54  80.00  10.00
++++++++++++++++++++++++++++++++++++++++++++++++++++++++++++++++++++++++++++++++

     Dip,Strike,Rake     80.34   144.01    -2.61
     Dip,Strike,Rake     87.42   234.45  -170.33   Auxiliary Plane
     Lower Hem. Trend, Plunge of A,N    144.45     2.58    54.01     9.66
     Lower Hem. Trend, Plunge of P,T     99.61     8.65     8.85     4.98
     B trend, B plunge, Angle:  249.23  80.00 165.00
++++++++++++++++++++++++++++++++++++++++++++++++++++++++++++++++++++++++++++++++

     Dip,Strike,Rake     82.95   141.48    -7.11
     Dip,Strike,Rake     82.95   232.36  -172.89   Auxiliary Plane
     Lower Hem. Trend, Plunge of A,N    142.36     7.05    51.48     7.05
     Lower Hem. Trend, Plunge of P,T     96.92    10.00     6.92     0.00
     B trend, B plunge, Angle:  276.92  80.00 135.00
++++++++++++++++++++++++++++++++++++++++++++++++++++++++++++++++++++++++++++++++

     Dip,Strike,Rake     88.29   319.93    -4.70
     Dip,Strike,Rake     85.30    50.07  -178.29   Auxiliary Plane
     Lower Hem. Trend, Plunge of A,N    320.07     4.70   229.93     1.71
     Lower Hem. Trend, Plunge of P,T    274.92     4.53     5.08     2.11
     B trend, B plunge, Angle:  120.00  85.00 110.00
++++++++++++++++++++++++++++++++++++++++++++++++++++++++++++++++++++++++++++++++


 There are  77 acceptable solutions
