  Mon Oct 16 17:25:24 2023 for program Focplt
 Input from file puna_200901040428_p.inp
     2
 Statn  Azimuth  TOAngl  Key  Log10 Ratio     Pol  TOAng2  Comment
NS16  214.88   82.84+
NS15  216.61   82.90C
EW01  218.88   85.42C
BB24  220.46   82.36+
NS10  231.82   83.07+
EW09  233.11   83.95C
NS09  236.60   83.12+
BB02  238.18   82.84-
NS08  242.32   83.15-
EW10  243.41   83.73-
NS07  246.31   83.19-
EW11  248.89   83.16D
EW12  249.57   83.12D
EW14  251.63   83.01-
EW13  252.59   83.08D
NS04  259.70   83.52D
BB10  265.34   83.17D
NS03  268.93   83.22D
BB19  269.66   89.28D
NS02  278.09   83.22D
BB05  281.07   82.88-
BB08  283.59   83.07-
NS01  285.69   83.22D
NS19  290.36   83.22D
BB06  295.28   82.65-
NS20  298.67   83.21D
NS21  307.26   83.21D
BB07  310.98   83.07-
NS22  313.06   83.21D
NS24  322.28   83.19-
NS25  325.71   83.18D
GALA  327.01   85.68C
NS26  329.05   83.15+
BB20  349.95   83.20C
BB21   38.45   83.17C
BB17   59.08   83.22C
BB16  115.97   83.22D
EW22  128.30   83.14-
EW06  141.36   83.22+
EW05  149.22   85.42C
BB14  156.39   82.94+
 Plotting P nodal planes
 
  Solutions input from file output_200901040428_uw.out
   Mon Oct 16 17:25:24 2023 for program Focmec
  Event 8703270729 4 UW errors max
  Input from a file puna_200901040428_p.inp
  200901040428
  Including emergent polarity picks
  Polarities/Errors:  P 041/00  SV 000/00  SH 000/00
  There are no amplitude ratio data
  The minimum, increment and maximum B axis trend:     0.00    5.00  355.00
  The limits for the B axis plunge:     0.00    5.00   90.00
  The limits for Angle:     0.00    5.00  175.00
 
     Dip,Strike,Rake     41.03   320.11   -11.69
     Dip,Strike,Rake     82.36    58.98  -130.44   Auxiliary Plane
     Lower Hem. Trend, Plunge of A,N    328.98     7.64   230.11    48.97
     Lower Hem. Trend & Plunge of B     65.45    40.00
     Lower Hem. Trend, Plunge of P,T    292.89    38.86   179.68    26.06
     MRR =-0.20  MTT = 0.72  MPP =-0.51  MRT =-0.58  MRP =-0.45  MTP =-0.21
     Dip,Strike,Rake     51.62   321.16   -12.25
     Dip,Strike,Rake     80.43    58.84  -140.98   Auxiliary Plane
     Lower Hem. Trend, Plunge of A,N    328.84     9.57   231.16    38.38
     Lower Hem. Trend & Plunge of B     70.43    50.00
     Lower Hem. Trend, Plunge of P,T    287.44    33.82   184.30    18.75
     MRR =-0.21  MTT = 0.83  MPP =-0.62  MRT =-0.44  MRP =-0.42  MTP =-0.26
