  Mon Oct 16 17:25:24 2023 for program Focmec
 Event 8703270729 4 UW errors max
 Input from a file puna_200901040428_p.inp
 200901040428

 Statn  Azimuth    TOA   Key  Log10 Ratio  NumPol  DenTOA  Comment
  NS16   214.9     82.8   +                                IP
 Including emergent polarity picks
  NS15   216.6     82.9   U                                IP
  EW01   218.9     85.4   U                                IP
  BB24   220.5     82.4   +                                IP
  NS10   231.8     83.1   +                                IP
  EW09   233.1     83.9   U                                IP
  NS09   236.6     83.1   +                                IP
  BB02   238.2     82.8   -                                IP
  NS08   242.3     83.2   -                                IP
  EW10   243.4     83.7   -                                IP
  NS07   246.3     83.2   -                                IP
  EW11   248.9     83.2   D                                IP
  EW12   249.6     83.1   D                                IP
  EW14   251.6     83.0   -                                IP
  EW13   252.6     83.1   D                                IP
  NS04   259.7     83.5   D                                IP
  BB10   265.3     83.2   D                                IP
  NS03   268.9     83.2   D                                IP
  BB19   269.7     89.3   D                                IP
  NS02   278.1     83.2   D                                IP
  BB05   281.1     82.9   -                                IP
  BB08   283.6     83.1   -                                IP
  NS01   285.7     83.2   D                                IP
  NS19   290.4     83.2   D                                IP
  BB06   295.3     82.7   -                                IP
  NS20   298.7     83.2   D                                IP
  NS21   307.3     83.2   D                                IP
  BB07   311.0     83.1   -                                IP
  NS22   313.1     83.2   D                                IP
  NS24   322.3     83.2   -                                IP
  NS25   325.7     83.2   D                                IP
  GALA   327.0     85.7   U                                IP
  NS26   329.0     83.2   +                                IP
  BB20   350.0     83.2   U                                IP
  BB21    38.5     83.2   U                                IP
  BB17    59.1     83.2   U                                IP
  BB16   116.0     83.2   D                                IP
  EW22   128.3     83.1   -                                IP
  EW06   141.4     83.2   +                                IP
  EW05   149.2     85.4   U                                IP
  BB14   156.4     82.9   +                                IP
 Polarities/Errors:  P 041/00  SV 000/00  SH 000/00
 There are no amplitude ratio data
 The minimum, increment and maximum B axis trend:     0.00    5.00  355.00
 The limits for the B axis plunge:     0.00    5.00   90.00
 The limits for Angle:     0.00    5.00  175.00
 ++++++++++++++++++++++++++++++++++++++++++++++++++++++++++++++++++++++++++++

     Dip,Strike,Rake     41.03   320.11   -11.69
     Dip,Strike,Rake     82.36    58.99  -130.43   Auxiliary Plane
     Lower Hem. Trend, Plunge of A,N    328.99     7.64   230.11    48.97
     Lower Hem. Trend, Plunge of P,T    292.90    38.87   179.69    26.06
     B trend, B plunge, Angle:   65.45  40.00 170.00
++++++++++++++++++++++++++++++++++++++++++++++++++++++++++++++++++++++++++++++++

     Dip,Strike,Rake     51.62   321.16   -12.25
     Dip,Strike,Rake     80.42    58.84  -140.97   Auxiliary Plane
     Lower Hem. Trend, Plunge of A,N    328.84     9.58   231.16    38.38
     Lower Hem. Trend, Plunge of P,T    287.44    33.83   184.29    18.75
     B trend, B plunge, Angle:   70.43  50.00 165.00
++++++++++++++++++++++++++++++++++++++++++++++++++++++++++++++++++++++++++++++++


 There are   2 acceptable solutions
