  Mon Oct 23 15:46:33 2023 for program Focmec
 Event 8703270729 4 UW errors max
 Input from a file puna_200801120044_p.inp
 200801120044

 Statn  Azimuth    TOA   Key  Log10 Ratio  NumPol  DenTOA  Comment
  BB14   206.5    107.9   U                                IP
  BB13   237.9     96.6   D                                IP
  BB15   252.5    103.8   -                                IP
 Including emergent polarity picks
  BB12   253.9     92.7   -                                IP
  NS13   264.1     90.9   -                                IP
  BB11   272.5     94.3   -                                IP
  EW03   288.3     95.7   D                                IP
  NS06   289.4     91.4   D                                IP
  EW09   290.0     92.2   D                                IP
  EW01   290.1     93.1   D                                IP
  NS04   297.1     91.4   D                                IP
  NS20   309.7     90.8   -                                IP
  EW06   311.8    108.6   D                                IP
  NS22   315.4     90.7   D                                IP
  EW07   314.2    113.3   D                                IP
  GALA   320.3     91.2   -                                IP
  EW08   348.0    127.0   -                                IP
  EW24    67.8    117.7   -                                IP
 Polarities/Errors:  P 018/00  SV 000/00  SH 000/00
 There are no amplitude ratio data
 The minimum, increment and maximum B axis trend:     0.00    5.00  355.00
 The limits for the B axis plunge:     0.00    5.00   90.00
 The limits for Angle:     0.00    5.00  175.00
 ++++++++++++++++++++++++++++++++++++++++++++++++++++++++++++++++++++++++++++

     Dip,Strike,Rake     35.31   192.90    81.33
     Dip,Strike,Rake     55.15    23.49    96.10   Auxiliary Plane
     Lower Hem. Trend, Plunge of A,N    293.49    34.85   102.90    54.69
     Lower Hem. Trend, Plunge of P,T    109.12     9.96   316.30    78.83
     B trend, B plunge, Angle:  200.00   5.00  35.00
++++++++++++++++++++++++++++++++++++++++++++++++++++++++++++++++++++++++++++++++

     Dip,Strike,Rake     35.31   197.90    81.33
     Dip,Strike,Rake     55.15    28.49    96.10   Auxiliary Plane
     Lower Hem. Trend, Plunge of A,N    298.49    34.85   107.90    54.69
     Lower Hem. Trend, Plunge of P,T    114.12     9.96   321.30    78.83
     B trend, B plunge, Angle:  205.00   5.00  35.00
++++++++++++++++++++++++++++++++++++++++++++++++++++++++++++++++++++++++++++++++

     Dip,Strike,Rake     40.26   199.07    82.25
     Dip,Strike,Rake     50.18    29.18    96.52   Auxiliary Plane
     Lower Hem. Trend, Plunge of A,N    299.18    39.82   109.07    49.74
     Lower Hem. Trend, Plunge of P,T    114.56     4.98   339.89    82.93
     B trend, B plunge, Angle:  205.00   5.00  40.00
++++++++++++++++++++++++++++++++++++++++++++++++++++++++++++++++++++++++++++++++

     Dip,Strike,Rake     40.26   204.07    82.25
     Dip,Strike,Rake     50.18    34.18    96.52   Auxiliary Plane
     Lower Hem. Trend, Plunge of A,N    304.18    39.82   114.07    49.74
     Lower Hem. Trend, Plunge of P,T    119.56     4.98   344.89    82.93
     B trend, B plunge, Angle:  210.00   5.00  40.00
++++++++++++++++++++++++++++++++++++++++++++++++++++++++++++++++++++++++++++++++

     Dip,Strike,Rake     40.26   209.07    82.25
     Dip,Strike,Rake     50.18    39.18    96.52   Auxiliary Plane
     Lower Hem. Trend, Plunge of A,N    309.18    39.82   119.07    49.74
     Lower Hem. Trend, Plunge of P,T    124.56     4.98   349.89    82.93
     B trend, B plunge, Angle:  215.00   5.00  40.00
++++++++++++++++++++++++++++++++++++++++++++++++++++++++++++++++++++++++++++++++

     Dip,Strike,Rake     45.22   210.02    82.95
     Dip,Strike,Rake     45.22    39.98    97.05   Auxiliary Plane
     Lower Hem. Trend, Plunge of A,N    309.98    44.78   120.02    44.78
     Lower Hem. Trend, Plunge of P,T    125.00     0.00    35.00    85.00
     B trend, B plunge, Angle:  215.00   5.00  45.00
++++++++++++++++++++++++++++++++++++++++++++++++++++++++++++++++++++++++++++++++

     Dip,Strike,Rake     45.22   215.02    82.95
     Dip,Strike,Rake     45.22    44.98    97.05   Auxiliary Plane
     Lower Hem. Trend, Plunge of A,N    314.98    44.78   125.02    44.78
     Lower Hem. Trend, Plunge of P,T    130.00     0.00    40.00    85.00
     B trend, B plunge, Angle:  220.00   5.00  45.00
++++++++++++++++++++++++++++++++++++++++++++++++++++++++++++++++++++++++++++++++

     Dip,Strike,Rake     31.47   175.94    70.57
     Dip,Strike,Rake     60.50    18.40   101.51   Auxiliary Plane
     Lower Hem. Trend, Plunge of A,N    288.40    29.50    85.94    58.53
     Lower Hem. Trend, Plunge of P,T    100.01    14.77   315.62    72.04
     B trend, B plunge, Angle:  192.68  10.00  30.00
++++++++++++++++++++++++++++++++++++++++++++++++++++++++++++++++++++++++++++++++

     Dip,Strike,Rake     36.22   178.75    72.91
     Dip,Strike,Rake     55.61    19.61   102.15   Auxiliary Plane
     Lower Hem. Trend, Plunge of A,N    289.61    34.39    88.75    53.78
     Lower Hem. Trend, Plunge of P,T    100.92     9.85   327.24    75.89
     B trend, B plunge, Angle:  192.68  10.00  35.00
++++++++++++++++++++++++++++++++++++++++++++++++++++++++++++++++++++++++++++++++

     Dip,Strike,Rake     31.47   181.01    70.57
     Dip,Strike,Rake     60.50    23.47   101.51   Auxiliary Plane
     Lower Hem. Trend, Plunge of A,N    293.47    29.50    91.01    58.53
     Lower Hem. Trend, Plunge of P,T    105.08    14.77   320.69    72.04
     B trend, B plunge, Angle:  197.75  10.00  30.00
++++++++++++++++++++++++++++++++++++++++++++++++++++++++++++++++++++++++++++++++

     Dip,Strike,Rake     36.22   183.82    72.91
     Dip,Strike,Rake     55.61    24.68   102.15   Auxiliary Plane
     Lower Hem. Trend, Plunge of A,N    294.68    34.39    93.82    53.78
     Lower Hem. Trend, Plunge of P,T    105.99     9.85   332.31    75.89
     B trend, B plunge, Angle:  197.75  10.00  35.00
++++++++++++++++++++++++++++++++++++++++++++++++++++++++++++++++++++++++++++++++

     Dip,Strike,Rake     31.47   186.08    70.57
     Dip,Strike,Rake     60.50    28.54   101.51   Auxiliary Plane
     Lower Hem. Trend, Plunge of A,N    298.54    29.50    96.08    58.53
     Lower Hem. Trend, Plunge of P,T    110.15    14.77   325.76    72.04
     B trend, B plunge, Angle:  202.82  10.00  30.00
++++++++++++++++++++++++++++++++++++++++++++++++++++++++++++++++++++++++++++++++

     Dip,Strike,Rake     36.22   188.89    72.91
     Dip,Strike,Rake     55.61    29.75   102.15   Auxiliary Plane
     Lower Hem. Trend, Plunge of A,N    299.75    34.39    98.89    53.78
     Lower Hem. Trend, Plunge of P,T    111.06     9.85   337.38    75.89
     B trend, B plunge, Angle:  202.82  10.00  35.00
++++++++++++++++++++++++++++++++++++++++++++++++++++++++++++++++++++++++++++++++

     Dip,Strike,Rake     41.03   191.12    74.66
     Dip,Strike,Rake     50.73    31.11   102.96   Auxiliary Plane
     Lower Hem. Trend, Plunge of A,N    301.11    39.27   101.12    48.97
     Lower Hem. Trend, Plunge of P,T    111.95     4.92   356.08    78.83
     B trend, B plunge, Angle:  202.82  10.00  40.00
++++++++++++++++++++++++++++++++++++++++++++++++++++++++++++++++++++++++++++++++

     Dip,Strike,Rake     36.22   193.96    72.91
     Dip,Strike,Rake     55.61    34.82   102.15   Auxiliary Plane
     Lower Hem. Trend, Plunge of A,N    304.82    34.39   103.96    53.78
     Lower Hem. Trend, Plunge of P,T    116.13     9.85   342.45    75.89
     B trend, B plunge, Angle:  207.89  10.00  35.00
++++++++++++++++++++++++++++++++++++++++++++++++++++++++++++++++++++++++++++++++

     Dip,Strike,Rake     41.03   196.20    74.66
     Dip,Strike,Rake     50.73    36.18   102.96   Auxiliary Plane
     Lower Hem. Trend, Plunge of A,N    306.18    39.27   106.20    48.97
     Lower Hem. Trend, Plunge of P,T    117.02     4.92     1.15    78.83
     B trend, B plunge, Angle:  207.89  10.00  40.00
++++++++++++++++++++++++++++++++++++++++++++++++++++++++++++++++++++++++++++++++

     Dip,Strike,Rake     45.86   198.04    76.00
     Dip,Strike,Rake     45.86    37.74   104.00   Auxiliary Plane
     Lower Hem. Trend, Plunge of A,N    307.74    44.14   108.04    44.14
     Lower Hem. Trend, Plunge of P,T    117.89     0.00    27.89    80.00
     B trend, B plunge, Angle:  207.89  10.00  45.00
++++++++++++++++++++++++++++++++++++++++++++++++++++++++++++++++++++++++++++++++

     Dip,Strike,Rake     36.22   199.03    72.91
     Dip,Strike,Rake     55.61    39.89   102.15   Auxiliary Plane
     Lower Hem. Trend, Plunge of A,N    309.89    34.39   109.03    53.78
     Lower Hem. Trend, Plunge of P,T    121.20     9.85   347.52    75.89
     B trend, B plunge, Angle:  212.96  10.00  35.00
++++++++++++++++++++++++++++++++++++++++++++++++++++++++++++++++++++++++++++++++

     Dip,Strike,Rake     41.03   201.27    74.66
     Dip,Strike,Rake     50.73    41.25   102.96   Auxiliary Plane
     Lower Hem. Trend, Plunge of A,N    311.25    39.27   111.27    48.97
     Lower Hem. Trend, Plunge of P,T    122.09     4.92     6.22    78.83
     B trend, B plunge, Angle:  212.96  10.00  40.00
++++++++++++++++++++++++++++++++++++++++++++++++++++++++++++++++++++++++++++++++

     Dip,Strike,Rake     45.86   203.11    76.00
     Dip,Strike,Rake     45.86    42.81   104.00   Auxiliary Plane
     Lower Hem. Trend, Plunge of A,N    312.81    44.14   113.11    44.14
     Lower Hem. Trend, Plunge of P,T    122.96     0.00    32.96    80.00
     B trend, B plunge, Angle:  212.96  10.00  45.00
++++++++++++++++++++++++++++++++++++++++++++++++++++++++++++++++++++++++++++++++

     Dip,Strike,Rake     41.03   206.34    74.66
     Dip,Strike,Rake     50.73    46.32   102.96   Auxiliary Plane
     Lower Hem. Trend, Plunge of A,N    316.32    39.27   116.34    48.97
     Lower Hem. Trend, Plunge of P,T    127.16     4.92    11.29    78.83
     B trend, B plunge, Angle:  218.03  10.00  40.00
++++++++++++++++++++++++++++++++++++++++++++++++++++++++++++++++++++++++++++++++

     Dip,Strike,Rake     45.86   208.18    76.00
     Dip,Strike,Rake     45.86    47.88   104.00   Auxiliary Plane
     Lower Hem. Trend, Plunge of A,N    317.88    44.14   118.18    44.14
     Lower Hem. Trend, Plunge of P,T    128.03     0.00    38.03    80.00
     B trend, B plunge, Angle:  218.03  10.00  45.00
++++++++++++++++++++++++++++++++++++++++++++++++++++++++++++++++++++++++++++++++

     Dip,Strike,Rake     50.73   209.74    77.04
     Dip,Strike,Rake     41.03    49.72   105.34   Auxiliary Plane
     Lower Hem. Trend, Plunge of A,N    319.72    48.97   119.74    39.27
     Lower Hem. Trend, Plunge of P,T    308.90     4.92    64.77    78.83
     B trend, B plunge, Angle:  218.03  10.00  50.00
++++++++++++++++++++++++++++++++++++++++++++++++++++++++++++++++++++++++++++++++

     Dip,Strike,Rake     33.23   166.14    61.81
     Dip,Strike,Rake     61.12    18.78   107.19   Auxiliary Plane
     Lower Hem. Trend, Plunge of A,N    288.78    28.88    76.14    56.77
     Lower Hem. Trend, Plunge of P,T     96.32    14.48   324.29    68.91
     B trend, B plunge, Angle:  190.29  15.00  30.00
++++++++++++++++++++++++++++++++++++++++++++++++++++++++++++++++++++++++++++++++

     Dip,Strike,Rake     37.70   170.00    64.96
     Dip,Strike,Rake     56.36    20.56   108.11   Auxiliary Plane
     Lower Hem. Trend, Plunge of A,N    290.56    33.64    80.00    52.30
     Lower Hem. Trend, Plunge of P,T     97.67     9.66   336.02    72.04
     B trend, B plunge, Angle:  190.29  15.00  35.00
++++++++++++++++++++++++++++++++++++++++++++++++++++++++++++++++++++++++++++++++

     Dip,Strike,Rake     28.90   166.40    57.62
     Dip,Strike,Rake     65.91    22.31   106.47   Auxiliary Plane
     Lower Hem. Trend, Plunge of A,N    292.31    24.09    76.40    61.10
     Lower Hem. Trend, Plunge of P,T    100.05    19.29   320.85    65.19
     B trend, B plunge, Angle:  195.43  15.00  25.00
++++++++++++++++++++++++++++++++++++++++++++++++++++++++++++++++++++++++++++++++

     Dip,Strike,Rake     33.23   171.28    61.81
     Dip,Strike,Rake     61.12    23.93   107.19   Auxiliary Plane
     Lower Hem. Trend, Plunge of A,N    293.93    28.88    81.28    56.77
     Lower Hem. Trend, Plunge of P,T    101.46    14.48   329.44    68.91
     B trend, B plunge, Angle:  195.43  15.00  30.00
++++++++++++++++++++++++++++++++++++++++++++++++++++++++++++++++++++++++++++++++

     Dip,Strike,Rake     37.70   175.14    64.96
     Dip,Strike,Rake     56.36    25.70   108.11   Auxiliary Plane
     Lower Hem. Trend, Plunge of A,N    295.70    33.64    85.14    52.30
     Lower Hem. Trend, Plunge of P,T    102.82     9.66   341.16    72.04
     B trend, B plunge, Angle:  195.43  15.00  35.00
++++++++++++++++++++++++++++++++++++++++++++++++++++++++++++++++++++++++++++++++

     Dip,Strike,Rake     42.27   178.29    67.37
     Dip,Strike,Rake     51.62    27.68   109.28   Auxiliary Plane
     Lower Hem. Trend, Plunge of A,N    297.68    38.38    88.29    47.73
     Lower Hem. Trend, Plunge of P,T    104.13     4.83   356.75    74.21
     B trend, B plunge, Angle:  195.43  15.00  40.00
++++++++++++++++++++++++++++++++++++++++++++++++++++++++++++++++++++++++++++++++

     Dip,Strike,Rake     28.90   171.54    57.62
     Dip,Strike,Rake     65.91    27.45   106.47   Auxiliary Plane
     Lower Hem. Trend, Plunge of A,N    297.45    24.09    81.54    61.10
     Lower Hem. Trend, Plunge of P,T    105.19    19.29   325.99    65.19
     B trend, B plunge, Angle:  200.57  15.00  25.00
++++++++++++++++++++++++++++++++++++++++++++++++++++++++++++++++++++++++++++++++

     Dip,Strike,Rake     33.23   176.43    61.81
     Dip,Strike,Rake     61.12    29.07   107.19   Auxiliary Plane
     Lower Hem. Trend, Plunge of A,N    299.07    28.88    86.43    56.77
     Lower Hem. Trend, Plunge of P,T    106.60    14.48   334.58    68.91
     B trend, B plunge, Angle:  200.57  15.00  30.00
++++++++++++++++++++++++++++++++++++++++++++++++++++++++++++++++++++++++++++++++

     Dip,Strike,Rake     37.70   180.29    64.96
     Dip,Strike,Rake     56.36    30.84   108.11   Auxiliary Plane
     Lower Hem. Trend, Plunge of A,N    300.84    33.64    90.29    52.30
     Lower Hem. Trend, Plunge of P,T    107.96     9.66   346.31    72.04
     B trend, B plunge, Angle:  200.57  15.00  35.00
++++++++++++++++++++++++++++++++++++++++++++++++++++++++++++++++++++++++++++++++

     Dip,Strike,Rake     42.27   183.43    67.37
     Dip,Strike,Rake     51.62    32.82   109.28   Auxiliary Plane
     Lower Hem. Trend, Plunge of A,N    302.82    38.38    93.43    47.73
     Lower Hem. Trend, Plunge of P,T    109.27     4.83     1.89    74.21
     B trend, B plunge, Angle:  200.57  15.00  40.00
++++++++++++++++++++++++++++++++++++++++++++++++++++++++++++++++++++++++++++++++

     Dip,Strike,Rake     46.92   186.06    69.25
     Dip,Strike,Rake     46.92    35.08   110.75   Auxiliary Plane
     Lower Hem. Trend, Plunge of A,N    305.08    43.08    96.06    43.08
     Lower Hem. Trend, Plunge of P,T    110.57     0.00    20.57    75.00
     B trend, B plunge, Angle:  200.57  15.00  45.00
++++++++++++++++++++++++++++++++++++++++++++++++++++++++++++++++++++++++++++++++

     Dip,Strike,Rake     33.23   181.57    61.81
     Dip,Strike,Rake     61.12    34.21   107.19   Auxiliary Plane
     Lower Hem. Trend, Plunge of A,N    304.21    28.88    91.57    56.77
     Lower Hem. Trend, Plunge of P,T    111.75    14.48   339.72    68.91
     B trend, B plunge, Angle:  205.71  15.00  30.00
++++++++++++++++++++++++++++++++++++++++++++++++++++++++++++++++++++++++++++++++

     Dip,Strike,Rake     37.70   185.43    64.96
     Dip,Strike,Rake     56.36    35.99   108.11   Auxiliary Plane
     Lower Hem. Trend, Plunge of A,N    305.99    33.64    95.43    52.30
     Lower Hem. Trend, Plunge of P,T    113.10     9.66   351.45    72.04
     B trend, B plunge, Angle:  205.71  15.00  35.00
++++++++++++++++++++++++++++++++++++++++++++++++++++++++++++++++++++++++++++++++

     Dip,Strike,Rake     42.27   188.57    67.37
     Dip,Strike,Rake     51.62    37.97   109.28   Auxiliary Plane
     Lower Hem. Trend, Plunge of A,N    307.97    38.38    98.57    47.73
     Lower Hem. Trend, Plunge of P,T    114.42     4.83     7.04    74.21
     B trend, B plunge, Angle:  205.71  15.00  40.00
++++++++++++++++++++++++++++++++++++++++++++++++++++++++++++++++++++++++++++++++

     Dip,Strike,Rake     46.92   191.20    69.25
     Dip,Strike,Rake     46.92    40.23   110.75   Auxiliary Plane
     Lower Hem. Trend, Plunge of A,N    310.23    43.08   101.20    43.08
     Lower Hem. Trend, Plunge of P,T    115.71     0.00    25.71    75.00
     B trend, B plunge, Angle:  205.71  15.00  45.00
++++++++++++++++++++++++++++++++++++++++++++++++++++++++++++++++++++++++++++++++

     Dip,Strike,Rake     33.23   186.71    61.81
     Dip,Strike,Rake     61.12    39.36   107.19   Auxiliary Plane
     Lower Hem. Trend, Plunge of A,N    309.36    28.88    96.71    56.77
     Lower Hem. Trend, Plunge of P,T    116.89    14.48   344.86    68.91
     B trend, B plunge, Angle:  210.86  15.00  30.00
++++++++++++++++++++++++++++++++++++++++++++++++++++++++++++++++++++++++++++++++

     Dip,Strike,Rake     37.70   190.57    64.96
     Dip,Strike,Rake     56.36    41.13   108.11   Auxiliary Plane
     Lower Hem. Trend, Plunge of A,N    311.13    33.64   100.57    52.30
     Lower Hem. Trend, Plunge of P,T    118.24     9.66   356.59    72.04
     B trend, B plunge, Angle:  210.86  15.00  35.00
++++++++++++++++++++++++++++++++++++++++++++++++++++++++++++++++++++++++++++++++

     Dip,Strike,Rake     42.27   193.71    67.37
     Dip,Strike,Rake     51.62    43.11   109.28   Auxiliary Plane
     Lower Hem. Trend, Plunge of A,N    313.11    38.38   103.71    47.73
     Lower Hem. Trend, Plunge of P,T    119.56     4.83    12.18    74.21
     B trend, B plunge, Angle:  210.86  15.00  40.00
++++++++++++++++++++++++++++++++++++++++++++++++++++++++++++++++++++++++++++++++

     Dip,Strike,Rake     46.92   196.35    69.25
     Dip,Strike,Rake     46.92    45.37   110.75   Auxiliary Plane
     Lower Hem. Trend, Plunge of A,N    315.37    43.08   106.35    43.08
     Lower Hem. Trend, Plunge of P,T    120.86     0.00    30.86    75.00
     B trend, B plunge, Angle:  210.86  15.00  45.00
++++++++++++++++++++++++++++++++++++++++++++++++++++++++++++++++++++++++++++++++

     Dip,Strike,Rake     51.62   198.60    70.72
     Dip,Strike,Rake     42.27    48.00   112.63   Auxiliary Plane
     Lower Hem. Trend, Plunge of A,N    318.00    47.73   108.60    38.38
     Lower Hem. Trend, Plunge of P,T    302.15     4.83    49.53    74.21
     B trend, B plunge, Angle:  210.86  15.00  50.00
++++++++++++++++++++++++++++++++++++++++++++++++++++++++++++++++++++++++++++++++

     Dip,Strike,Rake     33.23   191.85    61.81
     Dip,Strike,Rake     61.12    44.50   107.19   Auxiliary Plane
     Lower Hem. Trend, Plunge of A,N    314.50    28.88   101.85    56.77
     Lower Hem. Trend, Plunge of P,T    122.03    14.48   350.01    68.91
     B trend, B plunge, Angle:  216.00  15.00  30.00
++++++++++++++++++++++++++++++++++++++++++++++++++++++++++++++++++++++++++++++++

     Dip,Strike,Rake     37.70   195.71    64.96
     Dip,Strike,Rake     56.36    46.27   108.11   Auxiliary Plane
     Lower Hem. Trend, Plunge of A,N    316.27    33.64   105.71    52.30
     Lower Hem. Trend, Plunge of P,T    123.39     9.66     1.73    72.04
     B trend, B plunge, Angle:  216.00  15.00  35.00
++++++++++++++++++++++++++++++++++++++++++++++++++++++++++++++++++++++++++++++++

     Dip,Strike,Rake     42.27   198.86    67.37
     Dip,Strike,Rake     51.62    48.25   109.28   Auxiliary Plane
     Lower Hem. Trend, Plunge of A,N    318.25    38.38   108.86    47.73
     Lower Hem. Trend, Plunge of P,T    124.70     4.83    17.32    74.21
     B trend, B plunge, Angle:  216.00  15.00  40.00
++++++++++++++++++++++++++++++++++++++++++++++++++++++++++++++++++++++++++++++++

     Dip,Strike,Rake     46.92   201.49    69.25
     Dip,Strike,Rake     46.92    50.51   110.75   Auxiliary Plane
     Lower Hem. Trend, Plunge of A,N    320.51    43.08   111.49    43.08
     Lower Hem. Trend, Plunge of P,T    126.00     0.00    36.00    75.00
     B trend, B plunge, Angle:  216.00  15.00  45.00
++++++++++++++++++++++++++++++++++++++++++++++++++++++++++++++++++++++++++++++++

     Dip,Strike,Rake     37.70   200.86    64.96
     Dip,Strike,Rake     56.36    51.41   108.11   Auxiliary Plane
     Lower Hem. Trend, Plunge of A,N    321.41    33.64   110.86    52.30
     Lower Hem. Trend, Plunge of P,T    128.53     9.66     6.88    72.04
     B trend, B plunge, Angle:  221.14  15.00  35.00
++++++++++++++++++++++++++++++++++++++++++++++++++++++++++++++++++++++++++++++++

     Dip,Strike,Rake     71.25   141.14    68.83
     Dip,Strike,Rake     27.99    11.45   136.78   Auxiliary Plane
     Lower Hem. Trend, Plunge of A,N    281.45    62.01    51.14    18.75
     Lower Hem. Trend, Plunge of P,T    247.30    23.40    21.98    58.39
     B trend, B plunge, Angle:  148.24  20.00  70.00
++++++++++++++++++++++++++++++++++++++++++++++++++++++++++++++++++++++++++++++++

     Dip,Strike,Rake     61.98   142.36    67.20
     Dip,Strike,Rake     35.53     4.17   126.05   Auxiliary Plane
     Lower Hem. Trend, Plunge of A,N    274.17    54.47    52.36    28.02
     Lower Hem. Trend, Plunge of P,T    248.77    14.08    11.61    65.19
     B trend, B plunge, Angle:  153.53  20.00  60.00
++++++++++++++++++++++++++++++++++++++++++++++++++++++++++++++++++++++++++++++++

     Dip,Strike,Rake     66.60   144.47    68.12
     Dip,Strike,Rake     31.61     9.79   130.74   Auxiliary Plane
     Lower Hem. Trend, Plunge of A,N    279.79    58.39    54.47    23.40
     Lower Hem. Trend, Plunge of P,T    250.63    18.75    20.31    62.01
     B trend, B plunge, Angle:  153.53  20.00  65.00
++++++++++++++++++++++++++++++++++++++++++++++++++++++++++++++++++++++++++++++++

     Dip,Strike,Rake     71.25   146.43    68.83
     Dip,Strike,Rake     27.99    16.75   136.78   Auxiliary Plane
     Lower Hem. Trend, Plunge of A,N    286.75    62.01    56.43    18.75
     Lower Hem. Trend, Plunge of P,T    252.59    23.40    27.27    58.39
     B trend, B plunge, Angle:  153.53  20.00  70.00
++++++++++++++++++++++++++++++++++++++++++++++++++++++++++++++++++++++++++++++++

     Dip,Strike,Rake     75.92   148.29    69.35
     Dip,Strike,Rake     24.81    25.45   144.58   Auxiliary Plane
     Lower Hem. Trend, Plunge of A,N    295.45    65.19    58.29    14.08
     Lower Hem. Trend, Plunge of P,T    254.70    28.02    32.89    54.47
     B trend, B plunge, Angle:  153.53  20.00  75.00
++++++++++++++++++++++++++++++++++++++++++++++++++++++++++++++++++++++++++++++++

     Dip,Strike,Rake     71.25   151.73    68.83
     Dip,Strike,Rake     27.99    22.04   136.78   Auxiliary Plane
     Lower Hem. Trend, Plunge of A,N    292.04    62.01    61.73    18.75
     Lower Hem. Trend, Plunge of P,T    257.89    23.40    32.56    58.39
     B trend, B plunge, Angle:  158.82  20.00  70.00
++++++++++++++++++++++++++++++++++++++++++++++++++++++++++++++++++++++++++++++++

     Dip,Strike,Rake     75.92   153.59    69.35
     Dip,Strike,Rake     24.81    30.75   144.58   Auxiliary Plane
     Lower Hem. Trend, Plunge of A,N    300.75    65.19    63.59    14.08
     Lower Hem. Trend, Plunge of P,T    259.99    28.02    38.18    54.47
     B trend, B plunge, Angle:  158.82  20.00  75.00
++++++++++++++++++++++++++++++++++++++++++++++++++++++++++++++++++++++++++++++++

     Dip,Strike,Rake     39.67   159.26    57.60
     Dip,Strike,Rake     57.39    18.76   113.96   Auxiliary Plane
     Lower Hem. Trend, Plunge of A,N    288.76    32.61    69.26    50.33
     Lower Hem. Trend, Plunge of P,T     91.84     9.39   338.02    67.73
     B trend, B plunge, Angle:  185.29  20.00  35.00
++++++++++++++++++++++++++++++++++++++++++++++++++++++++++++++++++++++++++++++++

     Dip,Strike,Rake     31.61   154.33    49.26
     Dip,Strike,Rake     66.60    19.65   111.88   Auxiliary Plane
     Lower Hem. Trend, Plunge of A,N    289.65    23.40    64.33    58.39
     Lower Hem. Trend, Plunge of P,T     93.49    18.75   323.81    62.01
     B trend, B plunge, Angle:  190.59  20.00  25.00
++++++++++++++++++++++++++++++++++++++++++++++++++++++++++++++++++++++++++++++++

     Dip,Strike,Rake     35.53   159.95    53.95
     Dip,Strike,Rake     61.98    21.76   112.80   Auxiliary Plane
     Lower Hem. Trend, Plunge of A,N    291.76    28.02    69.95    54.47
     Lower Hem. Trend, Plunge of P,T     95.35    14.08   332.51    65.19
     B trend, B plunge, Angle:  190.59  20.00  30.00
++++++++++++++++++++++++++++++++++++++++++++++++++++++++++++++++++++++++++++++++

     Dip,Strike,Rake     39.67   164.55    57.60
     Dip,Strike,Rake     57.39    24.06   113.96   Auxiliary Plane
     Lower Hem. Trend, Plunge of A,N    294.06    32.61    74.55    50.33
     Lower Hem. Trend, Plunge of P,T     97.14     9.39   343.32    67.73
     B trend, B plunge, Angle:  190.59  20.00  35.00
++++++++++++++++++++++++++++++++++++++++++++++++++++++++++++++++++++++++++++++++

     Dip,Strike,Rake     43.96   168.41    60.48
     Dip,Strike,Rake     52.84    26.60   115.41   Auxiliary Plane
     Lower Hem. Trend, Plunge of A,N    296.60    37.16    78.41    46.04
     Lower Hem. Trend, Plunge of P,T     98.87     4.70   356.24    69.41
     B trend, B plunge, Angle:  190.59  20.00  40.00
++++++++++++++++++++++++++++++++++++++++++++++++++++++++++++++++++++++++++++++++

     Dip,Strike,Rake     27.99   152.66    43.22
     Dip,Strike,Rake     71.25    22.98   111.17   Auxiliary Plane
     Lower Hem. Trend, Plunge of A,N    292.98    18.75    62.66    62.01
     Lower Hem. Trend, Plunge of P,T     96.82    23.40   322.14    58.39
     B trend, B plunge, Angle:  195.88  20.00  20.00
++++++++++++++++++++++++++++++++++++++++++++++++++++++++++++++++++++++++++++++++

     Dip,Strike,Rake     31.61   159.62    49.26
     Dip,Strike,Rake     66.60    24.94   111.88   Auxiliary Plane
     Lower Hem. Trend, Plunge of A,N    294.94    23.40    69.62    58.39
     Lower Hem. Trend, Plunge of P,T     98.79    18.75   329.10    62.01
     B trend, B plunge, Angle:  195.88  20.00  25.00
++++++++++++++++++++++++++++++++++++++++++++++++++++++++++++++++++++++++++++++++

     Dip,Strike,Rake     35.53   165.24    53.95
     Dip,Strike,Rake     61.98    27.05   112.80   Auxiliary Plane
     Lower Hem. Trend, Plunge of A,N    297.05    28.02    75.24    54.47
     Lower Hem. Trend, Plunge of P,T    100.65    14.08   337.81    65.19
     B trend, B plunge, Angle:  195.88  20.00  30.00
++++++++++++++++++++++++++++++++++++++++++++++++++++++++++++++++++++++++++++++++

     Dip,Strike,Rake     39.67   169.85    57.60
     Dip,Strike,Rake     57.39    29.35   113.96   Auxiliary Plane
     Lower Hem. Trend, Plunge of A,N    299.35    32.61    79.85    50.33
     Lower Hem. Trend, Plunge of P,T    102.43     9.39   348.61    67.73
     B trend, B plunge, Angle:  195.88  20.00  35.00
++++++++++++++++++++++++++++++++++++++++++++++++++++++++++++++++++++++++++++++++

     Dip,Strike,Rake     43.96   173.71    60.48
     Dip,Strike,Rake     52.84    31.90   115.41   Auxiliary Plane
     Lower Hem. Trend, Plunge of A,N    301.90    37.16    83.71    46.04
     Lower Hem. Trend, Plunge of P,T    104.17     4.70     1.53    69.41
     B trend, B plunge, Angle:  195.88  20.00  40.00
++++++++++++++++++++++++++++++++++++++++++++++++++++++++++++++++++++++++++++++++

     Dip,Strike,Rake     48.36   177.00    62.76
     Dip,Strike,Rake     48.36    34.76   117.24   Auxiliary Plane
     Lower Hem. Trend, Plunge of A,N    304.76    41.64    87.00    41.64
     Lower Hem. Trend, Plunge of P,T    105.88     0.00    15.88    70.00
     B trend, B plunge, Angle:  195.88  20.00  45.00
++++++++++++++++++++++++++++++++++++++++++++++++++++++++++++++++++++++++++++++++

     Dip,Strike,Rake     27.99   157.96    43.22
     Dip,Strike,Rake     71.25    28.27   111.17   Auxiliary Plane
     Lower Hem. Trend, Plunge of A,N    298.27    18.75    67.96    62.01
     Lower Hem. Trend, Plunge of P,T    102.11    23.40   327.44    58.39
     B trend, B plunge, Angle:  201.18  20.00  20.00
++++++++++++++++++++++++++++++++++++++++++++++++++++++++++++++++++++++++++++++++

     Dip,Strike,Rake     31.61   164.92    49.26
     Dip,Strike,Rake     66.60    30.24   111.88   Auxiliary Plane
     Lower Hem. Trend, Plunge of A,N    300.24    23.40    74.92    58.39
     Lower Hem. Trend, Plunge of P,T    104.08    18.75   334.40    62.01
     B trend, B plunge, Angle:  201.18  20.00  25.00
++++++++++++++++++++++++++++++++++++++++++++++++++++++++++++++++++++++++++++++++

     Dip,Strike,Rake     35.53   170.53    53.95
     Dip,Strike,Rake     61.98    32.35   112.80   Auxiliary Plane
     Lower Hem. Trend, Plunge of A,N    302.35    28.02    80.53    54.47
     Lower Hem. Trend, Plunge of P,T    105.94    14.08   343.10    65.19
     B trend, B plunge, Angle:  201.18  20.00  30.00
++++++++++++++++++++++++++++++++++++++++++++++++++++++++++++++++++++++++++++++++

     Dip,Strike,Rake     39.67   175.14    57.60
     Dip,Strike,Rake     57.39    34.64   113.96   Auxiliary Plane
     Lower Hem. Trend, Plunge of A,N    304.64    32.61    85.14    50.33
     Lower Hem. Trend, Plunge of P,T    107.73     9.39   353.90    67.73
     B trend, B plunge, Angle:  201.18  20.00  35.00
++++++++++++++++++++++++++++++++++++++++++++++++++++++++++++++++++++++++++++++++

     Dip,Strike,Rake     43.96   179.00    60.48
     Dip,Strike,Rake     52.84    37.19   115.41   Auxiliary Plane
     Lower Hem. Trend, Plunge of A,N    307.19    37.16    89.00    46.04
     Lower Hem. Trend, Plunge of P,T    109.46     4.70     6.83    69.41
     B trend, B plunge, Angle:  201.18  20.00  40.00
++++++++++++++++++++++++++++++++++++++++++++++++++++++++++++++++++++++++++++++++

     Dip,Strike,Rake     48.36   182.29    62.76
     Dip,Strike,Rake     48.36    40.06   117.24   Auxiliary Plane
     Lower Hem. Trend, Plunge of A,N    310.06    41.64    92.29    41.64
     Lower Hem. Trend, Plunge of P,T    111.18     0.00    21.18    70.00
     B trend, B plunge, Angle:  201.18  20.00  45.00
++++++++++++++++++++++++++++++++++++++++++++++++++++++++++++++++++++++++++++++++

     Dip,Strike,Rake     52.84   185.16    64.59
     Dip,Strike,Rake     43.96    43.35   119.52   Auxiliary Plane
     Lower Hem. Trend, Plunge of A,N    313.35    46.04    95.16    37.16
     Lower Hem. Trend, Plunge of P,T    292.89     4.70    35.53    69.41
     B trend, B plunge, Angle:  201.18  20.00  50.00
++++++++++++++++++++++++++++++++++++++++++++++++++++++++++++++++++++++++++++++++

     Dip,Strike,Rake     27.99   163.25    43.22
     Dip,Strike,Rake     71.25    33.57   111.17   Auxiliary Plane
     Lower Hem. Trend, Plunge of A,N    303.57    18.75    73.25    62.01
     Lower Hem. Trend, Plunge of P,T    107.41    23.40   332.73    58.39
     B trend, B plunge, Angle:  206.47  20.00  20.00
++++++++++++++++++++++++++++++++++++++++++++++++++++++++++++++++++++++++++++++++

     Dip,Strike,Rake     31.61   170.21    49.26
     Dip,Strike,Rake     66.60    35.53   111.88   Auxiliary Plane
     Lower Hem. Trend, Plunge of A,N    305.53    23.40    80.21    58.39
     Lower Hem. Trend, Plunge of P,T    109.37    18.75   339.69    62.01
     B trend, B plunge, Angle:  206.47  20.00  25.00
++++++++++++++++++++++++++++++++++++++++++++++++++++++++++++++++++++++++++++++++

     Dip,Strike,Rake     35.53   175.83    53.95
     Dip,Strike,Rake     61.98    37.64   112.80   Auxiliary Plane
     Lower Hem. Trend, Plunge of A,N    307.64    28.02    85.83    54.47
     Lower Hem. Trend, Plunge of P,T    111.23    14.08   348.39    65.19
     B trend, B plunge, Angle:  206.47  20.00  30.00
++++++++++++++++++++++++++++++++++++++++++++++++++++++++++++++++++++++++++++++++

     Dip,Strike,Rake     39.67   180.44    57.60
     Dip,Strike,Rake     57.39    39.94   113.96   Auxiliary Plane
     Lower Hem. Trend, Plunge of A,N    309.94    32.61    90.44    50.33
     Lower Hem. Trend, Plunge of P,T    113.02     9.39   359.20    67.73
     B trend, B plunge, Angle:  206.47  20.00  35.00
++++++++++++++++++++++++++++++++++++++++++++++++++++++++++++++++++++++++++++++++

     Dip,Strike,Rake     43.96   184.29    60.48
     Dip,Strike,Rake     52.84    42.48   115.41   Auxiliary Plane
     Lower Hem. Trend, Plunge of A,N    312.48    37.16    94.29    46.04
     Lower Hem. Trend, Plunge of P,T    114.76     4.70    12.12    69.41
     B trend, B plunge, Angle:  206.47  20.00  40.00
++++++++++++++++++++++++++++++++++++++++++++++++++++++++++++++++++++++++++++++++

     Dip,Strike,Rake     48.36   187.59    62.76
     Dip,Strike,Rake     48.36    45.35   117.24   Auxiliary Plane
     Lower Hem. Trend, Plunge of A,N    315.35    41.64    97.59    41.64
     Lower Hem. Trend, Plunge of P,T    116.47     0.00    26.47    70.00
     B trend, B plunge, Angle:  206.47  20.00  45.00
++++++++++++++++++++++++++++++++++++++++++++++++++++++++++++++++++++++++++++++++

     Dip,Strike,Rake     52.84   190.46    64.59
     Dip,Strike,Rake     43.96    48.65   119.52   Auxiliary Plane
     Lower Hem. Trend, Plunge of A,N    318.65    46.04   100.46    37.16
     Lower Hem. Trend, Plunge of P,T    298.18     4.70    40.82    69.41
     B trend, B plunge, Angle:  206.47  20.00  50.00
++++++++++++++++++++++++++++++++++++++++++++++++++++++++++++++++++++++++++++++++

     Dip,Strike,Rake     31.61   175.51    49.26
     Dip,Strike,Rake     66.60    40.83   111.88   Auxiliary Plane
     Lower Hem. Trend, Plunge of A,N    310.83    23.40    85.51    58.39
     Lower Hem. Trend, Plunge of P,T    114.67    18.75   344.98    62.01
     B trend, B plunge, Angle:  211.76  20.00  25.00
++++++++++++++++++++++++++++++++++++++++++++++++++++++++++++++++++++++++++++++++

     Dip,Strike,Rake     35.53   181.12    53.95
     Dip,Strike,Rake     61.98    42.93   112.80   Auxiliary Plane
     Lower Hem. Trend, Plunge of A,N    312.93    28.02    91.12    54.47
     Lower Hem. Trend, Plunge of P,T    116.53    14.08   353.69    65.19
     B trend, B plunge, Angle:  211.76  20.00  30.00
++++++++++++++++++++++++++++++++++++++++++++++++++++++++++++++++++++++++++++++++

     Dip,Strike,Rake     39.67   185.73    57.60
     Dip,Strike,Rake     57.39    45.23   113.96   Auxiliary Plane
     Lower Hem. Trend, Plunge of A,N    315.23    32.61    95.73    50.33
     Lower Hem. Trend, Plunge of P,T    118.31     9.39     4.49    67.73
     B trend, B plunge, Angle:  211.76  20.00  35.00
++++++++++++++++++++++++++++++++++++++++++++++++++++++++++++++++++++++++++++++++

     Dip,Strike,Rake     43.96   189.59    60.48
     Dip,Strike,Rake     52.84    47.78   115.41   Auxiliary Plane
     Lower Hem. Trend, Plunge of A,N    317.78    37.16    99.59    46.04
     Lower Hem. Trend, Plunge of P,T    120.05     4.70    17.42    69.41
     B trend, B plunge, Angle:  211.76  20.00  40.00
++++++++++++++++++++++++++++++++++++++++++++++++++++++++++++++++++++++++++++++++

     Dip,Strike,Rake     48.36   192.88    62.76
     Dip,Strike,Rake     48.36    50.65   117.24   Auxiliary Plane
     Lower Hem. Trend, Plunge of A,N    320.65    41.64   102.88    41.64
     Lower Hem. Trend, Plunge of P,T    121.76     0.00    31.76    70.00
     B trend, B plunge, Angle:  211.76  20.00  45.00
++++++++++++++++++++++++++++++++++++++++++++++++++++++++++++++++++++++++++++++++

     Dip,Strike,Rake     31.61   180.80    49.26
     Dip,Strike,Rake     66.60    46.12   111.88   Auxiliary Plane
     Lower Hem. Trend, Plunge of A,N    316.12    23.40    90.80    58.39
     Lower Hem. Trend, Plunge of P,T    119.96    18.75   350.28    62.01
     B trend, B plunge, Angle:  217.06  20.00  25.00
++++++++++++++++++++++++++++++++++++++++++++++++++++++++++++++++++++++++++++++++

     Dip,Strike,Rake     35.53   186.42    53.95
     Dip,Strike,Rake     61.98    48.23   112.80   Auxiliary Plane
     Lower Hem. Trend, Plunge of A,N    318.23    28.02    96.42    54.47
     Lower Hem. Trend, Plunge of P,T    121.82    14.08   358.98    65.19
     B trend, B plunge, Angle:  217.06  20.00  30.00
++++++++++++++++++++++++++++++++++++++++++++++++++++++++++++++++++++++++++++++++

     Dip,Strike,Rake     39.67   191.03    57.60
     Dip,Strike,Rake     57.39    50.53   113.96   Auxiliary Plane
     Lower Hem. Trend, Plunge of A,N    320.53    32.61   101.03    50.33
     Lower Hem. Trend, Plunge of P,T    123.61     9.39     9.79    67.73
     B trend, B plunge, Angle:  217.06  20.00  35.00
++++++++++++++++++++++++++++++++++++++++++++++++++++++++++++++++++++++++++++++++

     Dip,Strike,Rake     31.61   186.09    49.26
     Dip,Strike,Rake     66.60    51.41   111.88   Auxiliary Plane
     Lower Hem. Trend, Plunge of A,N    321.41    23.40    96.09    58.39
     Lower Hem. Trend, Plunge of P,T    125.26    18.75   355.57    62.01
     B trend, B plunge, Angle:  222.35  20.00  25.00
++++++++++++++++++++++++++++++++++++++++++++++++++++++++++++++++++++++++++++++++

     Dip,Strike,Rake     35.53   191.71    53.95
     Dip,Strike,Rake     61.98    53.52   112.80   Auxiliary Plane
     Lower Hem. Trend, Plunge of A,N    323.52    28.02   101.71    54.47
     Lower Hem. Trend, Plunge of P,T    127.12    14.08     4.28    65.19
     B trend, B plunge, Angle:  222.35  20.00  30.00
++++++++++++++++++++++++++++++++++++++++++++++++++++++++++++++++++++++++++++++++

     Dip,Strike,Rake     71.94   140.79    63.61
     Dip,Strike,Rake     31.61    18.80   143.74   Auxiliary Plane
     Lower Hem. Trend, Plunge of A,N    288.80    58.39    50.79    18.06
     Lower Hem. Trend, Plunge of P,T    250.69    22.52    17.35    55.22
     B trend, B plunge, Angle:  149.54  25.00  70.00
++++++++++++++++++++++++++++++++++++++++++++++++++++++++++++++++++++++++++++++++

     Dip,Strike,Rake     76.43   143.08    64.23
     Dip,Strike,Rake     28.90    27.16   150.97   Auxiliary Plane
     Lower Hem. Trend, Plunge of A,N    297.16    61.10    53.08    13.57
     Lower Hem. Trend, Plunge of P,T    253.25    26.95    23.33    51.71
     B trend, B plunge, Angle:  149.54  25.00  75.00
++++++++++++++++++++++++++++++++++++++++++++++++++++++++++++++++++++++++++++++++

     Dip,Strike,Rake     80.95   145.28    64.66
     Dip,Strike,Rake     26.81    36.89   159.58   Auxiliary Plane
     Lower Hem. Trend, Plunge of A,N    306.89    63.19    55.28     9.05
     Lower Hem. Trend, Plunge of P,T    256.02    31.32    28.42    47.94
     B trend, B plunge, Angle:  149.54  25.00  80.00
++++++++++++++++++++++++++++++++++++++++++++++++++++++++++++++++++++++++++++++++

     Dip,Strike,Rake     63.05   141.36    61.70
     Dip,Strike,Rake     38.29    11.28   133.00   Auxiliary Plane
     Lower Hem. Trend, Plunge of A,N    281.28    51.71    51.36    26.95
     Lower Hem. Trend, Plunge of P,T    251.54    13.57     7.45    61.10
     B trend, B plunge, Angle:  155.08  25.00  60.00
++++++++++++++++++++++++++++++++++++++++++++++++++++++++++++++++++++++++++++++++

     Dip,Strike,Rake     67.48   143.93    62.77
     Dip,Strike,Rake     34.78    17.26   137.81   Auxiliary Plane
     Lower Hem. Trend, Plunge of A,N    287.26    55.22    53.93    22.52
     Lower Hem. Trend, Plunge of P,T    253.82    18.06    15.81    58.39
     B trend, B plunge, Angle:  155.08  25.00  65.00
++++++++++++++++++++++++++++++++++++++++++++++++++++++++++++++++++++++++++++++++

     Dip,Strike,Rake     71.94   146.33    63.61
     Dip,Strike,Rake     31.61    24.34   143.74   Auxiliary Plane
     Lower Hem. Trend, Plunge of A,N    294.34    58.39    56.33    18.06
     Lower Hem. Trend, Plunge of P,T    256.23    22.52    22.89    55.22
     B trend, B plunge, Angle:  155.08  25.00  70.00
++++++++++++++++++++++++++++++++++++++++++++++++++++++++++++++++++++++++++++++++

     Dip,Strike,Rake     76.43   148.62    64.23
     Dip,Strike,Rake     28.90    32.70   150.97   Auxiliary Plane
     Lower Hem. Trend, Plunge of A,N    302.70    61.10    58.62    13.57
     Lower Hem. Trend, Plunge of P,T    258.79    26.95    28.87    51.71
     B trend, B plunge, Angle:  155.08  25.00  75.00
++++++++++++++++++++++++++++++++++++++++++++++++++++++++++++++++++++++++++++++++

     Dip,Strike,Rake     80.95   150.82    64.66
     Dip,Strike,Rake     26.81    42.43   159.58   Auxiliary Plane
     Lower Hem. Trend, Plunge of A,N    312.43    63.19    60.82     9.05
     Lower Hem. Trend, Plunge of P,T    261.56    31.32    33.96    47.94
     B trend, B plunge, Angle:  155.08  25.00  80.00
++++++++++++++++++++++++++++++++++++++++++++++++++++++++++++++++++++++++++++++++

     Dip,Strike,Rake     67.48   149.47    62.77
     Dip,Strike,Rake     34.78    22.80   137.81   Auxiliary Plane
     Lower Hem. Trend, Plunge of A,N    292.80    55.22    59.47    22.52
     Lower Hem. Trend, Plunge of P,T    259.36    18.06    21.35    58.39
     B trend, B plunge, Angle:  160.62  25.00  65.00
++++++++++++++++++++++++++++++++++++++++++++++++++++++++++++++++++++++++++++++++

     Dip,Strike,Rake     71.94   151.87    63.61
     Dip,Strike,Rake     31.61    29.88   143.74   Auxiliary Plane
     Lower Hem. Trend, Plunge of A,N    299.88    58.39    61.87    18.06
     Lower Hem. Trend, Plunge of P,T    261.76    22.52    28.43    55.22
     B trend, B plunge, Angle:  160.62  25.00  70.00
++++++++++++++++++++++++++++++++++++++++++++++++++++++++++++++++++++++++++++++++

 Reached chosen maximum of  100 solutions

 There are 100 acceptable solutions
