
     1    1.000000
     2    0.990024    9.98E-03
     3    0.980049    9.98E-03
     4    0.970073    9.98E-03
     5    0.960098    9.98E-03
     6    0.950122    9.98E-03
     7    0.940147    9.98E-03
     8    0.930171    9.98E-03
     9    0.920196    9.98E-03
    10    0.910220    9.98E-03
    11    0.900244    9.98E-03
    12    0.890269    9.98E-03
    13    0.880293    9.98E-03
    14    0.870318    9.98E-03
    15    0.860342    9.98E-03
    16    0.850367    9.98E-03
    17    0.840391    9.98E-03
    18    0.830416    9.98E-03
    19    0.820440    9.98E-03
    20    0.810465    9.98E-03
    21    0.800489    9.98E-03
    22    0.790513    9.98E-03
    23    0.780538    9.98E-03
    24    0.770562    9.98E-03
    25    0.760587    9.98E-03
    26    0.750611    9.98E-03
    27    0.740636    9.98E-03
    28    0.730660    9.98E-03
    29    0.720685    9.98E-03
    30    0.710709    9.98E-03
    31    0.700734    9.98E-03
    32    0.695826    4.91E-03
    33    0.695330    4.96E-04
    34    0.694497    8.33E-04
    35    0.693323    1.17E-03
    36    0.691833    1.49E-03
    37    0.690005    1.83E-03
    38    0.688007    2.00E-03
    39    0.685951    2.06E-03
    40    0.683512    2.44E-03
    41    0.680783    2.73E-03
    42    0.680646    1.36E-04
    43    0.680179    4.68E-04
    44    0.674780    5.40E-03
    45    0.669381    5.40E-03
    46    0.659663    9.72E-03
    47    0.649946    9.72E-03
    48    0.640228    9.72E-03
    49    0.630510    9.72E-03
    50    0.620793    9.72E-03
    51    0.611075    9.72E-03
    52    0.610396    6.79E-04
    53    0.608147    2.25E-03
    54    0.603918    4.23E-03
    55    0.597135    6.78E-03
    56    0.592051    5.08E-03
    57    0.586967    5.08E-03
    58    0.586231    7.35E-04
    59    0.583578    2.65E-03
    60    0.578162    5.42E-03
    61    0.569398    8.76E-03
    62    0.560825    8.57E-03
    63    0.552252    8.57E-03
    64    0.543679    8.57E-03
    65    0.535042    8.64E-03
    66    0.526404    8.64E-03
    67    0.517767    8.64E-03
    68    0.509130    8.64E-03
    69    0.508554    5.76E-04
    70    0.506670    1.88E-03
    71    0.503199    3.47E-03
    72    0.497782    5.42E-03
    73    0.489965    7.82E-03
    74    0.484572    5.39E-03
    75    0.479179    5.39E-03
    76    0.478424    7.54E-04
    77    0.475793    2.63E-03
    78    0.470514    5.28E-03
    79    0.462206    8.31E-03
    80    0.453043    9.16E-03
    81    0.450902    2.14E-03
    82    0.449385    1.52E-03
    83    0.447009    2.38E-03
    84    0.444121    2.89E-03
    85    0.440864    3.26E-03
    86    0.437106    3.76E-03
    87    0.432946    4.16E-03
    88    0.428623    4.32E-03
    89    0.424001    4.62E-03
    90    0.419078    4.92E-03
    91    0.414046    5.03E-03
    92    0.408935    5.11E-03
    93    0.403680    5.26E-03
    94    0.398351    5.33E-03
    95    0.392902    5.45E-03
    96    0.387417    5.48E-03
    97    0.381826    5.59E-03
    98    0.376207    5.62E-03
    99    0.370575    5.63E-03
   100    0.364810    5.76E-03
   101    0.358991    5.82E-03
   102    0.353264    5.73E-03
   103    0.347454    5.81E-03
   104    0.341552    5.90E-03
   105    0.335546    6.01E-03
   106    0.329561    5.99E-03
   107    0.329029    5.32E-04
   108    0.327225    1.80E-03
   109    0.323735    3.49E-03
   110    0.317940    5.79E-03
   111    0.317534    4.07E-04
   112    0.316098    1.44E-03
   113    0.313257    2.84E-03
   114    0.308835    4.42E-03
   115    0.302842    5.99E-03
   116    0.295808    7.03E-03
   117    0.287947    7.86E-03
   118    0.279522    8.42E-03
   119    0.279235    2.87E-04
   120    0.278293    9.42E-04
   121    0.276547    1.75E-03
   122    0.273802    2.75E-03
   123    0.269806    4.00E-03
   124    0.264237    5.57E-03
   125    0.264062    1.75E-04
   126    0.263494    5.68E-04
   127    0.262474    1.02E-03
   128    0.260914    1.56E-03
   129    0.258764    2.15E-03
   130    0.256072    2.69E-03
   131    0.253373    2.70E-03
   132    0.251838    1.54E-03
   133    0.249531    2.31E-03
   134    0.248066    1.46E-03
   135    0.245235    2.83E-03
   136    0.241811    3.42E-03
   137    0.238078    3.73E-03
   138    0.238040    3.80E-05
   139    0.237924    1.16E-04
   140    0.237725    1.99E-04
   141    0.237440    2.85E-04
   142    0.237064    3.76E-04
   143    0.236593    4.71E-04
   144    0.236021    5.71E-04
   145    0.235345    6.76E-04
   146    0.234558    7.86E-04
   147    0.233657    9.02E-04
   148    0.232635    1.02E-03
   149    0.231486    1.15E-03
   150    0.230206    1.28E-03
   151    0.228788    1.42E-03
   152    0.227227    1.56E-03
   153    0.225516    1.71E-03
   154    0.223649    1.87E-03
   155    0.221621    2.03E-03
   156    0.219415    2.21E-03
   157    0.217052    2.36E-03
   158    0.216969    8.32E-05
   159    0.216692    2.77E-04
   160    0.216169    5.23E-04
   161    0.215326    8.43E-04
   162    0.214055    1.27E-03
   163    0.212193    1.86E-03
   164    0.209800    2.39E-03
   165    0.206364    3.44E-03
   166    0.202320    4.04E-03
   167    0.197559    4.76E-03
   168    0.192197    5.36E-03
   169    0.186558    5.64E-03
   170    0.181133    5.42E-03
   171    0.175584    5.55E-03
   172    0.170032    5.55E-03
   173    0.164664    5.37E-03
   174    0.159776    4.89E-03
   175    0.154863    4.91E-03
   176    0.150045    4.82E-03
   177    0.145391    4.65E-03
   178    0.141112    4.28E-03
   179    0.136883    4.23E-03
   180    0.132737    4.15E-03
   181    0.132372    3.66E-04
   182    0.131471    9.01E-04
   183    0.130217    1.25E-03
   184    0.128699    1.52E-03
   185    0.126971    1.73E-03
   186    0.126952    1.81E-05
   187    0.126895    5.71E-05
   188    0.126795    1.01E-04
   189    0.126646    1.49E-04
   190    0.126442    2.04E-04
   191    0.126175    2.66E-04
   192    0.125839    3.37E-04
   193    0.125421    4.17E-04
   194    0.124910    5.12E-04
   195    0.124291    6.19E-04
   196    0.123484    8.07E-04
   197    0.122539    9.45E-04
   198    0.121400    1.14E-03
   199    0.119895    1.51E-03
   200    0.118075    1.82E-03
   201    0.115509    2.57E-03
   202    0.111807    3.70E-03
   203    0.107782    4.03E-03
   204    0.103757    4.03E-03
   205    0.099732    4.03E-03
   206    0.095682    4.05E-03
   207    0.091633    4.05E-03
   208    0.087583    4.05E-03
   209    0.083533    4.05E-03
   210    0.080062    3.47E-03
   211    0.076591    3.47E-03
   212    0.073119    3.47E-03
   213    0.069648    3.47E-03
   214    0.066121    3.53E-03
   215    0.062623    3.50E-03
   216    0.059235    3.39E-03
   217    0.059227    7.28E-06
   218    0.059205    2.19E-05
   219    0.059169    3.67E-05
   220    0.059117    5.16E-05
   221    0.059050    6.67E-05
   222    0.058968    8.19E-05
   223    0.058871    9.72E-05
   224    0.058759    1.13E-04
   225    0.058631    1.28E-04
   226    0.058487    1.44E-04
   227    0.058327    1.60E-04
   228    0.058152    1.75E-04
   229    0.057961    1.91E-04
   230    0.057752    2.08E-04
   231    0.057529    2.23E-04
   232    0.057289    2.40E-04
   233    0.057033    2.56E-04
   234    0.056761    2.72E-04
   235    0.056473    2.89E-04
   236    0.056168    3.05E-04
   237    0.055846    3.21E-04
   238    0.055508    3.38E-04
   239    0.055154    3.55E-04
   240    0.054783    3.71E-04
   241    0.054775    7.19E-06
   242    0.054753    2.27E-05
   243    0.054713    3.97E-05
   244    0.054654    5.93E-05
   245    0.054572    8.13E-05
   246    0.054466    1.06E-04
   247    0.054331    1.35E-04
   248    0.054162    1.68E-04
   249    0.053956    2.07E-04
   250    0.053704    2.51E-04
   251    0.053401    3.03E-04
   252    0.053039    3.63E-04
   253    0.052607    4.32E-04
   254    0.052104    5.03E-04
   255    0.051511    5.94E-04
   256    0.050816    6.95E-04
   257    0.050017    7.99E-04
   258    0.049108    9.09E-04
   259    0.048067    1.04E-03
   260    0.046924    1.14E-03
   261    0.045637    1.29E-03
   262    0.044247    1.39E-03
   263    0.042738    1.51E-03
   264    0.041119    1.62E-03
   265    0.039403    1.72E-03
   266    0.037606    1.80E-03
   267    0.035725    1.88E-03
   268    0.033762    1.96E-03
   269    0.031728    2.03E-03
   270    0.029661    2.07E-03
   271    0.027543    2.12E-03
   272    0.025378    2.16E-03
   273    0.023166    2.21E-03
   274    0.020926    2.24E-03
   275    0.018667    2.26E-03
   276    0.016384    2.28E-03
   277    0.014076    2.31E-03
   278    0.011752    2.32E-03
   279    0.009418    2.33E-03
   280    0.007072    2.35E-03
   281    0.004717    2.35E-03
   282    0.002358    2.36E-03
   283    0.000000    2.36E-03
 zgrid         220  0.543678939      0.543678939    

     1    0.543679    0.000000   6370.99  8.8019E+04  220
     2    0.535042  -13.815511  -6356.38 -8.8004E+04  219
     3    0.526404   -0.002296  -1987.54 -1.7334E+03  218
     4    0.517767    0.269778   8343.93  8.9737E+04  217
     5    0.509130  -13.815511      0.00  0.0000E+00  216
     6    0.508554  -13.815511      0.00  0.0000E+00  215
     7    0.506670  -13.815511      0.00  0.0000E+00  214
     8    0.503199  -13.815511      0.00  0.0000E+00  213
     9    0.497782  -13.815511 -25742.35 -9.6915E+04  212
    10    0.489965    1.396381  13470.80  4.7200E+03  211
    11    0.484572    0.655527  12271.55  9.2195E+04  210
    12    0.479179  -13.815511      0.00  0.0000E+00  209
    13    0.478424  -13.815511      0.00  0.0000E+00  208
    14    0.475793  -13.815511      0.00  0.0000E+00  207
    15    0.470514  -13.815511  -6323.23 -8.7971E+04  206
    16    0.462206   -0.007524      0.55  5.5519E-01  205
    17    0.453043   -0.007612      0.13  1.3278E-01  204
    18    0.450902   -0.007632      0.09  9.5665E-02  203
    19    0.449385   -0.007647      0.74  7.4240E-01  202
    20    0.447009   -0.007764     -0.41 -4.0948E-01  201
    21    0.444121   -0.007700      0.20  2.0550E-01  200
    22    0.440864   -0.007732      0.25  2.5220E-01  199
    23    0.437106   -0.007772      0.28  2.7747E-01  198
    24    0.432946   -0.007815      0.30  2.9738E-01  197
    25    0.428623   -0.007862      2.21  2.2298E+00  196
    26    0.424001   -0.008212      3.50  3.5249E+00  195
    27    0.419078   -0.008765      3.65  3.6867E+00  194
    28    0.414046   -0.009344      3.80  3.8354E+00  193
    29    0.408935   -0.009946 -22944.38 -9.7741E+03  192
    30    0.403680    1.524203  10230.92  2.7420E+03  191
    31    0.398351    1.093809  12725.98  7.0447E+03  190
    32    0.392902   -0.011933     45.69  4.6411E+01  189
    33    0.387417   -0.019218     28.87  2.9495E+01  188
    34    0.381826   -0.023848     29.60  3.0382E+01  187
    35    0.376207   -0.028616     30.27  3.1229E+01  186
    36    0.370575   -0.033518     26.13  2.7079E+01  185
    37    0.364810   -0.037768     27.00  2.8099E+01  184
    38    0.358991   -0.042179     27.20  2.8432E+01  183
    39    0.353264   -0.046642     28.25  2.9666E+01  182
    40    0.347454   -0.051298     29.40  3.1024E+01  181
    41    0.341552   -0.056167     30.67  3.2521E+01  180
    42    0.335546   -0.061272     31.35  3.3424E+01  179
    43    0.329561   -0.066518      0.00  0.0000E+00  178
    44    0.329029   -0.066518      0.00  0.0000E+00  177
    45    0.327225   -0.066518      0.00  0.0000E+00  176
    46    0.323735   -0.066518      0.00  0.0000E+00  175
    47    0.317940   -0.066518      2.43  2.6029E+00  174
    48    0.317534   -0.066927      8.62  9.2185E+00  173
    49    0.316098   -0.068374     17.21  1.8450E+01  172
    50    0.313257   -0.071270     27.20  2.9277E+01  171
    51    0.308835   -0.075865     37.72  4.0824E+01  170
    52    0.302842   -0.082273     45.57  4.9670E+01  169
    53    0.295808   -0.090069     52.66  5.7889E+01  168
    54    0.287947   -0.099155     58.59  6.5028E+01  167
    55    0.279522   -0.109362      0.00  0.0000E+00  166
    56    0.279235   -0.109362      0.00  0.0000E+00  165
    57    0.278293   -0.109362      0.00  0.0000E+00  164
    58    0.276547   -0.109362      0.00  0.0000E+00  163
    59    0.273802   -0.109362      0.00  0.0000E+00  162
    60    0.269806   -0.109362      0.00  0.0000E+00  161
    61    0.264237   -0.109362      1.57  1.7532E+00  160
    62    0.264062   -0.109637      5.11  5.7074E+00  159
    63    0.263494   -0.110533      9.22  1.0302E+01  158
    64    0.262474   -0.112150     14.17  1.5867E+01  157
    65    0.260914   -0.114641     19.68  2.2114E+01  156
    66    0.258764   -0.118112     24.92  2.8111E+01  155
    67    0.256072   -0.122524     25.29  2.8647E+01  154
    68    0.253373   -0.127021     17.90  2.0353E+01  153
    69    0.251838   -0.130215     27.10  3.0946E+01  152
    70    0.249531   -0.135073     17.48  2.0044E+01  151
    71    0.248066   -0.138219     34.16  3.9349E+01  150
    72    0.245235   -0.144395     42.22  4.8971E+01  149
    73    0.241811   -0.152081     47.09  5.5062E+01  148
    74    0.238078   -0.160724      0.48  5.6904E-01  147
    75    0.238040   -0.160813      1.48  1.7423E+00  146
    76    0.237924   -0.161087      2.53  2.9758E+00  145
    77    0.237725   -0.161554      3.64  4.2776E+00  144
    78    0.237440   -0.162225      4.81  5.6603E+00  143
    79    0.237064   -0.163114      6.09  7.1729E+00  142
    80    0.236593   -0.164240      7.40  8.7237E+00  141
    81    0.236021   -0.165609      8.78  1.0365E+01  140
    82    0.235345   -0.167236     10.23  1.2105E+01  139
    83    0.234558   -0.169136     11.77  1.3950E+01  138
    84    0.233657   -0.171325     13.48  1.6022E+01  137
    85    0.232635   -0.173840     15.26  1.8179E+01  136
    86    0.231486   -0.176694     17.08  2.0417E+01  135
    87    0.230206   -0.179898     19.11  2.2923E+01  134
    88    0.228788   -0.183496     21.25  2.5576E+01  133
    89    0.227227   -0.187511     23.48  2.8382E+01  132
    90    0.225516   -0.191966     25.95  3.1523E+01  131
    91    0.223649   -0.196914     28.51  3.4806E+01  130
    92    0.221621   -0.202377     31.41  3.8568E+01  129
    93    0.219415   -0.208430     34.12  4.2170E+01  128
    94    0.217052   -0.215049      1.21  1.4994E+00  127
    95    0.216969   -0.215285      4.03  4.9998E+00  126
    96    0.216692   -0.216070      7.61  9.4511E+00  125
    97    0.216169   -0.217553     12.32  1.5336E+01  124
    98    0.215326   -0.219960     18.78  2.3445E+01  123
    99    0.214055   -0.223640     27.66  3.4693E+01  122
   100    0.212193   -0.229086     36.07  4.5518E+01  121
   101    0.209800   -0.236230     52.59  6.6956E+01  120
   102    0.206364   -0.246740     63.20  8.1399E+01  119
   103    0.202320   -0.259516     76.25  9.9621E+01  118
   104    0.197559   -0.275153     88.14  1.1712E+02  117
   105    0.192197   -0.293536     95.28  1.2908E+02  116
   106    0.186558   -0.313797     94.07  1.3006E+02  115
   107    0.181133   -0.334212     98.62  1.3927E+02  114
   108    0.175584   -0.356073    101.01  1.4586E+02  113
   109    0.170032   -0.378968     99.77  1.4743E+02  112
   110    0.164664   -0.402108     92.55  1.3989E+02  111
   111    0.159776   -0.424065     94.62  1.4626E+02  110
   112    0.154863   -0.447022     94.23  1.4907E+02  109
   113    0.150045   -0.470420     92.29  1.4947E+02  108
   114    0.145391   -0.493881     85.94  1.4241E+02  107
   115    0.141112   -0.516234     85.88  1.4556E+02  106
   116    0.136883   -0.539081     85.10  1.4760E+02  105
   117    0.132737   -0.562248      9.42  1.6556E+01  104
   118    0.132372   -0.564847     23.24  4.1015E+01  103
   119    0.131471   -0.571285     32.35  5.7536E+01  102
   120    0.130217   -0.580316     39.26  7.0532E+01  101
   121    0.128699   -0.591386     44.73  8.1314E+01  100
   122    0.126971   -0.604150      0.00  0.0000E+00   99
   123    0.128699   -0.604150      0.00  0.0000E+00  100
   124    0.130217   -0.604150      0.00  0.0000E+00  101
   125    0.131471   -0.604150      0.00  0.0000E+00  102
   126    0.132372   -0.604150      0.00  0.0000E+00  103
   127    0.132737   -0.604150      0.00  0.0000E+00  104
   128    0.136883   -0.604150      0.00  0.0000E+00  105
   129    0.141112   -0.604150      0.00  0.0000E+00  106
   130    0.145391   -0.604150      0.00  0.0000E+00  107
   131    0.150045   -0.604150      0.00  0.0000E+00  108
   132    0.154863   -0.604150      0.00  0.0000E+00  109
   133    0.159776   -0.604150      0.00  0.0000E+00  110
   134    0.164664   -0.604150      0.00  0.0000E+00  111
   135    0.170032   -0.604150      0.00  0.0000E+00  112
   136    0.175584   -0.604150      0.00  0.0000E+00  113
   137    0.181133   -0.604150      0.00  0.0000E+00  114
   138    0.186558   -0.604150      0.00  0.0000E+00  115
   139    0.192197   -0.604150      0.00  0.0000E+00  116
   140    0.197559   -0.604150      0.00  0.0000E+00  117
   141    0.202320   -0.604150      0.00  0.0000E+00  118
   142    0.206364   -0.604150      0.00  0.0000E+00  119
   143    0.209800   -0.604150      0.00  0.0000E+00  120
   144    0.212193   -0.604150      0.00  0.0000E+00  121
   145    0.214055   -0.604150      0.00  0.0000E+00  122
   146    0.215326   -0.604150      0.00  0.0000E+00  123
   147    0.216169   -0.604150      0.00  0.0000E+00  124
   148    0.216692   -0.604150      0.00  0.0000E+00  125
   149    0.216969   -0.604150      0.00  0.0000E+00  126
   150    0.217052   -0.604150      0.76  1.3948E+00  127
   151    0.216969   -0.604369      2.53  4.6404E+00  126
   152    0.216692   -0.605097      4.79  8.7747E+00  125
   153    0.216169   -0.606474      7.74  1.4208E+01  124
   154    0.215326   -0.608704     11.72  2.1586E+01  123
   155    0.214055   -0.612092     17.28  3.1950E+01  122
   156    0.212193   -0.617107     22.54  4.1914E+01  121
   157    0.209800   -0.623686     32.80  6.1500E+01  120
   158    0.206364   -0.633339     39.52  7.4886E+01  119
   159    0.202320   -0.645094     47.63  9.1443E+01  118
   160    0.197559   -0.659447     55.19  1.0762E+02  117
   161    0.192197   -0.676339     59.84  1.1878E+02  116
   162    0.186558   -0.694983     59.45  1.2024E+02  115
   163    0.181133   -0.713856     62.73  1.2940E+02  114
   164    0.175584   -0.734167     64.73  1.3633E+02  113
   165    0.170032   -0.755565     64.54  1.3890E+02  112
   166    0.164664   -0.777367     60.55  1.3312E+02  111
   167    0.159776   -0.798262     62.58  1.4058E+02  110
   168    0.154863   -0.820327     63.03  1.4478E+02  109
   169    0.150045   -0.843052     62.50  1.4690E+02  108
   170    0.145391   -0.866109     58.97  1.4177E+02  107
   171    0.141112   -0.888362     59.65  1.4670E+02  106
   172    0.136883   -0.911388     59.83  1.5061E+02  105
   173    0.132737   -0.935029      5.34  1.3616E+01  104
   174    0.132372   -0.937166     13.19  3.3759E+01  103
   175    0.131471   -0.942465     18.48  4.7611E+01  102
   176    0.130217   -0.949938     22.56  5.8609E+01  101
   177    0.128699   -0.959137     25.88  6.7900E+01  100
   178    0.126971   -0.969795      0.27  7.2189E-01   99
   179    0.126952   -0.969908      0.86  2.2746E+00   98
   180    0.126895   -0.970265      1.52  4.0066E+00   97
   181    0.126795   -0.970894      2.25  5.9494E+00   96
   182    0.126646   -0.971828      3.08  8.1443E+00   95
   183    0.126442   -0.973106      4.03  1.0662E+01   94
   184    0.126175   -0.974780      5.10  1.3526E+01   93
   185    0.125839   -0.976903      6.32  1.6805E+01   92
   186    0.125421   -0.979541      7.76  2.0705E+01   91
   187    0.124910   -0.982791      9.41  2.5192E+01   90
   188    0.124291   -0.986745     12.37  3.3270E+01   89
   189    0.123484   -0.991967     14.54  3.9323E+01   88
   190    0.122539   -0.998139     17.58  4.7879E+01   87
   191    0.121400   -1.005654     23.45  6.4428E+01   86
   192    0.119895   -1.015767     28.54  7.9307E+01   85
   193    0.118075   -1.028215     40.77  1.1501E+02   84
   194    0.115509   -1.046268     59.68  1.7223E+02   83
   195    0.111807   -1.073301     66.21  1.9667E+02   82
   196    0.107782   -1.104171     67.51  2.0698E+02   81
   197    0.103757   -1.136659     68.78  2.1805E+02   80
   198    0.099732   -1.170884     70.54  2.3163E+02   79
   199    0.095682   -1.207242     71.81  2.4479E+02   78
   200    0.091633   -1.245664     73.07  2.5912E+02   77
   201    0.087583   -1.286335     74.30  2.7476E+02   76
   202    0.083533   -1.329462     64.60  2.4892E+02   75
   203    0.080062   -1.368534     65.49  2.6267E+02   74
   204    0.076591   -1.409763     66.29  2.7740E+02   73
   205    0.073119   -1.453304     67.03  2.9337E+02   72
   206    0.069648   -1.499352     68.89  3.1629E+02   71
   207    0.066121   -1.548997     69.03  3.3348E+02   70
   208    0.062623   -1.601340     67.46  3.4369E+02   69
   209    0.059235   -1.655285      0.00  0.0000E+00   68
   210    0.059227   -1.655285      0.00  0.0000E+00   67
   211    0.059205   -1.655285      0.00  0.0000E+00   66
   212    0.059169   -1.655285      0.00  0.0000E+00   65
   213    0.059117   -1.655285      0.00  0.0000E+00   64
   214    0.059050   -1.655285      0.00  0.0000E+00   63
   215    0.058968   -1.655285      0.00  0.0000E+00   62
   216    0.058871   -1.655285      0.00  0.0000E+00   61
   217    0.058759   -1.655285      0.00  0.0000E+00   60
   218    0.058631   -1.655285      0.00  0.0000E+00   59
   219    0.058487   -1.655285      0.00  0.0000E+00   58
   220    0.058327   -1.655285      0.00  0.0000E+00   57
   221    0.058152   -1.655285      0.00  0.0000E+00   56
   222    0.057961   -1.655285      0.00  0.0000E+00   55
   223    0.057752   -1.655285      0.00  0.0000E+00   54
   224    0.057529   -1.655285      0.00  0.0000E+00   53
   225    0.057289   -1.655285      0.00  0.0000E+00   52
   226    0.057033   -1.655285      0.00  0.0000E+00   51
   227    0.056761   -1.655285      0.00  0.0000E+00   50
   228    0.056473   -1.655285      0.00  0.0000E+00   49
   229    0.056168   -1.655285      0.00  0.0000E+00   48
   230    0.055846   -1.655285      0.00  0.0000E+00   47
   231    0.055508   -1.655285      0.00  0.0000E+00   46
   232    0.055154   -1.655285      0.00  0.0000E+00   45
   233    0.054783   -1.655285      0.16  8.1417E-01   44
   234    0.054775   -1.655413      0.49  2.5716E+00   43
   235    0.054753   -1.655817      0.86  4.5052E+00   42
   236    0.054713   -1.656524      1.28  6.7351E+00   41
   237    0.054654   -1.657581      1.76  9.2406E+00   40
   238    0.054572   -1.659032      2.30  1.2121E+01   39
   239    0.054466   -1.660934      2.93  1.5436E+01   38
   240    0.054331   -1.663357      3.65  1.9276E+01   37
   241    0.054162   -1.666383      4.48  2.3749E+01   36
   242    0.053956   -1.670110      5.44  2.8983E+01   35
   243    0.053704   -1.674659      6.56  3.5121E+01   34
   244    0.053401   -1.680172      7.86  4.2324E+01   33
   245    0.053039   -1.686815      9.36  5.0790E+01   32
   246    0.052607   -1.694787     10.92  5.9717E+01   31
   247    0.052104   -1.704160     12.90  7.1306E+01   30
   248    0.051511   -1.715353     15.10  8.4511E+01   29
   249    0.050816   -1.728618     17.38  9.8675E+01   28
   250    0.050017   -1.744106     19.80  1.1431E+02   27
   251    0.049108   -1.762048     22.71  1.3369E+02   26
   252    0.048067   -1.783032     24.96  1.5022E+02   25
   253    0.046924   -1.806610     28.17  1.7388E+02   24
   254    0.045637   -1.833903     30.46  1.9355E+02   23
   255    0.044247   -1.864283     33.13  2.1740E+02   22
   256    0.042738   -1.898407     35.59  2.4211E+02   21
   257    0.041119   -1.936409     37.82  2.6777E+02   20
   258    0.039403   -1.978439     39.65  2.9339E+02   19
   259    0.037606   -2.024490     41.58  3.2286E+02   18
   260    0.035725   -2.075167     43.49  3.5619E+02   17
   261    0.033762   -2.131076     45.13  3.9203E+02   16
   262    0.031728   -2.192608     45.95  4.2553E+02   15
   263    0.029661   -2.259400     47.18  4.6865E+02   14
   264    0.027543   -2.332960     48.28  5.1822E+02   13
   265    0.025378   -2.414301     49.40  5.7786E+02   12
   266    0.023166   -2.505002     50.10  6.4501E+02   11
   267    0.020926   -2.606244     50.61  7.2547E+02   10
   268    0.018667   -2.720115     51.17  8.2853E+02    9
   269    0.016384   -2.850162     51.82  9.6561E+02    8
   270    0.014076   -3.001725     52.19  1.1476E+03    7
   271    0.011752   -3.181850     52.48  1.4092E+03    6
   272    0.009418   -3.403032     52.78  1.8243E+03    5
   273    0.007072   -3.689379     52.99  2.5788E+03    4
   274    0.004717   -4.094148     53.11  4.4168E+03    3
   275    0.002358   -4.787408     53.10  6.3710E+09    2
   276    0.000000************                          1
 zgrid         283   1.00000000       1.00000000    

     1    1.000000    0.000000   6370.99  8.8019E+04  283
     2    0.990024  -13.815511      0.00  0.0000E+00  282
     3    0.980049  -13.815511  -6369.98 -8.8018E+04  281
     4    0.970073   -0.000160      0.35  3.5095E-01  280
     5    0.960098   -0.000215   -360.42 -3.5067E+02  279
     6    0.950122    0.054827 -19369.49 -8.6348E+03  278
     7    0.940147    1.410161  26099.54  9.7003E+04  277
     8    0.930171  -13.815511      0.00  0.0000E+00  276
     9    0.920196  -13.815511  -2668.97 -8.2475E+04  275
    10    0.910220   -0.870060  -4426.40 -6.2292E+03  274
    11    0.900244    0.107687   7095.37  8.8705E+04  273
    12    0.890269  -13.815511      0.00  0.0000E+00  272
    13    0.880293  -13.815511  -7861.71 -8.9358E+04  271
    14    0.870318    0.210249   7861.71  8.9358E+04  270
    15    0.860342  -13.815511  -6329.42 -8.7977E+04  269
    16    0.850367   -0.006546   6329.42  8.7977E+04  268
    17    0.840391  -13.815511      0.00  0.0000E+00  267
    18    0.830416  -13.815511  -6328.22 -8.7976E+04  266
    19    0.820440   -0.006736  -7216.98 -4.8484E+03  265
    20    0.810465    0.754276   7217.83  4.8493E+03  264
    21    0.800489   -0.006871  -7919.50 -5.1710E+03  263
    22    0.790513    0.804781   7920.39  5.1719E+03  262
    23    0.780538   -0.007013     -2.15 -2.1610E+00  261
    24    0.770562   -0.006673     10.35  1.0430E+01  260
    25    0.760587   -0.008311      3.85  3.8873E+00  259
    26    0.750611   -0.008921      3.95  3.9879E+00  258
    27    0.740636   -0.009547 -16209.83 -8.1052E+03  257
    28    0.730660    1.262661   3630.45  1.1200E+03  256
    29    0.720685    1.086869    673.02  2.3113E+02  255
    30    0.710709    1.050590  11923.25  6.7712E+03  254
    31    0.700734   -0.012225     28.47  2.8886E+01  253
    32    0.695826   -0.016759      3.00  3.0483E+00  252
    33    0.695330   -0.017238      5.03  5.1192E+00  251
    34    0.694497   -0.018041      7.27  7.4068E+00  250
    35    0.693323   -0.019204     10.52  1.0728E+01  249
    36    0.691833   -0.020888     12.92  1.3202E+01  248
    37    0.690005   -0.022960     14.13  1.4476E+01  247
    38    0.688007   -0.025232     14.56  1.4952E+01  246
    39    0.685951   -0.027579     17.30  1.7808E+01  245
    40    0.683512   -0.030374     19.39  2.0024E+01  244
    41    0.680783   -0.033517      0.00  0.0000E+00  243
    42    0.680646   -0.033517      0.00  0.0000E+00  242
    43    0.680179   -0.033517     14.59  1.5109E+01  241
    44    0.674780   -0.035889     14.75  1.5312E+01  240
    45    0.669381   -0.038292     26.98  2.8096E+01  239
    46    0.659663   -0.042702     27.54  2.8807E+01  238
    47    0.649946   -0.047224     28.12  2.9546E+01  237
    48    0.640228   -0.051861     28.72  3.0316E+01  236
    49    0.630510   -0.056620     29.33  3.1113E+01  235
    50    0.620793   -0.061503     29.97  3.1949E+01  234
    51    0.611075   -0.066518      0.00  0.0000E+00  233
    52    0.610396   -0.066518      0.00  0.0000E+00  232
    53    0.608147   -0.066518      0.00  0.0000E+00  231
    54    0.603918   -0.066518      0.00  0.0000E+00  230
    55    0.597135   -0.066518      0.00  0.0000E+00  229
    56    0.592051   -0.066518      0.00  0.0000E+00  228
    57    0.586967   -0.066518      2.14  2.2923E+00  227
    58    0.586231   -0.066878      7.75  8.2953E+00  226
    59    0.583578   -0.068180     15.98  1.7136E+01  225
    60    0.578162   -0.070870     26.32  2.8318E+01  224
    61    0.569398   -0.075314     26.31  2.8431E+01  223
    62    0.560825   -0.079777     26.88  2.9180E+01  222
    63    0.552252   -0.084357     27.47  2.9962E+01  221
    64    0.543679   -0.089060     28.30  3.1008E+01  220
    65    0.535042   -0.093927     28.94  3.1868E+01  219
    66    0.526404   -0.098929     29.60  3.2764E+01  218
    67    0.517767   -0.104072     30.29  3.3705E+01  217
    68    0.509130   -0.109362      0.00  0.0000E+00  216
    69    0.508554   -0.109362      0.00  0.0000E+00  215
    70    0.506670   -0.109362      0.00  0.0000E+00  214
    71    0.503199   -0.109362      0.00  0.0000E+00  213
    72    0.497782   -0.109362      0.00  0.0000E+00  212
    73    0.489965   -0.109362      0.00  0.0000E+00  211
    74    0.484572   -0.109362      0.00  0.0000E+00  210
    75    0.479179   -0.109362      2.58  2.8818E+00  209
    76    0.478424   -0.109815      9.04  1.0101E+01  208
    77    0.475793   -0.111400     18.36  2.0554E+01  207
    78    0.470514   -0.114626     29.48  3.3151E+01  206
    79    0.462206   -0.119830     33.39  3.7749E+01  205
    80    0.453043   -0.125755      8.71  9.8820E+00  204
    81    0.450902   -0.127306     11.17  1.2704E+01  203
    82    0.449385   -0.129300     17.56  2.0019E+01  202
    83    0.447009   -0.132442     21.47  2.4560E+01  201
    84    0.444121   -0.136297     24.64  2.8300E+01  200
    85    0.440864   -0.140739     28.67  3.3089E+01  199
    86    0.437106   -0.145933     32.20  3.7371E+01  198
    87    0.432946   -0.151798     33.98  3.9678E+01  197
    88    0.428623   -0.158026     36.88  4.3340E+01  196
    89    0.424001   -0.164829     39.92  4.7247E+01  195
    90    0.419078   -0.172245     41.56  4.9561E+01  194
    91    0.414046   -0.180024     42.92  5.1596E+01  193
    92    0.408935   -0.188123     44.86  5.4377E+01  192
    93    0.403680   -0.196658     46.28  5.6594E+01  191
    94    0.398351   -0.205541     48.14  5.9400E+01  190
    95    0.392902   -0.214864     49.28  6.1381E+01  189
    96    0.387417   -0.224499     51.07  6.4246E+01  188
    97    0.381826   -0.234583     52.16  6.6296E+01  187
    98    0.376207   -0.244989     53.16  6.8286E+01  186
    99    0.370575   -0.255707     55.26  7.1765E+01  185
   100    0.364810   -0.266971     56.61  7.4360E+01  184
   101    0.358991   -0.278643     56.61  7.5246E+01  183
   102    0.353264   -0.290454     58.22  7.8325E+01  182
   103    0.347454   -0.302748     59.95  8.1673E+01  181
   104    0.341552   -0.315567     61.80  8.5293E+01  180
   105    0.335546   -0.328955     62.41  8.7312E+01  179
   106    0.329561   -0.342659      5.59  7.8737E+00  178
   107    0.329029   -0.343895     18.96  2.6802E+01  177
   108    0.327225   -0.348102     36.87  5.2440E+01  176
   109    0.323735   -0.356333     61.80  8.8878E+01  175
   110    0.317940   -0.370284      4.36  6.3119E+00  174
   111    0.317534   -0.371274     15.40  2.2367E+01  173
   112    0.316098   -0.374785     30.64  4.4729E+01  172
   113    0.313257   -0.381806     47.96  7.0646E+01  171
   114    0.308835   -0.392895     65.53  9.7807E+01  170
   115    0.302842   -0.408246     77.65  1.1789E+02  169
   116    0.295808   -0.426751     87.65  1.3573E+02  168
   117    0.287947   -0.448056     94.88  1.5027E+02  167
   118    0.279522   -0.471642      3.25  5.2044E+00  166
   119    0.279235   -0.472459     10.67  1.7139E+01  165
   120    0.278293   -0.475149     19.82  3.1957E+01  164
   121    0.276547   -0.480165     31.20  5.0631E+01  163
   122    0.273802   -0.488112     45.57  7.4672E+01  162
   123    0.269806   -0.499833     63.82  1.0609E+02  161
   124    0.264237   -0.516484      2.01  3.3634E+00  160
   125    0.264062   -0.517012      6.53  1.0960E+01  159
   126    0.263494   -0.518733     11.75  1.9761E+01  158
   127    0.262474   -0.521834     17.94  3.0310E+01  157
   128    0.260914   -0.526592     24.80  4.2122E+01  156
   129    0.258764   -0.533203     31.12  5.3256E+01  155
   130    0.256072   -0.541562     31.28  5.3986E+01  154
   131    0.253373   -0.550036     17.79  3.0917E+01  153
   132    0.251838   -0.554889     26.82  4.6887E+01  152
   133    0.249531   -0.562248     18.98  3.3392E+01  151
   134    0.248066   -0.567490     36.74  6.5142E+01  150
   135    0.245235   -0.577714     44.53  7.9840E+01  149
   136    0.241811   -0.590246     48.75  8.8579E+01  148
   137    0.238078   -0.604150      0.00  0.0000E+00  147
   138    0.238040   -0.604150      0.00  0.0000E+00  146
   139    0.237924   -0.604150      0.00  0.0000E+00  145
   140    0.237725   -0.604150      0.00  0.0000E+00  144
   141    0.237440   -0.604150      0.00  0.0000E+00  143
   142    0.237064   -0.604150      0.00  0.0000E+00  142
   143    0.236593   -0.604150      0.00  0.0000E+00  141
   144    0.236021   -0.604150      0.00  0.0000E+00  140
   145    0.235345   -0.604150      0.00  0.0000E+00  139
   146    0.234558   -0.604150      0.00  0.0000E+00  138
   147    0.233657   -0.604150      0.00  0.0000E+00  137
   148    0.232635   -0.604150      0.00  0.0000E+00  136
   149    0.231486   -0.604150      0.00  0.0000E+00  135
   150    0.230206   -0.604150      0.00  0.0000E+00  134
   151    0.228788   -0.604150      0.00  0.0000E+00  133
   152    0.227227   -0.604150      0.00  0.0000E+00  132
   153    0.225516   -0.604150      0.00  0.0000E+00  131
   154    0.223649   -0.604150      0.00  0.0000E+00  130
   155    0.221621   -0.604150      0.00  0.0000E+00  129
   156    0.219415   -0.604150      0.00  0.0000E+00  128
   157    0.217052   -0.604150      0.76  1.3948E+00  127
   158    0.216969   -0.604369      2.53  4.6404E+00  126
   159    0.216692   -0.605097      4.79  8.7747E+00  125
   160    0.216169   -0.606474      7.74  1.4208E+01  124
   161    0.215326   -0.608704     11.72  2.1586E+01  123
   162    0.214055   -0.612092     17.28  3.1950E+01  122
   163    0.212193   -0.617107     22.54  4.1914E+01  121
   164    0.209800   -0.623686     32.80  6.1500E+01  120
   165    0.206364   -0.633339     39.52  7.4886E+01  119
   166    0.202320   -0.645094     47.63  9.1443E+01  118
   167    0.197559   -0.659447     55.19  1.0762E+02  117
   168    0.192197   -0.676339     59.84  1.1878E+02  116
   169    0.186558   -0.694983     59.45  1.2024E+02  115
   170    0.181133   -0.713856     62.73  1.2940E+02  114
   171    0.175584   -0.734167     64.73  1.3633E+02  113
   172    0.170032   -0.755565     64.54  1.3890E+02  112
   173    0.164664   -0.777367     60.55  1.3312E+02  111
   174    0.159776   -0.798262     62.58  1.4058E+02  110
   175    0.154863   -0.820327     63.03  1.4478E+02  109
   176    0.150045   -0.843052     62.50  1.4690E+02  108
   177    0.145391   -0.866109     58.97  1.4177E+02  107
   178    0.141112   -0.888362     59.65  1.4670E+02  106
   179    0.136883   -0.911388     59.83  1.5061E+02  105
   180    0.132737   -0.935029      5.34  1.3616E+01  104
   181    0.132372   -0.937166     13.19  3.3759E+01  103
   182    0.131471   -0.942465     18.48  4.7611E+01  102
   183    0.130217   -0.949938     22.56  5.8609E+01  101
   184    0.128699   -0.959137     25.88  6.7900E+01  100
   185    0.126971   -0.969795      0.27  7.2189E-01   99
   186    0.126952   -0.969908      0.86  2.2746E+00   98
   187    0.126895   -0.970265      1.52  4.0066E+00   97
   188    0.126795   -0.970894      2.25  5.9494E+00   96
   189    0.126646   -0.971828      3.08  8.1443E+00   95
   190    0.126442   -0.973106      4.03  1.0662E+01   94
   191    0.126175   -0.974780      5.10  1.3526E+01   93
   192    0.125839   -0.976903      6.32  1.6805E+01   92
   193    0.125421   -0.979541      7.76  2.0705E+01   91
   194    0.124910   -0.982791      9.41  2.5192E+01   90
   195    0.124291   -0.986745     12.37  3.3270E+01   89
   196    0.123484   -0.991967     14.54  3.9323E+01   88
   197    0.122539   -0.998139     17.58  4.7879E+01   87
   198    0.121400   -1.005654     23.45  6.4428E+01   86
   199    0.119895   -1.015767     28.54  7.9307E+01   85
   200    0.118075   -1.028215     40.77  1.1501E+02   84
   201    0.115509   -1.046268     59.68  1.7223E+02   83
   202    0.111807   -1.073301     66.21  1.9667E+02   82
   203    0.107782   -1.104171     67.51  2.0698E+02   81
   204    0.103757   -1.136659     68.78  2.1805E+02   80
   205    0.099732   -1.170884     70.54  2.3163E+02   79
   206    0.095682   -1.207242     71.81  2.4479E+02   78
   207    0.091633   -1.245664     73.07  2.5912E+02   77
   208    0.087583   -1.286335     74.30  2.7476E+02   76
   209    0.083533   -1.329462     64.60  2.4892E+02   75
   210    0.080062   -1.368534     65.49  2.6267E+02   74
   211    0.076591   -1.409763     66.29  2.7740E+02   73
   212    0.073119   -1.453304     67.03  2.9337E+02   72
   213    0.069648   -1.499352     68.89  3.1629E+02   71
   214    0.066121   -1.548997     69.03  3.3348E+02   70
   215    0.062623   -1.601340     67.46  3.4369E+02   69
   216    0.059235   -1.655285      0.00  0.0000E+00   68
   217    0.059227   -1.655285      0.00  0.0000E+00   67
   218    0.059205   -1.655285      0.00  0.0000E+00   66
   219    0.059169   -1.655285      0.00  0.0000E+00   65
   220    0.059117   -1.655285      0.00  0.0000E+00   64
   221    0.059050   -1.655285      0.00  0.0000E+00   63
   222    0.058968   -1.655285      0.00  0.0000E+00   62
   223    0.058871   -1.655285      0.00  0.0000E+00   61
   224    0.058759   -1.655285      0.00  0.0000E+00   60
   225    0.058631   -1.655285      0.00  0.0000E+00   59
   226    0.058487   -1.655285      0.00  0.0000E+00   58
   227    0.058327   -1.655285      0.00  0.0000E+00   57
   228    0.058152   -1.655285      0.00  0.0000E+00   56
   229    0.057961   -1.655285      0.00  0.0000E+00   55
   230    0.057752   -1.655285      0.00  0.0000E+00   54
   231    0.057529   -1.655285      0.00  0.0000E+00   53
   232    0.057289   -1.655285      0.00  0.0000E+00   52
   233    0.057033   -1.655285      0.00  0.0000E+00   51
   234    0.056761   -1.655285      0.00  0.0000E+00   50
   235    0.056473   -1.655285      0.00  0.0000E+00   49
   236    0.056168   -1.655285      0.00  0.0000E+00   48
   237    0.055846   -1.655285      0.00  0.0000E+00   47
   238    0.055508   -1.655285      0.00  0.0000E+00   46
   239    0.055154   -1.655285      0.00  0.0000E+00   45
   240    0.054783   -1.655285      0.16  8.1417E-01   44
   241    0.054775   -1.655413      0.49  2.5716E+00   43
   242    0.054753   -1.655817      0.86  4.5052E+00   42
   243    0.054713   -1.656524      1.28  6.7351E+00   41
   244    0.054654   -1.657581      1.76  9.2406E+00   40
   245    0.054572   -1.659032      2.30  1.2121E+01   39
   246    0.054466   -1.660934      2.93  1.5436E+01   38
   247    0.054331   -1.663357      3.65  1.9276E+01   37
   248    0.054162   -1.666383      4.48  2.3749E+01   36
   249    0.053956   -1.670110      5.44  2.8983E+01   35
   250    0.053704   -1.674659      6.56  3.5121E+01   34
   251    0.053401   -1.680172      7.86  4.2324E+01   33
   252    0.053039   -1.686815      9.36  5.0790E+01   32
   253    0.052607   -1.694787     10.92  5.9717E+01   31
   254    0.052104   -1.704160     12.90  7.1306E+01   30
   255    0.051511   -1.715353     15.10  8.4511E+01   29
   256    0.050816   -1.728618     17.38  9.8675E+01   28
   257    0.050017   -1.744106     19.80  1.1431E+02   27
   258    0.049108   -1.762048     22.71  1.3369E+02   26
   259    0.048067   -1.783032     24.96  1.5022E+02   25
   260    0.046924   -1.806610     28.17  1.7388E+02   24
   261    0.045637   -1.833903     30.46  1.9355E+02   23
   262    0.044247   -1.864283     33.13  2.1740E+02   22
   263    0.042738   -1.898407     35.59  2.4211E+02   21
   264    0.041119   -1.936409     37.82  2.6777E+02   20
   265    0.039403   -1.978439     39.65  2.9339E+02   19
   266    0.037606   -2.024490     41.58  3.2286E+02   18
   267    0.035725   -2.075167     43.49  3.5619E+02   17
   268    0.033762   -2.131076     45.13  3.9203E+02   16
   269    0.031728   -2.192608     45.95  4.2553E+02   15
   270    0.029661   -2.259400     47.18  4.6865E+02   14
   271    0.027543   -2.332960     48.28  5.1822E+02   13
   272    0.025378   -2.414301     49.40  5.7786E+02   12
   273    0.023166   -2.505002     50.10  6.4501E+02   11
   274    0.020926   -2.606244     50.61  7.2547E+02   10
   275    0.018667   -2.720115     51.17  8.2853E+02    9
   276    0.016384   -2.850162     51.82  9.6561E+02    8
   277    0.014076   -3.001725     52.19  1.1476E+03    7
   278    0.011752   -3.181850     52.48  1.4092E+03    6
   279    0.009418   -3.403032     52.78  1.8243E+03    5
   280    0.007072   -3.689379     52.99  2.5788E+03    4
   281    0.004717   -4.094148     53.11  4.4168E+03    3
   282    0.002358   -4.787408     53.10  6.3710E+09    2
   283    0.000000************                          1

    44   68   99  160  166  174  178  206  209  212  216  220

     1  tPKPdf  
     2  rPKiKP  
     3  tPKPab  
     4  tP      
     5  rPd660P 
     6  tP      
     7  rPd410P 
     8  tP      
     9  rPd6371P
    10  tPn     
    11  rPmP    
    12  tPg     

    44   68  127  147  209  216  227  233  241  243  266  267  271  272  275  276  281  282  283

     1  tSKSdf  
     2  rSKiKS  
     3  tSKSab  
     4  rScS    
     5  tS      
     6  rSd660S 
     7  tS      
     8  rSd410S 
     9  tS      
    10  rSd210S 
    11  tS      
    12  rSd6371S
    13  tS      
    14  rSd6371S
    15  tS      
    16  rSd6371S
    17  tSn     
    18  rSmS    
    19  tSg     

 n1 kb         283         220         283
 reclength for dasign:        4540

 zmax zoc zic -0.13418181240558624      -0.60414958000183105       -1.6552853584289551     

 lev1           2         219           1  0.535041630      -13.8155107    
 lev1           3         217           1  0.517766953      0.269778192    
 lev1           4         216           1  0.509129643      -13.8155107    
 lev1           5         210           1  0.484571636      0.655527472    
 lev1           6         209           1  0.479178607      -13.8155107    
 lev1           7         204           1  0.453042597      -7.61161931E-03
 lev1           8         203           1  0.450902343      -7.63245998E-03
 lev1           9         202           1  0.449385107      -7.64747569E-03
 lev1          10         201           1  0.447008669      -7.76400324E-03
 lev1          11         200           1  0.444121420      -7.69973127E-03
 lev1          12         199           1  0.440864205      -7.73198670E-03
 lev1          13         198           1  0.437105536      -7.77157163E-03
 lev1          14         197           1  0.432945669      -7.81512354E-03
 lev1          15         196           1  0.428622991      -7.86180049E-03
 lev1          16         195           1  0.424000740      -8.21179897E-03
 lev1          17         194           1  0.419078350      -8.76507722E-03
 lev1          18         193           1  0.414046168      -9.34374891E-03
 lev1          19         192           1  0.408935100      -9.94575303E-03
 lev1          20         191           1  0.403679818       1.52420270    
 lev1          21         190           1  0.398351163       1.09380865    
 lev1          22         189           1  0.392901719      -1.19333165E-02
 lev1          23         188           1  0.387417227      -1.92179941E-02
 lev1          24         187           1  0.381826013      -2.38475166E-02
 lev1          25         186           1  0.376206994      -2.86163278E-02
 lev1          26         185           1  0.370575160      -3.35180685E-02
 lev1          27         184           1  0.364810258      -3.77684683E-02
 lev1          28         183           1  0.358991414      -4.21788804E-02
 lev1          29         182           1  0.353264213      -4.66415547E-02
 lev1          30         181           1  0.347454250      -5.12978882E-02
 lev1          31         180           1  0.341551751      -5.61673976E-02
 lev1          32         179           1  0.335546434      -6.12719320E-02
 lev1          33         178           1  0.329560935      -6.65181428E-02
 lev1          35         173           1  0.317533702      -6.69267029E-02
 lev1          36         172           1  0.316097766      -6.83736578E-02
 lev1          37         171           1  0.313256621      -7.12695196E-02
 lev1          38         170           1  0.308835179      -7.58648068E-02
 lev1          39         169           1  0.302841932      -8.22726488E-02
 lev1          40         168           1  0.295807660      -9.00689289E-02
 lev1          41         167           1  0.287946790      -9.91553217E-02
 lev1          42         166           1  0.279522061     -0.109362245    
 lev1          44         159           1  0.264062256     -0.109637432    
 lev1          45         158           1  0.263494164     -0.110533275    
 lev1          46         157           1  0.262473583     -0.112150259    
 lev1          47         156           1  0.260913759     -0.114640735    
 lev1          48         155           1  0.258764118     -0.118111789    
 lev1          49         154           1  0.256071657     -0.122524127    
 lev1          50         153           1  0.253373086     -0.127020583    
 lev1          51         152           1  0.251837760     -0.130215243    
 lev1          52         151           1  0.249530643     -0.135072559    
 lev2          53          99           1  0.128698900     -0.604149580    
 lvz            1          99           1  0.389679700      0.698580921    
 lev2          54          68           1   5.92273176E-02  -1.65528536    
 lev3          55           1           1   0.00000000      -1000000.00    

 i zmax plim zm(i,1) =           2 -0.13418181240558624       0.535041630      -13.815510749816895     
 i plim zlim =          65  0.535041630      -9.39270258E-02
 lev1           2         282           2  0.990024447      -13.8155107    
 lev1           3         279           2  0.960097790      -2.14599742E-04
 lev1           4         278           2  0.950122237       5.48267849E-02
 lev1           5         277           2  0.940146685       1.41016150    
 lev1           6         276           2  0.930171132      -13.8155107    
 lev1           7         272           2  0.890268922      -13.8155107    
 lev1           8         269           2  0.860342264      -13.8155107    
 lev1           9         267           2  0.840391159      -13.8155107    
 lev1          10         264           2  0.810464501      0.754276454    
 lev1          11         263           2  0.800488949      -6.87111262E-03
 lev1          12         262           2  0.790513396      0.804780722    
 lev1          13         261           2  0.780537844      -7.01257912E-03
 lev1          14         260           2  0.770562291      -6.67338073E-03
 lev1          15         259           2  0.760586739      -8.31054244E-03
 lev1          16         258           2  0.750611186      -8.92070401E-03
 lev1          17         257           2  0.740635693      -9.54664312E-03
 lev1          18         256           2  0.730660200       1.26266074    
 lev1          19         255           2  0.720684648       1.08686852    
 lev1          20         254           2  0.710709095       1.05058968    
 lev1          21         253           2  0.700733602      -1.22254295E-02
 lev1          22         252           2  0.695826471      -1.67594608E-02
 lev1          23         251           2  0.695330083      -1.72379240E-02
 lev1          24         250           2  0.694497406      -1.80414375E-02
 lev1          25         249           2  0.693322659      -1.92040186E-02
 lev1          26         248           2  0.691832781      -2.08879504E-02
 lev1          27         247           2  0.690005004      -2.29601599E-02
 lev1          28         246           2  0.688007057      -2.52323840E-02
 lev1          29         245           2  0.685951233      -2.75792014E-02
 lev1          30         244           2  0.683512211      -3.03743836E-02
 lev1          31         243           2  0.680782557      -3.35173272E-02
 lev1          33         240           2  0.674779892      -3.58888805E-02
 lev1          34         239           2  0.669381142      -3.82923335E-02
 lev1          35         238           2  0.659663439      -4.27023247E-02
 lev1          36         237           2  0.649945736      -4.72238883E-02
 lev1          37         236           2  0.640228033      -5.18614687E-02
 lev1          38         235           2  0.630510330      -5.66198714E-02
 lev1          39         234           2  0.620792627      -6.15033917E-02
 lev1          40         233           2  0.611074865      -6.65181428E-02
 lev1          42         226           2  0.586231172      -6.68779463E-02
 lev1          43         225           2  0.583578229      -6.81799799E-02
 lev1          44         224           2  0.578162134      -7.08696172E-02
 lev1          45         223           2  0.569398165      -7.53144622E-02
 lev1          46         222           2  0.560825109      -7.97769576E-02
 lev1          47         221           2  0.552252054      -8.43570530E-02
 lev1          48         220           2  0.543678939      -8.90599936E-02
 lev1          49         219           2  0.535041630      -9.39270258E-02
 lev1          50         218           2  0.526404321      -9.89291295E-02
 lev2          53         147           2  0.238040432     -0.604149580    
 lev2          54          68           2   5.92273176E-02  -1.65528536    
 lev3          55           1           2   0.00000000      -1000000.00    

