
   134   63   1217.10   3482.00   6371.00
    1   6371.00    5.8502    3.1806
    2   6318.50    7.4495    4.1441
    3   6266.00    8.0482    4.4947
    4   6213.50    8.1542    4.5075
    5   6161.00    8.3000    4.5180
    6   6161.00    8.3000    4.5220
    7   6111.00    8.4825    4.6090
    8   6061.00    8.6650    4.6960
    9   6011.00    8.8475    4.7830
   10   5961.00    9.0300    4.8700
   11   5961.00    9.3600    5.0700
   12   5911.00    9.5280    5.1760
   13   5861.00    9.6960    5.2820
   14   5811.00    9.8640    5.3880
   15   5761.00   10.0320    5.4940
   16   5711.00   10.2000    5.6000
   17   5711.00   10.7900    5.9500
   18   5661.48   10.9216    6.0785
   19   5611.95   11.0533    6.2070
   20   5562.43   11.1423    6.2467
   21   5512.90   11.2284    6.2834
   22   5463.38   11.3125    6.3193
   23   5413.86   11.3946    6.3540
   24   5364.33   11.4748    6.3877
   25   5314.81   11.5530    6.4206
   26   5265.29   11.6296    6.4525
   27   5215.76   11.7044    6.4836
   28   5166.24   11.7776    6.5138
   29   5116.71   11.8494    6.5434
   30   5067.19   11.9195    6.5721
   31   5017.67   11.9884    6.6002
   32   4968.14   12.0559    6.6276
   33   4918.62   12.1223    6.6544
   34   4869.10   12.1873    6.6806
   35   4819.57   12.2514    6.7063
   36   4770.05   12.3144    6.7314
   37   4720.52   12.3765    6.7561
   38   4671.00   12.4377    6.7805
   39   4621.48   12.4981    6.8044
   40   4571.95   12.5579    6.8280
   41   4522.43   12.6169    6.8512
   42   4472.90   12.6754    6.8743
   43   4423.38   12.7335    6.8970
   44   4373.86   12.7911    6.9197
   45   4324.33   12.8483    6.9421
   46   4274.81   12.9053    6.9646
   47   4225.29   12.9622    6.9869
   48   4175.76   13.0189    7.0092
   49   4126.24   13.0755    7.0315
   50   4076.71   13.1323    7.0539
   51   4027.19   13.1890    7.0764
   52   3977.67   13.2460    7.0990
   53   3928.14   13.3032    7.1217
   54   3878.62   13.3609    7.1448
   55   3829.10   13.4189    7.1681
   56   3779.57   13.4773    7.1917
   57   3730.05   13.5363    7.2156
   58   3680.52   13.5961    7.2398
   59   3631.00   13.6564    7.2645
   60   3631.00   13.6564    7.2645
   61   3581.33   13.6679    7.2768
   62   3531.67   13.6793    7.2892
   63   3482.00   13.6908    7.3015
   64   3482.00    8.0088    8.0088
   65   3431.67    8.0963    8.0963
   66   3381.34    8.1821    8.1821
   67   3331.01    8.2662    8.2662
   68   3280.68    8.3486    8.3486
   69   3230.34    8.4293    8.4293
   70   3180.01    8.5083    8.5083
   71   3129.68    8.5856    8.5856
   72   3079.35    8.6611    8.6611
   73   3029.02    8.7350    8.7350
   74   2978.69    8.8072    8.8072
   75   2928.36    8.8776    8.8776
   76   2878.03    8.9464    8.9464
   77   2827.70    9.0134    9.0134
   78   2777.36    9.0787    9.0787
   79   2727.03    9.1424    9.1424
   80   2676.70    9.2043    9.2043
   81   2626.37    9.2645    9.2645
   82   2576.04    9.3230    9.3230
   83   2525.71    9.3798    9.3798
   84   2475.38    9.4349    9.4349
   85   2425.05    9.4883    9.4883
   86   2374.72    9.5400    9.5400
   87   2324.38    9.5900    9.5900
   88   2274.05    9.6383    9.6383
   89   2223.72    9.6848    9.6848
   90   2173.39    9.7297    9.7297
   91   2123.06    9.7728    9.7728
   92   2072.73    9.8143    9.8143
   93   2022.40    9.8540    9.8540
   94   1972.07    9.8920    9.8920
   95   1921.74    9.9284    9.9284
   96   1871.40    9.9630    9.9630
   97   1821.07    9.9959    9.9959
   98   1770.74   10.0271   10.0271
   99   1720.41   10.0566   10.0566
  100   1670.08   10.0844   10.0844
  101   1619.75   10.1105   10.1105
  102   1569.42   10.1349   10.1349
  103   1519.09   10.1576   10.1576
  104   1468.76   10.1785   10.1785
  105   1418.42   10.1978   10.1978
  106   1368.09   10.2154   10.2154
  107   1317.76   10.2312   10.2312
  108   1267.43   10.2454   10.2454
  109   1217.10   10.2578   10.2578
  110   1217.10   11.0914   11.0914
  111   1166.39   11.1036   11.1036
  112   1115.68   11.1153   11.1153
  113   1064.96   11.1265   11.1265
  114   1014.25   11.1371   11.1371
  115    963.54   11.1472   11.1472
  116    912.83   11.1568   11.1568
  117    862.11   11.1659   11.1659
  118    811.40   11.1745   11.1745
  119    760.69   11.1825   11.1825
  120    709.98   11.1901   11.1901
  121    659.26   11.1971   11.1971
  122    608.55   11.2036   11.2036
  123    557.84   11.2095   11.2095
  124    507.13   11.2150   11.2150
  125    456.41   11.2199   11.2199
  126    405.70   11.2243   11.2243
  127    354.99   11.2282   11.2282
  128    304.28   11.2316   11.2316
  129    253.56   11.2345   11.2345
  130    202.85   11.2368   11.2368
  131    152.14   11.2386   11.2386
  132    101.43   11.2399   11.2399
  133     50.71   11.2407   11.2407
  134      0.00   11.2409   11.2409

     1   6371.00      0.00    0.543679    1.000000
     2   6318.50    -52.72    0.423436    0.761181
     3   6266.00   -105.87    0.388681    0.695973
     4   6213.50   -159.48    0.380417    0.688183
     5   6161.00   -213.54    0.370575    0.680783
     6   6161.00   -213.54    0.370575    0.680179
     7   6111.00   -265.45    0.359660    0.661925
     8   6061.00   -317.80    0.349204    0.644347
     9   6011.00   -370.57    0.339179    0.627407
    10   5961.00   -423.79    0.329561    0.611075
    11   5961.00   -423.79    0.317940    0.586967
    12   5911.00   -477.45    0.309715    0.570125
    13   5861.00   -531.57    0.301774    0.553958
    14   5811.00   -586.16    0.294104    0.538427
    15   5761.00   -641.21    0.286691    0.523495
    16   5711.00   -696.75    0.279522    0.509130
    17   5711.00   -696.75    0.264237    0.479179
    18   5661.48   -752.24    0.258789    0.464985
    19   5611.95   -808.21    0.253470    0.451371
    20   5562.43   -864.68    0.249225    0.444547
    21   5512.90   -921.66    0.245112    0.438013
    22   5463.38   -979.15    0.241105    0.431617
    23   5413.86  -1037.16    0.237198    0.425366
    24   5364.33  -1095.71    0.233387    0.419249
    25   5314.81  -1154.80    0.229665    0.413255
    26   5265.29  -1214.45    0.226027    0.407378
    27   5215.76  -1274.65    0.222469    0.401609
    28   5166.24  -1335.44    0.218988    0.395950
    29   5116.71  -1396.80    0.215576    0.390385
    30   5067.19  -1458.77    0.212232    0.384916
    31   5017.67  -1521.34    0.208951    0.379530
    32   4968.14  -1584.53    0.205730    0.374230
    33   4918.62  -1648.36    0.202564    0.369011
    34   4869.10  -1712.83    0.199454    0.363862
    35   4819.57  -1777.96    0.196394    0.358780
    36   4770.05  -1843.77    0.193381    0.353769
    37   4720.52  -1910.26    0.190412    0.348815
    38   4671.00  -1977.45    0.187488    0.343918
    39   4621.48  -2045.36    0.184603    0.339075
    40   4571.95  -2114.00    0.181756    0.334282
    41   4522.43  -2183.39    0.178946    0.329540
    42   4472.90  -2253.54    0.176169    0.324836
    43   4423.38  -2324.47    0.173425    0.320181
    44   4373.86  -2396.20    0.170711    0.315557
    45   4324.33  -2468.75    0.168026    0.310977
    46   4274.81  -2542.14    0.165368    0.306427
    47   4225.29  -2616.38    0.162735    0.301909
    48   4175.76  -2691.49    0.160127    0.297421
    49   4126.24  -2767.50    0.157543    0.292961
    50   4076.71  -2844.43    0.154980    0.288525
    51   4027.19  -2922.30    0.152438    0.284114
    52   3977.67  -3001.13    0.149916    0.279726
    53   3928.14  -3080.95    0.147412    0.275363
    54   3878.62  -3161.78    0.144926    0.271012
    55   3829.10  -3243.65    0.142457    0.266685
    56   3779.57  -3326.59    0.140005    0.262371
    57   3730.05  -3410.62    0.137568    0.258075
    58   3680.52  -3495.78    0.135145    0.253797
    59   3631.00  -3582.08    0.132737    0.249531
    60   3631.00  -3582.08    0.132737    0.249531
    61   3581.33  -3669.83    0.130812    0.245701
    62   3531.67  -3758.80    0.128890    0.241882
    63   3482.00  -3849.04    0.126971    0.238078
    64   3482.00  -3849.04    0.217052    0.217052
    65   3431.67  -3941.80    0.211603    0.211603
    66   3381.34  -4035.93    0.206313    0.206313
    67   3331.01  -4131.48    0.201174    0.201174
    68   3280.68  -4228.48    0.196179    0.196179
    69   3230.34  -4326.98    0.191320    0.191320
    70   3180.01  -4427.02    0.186591    0.186591
    71   3129.68  -4528.67    0.181984    0.181984
    72   3079.35  -4631.96    0.177496    0.177496
    73   3029.02  -4736.95    0.173118    0.173118
    74   2978.69  -4843.70    0.168846    0.168846
    75   2928.36  -4952.27    0.164677    0.164677
    76   2878.03  -5062.72    0.160602    0.160602
    77   2827.70  -5175.13    0.156620    0.156620
    78   2777.36  -5289.55    0.152726    0.152726
    79   2727.03  -5406.06    0.148913    0.148913
    80   2676.70  -5524.75    0.145182    0.145182
    81   2626.37  -5645.68    0.141526    0.141526
    82   2576.04  -5768.96    0.137943    0.137943
    83   2525.71  -5894.67    0.134429    0.134429
    84   2475.38  -6022.91    0.130981    0.130981
    85   2425.05  -6153.78    0.127595    0.127595
    86   2374.72  -6287.40    0.124270    0.124270
    87   2324.38  -6423.89    0.121002    0.121002
    88   2274.05  -6563.36    0.117789    0.117789
    89   2223.72  -6705.95    0.114629    0.114629
    90   2173.39  -6851.80    0.111517    0.111517
    91   2123.06  -7001.08    0.108454    0.108454
    92   2072.73  -7153.93    0.105435    0.105435
    93   2022.40  -7310.55    0.102461    0.102461
    94   1972.07  -7471.11    0.099527    0.099527
    95   1921.74  -7635.82    0.096631    0.096631
    96   1871.40  -7804.90    0.093774    0.093774
    97   1821.07  -7978.60    0.090951    0.090951
    98   1770.74  -8157.16    0.088162    0.088162
    99   1720.41  -8340.87    0.085405    0.085405
   100   1670.08  -8530.04    0.082678    0.082678
   101   1619.75  -8724.99    0.079979    0.079979
   102   1569.42  -8926.10    0.077308    0.077308
   103   1519.09  -9133.77    0.074661    0.074661
   104   1468.76  -9348.43    0.072039    0.072039
   105   1418.42  -9570.58    0.069439    0.069439
   106   1368.09  -9800.75    0.066860    0.066860
   107   1317.76 -10039.56    0.064300    0.064300
   108   1267.43 -10287.66    0.061759    0.061759
   109   1217.10 -10545.82    0.059235    0.059235
   110   1217.10 -10545.82    0.054783    0.054783
   111   1166.39 -10816.97    0.052442    0.052442
   112   1115.68 -11100.17    0.050109    0.050109
   113   1064.96 -11396.55    0.047784    0.047784
   114   1014.25 -11707.39    0.045465    0.045465
   115    963.54 -12034.18    0.043153    0.043153
   116    912.83 -12378.64    0.040846    0.040846
   117    862.11 -12742.80    0.038546    0.038546
   118    811.40 -13129.04    0.036250    0.036250
   119    760.69 -13540.21    0.033960    0.033960
   120    709.98 -13979.77    0.031675    0.031675
   121    659.26 -14451.91    0.029394    0.029394
   122    608.55 -14961.86    0.027117    0.027117
   123    557.84 -15516.21    0.024844    0.024844
   124    507.13 -16123.43    0.022575    0.022575
   125    456.41 -16794.68    0.020308    0.020308
   126    405.70 -17545.07    0.018045    0.018045
   127    354.99 -18395.80    0.015784    0.015784
   128    304.28 -19377.89    0.013525    0.013525
   129    253.56 -20539.46    0.011268    0.011268
   130    202.85 -21961.10    0.009012    0.009012
   131    152.14 -23793.91    0.006758    0.006758
   132    101.43 -26377.11    0.004505    0.004505
   133     50.71 -30793.10    0.002252    0.002252
   134      0.00 -99816.16    0.000000    0.000000

 delx =    200.00    200.00
 dpmax -    0.010000    0.010000
 drmax =     75.00     75.00
 duplicate critical value eliminated:  0.370575160    
 duplicate critical value eliminated:  0.132737428    
 duplicate critical value eliminated:  0.249530643    

 critical points
     1    1.000000
     2    0.680783
     3    0.680179
     4    0.611075
     5    0.586967
     6    0.543679
     7    0.509130
     8    0.479179
     9    0.370575
    10    0.329561
    11    0.317940
    12    0.279522
    13    0.264237
    14    0.249531
    15    0.238078
    16    0.217052
    17    0.132737
    18    0.126971
    19    0.059235
    20    0.054783
          i    6    0.543679    0.509130
    i ps xs =           1  0.543678939      -0.00000000    
    i ps xs =           2  0.509129643       2.37305723E-02
     extra  =  0.535041630       1.18161999E-02
 first     1  0.543679 -0.000000  6371.00
    x0 dx =   2.37305723E-02   2.37305723E-02
  dpmax    2  0.535042  0.011816  6367.62    1  0.008637    75.28     3.38
    x0 dx =   2.37305723E-02   1.19143724E-02
  dpmax    3  0.526404  0.016735  6364.19    1  0.008637    31.34     3.43
    x0 dx =   2.37305723E-02   6.99568912E-03
  dpmax    4  0.517767  0.020523  6360.71    1  0.008637    24.14     3.48
    x0 dx =   2.37305723E-02   3.20733339E-03
 end       5  0.509130  0.023731  6357.17    1  0.008637    20.43     3.54
          i    7    0.509130    0.479179
    i ps xs =           1  0.509129643       2.37305723E-02
    i ps xs =           2  0.479178607       3.25777642E-02
     extra  =  0.501641870       2.62057148E-02
    x0 dx =   3.25777642E-02   8.84719193E-03
  dpmax    6  0.499146  0.026983  6353.00    1  0.009984    20.72     4.17
    x0 dx =   3.25777642E-02   5.59441559E-03
  dpmax    7  0.489162  0.029903  6348.75    1  0.009984    18.60     4.25
    x0 dx =   3.25777642E-02   2.67455913E-03
 end       8  0.479179  0.032578  6344.42    1  0.009984    17.04     4.33
          i    8    0.479179    0.370575
    i ps xs =           1  0.479178607       3.25777642E-02
    i ps xs =           2  0.477481693       3.30125317E-02
    i ps xs =           3  0.472390890       3.42870504E-02
    i ps xs =           4  0.463906258       3.63192745E-02
    i ps xs =           5  0.452027738       3.90050188E-02
    i ps xs =           6  0.436755389       4.22356315E-02
    i ps xs =           7  0.418089151       6.63821101E-02
    i ps xs =           8  0.396029085       9.65085626E-02
    i ps xs =           9  0.370575160      0.268636227    
    x0 dx =   6.20850697E-02   2.95073073E-02
 sol       9  0.419902  0.062203  6313.34    2  0.059276   188.74    31.08
  dpmax    9  0.469306  0.035039  6340.05    1  0.009873    15.68     4.37
    x0 dx =   6.42382577E-02   2.91997101E-02
 sol      10  0.419060  0.064239  6312.11    2  0.050245   186.04    27.94
  dpmax   10  0.459433  0.037351  6335.59    1  0.009873    14.73     4.46
    x0 dx =   6.62616044E-02   2.89106611E-02
 sol      11  0.418089  0.066382  6310.68    2  0.041343   184.96    24.91
  dpmax   11  0.449560  0.039543  6331.03    1  0.009873    13.96     4.55
    x0 dx =   6.81793615E-02   2.86366940E-02
 sol      12  0.417204  0.068182  6309.38    2  0.032355   182.46    21.65
  dpmax   12  0.439686  0.041632  6326.38    1  0.009873    13.31     4.65
    x0 dx =   7.00078160E-02   2.83754878E-02
 sol      13  0.416240  0.070017  6307.96    2  0.023446   180.84    18.42
  dpmax   13  0.429813  0.043636  6321.63    1  0.009873    12.76     4.75
    x0 dx =   7.57786110E-02   3.21429335E-02
 sol      14  0.412806  0.075800  6302.87    2  0.017008   204.92    18.76
  dpmax   14  0.419940  0.062104  6313.40    2  0.009873   117.66     8.23
    x0 dx =   9.16085616E-02   2.95046102E-02
 sol      15  0.400584  0.091611  6284.44    2  0.019356   187.99    28.96
  dpmax   15  0.410067  0.079834  6298.78    2  0.009873   112.96    14.62
    x0 dx =  0.111301318       3.14669795E-02
 sol      16  0.388650  0.111151  6265.81    3  0.021417   199.52    32.98
  dpmax   16  0.400194  0.092046  6283.85    2  0.009873    77.80    14.94
    x0 dx =  0.121477343       2.94317752E-02
 sol      17  0.388509  0.121393  6264.92    3  0.011685   186.97    18.93
  dpmax   17  0.390321  0.102191  6268.57    2  0.009873    64.64    15.27
    x0 dx =  0.129931942       2.77408566E-02
 sol      18  0.388305  0.129965  6263.63    3  0.002016   176.95     4.94
    x0 dx =  0.157672793       2.77408566E-02
 sol      19  0.387134  0.157674  6256.23    3  0.001171   176.54     7.40
    x0 dx =  0.185413644       2.77408566E-02
 sol      20  0.385221  0.185482  6244.10    3  0.001914   177.16    12.13
    x0 dx =  0.213154495       2.77408566E-02
 sol      21  0.382633  0.213144  6227.65    3  0.002588   176.23    16.46
    x0 dx =  0.240895346       2.77408566E-02
 sol      22  0.376898  0.240903  6194.84    4  0.005735   176.85    32.81
    x0 dx =  0.268636197       2.77408566E-02
 end      23  0.370575  0.268636  6161.00    4  0.006323   176.69    33.84
          i    9    0.370575    0.329561
    i ps xs =           1  0.370575160      0.268636227    
    i ps xs =           2  0.366018027      0.271227479    
    i ps xs =           3  0.352346629      0.307039797    
    i ps xs =           4  0.329560935      0.369076610    
    x0 dx =  0.302116364       3.34801264E-02
 sol      24  0.354226  0.302077  6085.15    7  0.016349   213.05    75.85
  dpmax   24  0.362372  0.279790  6123.53    6  0.008203    71.06    37.47
    x0 dx =  0.309552014       2.97622979E-02
 sol      25  0.351424  0.309448  6071.71    7  0.010948   188.95    51.82
  dpmax   25  0.354169  0.302226  6084.88    7  0.008203   142.94    38.65
    x0 dx =  0.335651308       3.34253013E-02
 sol      26  0.341951  0.335666  6024.93    8  0.012219   213.04    59.95
  dpmax   26  0.345967  0.324965  6044.97    8  0.008203   144.87    39.91
    x0 dx =  0.347020775       2.20558345E-02
 sol      27  0.337919  0.346971  6004.51    9  0.008047   140.20    40.46
    x0 dx =  0.369076610       2.20558345E-02
 end      28  0.329561  0.369077  5961.00    9  0.008358   140.84    43.51
          i   10    0.329561    0.317940
    i ps xs =           1  0.329560935      0.369076610    
    i ps xs =           2  0.328834653      0.332332015    
    i ps xs =           3  0.326655805      0.299107909    
    i ps xs =           4  0.323024362      0.269187003    
    i ps xs =           5  0.317940384      0.242287934    
    x0 dx =  0.337379456      -3.16971689E-02
 sol      29  0.329029  0.337399  5961.00   10  0.000532  -201.82     0.00
    x0 dx =  0.305682302      -3.16971689E-02
 sol      30  0.327225  0.305691  5961.00   10  0.001804  -202.01     0.00
    x0 dx =  0.273985147      -3.16971689E-02
 sol      31  0.323735  0.273988  5961.00   10  0.003490  -201.98     0.00
    x0 dx =  0.242287979      -3.16971689E-02
 end      32  0.317940  0.242288  5961.00   10  0.005795  -201.96     0.00
          i   11    0.317940    0.279522
    i ps xs =           1  0.317940384      0.242287934    
    i ps xs =           2  0.317340106      0.279205143    
    i ps xs =           3  0.315539241      0.311499268    
    i ps xs =           4  0.312537819      0.340427458    
    i ps xs =           5  0.308335811      0.368445158    
    i ps xs =           6  0.302933216      0.395831525    
    i ps xs =           7  0.296330065      0.424966604    
    i ps xs =           8  0.288526356      0.455694824    
    i ps xs =           9  0.279522061      0.488602281    
    x0 dx =  0.273077220       3.07892933E-02
 sol      33  0.317534  0.273040  5958.55   11  0.000407   195.92     2.45
    x0 dx =  0.303866506       3.07892933E-02
 sol      34  0.316098  0.303858  5949.88   11  0.001436   196.35     8.67
    x0 dx =  0.334655792       3.07892933E-02
 sol      35  0.313257  0.334654  5932.64   11  0.002841   196.20    17.24
    x0 dx =  0.365445077       3.07892933E-02
 sol      36  0.308835  0.365445  5905.50   12  0.004421   196.17    27.14
    x0 dx =  0.396234363       3.07892933E-02
 sol      37  0.302842  0.396241  5867.77   12  0.005993   196.21    37.73
    x0 dx =  0.427023649       3.07892933E-02
 sol      38  0.295808  0.427020  5822.18   13  0.007034   196.09    45.59
    x0 dx =  0.457812935       3.07892933E-02
 sol      39  0.287947  0.457774  5769.53   14  0.007861   195.93    52.65
    x0 dx =  0.488602221       3.07892933E-02
 end      40  0.279522  0.488602  5711.00   14  0.008425   196.41    58.53
          i   12    0.279522    0.264237
    i ps xs =           1  0.279522061      0.488602281    
    i ps xs =           2  0.279097468      0.452071458    
    i ps xs =           3  0.277823716      0.418306053    
    i ps xs =           4  0.275700778      0.387143582    
    i ps xs =           5  0.272728652      0.358375728    
    i ps xs =           6  0.268907368      0.331772834    
    i ps xs =           7  0.264236897      0.307105750    
    x0 dx =  0.458352864      -3.02494224E-02
 sol      41  0.279235  0.458374  5711.00   16  0.000287  -192.58     0.00
    x0 dx =  0.428103447      -3.02494224E-02
 sol      42  0.278293  0.428116  5711.00   16  0.000942  -192.77     0.00
    x0 dx =  0.397854030      -3.02494224E-02
 sol      43  0.276547  0.397860  5711.00   16  0.001746  -192.76     0.00
    x0 dx =  0.367604613      -3.02494224E-02
 sol      44  0.273802  0.367608  5711.00   16  0.002745  -192.74     0.00
    x0 dx =  0.337355196      -3.02494224E-02
 sol      45  0.269806  0.337356  5711.00   16  0.003996  -192.73     0.00
    x0 dx =  0.307105780      -3.02494224E-02
 end      46  0.264237  0.307106  5711.00   16  0.005569  -192.73     0.00
          i   13    0.264237    0.249531
    i ps xs =           1  0.264236897      0.307105750    
    i ps xs =           2  0.264055341      0.337259918    
    i ps xs =           3  0.263510674      0.365774393    
    i ps xs =           4  0.262602866      0.392792791    
    i ps xs =           5  0.261331946      0.418482751    
    i ps xs =           6  0.259697944      0.443073064    
    i ps xs =           7  0.257700771      0.467712402    
    i ps xs =           8  0.255340517      0.491487682    
    i ps xs =           9  0.252617151      0.531319022    
    i ps xs =          10  0.249530643      0.573326230    
    x0 dx =  0.336685807       2.95800529E-02
 sol      47  0.264062  0.336701  5709.42   17  0.000175   188.55     1.58
    x0 dx =  0.366265863       2.95800529E-02
 sol      48  0.263494  0.366403  5704.28   17  0.000568   189.23     5.14
    x0 dx =  0.395845920       2.95800529E-02
 sol      49  0.262474  0.395847  5695.04   17  0.001021   187.59     9.25
    x0 dx =  0.425425977       2.95800529E-02
 sol      50  0.260914  0.425426  5680.86   17  0.001560   188.45    14.17
    x0 dx =  0.455006033       2.95800529E-02
 sol      51  0.258764  0.454940  5661.25   18  0.002150   188.04    19.62
    x0 dx =  0.484586090       2.95800529E-02
 sol      52  0.256072  0.484584  5636.25   18  0.002692   188.87    25.00
    x0 dx =  0.514166117       2.95800529E-02
 sol      53  0.253373  0.514188  5610.83   19  0.002699   188.60    25.43
    x0 dx =  0.543746173       2.95800529E-02
 sol      54  0.251838  0.543771  5592.96   19  0.001535   188.48    17.87
    x0 dx =  0.573326230       2.95800529E-02
 end      55  0.249531  0.573326  5566.01   19  0.002307   188.30    26.95
          i   14    0.249531    0.238078
    i ps xs =           1  0.249530643      0.573326230    
    i ps xs =           2  0.248814881      0.582819283    
    i ps xs =           3  0.246667594      0.607212007    
    i ps xs =           4  0.243088782      0.644501805    
    i ps xs =           5  0.238078445      0.692031741    
    x0 dx =  0.603002608       2.96763778E-02
 sol      56  0.247063  0.603001  5536.45   20  0.002467   189.05    29.56
    x0 dx =  0.632678986       2.96763778E-02
 sol      57  0.244271  0.632673  5502.54   21  0.002793   189.05    33.91
    x0 dx =  0.662355363       2.96763778E-02
 sol      58  0.241171  0.662341  5464.20   21  0.003100   189.01    38.33
    x0 dx =  0.692031741       2.96763778E-02
 end      59  0.238078  0.692032  5425.04   21  0.003093   189.16    39.16
          i   15    0.238078    0.217052
    i ps xs =           1  0.238078445      0.692031741    
    i ps xs =           2  0.237494379      0.697090268    
    i ps xs =           3  0.235742211      0.713926435    
    i ps xs =           4  0.232821912      0.739997685    
    i ps xs =           5  0.228733495      0.775923073    
    i ps xs =           6  0.223476946      0.820700526    
    i ps xs =           7  0.217052296      0.875409842    
    x0 dx =  0.722594738       3.05630174E-02
 sol      60  0.234750  0.722591  5382.09   23  0.003328   194.69    42.95
    x0 dx =  0.753157735       3.05630174E-02
 sol      61  0.231324  0.753168  5336.93   24  0.003426   194.81    45.16
    x0 dx =  0.783720732       3.05630174E-02
 sol      62  0.227818  0.783740  5289.70   25  0.003506   194.77    47.23
    x0 dx =  0.814283729       3.05630174E-02
 sol      63  0.224263  0.814285  5240.77   26  0.003555   194.61    48.93
    x0 dx =  0.844846725       3.05630174E-02
 sol      64  0.220677  0.844861  5190.31   27  0.003586   194.80    50.46
    x0 dx =  0.875409722       3.05630174E-02
 end      65  0.217052  0.875410  5138.18   27  0.003625   194.62    52.12
          i   16    0.217052    0.132737
    i ps xs =           1  0.217052296      0.875409842    
    i ps xs =           2  0.216878086      0.876814663    
    i ps xs =           3  0.216355473      0.880983353    
    i ps xs =           4  0.215484455      0.888320684    
    i ps xs =           5  0.214265034      0.899109244    
    i ps xs =           6  0.212697193      0.911757648    
    i ps xs =           7  0.210780948      0.928400338    
    i ps xs =           8  0.208516285      0.947351098    
    i ps xs =           9  0.205903217      0.968677163    
    i ps xs =          10  0.202941746      0.993651032    
    i ps xs =          11  0.199631870       1.02151239    
    i ps xs =          12  0.195973575       1.05278718    
    i ps xs =          13  0.191966876       1.08645082    
    i ps xs =          14  0.187611774       1.12264240    
    i ps xs =          15  0.182908267       1.16250587    
    i ps xs =          16  0.177856341       1.20493698    
    i ps xs =          17  0.172455996       1.24990225    
    i ps xs =          18  0.166707262       1.29739666    
    i ps xs =          19  0.160610110       1.34703076    
    i ps xs =          20  0.154164553       1.39922380    
    i ps xs =          21  0.147370592       1.45269191    
    i ps xs =          22  0.140228212       1.50770760    
    i ps xs =          23  0.132737428       1.56371820    
    x0 dx =  0.906696558       3.12867425E-02
 sol      66  0.213325  0.906777  5083.40   29  0.003728   199.84    54.78
    x0 dx =  0.937983274       3.12867425E-02
 sol      67  0.209590  0.937961  5027.33   30  0.003735   198.67    56.07
    x0 dx =  0.969269991       3.12867425E-02
 sol      68  0.205833  0.969225  4969.73   31  0.003757   199.19    57.59
    x0 dx =   1.00055671       3.12867425E-02
 sol      69  0.202182  1.000544  4912.55   33  0.003651   199.53    57.19
    x0 dx =   1.03184342       3.12867425E-02
 sol      70  0.198476  1.031862  4853.29   34  0.003706   199.53    59.26
    x0 dx =   1.06313014       3.12867425E-02
 sol      71  0.194743  1.063105  4792.47   35  0.003733   199.05    60.83
    x0 dx =   1.09441686       3.12867425E-02
 sol      72  0.190978  1.094416  4729.98   36  0.003765   199.48    62.48
    x0 dx =   1.12570357       3.12867425E-02
 sol      73  0.187290  1.125718  4667.60   38  0.003688   199.43    62.38
    x0 dx =   1.15699029       3.12867425E-02
 sol      74  0.183582  1.156986  4603.73   39  0.003708   199.20    63.87
    x0 dx =   1.18827701       3.12867425E-02
 sol      75  0.179840  1.188193  4538.20   40  0.003742   198.82    65.53
    x0 dx =   1.21956372       3.12867425E-02
 sol      76  0.176069  1.219611  4471.10   42  0.003770   200.16    67.10
    x0 dx =   1.25085044       3.12867425E-02
 sol      77  0.172341  1.250843  4403.64   43  0.003728   198.98    67.47
    x0 dx =   1.28213716       3.12867425E-02
 sol      78  0.168554  1.282004  4334.10   44  0.003787   198.52    69.54
    x0 dx =   1.31342387       3.12867425E-02
 sol      79  0.164758  1.313424  4263.36   46  0.003796   200.18    70.74
    x0 dx =   1.34471059       3.12867425E-02
 sol      80  0.160895  1.344791  4190.37   47  0.003863   199.84    72.99
    x0 dx =   1.37599730       3.12867425E-02
 sol      81  0.157055  1.375996  4116.83   49  0.003840   198.81    73.53
    x0 dx =   1.40728402       3.12867425E-02
 sol      82  0.153140  1.407292  4040.89   50  0.003915   199.38    75.94
  drmax   82  0.153581  1.403843  4049.49   50  0.003474   177.41    67.34
    x0 dx =   1.43581772       3.19751278E-02
 sol      83  0.149538  1.435815  3970.22   52  0.004043   203.70    79.27
  drmax   83  0.150107  1.431132  3981.44   51  0.003474   173.86    68.05
    x0 dx =   1.45764911       2.65172720E-02
 sol      84  0.146749  1.457651  3914.95   53  0.003359   168.95    66.49
    x0 dx =   1.48416638       2.65172720E-02
 sol      85  0.143309  1.484171  3846.21   54  0.003440   168.96    68.73
    x0 dx =   1.51068366       2.65172720E-02
 sol      86  0.139830  1.510807  3776.03   56  0.003479   169.70    70.18
    x0 dx =   1.53720093       2.65172720E-02
 sol      87  0.136318  1.537199  3704.53   57  0.003512   168.14    71.50
    x0 dx =   1.56371820       2.65172720E-02
 end      88  0.132737  1.563718  3631.00   57  0.003581   168.95    73.53
          i   17    0.132737    0.126971
    i ps xs =           1  0.132737428       1.56371820    
    i ps xs =           2  0.132506758       1.58764482    
    i ps xs =           3  0.131814748       1.61491060    
    i ps xs =           4  0.130661383       1.64560020    
    i ps xs =           5  0.129046693       1.67970836    
    i ps xs =           6  0.126970649       1.71701908    
    x0 dx =   1.59437835       3.06601766E-02
 sol      89  0.132372  1.594396  3621.57   60  0.000366   195.45     9.43
    x0 dx =   1.62503850       3.06601766E-02
 sol      90  0.131471  1.625045  3598.33   60  0.000901   195.26    23.24
    x0 dx =   1.65569866       3.06601766E-02
 sol      91  0.130217  1.655699  3565.98   61  0.001253   195.30    32.35
    x0 dx =   1.68635881       3.06601766E-02
 sol      92  0.128699  1.686368  3526.72   62  0.001519   195.39    39.26
    x0 dx =   1.71701896       3.06601766E-02
 end      93  0.126971  1.717019  3482.00   62  0.001728   195.28    44.72
          i   18    0.126971    0.059235
    i ps xs =           1  0.126970649       3.08794570    
    i ps xs =           2  0.126500264       2.93912411    
    i ps xs =           3  0.125089094       2.81571603    
    i ps xs =           4  0.122737147       2.71729064    
    i ps xs =           5  0.119444422       2.63996148    
    i ps xs =           6  0.115210921       2.58228350    
    i ps xs =           7  0.110036634       2.54505157    
    i ps xs =           8  0.103921577       2.52599430    
    i ps xs =           9   9.68657359E-02   2.52482438    
    i ps xs =          10   8.88691172E-02   2.54402924    
    i ps xs =          11   7.99317211E-02   2.58161974    
    i ps xs =          12   7.00535476E-02   2.63863635    
    i ps xs =          13   5.92345931E-02   2.71369720    
          caustic
    x0 dx =   3.05654693      -3.13988402E-02
 sol      94  0.126952  3.056565  2415.34   85  0.000018  8534.25     0.27
    x0 dx =   3.02514815      -3.13988402E-02
 sol      95  0.126895  3.025160  2414.47   85  0.000057  -200.08     0.86
    x0 dx =   2.99374938      -3.13988402E-02
 sol      96  0.126795  2.993745  2412.95   85  0.000101  -200.14     1.52
    x0 dx =   2.96235061      -3.13988402E-02
 sol      97  0.126646  2.962347  2410.70   85  0.000149  -200.04     2.26
    x0 dx =   2.93095183      -3.13988402E-02
 sol      98  0.126442  2.930979  2407.62   85  0.000204  -199.84     3.08
    x0 dx =   2.89955306      -3.13988402E-02
 sol      99  0.126175  2.899553  2403.59   85  0.000266  -200.22     4.03
    x0 dx =   2.86815429      -3.13988402E-02
 sol     100  0.125839  2.868155  2398.49   85  0.000337  -200.04     5.10
    x0 dx =   2.83675551      -3.13988402E-02
 sol     101  0.125421  2.836813  2392.17   85  0.000417  -199.68     6.32
    x0 dx =   2.80535674      -3.13988402E-02
 sol     102  0.124910  2.805403  2384.42   85  0.000512  -200.11     7.75
    x0 dx =   2.77395797      -3.13988402E-02
 sol     103  0.124291  2.774056  2375.03   85  0.000619  -199.71     9.39
    x0 dx =   2.74255919      -3.13988402E-02
 sol     104  0.123484  2.742588  2362.64   86  0.000807  -200.48    12.39
    x0 dx =   2.71116042      -3.13988402E-02
 sol     105  0.122539  2.711176  2348.09   86  0.000945  -200.13    14.55
    x0 dx =   2.67976165      -3.13988402E-02
 sol     106  0.121400  2.679766  2330.53   86  0.001139  -200.11    17.56
    x0 dx =   2.64836287      -3.13988402E-02
 sol     107  0.119895  2.648365  2307.07   87  0.001506  -200.05    23.46
    x0 dx =   2.61696410      -3.13988402E-02
 sol     108  0.118075  2.616874  2278.54   87  0.001820  -200.63    28.52
    x0 dx =   2.58556533      -3.13988402E-02
 sol     109  0.115509  2.585566  2237.77   88  0.002566  -199.46    40.78
    x0 dx =   2.55416656      -3.13988402E-02
 sol     110  0.111807  2.554218  2178.10   89  0.003701  -199.72    59.67
    x0 dx =   2.52276778      -3.13988402E-02
  dpmax  111  0.105770  2.528661  2078.31   91  0.006038  -162.83    99.78
  drmax  111  0.107782  2.535514  2111.88   91  0.004025  -119.17    66.22
    x0 dx =   2.52276659      -1.27470493E-02
  drmax  112  0.103757  2.525683  2044.36   92  0.004025   -62.63    67.52
    x0 dx =   2.52276659      -2.91681290E-03
 end     113  0.099732  2.522767  1975.59   92  0.004025   -18.58    68.77
    i ps xs =           1   9.97321755E-02   2.52276659    
    i ps xs =           2   8.88691172E-02   2.54402924    
    i ps xs =           3   7.99317211E-02   2.58161974    
    i ps xs =           4   7.00535476E-02   2.63863635    
    i ps xs =           5   5.92345931E-02   2.71369720    
    x0 dx =   2.55458832       3.18217687E-02
 sol     114  0.085937  2.554586  1730.13   98  0.013795   202.72   245.46
  dpmax  114  0.091633  2.535681  1833.24   96  0.008100    82.28   142.35
  drmax  114  0.095682  2.527520  1905.04   95  0.004050    30.28    70.55
    x0 dx =   2.55854940       3.10295820E-02
 sol     115  0.085069  2.558567  1714.20   99  0.010614   197.80   190.84
  dpmax  115  0.086570  2.552559  1741.70   98  0.009112   159.52   163.34
  drmax  115  0.091633  2.535679  1833.24   96  0.004050    51.98    71.80
    x0 dx =   2.56534839       2.96697617E-02
 sol     116  0.083409  2.565345  1683.58   99  0.008224   189.00   149.66
  drmax  116  0.087583  2.548981  1760.18   98  0.004050    84.75    73.06
    x0 dx =   2.57643414       2.74526272E-02
 sol     117  0.081072  2.576416  1640.13  100  0.006511   174.78   120.04
  drmax  117  0.083533  2.564881  1685.88   99  0.004050   101.29    74.30
    x0 dx =   2.59464383       2.97633167E-02
 sol     118  0.077374  2.594645  1570.67  101  0.006159   189.63   115.20
  drmax  118  0.080062  2.580616  1621.29  100  0.003471   100.25    64.59
    x0 dx =   2.60723233       2.66162399E-02
 sol     119  0.075196  2.607229  1529.26  102  0.004866   169.55    92.03
  drmax  119  0.076591  2.599936  1555.79  102  0.003471   123.08    65.50
    x0 dx =   2.62837601       2.84404159E-02
 sol     120  0.071722  2.628494  1462.62  104  0.004869   181.94    93.17
  drmax  120  0.073119  2.619906  1489.50  103  0.003471   127.23    66.29
    x0 dx =   2.65116954       3.12638283E-02
 sol     121  0.068190  2.651141  1394.06  105  0.004930   199.00    95.45
  drmax  121  0.069648  2.640918  1422.48  104  0.003471   133.87    67.03
    x0 dx =   2.66517806       2.42595673E-02
 sol     122  0.066121  2.665193  1353.58  106  0.003527   154.65    68.90
    x0 dx =   2.68943763       2.42595673E-02
 sol     123  0.062623  2.689391  1284.55  107  0.003498   154.17    69.03
    x0 dx =   2.71369720       2.42595673E-02
 end     124  0.059235  2.713697  1217.10  107  0.003388   154.85    67.45
          i   19    0.059235    0.054783
    i ps xs =           1   5.92345931E-02   2.71369720    
    i ps xs =           2   5.92268631E-02   2.68237686    
    i ps xs =           3   5.92036769E-02   2.65115690    
    i ps xs =           4   5.91650307E-02   2.62003279    
    i ps xs =           5   5.91109283E-02   2.58900619    
    i ps xs =           6   5.90413660E-02   2.55807304    
    i ps xs =           7   5.89563474E-02   2.52723098    
    i ps xs =           8   5.88558726E-02   2.49647665    
    i ps xs =           9   5.87399341E-02   2.46580553    
    i ps xs =          10   5.86085431E-02   2.43521905    
    i ps xs =          11   5.84616922E-02   2.40471005    
    i ps xs =          12   5.82993813E-02   2.37427711    
    i ps xs =          13   5.81216142E-02   2.34391737    
    i ps xs =          14   5.79283871E-02   2.31362653    
    i ps xs =          15   5.77197038E-02   2.28340364    
    i ps xs =          16   5.74955642E-02   2.25324416    
    i ps xs =          17   5.72559647E-02   2.22314429    
    i ps xs =          18   5.70009053E-02   2.19310188    
    i ps xs =          19   5.67303896E-02   2.16311407    
    i ps xs =          20   5.64444177E-02   2.13317776    
    i ps xs =          21   5.61429858E-02   2.10328937    
    i ps xs =          22   5.58260940E-02   2.07344556    
    i ps xs =          23   5.54937460E-02   2.04364395    
    i ps xs =          24   5.51459417E-02   2.01388144    
    i ps xs =          25   5.47826774E-02   1.98415494    
    x0 dx =   2.68329954      -3.03975940E-02
 sol     125  0.059227  2.683305  1217.10  109  0.000007  -193.63     0.00
    x0 dx =   2.65290189      -3.03975940E-02
 sol     126  0.059205  2.652901  1217.10  109  0.000022  -193.70     0.00
    x0 dx =   2.62250423      -3.03975940E-02
 sol     127  0.059169  2.622503  1217.10  109  0.000037  -193.66     0.00
    x0 dx =   2.59210658      -3.03975940E-02
 sol     128  0.059117  2.592106  1217.10  109  0.000052  -193.66     0.00
    x0 dx =   2.56170893      -3.03975940E-02
 sol     129  0.059050  2.561709  1217.10  109  0.000067  -193.66     0.00
    x0 dx =   2.53131127      -3.03975940E-02
 sol     130  0.058968  2.531311  1217.10  109  0.000082  -193.67     0.00
    x0 dx =   2.50091362      -3.03975940E-02
 sol     131  0.058871  2.500915  1217.10  109  0.000097  -193.65     0.00
    x0 dx =   2.47051597      -3.03975940E-02
 sol     132  0.058759  2.470516  1217.10  109  0.000113  -193.67     0.00
    x0 dx =   2.44011831      -3.03975940E-02
 sol     133  0.058631  2.440119  1217.10  109  0.000128  -193.66     0.00
    x0 dx =   2.40972066      -3.03975940E-02
 sol     134  0.058487  2.409722  1217.10  109  0.000144  -193.66     0.00
    x0 dx =   2.37932301      -3.03975940E-02
 sol     135  0.058327  2.379323  1217.10  109  0.000160  -193.67     0.00
    x0 dx =   2.34892535      -3.03975940E-02
 sol     136  0.058152  2.348925  1217.10  109  0.000175  -193.66     0.00
    x0 dx =   2.31852770      -3.03975940E-02
 sol     137  0.057961  2.318527  1217.10  109  0.000191  -193.66     0.00
    x0 dx =   2.28813004      -3.03975940E-02
 sol     138  0.057752  2.287982  1217.10  109  0.000208  -194.60     0.00
    x0 dx =   2.25773239      -3.03975940E-02
 sol     139  0.057529  2.257600  1217.10  109  0.000223  -193.56     0.00
    x0 dx =   2.22733474      -3.03975940E-02
 sol     140  0.057289  2.227218  1217.10  109  0.000240  -193.57     0.00
    x0 dx =   2.19693708      -3.03975940E-02
 sol     141  0.057033  2.196835  1217.10  109  0.000256  -193.57     0.00
    x0 dx =   2.16653943      -3.03975940E-02
 sol     142  0.056761  2.166452  1217.10  109  0.000272  -193.57     0.00
    x0 dx =   2.13614178      -3.03975940E-02
 sol     143  0.056473  2.136069  1217.10  109  0.000289  -193.57     0.00
    x0 dx =   2.10574412      -3.03975940E-02
 sol     144  0.056168  2.105686  1217.10  109  0.000305  -193.57     0.00
    x0 dx =   2.07534647      -3.03975940E-02
 sol     145  0.055846  2.075302  1217.10  109  0.000321  -193.57     0.00
    x0 dx =   2.04494882      -3.03975940E-02
 sol     146  0.055508  2.044920  1217.10  109  0.000338  -193.57     0.00
    x0 dx =   2.01455116      -3.03975940E-02
 sol     147  0.055154  2.014537  1217.10  109  0.000355  -193.57     0.00
    x0 dx =   1.98415351      -3.03975940E-02
 end     148  0.054783  1.984155  1217.10  109  0.000371  -193.56     0.00
          i   20    0.054783    0.000000
    i ps xs =           1   5.47826774E-02   1.98415494    
    i ps xs =           2   5.47426604E-02   2.05547667    
    i ps xs =           3   5.46226129E-02   2.12052155    
    i ps xs =           4   5.44225276E-02   2.17957044    
    i ps xs =           5   5.41424118E-02   2.23301625    
    i ps xs =           6   5.37822619E-02   2.28136373    
    i ps xs =           7   5.33420816E-02   2.32515359    
    i ps xs =           8   5.28218672E-02   2.36494541    
    i ps xs =           9   5.22216186E-02   2.40164566    
    i ps xs =          10   5.15413359E-02   2.43537068    
    i ps xs =          11   5.07810190E-02   2.46645308    
    i ps xs =          12   4.99406718E-02   2.49568319    
    i ps xs =          13   4.90202904E-02   2.52328348    
    i ps xs =          14   4.80198786E-02   2.54919004    
    i ps xs =          15   4.69394326E-02   2.57456779    
    i ps xs =          16   4.57789488E-02   2.59854412    
    i ps xs =          17   4.45384383E-02   2.62230444    
    i ps xs =          18   4.32178900E-02   2.64502549    
    i ps xs =          19   4.18173112E-02   2.66793871    
    i ps xs =          20   4.03366983E-02   2.69043303    
    i ps xs =          21   3.87760513E-02   2.71252608    
    i ps xs =          22   3.71353701E-02   2.73500323    
    i ps xs =          23   3.54146585E-02   2.75752473    
    i ps xs =          24   3.36139128E-02   2.78003788    
    i ps xs =          25   3.17331329E-02   2.80252647    
    i ps xs =          26   2.97723226E-02   2.82573891    
    i ps xs =          27   2.77314782E-02   2.84920549    
    i ps xs =          28   2.56105997E-02   2.87309933    
    i ps xs =          29   2.34096907E-02   2.89730644    
    i ps xs =          30   2.11287439E-02   2.92205620    
    i ps xs =          31   1.87677667E-02   2.94729090    
    i ps xs =          32   1.63267590E-02   2.97305775    
    i ps xs =          33   1.38057135E-02   2.99939632    
    i ps xs =          34   1.12046376E-02   3.02645493    
    i ps xs =          35   8.52352753E-03   3.05424523    
    i ps xs =          36   5.76238334E-03   3.08261776    
    i ps xs =          37   2.92120874E-03   3.11169386    
    i ps xs =          38   0.00000000       3.14159250    
    x0 dx =   2.01543713       3.12820971E-02
 sol     149  0.054775  2.015437  1216.94  110  0.000007   199.30     0.16
    x0 dx =   2.04671931       3.12820971E-02
 sol     150  0.054752  2.046710  1216.44  110  0.000023   199.24     0.50
    x0 dx =   2.07800150       3.12820971E-02
 sol     151  0.054711  2.077950  1215.56  110  0.000041   199.03     0.89
    x0 dx =   2.10928369       3.12820971E-02
 sol     152  0.054650  2.109272  1214.23  110  0.000061   199.55     1.33
    x0 dx =   2.14056587       3.12820971E-02
 sol     153  0.054566  2.140548  1212.40  110  0.000084   199.26     1.83
    x0 dx =   2.17184806       3.12820971E-02
 sol     154  0.054455  2.171843  1209.99  110  0.000111   199.38     2.41
    x0 dx =   2.20313025       3.12820971E-02
 sol     155  0.054312  2.203116  1206.91  110  0.000142   199.24     3.08
    x0 dx =   2.23441243       3.12820971E-02
 sol     156  0.054134  2.234412  1203.04  110  0.000179   199.39     3.87
    x0 dx =   2.26569462       3.12820971E-02
 sol     157  0.053912  2.265685  1198.24  110  0.000222   199.24     4.80
    x0 dx =   2.29697680       3.12820971E-02
 sol     158  0.053639  2.296976  1192.33  110  0.000273   199.36     5.91
    x0 dx =   2.32825899       3.12820971E-02
 sol     159  0.053306  2.328260  1185.11  110  0.000333   199.31     7.22
    x0 dx =   2.35954118       3.12820971E-02
 sol     160  0.052900  2.359541  1176.31  110  0.000406   199.29     8.79
    x0 dx =   2.39082336       3.12820971E-02
 sol     161  0.052411  2.390805  1165.70  111  0.000490   199.18    10.61
    x0 dx =   2.42210555       3.12820971E-02
 sol     162  0.051826  2.422106  1152.98  111  0.000585   199.42    12.72
    x0 dx =   2.45338774       3.12820971E-02
 sol     163  0.051118  2.453385  1137.60  111  0.000708   199.28    15.39
    x0 dx =   2.48466992       3.12820971E-02
 sol     164  0.050267  2.484678  1119.11  111  0.000850   199.37    18.49
    x0 dx =   2.51595211       3.12820971E-02
 sol     165  0.049279  2.515954  1097.58  112  0.000988   199.26    21.53
    x0 dx =   2.54723430       3.12820971E-02
 sol     166  0.048095  2.547351  1071.76  112  0.001184   200.03    25.81
    x0 dx =   2.57851648       3.12820971E-02
 sol     167  0.046758  2.578515  1042.53  113  0.001338   198.55    29.24
    x0 dx =   2.60979867       3.12820971E-02
 sol     168  0.045209  2.609792  1008.64  114  0.001549   199.26    33.89
    x0 dx =   2.64108086       3.12820971E-02
 sol     169  0.043447  2.641230   970.00  114  0.001762   200.30    38.64
    x0 dx =   2.67236304       3.12820971E-02
 sol     170  0.041526  2.672401   927.78  115  0.001921   198.59    42.22
    x0 dx =   2.70364523       3.12820971E-02
 sol     171  0.039418  2.703643   881.36  116  0.002108   199.04    46.42
    x0 dx =   2.73492742       3.12820971E-02
 sol     172  0.037135  2.735003   830.96  117  0.002283   199.80    50.39
    x0 dx =   2.76620960       3.12820971E-02
 sol     173  0.034720  2.766240   777.52  118  0.002415   199.01    53.45
    x0 dx =   2.79749179       3.12820971E-02
 sol     174  0.032154  2.797611   720.62  119  0.002566   199.86    56.90
    x0 dx =   2.82877398       3.12820971E-02
 sol     175  0.029508  2.828729   661.81  120  0.002646   198.25    58.81
    x0 dx =   2.86005616       3.12820971E-02
 sol     176  0.026768  2.860191   600.77  122  0.002740   200.44    61.04
    x0 dx =   2.89133835       3.12820971E-02
 sol     177  0.023952  2.891444   537.91  123  0.002816   199.11    62.86
    x0 dx =   2.92262053       3.12820971E-02
 sol     178  0.021076  2.922617   473.59  124  0.002876   198.61    64.32
    x0 dx =   2.95390272       3.12820971E-02
 sol     179  0.018141  2.953813   407.87  125  0.002935   198.74    65.73
    x0 dx =   2.98518491       3.12820971E-02
 sol     180  0.015166  2.985326   341.12  127  0.002975   200.77    66.74
    x0 dx =   3.01646709       3.12820971E-02
 sol     181  0.012165  3.016550   273.72  128  0.003001   198.92    67.40
    x0 dx =   3.04774928       3.12820971E-02
 sol     182  0.009150  3.047659   205.95  129  0.003015   198.20    67.77
    x0 dx =   3.07903147       3.12820971E-02
 sol     183  0.006111  3.079043   137.58  131  0.003039   199.94    68.37
    x0 dx =   3.11031365       3.12820971E-02
 sol     184  0.003056  3.110321    68.81  132  0.003055   199.27    68.77
    x0 dx =   3.14159584       3.12820971E-02
 end     185  0.000000  3.141593     0.00  132  0.003056   199.23    68.81
          i    1    1.000000    0.680783
    i ps xs =           1   1.00000000      -0.00000000    
    i ps xs =           2  0.998111129       3.72492266E-03
    i ps xs =           3  0.992444575       7.45801488E-03
    i ps xs =           4  0.983000278       1.11978156E-02
    i ps xs =           5  0.969778240       1.49470810E-02
    i ps xs =           6  0.952778459       1.87116284E-02
    i ps xs =           7  0.932000995       2.24932749E-02
    i ps xs =           8  0.907445848       2.62972601E-02
    i ps xs =           9  0.879112899       3.01281139E-02
    i ps xs =          10  0.847002268       3.39901373E-02
    i ps xs =          11  0.811113954       3.78878340E-02
    i ps xs =          12  0.771447897       4.18262370E-02
    i ps xs =          13  0.728004098       8.30540359E-02
    i ps xs =          14  0.680782557      0.393009841    
 first     1  1.000000 -0.000000  6371.00
    x0 dx =   3.02315261E-02   3.02315261E-02
 sol       2  0.879113  0.030128  6346.16    1  0.120887   191.95    24.84
  dpmax    2  0.990024  0.008572  6369.06    1  0.009976    54.61     1.94
    x0 dx =   3.81443761E-02   2.95721218E-02
 sol       3  0.808530  0.038155  6330.07    1  0.181494   188.47    38.99
  dpmax    3  0.980049  0.012134  6367.11    1  0.009976    22.69     1.96
    x0 dx =   4.38738503E-02   3.17396335E-02
 sol       4  0.761151  0.043928  6318.48    2  0.218898   202.56    48.63
  dpmax    4  0.970073  0.014874  6365.13    1  0.009976    17.46     1.98
    x0 dx =   4.63854559E-02   3.15113105E-02
 sol       5  0.760867  0.046436  6318.26    2  0.209206   201.08    46.88
  dpmax    5  0.960098  0.017190  6363.14    1  0.009976    14.75     1.99
    x0 dx =   4.85081412E-02   3.13183367E-02
 sol       6  0.760399  0.048568  6317.90    2  0.199699   199.91    45.24
  dpmax    6  0.950122  0.019234  6361.12    1  0.009976    13.02     2.01
    x0 dx =   5.03821671E-02   3.11479717E-02
 sol       7  0.759856  0.050339  6317.47    2  0.190267   198.17    43.65
  dpmax    7  0.940147  0.021088  6359.09    1  0.009976    11.81     2.04
    x0 dx =   5.20812906E-02   3.09935044E-02
 sol       8  0.759182  0.052095  6316.95    2  0.180965   197.55    42.14
  dpmax    8  0.930171  0.022797  6357.03    1  0.009976    10.89     2.06
    x0 dx =   5.36481589E-02   3.08510605E-02
 sol       9  0.758474  0.053652  6316.40    2  0.171697   196.58    40.63
  dpmax    9  0.920196  0.024392  6354.95    1  0.009976    10.16     2.08
    x0 dx =   5.51105216E-02   3.07181198E-02
 sol      10  0.757710  0.055128  6315.81    2  0.162485   195.82    39.14
  dpmax   10  0.910220  0.025894  6352.85    1  0.009976     9.57     2.10
    x0 dx =   5.64871356E-02   3.05929724E-02
 sol      11  0.756885  0.056555  6315.17    2  0.153335   195.34    37.68
  dpmax   11  0.900244  0.027319  6350.73    1  0.009976     9.08     2.12
    x0 dx =   5.77930138E-02   3.04742586E-02
 sol      12  0.756052  0.057874  6314.52    2  0.144193   194.67    36.21
  dpmax   12  0.890269  0.028677  6348.58    1  0.009976     8.65     2.15
    x0 dx =   5.90381399E-02   3.03610638E-02
 sol      13  0.755208  0.059107  6313.86    2  0.135061   193.87    34.72
  dpmax   13  0.880293  0.029978  6346.42    1  0.009976     8.29     2.17
    x0 dx =   6.02302589E-02   3.02526895E-02
 sol      14  0.754348  0.060286  6313.19    2  0.125945   193.09    33.22
  dpmax   14  0.870318  0.031230  6344.22    1  0.009976     7.98     2.19
    x0 dx =   6.13778941E-02   3.01483590E-02
 sol      15  0.753468  0.061419  6312.51    2  0.116850   192.34    31.72
  dpmax   15  0.860342  0.032437  6342.01    1  0.009976     7.69     2.22
    x0 dx =   6.24844916E-02   3.00477594E-02
 sol      16  0.752572  0.062512  6311.81    2  0.107770   191.61    30.20
  dpmax   16  0.850367  0.033604  6339.76    1  0.009976     7.44     2.24
    x0 dx =   6.35547116E-02   2.99504641E-02
 sol      17  0.751662  0.063575  6311.10    2  0.098705   190.94    28.67
  dpmax   17  0.840391  0.034737  6337.50    1  0.009976     7.22     2.27
    x0 dx =   6.45931587E-02   2.98560616E-02
 sol      18  0.750735  0.064610  6310.37    2  0.089656   190.32    27.12
  dpmax   18  0.830416  0.035838  6335.20    1  0.009976     7.01     2.29
    x0 dx =   6.56019598E-02   2.97643542E-02
 sol      19  0.749796  0.065615  6309.64    2  0.080619   189.71    25.57
  dpmax   19  0.820440  0.036910  6332.88    1  0.009976     6.83     2.32
    x0 dx =   6.65849075E-02   2.96749938E-02
 sol      20  0.748846  0.066594  6308.89    2  0.071594   189.12    23.99
  dpmax   20  0.810465  0.037955  6330.53    1  0.009976     6.66     2.35
    x0 dx =   6.75430372E-02   2.95878928E-02
 sol      21  0.747887  0.067549  6308.14    2  0.062578   188.54    22.40
  dpmax   21  0.800489  0.038976  6328.15    1  0.009976     6.50     2.38
    x0 dx =   6.84784502E-02   2.95028538E-02
 sol      22  0.746917  0.068482  6307.37    2  0.053572   187.98    20.78
  dpmax   22  0.790513  0.039974  6325.75    1  0.009976     6.36     2.41
    x0 dx =   6.93938732E-02   2.94196326E-02
 sol      23  0.745938  0.069398  6306.60    2  0.044576   187.46    19.15
  dpmax   23  0.780538  0.040952  6323.31    1  0.009976     6.23     2.44
    x0 dx =   7.02899396E-02   2.93381736E-02
 sol      24  0.744951  0.070292  6305.83    2  0.035587   186.92    17.49
  dpmax   24  0.770562  0.041911  6320.85    1  0.009976     6.11     2.47
    x0 dx =   7.38287643E-02   3.19181085E-02
 sol      25  0.740901  0.073735  6302.62    2  0.029661   202.75    18.22
  dpmax   25  0.760587  0.047824  6318.04    2  0.009976    37.68     2.81
    x0 dx =   7.92047828E-02   3.13805081E-02
 sol      26  0.733681  0.079192  6296.88    2  0.026906   199.85    21.16
  dpmax   26  0.750611  0.064744  6310.27    2  0.009976   107.80     7.77
    x0 dx =   9.45866331E-02   2.98423227E-02
 sol      27  0.708422  0.094587  6276.36    2  0.042189   190.13    33.92
  dpmax   27  0.740636  0.073950  6302.41    2  0.009975    58.65     7.86
    x0 dx =  0.105855644       3.19060199E-02
 sol      28  0.695968  0.105991  6265.97    3  0.044668   204.14    36.45
  dpmax   28  0.730660  0.081287  6294.46    2  0.009975    46.75     7.96
    x0 dx =  0.112459160       3.11722998E-02
 sol      29  0.695947  0.112335  6265.82    3  0.034714   197.81    28.63
  dpmax   29  0.720685  0.087636  6286.40    2  0.009976    40.45     8.06
    x0 dx =  0.118173286       3.05373967E-02
 sol      30  0.695914  0.118069  6265.60    3  0.024771   193.89    20.80
  dpmax   30  0.710709  0.093346  6278.24    2  0.009976    36.38     8.16
    x0 dx =  0.123312421       2.99663786E-02
 sol      31  0.695873  0.123258  6265.32    3  0.014836   190.57    12.92
  dpmax   31  0.700734  0.098599  6269.98    2  0.009975    33.47     8.26
    x0 dx =  0.128040403       2.94410475E-02
 sol      32  0.695826  0.127901  6265.01    3  0.004907   186.68     4.97
    x0 dx =  0.157481447       2.94410475E-02
 sol      33  0.695330  0.157549  6261.67    3  0.000496   188.89     3.34
    x0 dx =  0.186922491       2.94410475E-02
 sol      34  0.694497  0.186933  6256.07    3  0.000833   187.20     5.61
    x0 dx =  0.216363534       2.94410475E-02
 sol      35  0.693323  0.216519  6248.15    3  0.001175   188.49     7.91
    x0 dx =  0.245804578       2.94410475E-02
 sol      36  0.691833  0.245807  6238.12    3  0.001490   186.59    10.04
    x0 dx =  0.275245637       2.94410475E-02
 sol      37  0.690005  0.275366  6225.79    3  0.001828   188.32    12.32
    x0 dx =  0.304686695       2.94410475E-02
 sol      38  0.688007  0.304663  6212.25    4  0.001998   186.65    13.54
    x0 dx =  0.334127754       2.94410475E-02
 sol      39  0.685951  0.334130  6197.68    4  0.002056   187.74    14.57
    x0 dx =  0.363568813       2.94410475E-02
 sol      40  0.683512  0.363603  6180.38    4  0.002439   187.77    17.30
    x0 dx =  0.393009871       2.94410475E-02
 end      41  0.680783  0.393010  6161.00    4  0.002730   187.35    19.38
          i    2    0.680783    0.680179
    i ps xs =           1  0.680782557      0.393009841    
    i ps xs =           2  0.680631578      0.361493230    
    i ps xs =           3  0.680178583      0.333012640    
    x0 dx =  0.363011241      -2.99986005E-02
 sol      42  0.680646  0.363019  6161.00    5  0.000136  -191.07     0.00
    x0 dx =  0.333012640      -2.99986005E-02
 end      43  0.680179  0.333013  6161.00    5  0.000468  -191.17     0.00
          i    3    0.680179    0.611075
    i ps xs =           1  0.680178583      0.333012640    
    i ps xs =           2  0.662902653      0.316005200    
    i ps xs =           3  0.611074865      0.391174078    
          caustic
    x0 dx =  0.312779427      -2.02332139E-02
  dpmax   44  0.674780  0.316284  6146.31    6  0.005399  -106.58    14.69
    x0 dx =  0.312779427      -3.50421667E-03
 end      45  0.669381  0.312779  6128.57    6  0.005399   -22.33    17.74
    i ps xs =           1  0.669381142      0.312779427    
    i ps xs =           2  0.611074865      0.391174078    
     extra  =  0.665062189      0.314449608    
    x0 dx =  0.338910967       2.61315499E-02
 sol      46  0.644794  0.338861  6062.29    7  0.024587   166.17    66.29
  dpmax   46  0.659663  0.319844  6104.62    7  0.009718    45.01    23.96
    x0 dx =  0.343620390       2.37768497E-02
 sol      47  0.642010  0.343616  6054.16    8  0.017654   151.46    50.46
  dpmax   47  0.649946  0.331982  6077.03    7  0.009718    77.33    27.59
    x0 dx =  0.361577928       2.95961648E-02
 sol      48  0.629985  0.361580  6018.67    8  0.019960   188.57    58.36
  dpmax   48  0.640228  0.346373  6048.93    8  0.009718    91.69    28.10
    x0 dx =  0.368773460       2.24006325E-02
 sol      49  0.625584  0.368844  6005.46    9  0.014644   143.16    43.46
  dpmax   49  0.630510  0.360815  6020.23    8  0.009718    92.01    28.70
    x0 dx =  0.391174078       3.03595662E-02
  dpmax   50  0.620793  0.376514  5990.86    9  0.009718   100.02    29.37
    x0 dx =  0.391174078       1.46598816E-02
 end      51  0.611075  0.391174  5961.00    9  0.009718    93.40    29.86
          i    4    0.611075    0.586967
    i ps xs =           1  0.611074865      0.391174078    
    i ps xs =           2  0.610110521      0.357006490    
    i ps xs =           3  0.607217550      0.325617462    
    i ps xs =           4  0.602395892      0.296893865    
    i ps xs =           5  0.595645607      0.270683050    
    i ps xs =           6  0.586966634      0.246806577    
    x0 dx =  0.362300575      -2.88734995E-02
 sol      52  0.610396  0.362320  5961.00   10  0.000679  -183.83     0.00
    x0 dx =  0.333427072      -2.88734995E-02
 sol      53  0.608147  0.333437  5961.00   10  0.002250  -184.01     0.00
    x0 dx =  0.304553568      -2.88734995E-02
 sol      54  0.603918  0.304559  5961.00   10  0.004228  -183.98     0.00
    x0 dx =  0.275680065      -2.88734995E-02
 sol      55  0.597135  0.275682  5961.00   10  0.006783  -183.98     0.00
    x0 dx =  0.246806562      -2.88734995E-02
  dpmax   56  0.592051  0.259863  5961.00   10  0.005084  -100.78     0.00
    x0 dx =  0.246806577      -1.30568296E-02
 end      57  0.586967  0.246807  5961.00   10  0.005084   -83.19     0.00
          i    5    0.586967    0.543679
    i ps xs =           1  0.586966634      0.246806577    
    i ps xs =           2  0.585764170      0.281067967    
    i ps xs =           3  0.582156897      0.310334384    
    i ps xs =           4  0.576144695      0.335977405    
    i ps xs =           5  0.567727685      0.360584110    
    i ps xs =           6  0.556905746      0.384683400    
    i ps xs =           7  0.543678939      0.410643011    
    x0 dx =  0.274112642       2.73060724E-02
 sol      58  0.586231  0.274063  5958.84   11  0.000735   173.65     2.16
    x0 dx =  0.301418722       2.73060724E-02
 sol      59  0.583578  0.301399  5951.02   11  0.002653   174.15     7.81
    x0 dx =  0.328724802       2.73060724E-02
 sol      60  0.578162  0.328722  5934.99   11  0.005416   174.08    16.03
    x0 dx =  0.356030881       2.73060724E-02
 sol      61  0.569398  0.356014  5908.77   12  0.008764   173.88    26.22
    x0 dx =  0.383336961       2.73060724E-02
 sol      62  0.557510  0.383489  5872.07   12  0.011888   175.04    36.70
  dpmax   62  0.560825  0.376680  5882.36   12  0.008573   131.66    26.41
    x0 dx =  0.410643011       3.39634418E-02
  dpmax   63  0.552252  0.394438  5855.56   13  0.008573   113.14    26.81
    x0 dx =  0.410643011       1.62047744E-02
 end      64  0.543679  0.410643  5828.02   13  0.008573   103.24    27.54
          i    6    0.543679    0.509130
    i ps xs =           1  0.543678939      0.410643011    
    i ps xs =           2  0.535041630      0.426468879    
    i ps xs =           3  0.509129643      0.469954759    
    x0 dx =  0.440298885       2.96558738E-02
 sol      65  0.526801  0.440421  5772.15   14  0.016878   189.71    55.87
  dpmax   65  0.535042  0.426469  5799.75   14  0.008637   100.83    28.27
    x0 dx =  0.448211819       2.17429399E-02
 sol      66  0.522410  0.448143  5757.26   15  0.012631   138.09    42.49
  dpmax   66  0.526404  0.441058  5770.82   14  0.008637    92.95    28.93
    x0 dx =  0.469954759       2.88968980E-02
  dpmax   67  0.517767  0.456250  5741.18   15  0.008637    96.79    29.64
    x0 dx =  0.469954759       1.37047172E-02
 end      68  0.509130  0.469955  5711.00   15  0.008637    87.31    30.18
          i    7    0.509130    0.479179
    i ps xs =           1  0.509129643      0.469954759    
    i ps xs =           2  0.508297682      0.435399711    
    i ps xs =           3  0.505801737      0.403308928    
    i ps xs =           4  0.501641870      0.373541713    
    i ps xs =           5  0.495818079      0.345913947    
    i ps xs =           6  0.488330305      0.320226759    
    i ps xs =           7  0.479178607      0.296283990    
    x0 dx =  0.441009641      -2.89451275E-02
 sol      69  0.508554  0.441029  5711.00   16  0.000576  -184.29     0.00
    x0 dx =  0.412064523      -2.89451275E-02
 sol      70  0.506670  0.412074  5711.00   16  0.001883  -184.47     0.00
    x0 dx =  0.383119404      -2.89451275E-02
 sol      71  0.503199  0.383125  5711.00   16  0.003471  -184.44     0.00
    x0 dx =  0.354174286      -2.89451275E-02
 sol      72  0.497782  0.354177  5711.00   16  0.005417  -184.43     0.00
    x0 dx =  0.325229168      -2.89451275E-02
 sol      73  0.489965  0.325230  5711.00   16  0.007818  -184.42     0.00
    x0 dx =  0.296284050      -2.89451275E-02
  dpmax   74  0.484572  0.309656  5711.00   16  0.005393   -99.22     0.00
    x0 dx =  0.296283990      -1.33718252E-02
 end      75  0.479179  0.296284  5711.00   16  0.005393   -85.19     0.00
          i    8    0.479179    0.370575
    i ps xs =           1  0.479178607      0.296283990    
    i ps xs =           2  0.478990048      0.312117398    
    i ps xs =           3  0.478424430      0.327057898    
    i ps xs =           4  0.477481693      0.341196597    
    i ps xs =           5  0.476161838      0.354568422    
    i ps xs =           6  0.474464923      0.367243707    
    i ps xs =           7  0.472390890      0.379302263    
    i ps xs =           8  0.469939768      0.390820652    
    i ps xs =           9  0.467111558      0.401888967    
    i ps xs =          10  0.463906258      0.413399279    
    i ps xs =          11  0.460323840      0.424675763    
    i ps xs =          12  0.456364334      0.435449868    
    i ps xs =          13  0.452027738      0.445962965    
    i ps xs =          14  0.447314054      0.533115149    
    i ps xs =          15  0.442223251      0.586515605    
    i ps xs =          16  0.436755389      0.632536590    
    i ps xs =          17  0.430910408      0.675573230    
    i ps xs =          18  0.424688339      0.717917621    
    i ps xs =          19  0.418089151      0.760280490    
    i ps xs =          20  0.411112905      0.802964628    
    i ps xs =          21  0.403759539      0.846122622    
    i ps xs =          22  0.396029085      0.890193999    
    i ps xs =          23  0.387921542      0.936799288    
    i ps xs =          24  0.379436910      0.983442426    
    i ps xs =          25  0.370575160       1.03256595    
    x0 dx =  0.326962411       3.06784157E-02
 sol      76  0.478424  0.327058  5708.40   17  0.000754   196.06     2.60
    x0 dx =  0.357640833       3.06784157E-02
 sol      77  0.475793  0.357639  5699.28   17  0.002631   194.83     9.11
    x0 dx =  0.388319254       3.06784157E-02
 sol      78  0.470514  0.388320  5680.89   17  0.005279   195.47    18.39
    x0 dx =  0.418997675       3.06784157E-02
 sol      79  0.462206  0.418998  5651.45   18  0.008308   195.45    29.44
    x0 dx =  0.449676096       3.06784157E-02
 sol      80  0.451368  0.449593  5611.93   19  0.010838   194.92    39.52
  dpmax   80  0.453043  0.443600  5618.09   18  0.009163   156.74    33.36
    x0 dx =  0.474598289       3.09982058E-02
 sol      81  0.450902  0.474607  5608.56   19  0.002140   197.54     9.53
    x0 dx =  0.505596519       3.09982058E-02
 sol      82  0.449385  0.505596  5597.57   19  0.001517   197.43    10.99
    x0 dx =  0.536594748       3.09982058E-02
 sol      83  0.447009  0.536595  5580.33   19  0.002376   197.49    17.24
    x0 dx =  0.567592978       3.09982058E-02
 sol      84  0.444121  0.567495  5559.21   20  0.002887   196.86    21.12
    x0 dx =  0.598591208       3.09982058E-02
 sol      85  0.440864  0.598603  5534.55   20  0.003257   198.19    24.66
    x0 dx =  0.629589438       3.09982058E-02
 sol      86  0.437106  0.629733  5505.90   21  0.003759   198.33    28.65
    x0 dx =  0.660587668       3.09982058E-02
 sol      87  0.432946  0.660587  5473.69   21  0.004160   196.57    32.20
    x0 dx =  0.691585898       3.09982058E-02
 sol      88  0.428623  0.691599  5439.69   22  0.004323   197.58    34.00
    x0 dx =  0.722584128       3.09982058E-02
 sol      89  0.424001  0.722593  5402.82   23  0.004622   197.46    36.87
    x0 dx =  0.753582358       3.09982058E-02
 sol      90  0.419078  0.753633  5362.92   24  0.004922   197.75    39.90
    x0 dx =  0.784580588       3.09982058E-02
 sol      91  0.414046  0.784550  5321.36   24  0.005032   196.98    41.56
    x0 dx =  0.815578818       3.09982058E-02
 sol      92  0.408935  0.815577  5278.43   25  0.005111   197.67    42.93
    x0 dx =  0.846577048       3.09982058E-02
 sol      93  0.403680  0.846568  5233.57   26  0.005255   197.44    44.87
    x0 dx =  0.877575278       3.09982058E-02
 sol      94  0.398351  0.877571  5187.28   27  0.005329   197.52    46.28
    x0 dx =  0.908573508       3.09982058E-02
 sol      95  0.392902  0.908597  5139.14   28  0.005449   197.67    48.14
    x0 dx =  0.939571738       3.09982058E-02
 sol      96  0.387417  0.939559  5089.87   29  0.005484   197.26    49.28
    x0 dx =  0.970569968       3.09982058E-02
 sol      97  0.381826  0.970578  5038.80   30  0.005591   197.62    51.07
    x0 dx =   1.00156820       3.09982058E-02
 sol      98  0.376207  1.001581  4986.64   31  0.005619   197.52    52.16
    x0 dx =   1.03256643       3.09982058E-02
 end      99  0.370575  1.032566  4933.48   31  0.005632   197.40    53.16
          i    9    0.370575    0.329561
    i ps xs =           1  0.370575160       1.03256595    
    i ps xs =           2  0.369738132       1.03692937    
    i ps xs =           3  0.367227048       1.05104828    
    i ps xs =           4  0.363041937       1.07363892    
    i ps xs =           5  0.357182771       1.10538447    
    i ps xs =           6  0.349649549       1.14534366    
    i ps xs =           7  0.340442270       1.19425273    
    i ps xs =           8  0.329560935       1.25097573    
    x0 dx =   1.06376731       3.12013961E-02
 sol     100  0.364810  1.063750  4878.23   33  0.005765   198.67    55.25
    x0 dx =   1.09496868       3.12013961E-02
 sol     101  0.358991  1.094910  4821.63   34  0.005819   198.52    56.59
    x0 dx =   1.12617004       3.12013961E-02
 sol     102  0.353264  1.126326  4765.01   36  0.005727   200.15    56.62
    x0 dx =   1.15737140       3.12013961E-02
 sol     103  0.347454  1.157375  4706.78   37  0.005810   197.81    58.23
    x0 dx =   1.18857276       3.12013961E-02
 sol     104  0.341552  1.188571  4646.83   38  0.005902   198.75    59.96
    x0 dx =   1.21977413       3.12013961E-02
 sol     105  0.335546  1.219861  4585.04   39  0.006005   199.35    61.79
    x0 dx =   1.25097549       3.12013961E-02
 end     106  0.329561  1.250976  4522.65   39  0.005985   198.23    62.39
          i   10    0.329561    0.317940
    i ps xs =           1  0.329560935       1.25097573    
    i ps xs =           2  0.326655805       1.26607478    
    i ps xs =           3  0.317940384       1.31073344    
    x0 dx =   1.28085458       2.98788548E-02
 sol     107  0.323824  1.280848  4462.16   42  0.005737   190.31    60.49
    x0 dx =   1.31073344       2.98788548E-02
 end     108  0.317940  1.310733  4399.40   42  0.005884   190.40    62.75
          i   11    0.317940    0.279522
    i ps xs =           1  0.317940384       1.31073344    
    i ps xs =           2  0.316873223       1.31598067    
    i ps xs =           3  0.313671678       1.33243275    
    i ps xs =           4  0.308335811       1.35898936    
    i ps xs =           5  0.300865561       1.39584410    
    i ps xs =           6  0.291260988       1.44208419    
    i ps xs =           7  0.279522061       1.49693859    
    x0 dx =   1.34176767       3.10341921E-02
 sol     109  0.311796  1.341715  4333.20   44  0.006144   197.38    66.20
    x0 dx =   1.37280190       3.10341921E-02
 sol     110  0.305536  1.372909  4265.06   46  0.006260   198.74    68.14
    x0 dx =   1.40383613       3.10341921E-02
 sol     111  0.299206  1.403863  4195.47   47  0.006331   197.21    69.59
    x0 dx =   1.43487036       3.10341921E-02
 sol     112  0.292759  1.434898  4123.99   49  0.006446   197.72    71.48
    x0 dx =   1.46590459       3.10341921E-02
 sol     113  0.286200  1.465907  4050.63   50  0.006560   197.56    73.36
    x0 dx =   1.49693882       3.10341921E-02
  drmax  114  0.279522  1.496939  3975.35   52  0.006678   197.70    75.27
 end     114  0.279522  1.496939  3975.35   52  0.006678   197.70    75.27
          i   12    0.279522    0.264237
    i ps xs =           1  0.279522061       1.49693859    
    i ps xs =           2  0.275700778       1.51450920    
    i ps xs =           3  0.264236897       1.56536031    
    x0 dx =   1.53114939       3.42108607E-02
 sol     115  0.271949  1.531139  3889.31   53  0.007573   217.89    86.05
  drmax  115  0.274427  1.520181  3917.51   53  0.005095   148.08    57.85
    x0 dx =   1.54277074       2.25895643E-02
 sol     116  0.269386  1.542767  3860.04   54  0.005041   143.89    57.47
    x0 dx =   1.56536031       2.25895643E-02
 end     117  0.264237  1.565360  3801.01   54  0.005149   143.94    59.03
          i   13    0.264237    0.249531
    i ps xs =           1  0.264236897       1.56536031    
    i ps xs =           2  0.260560334       1.58129382    
    i ps xs =           3  0.249530643       1.62788856    
    x0 dx =   1.59662437       3.12641263E-02
 sol     118  0.256998  1.596625  3717.59   57  0.007239   199.19    83.42
  drmax  118  0.259335  1.586553  3744.58   56  0.004902   135.02    56.43
    x0 dx =   1.60722065       2.06679106E-02
 sol     119  0.254510  1.607218  3688.79   57  0.004825   131.66    55.80
    x0 dx =   1.62788856       2.06679106E-02
 end     120  0.249531  1.627889  3631.00   57  0.004979   131.69    57.79
          i   14    0.249531    0.238078
    i ps xs =           1  0.249530643       1.62788856    
    i ps xs =           2  0.248814881       1.64473152    
    i ps xs =           3  0.246667594       1.66745591    
    i ps xs =           4  0.243088782       1.69622123    
    i ps xs =           5  0.238078445       1.73144567    
    x0 dx =   1.65377784       2.58892775E-02
 sol     121  0.248066  1.653790  3612.01   60  0.001465   165.02    18.99
    x0 dx =   1.67966712       2.58892775E-02
 sol     122  0.245235  1.679677  3575.27   61  0.002831   164.92    36.74
    x0 dx =   1.70555639       2.58892775E-02
 sol     123  0.241811  1.705534  3530.75   62  0.003423   164.74    44.52
    x0 dx =   1.73144567       2.58892775E-02
 end     124  0.238078  1.731446  3482.00   62  0.003733   165.08    48.75
          i   15    0.238078    0.217052
    i ps xs =           1  0.238078445       1.73144567    
    i ps xs =           2  0.238025874       1.69423079    
    i ps xs =           3  0.237868190       1.65771031    
    i ps xs =           4  0.237605363       1.62186384    
    i ps xs =           5  0.237237394       1.58667994    
    i ps xs =           6  0.236764312       1.55214274    
    i ps xs =           7  0.236186087       1.51823211    
    i ps xs =           8  0.235502735       1.48492825    
    i ps xs =           9  0.234714255       1.45220852    
    i ps xs =          10  0.233820647       1.42005217    
    i ps xs =          11  0.232821912       1.38843763    
    i ps xs =          12  0.231718034       1.35734129    
    i ps xs =          13  0.230509028       1.32674527    
    i ps xs =          14  0.229194894       1.29662848    
    i ps xs =          15  0.227775633       1.26697171    
    i ps xs =          16  0.226251230       1.23775744    
    i ps xs =          17  0.224621713       1.20896804    
    i ps xs =          18  0.222887054       1.18058693    
    i ps xs =          19  0.221047267       1.15259838    
    i ps xs =          20  0.219102353       1.12498784    
    i ps xs =          21  0.217052296       1.09774053    
    x0 dx =   1.69976044      -3.16852555E-02
 sol     125  0.238040  1.699756  3482.00   63  0.000038  -201.89     0.00
    x0 dx =   1.66807520      -3.16852555E-02
 sol     126  0.237924  1.668079  3482.00   63  0.000116  -201.82     0.00
    x0 dx =   1.63638997      -3.16852555E-02
 sol     127  0.237725  1.636393  3482.00   63  0.000199  -201.87     0.00
    x0 dx =   1.60470474      -3.16852555E-02
 sol     128  0.237440  1.604705  3482.00   63  0.000285  -201.88     0.00
    x0 dx =   1.57301950      -3.16852555E-02
 sol     129  0.237064  1.573020  3482.00   63  0.000376  -201.86     0.00
    x0 dx =   1.54133427      -3.16852555E-02
 sol     130  0.236593  1.541334  3482.00   63  0.000471  -201.87     0.00
    x0 dx =   1.50964904      -3.16852555E-02
 sol     131  0.236021  1.509650  3482.00   63  0.000571  -201.86     0.00
    x0 dx =   1.47796381      -3.16852555E-02
 sol     132  0.235345  1.477964  3482.00   63  0.000676  -201.87     0.00
    x0 dx =   1.44627857      -3.16852555E-02
 sol     133  0.234558  1.446279  3482.00   63  0.000786  -201.87     0.00
    x0 dx =   1.41459334      -3.16852555E-02
 sol     134  0.233657  1.414593  3482.00   63  0.000902  -201.87     0.00
    x0 dx =   1.38290811      -3.16852555E-02
 sol     135  0.232635  1.382908  3482.00   63  0.001022  -201.86     0.00
    x0 dx =   1.35122287      -3.16852555E-02
 sol     136  0.231486  1.351223  3482.00   63  0.001148  -201.87     0.00
    x0 dx =   1.31953764      -3.16852555E-02
 sol     137  0.230206  1.319538  3482.00   63  0.001280  -201.87     0.00
    x0 dx =   1.28785241      -3.16852555E-02
 sol     138  0.228788  1.287853  3482.00   63  0.001418  -201.87     0.00
    x0 dx =   1.25616717      -3.16852555E-02
 sol     139  0.227227  1.256168  3482.00   63  0.001561  -201.87     0.00
    x0 dx =   1.22448194      -3.16852555E-02
 sol     140  0.225516  1.224482  3482.00   63  0.001711  -201.87     0.00
    x0 dx =   1.19279671      -3.16852555E-02
 sol     141  0.223649  1.192797  3482.00   63  0.001867  -201.86     0.00
    x0 dx =   1.16111147      -3.16852555E-02
 sol     142  0.221621  1.161111  3482.00   63  0.002029  -201.87     0.00
    x0 dx =   1.12942624      -3.16852555E-02
 sol     143  0.219415  1.129303  3482.00   63  0.002206  -202.65     0.00
    x0 dx =   1.09774101      -3.16852555E-02
 end     144  0.217052  1.097741  3482.00   63  0.002363  -201.09     0.00
          i   16    0.217052    0.132737
    i ps xs =           1  0.217052296       1.09774053    
    i ps xs =           2  0.216892913       1.13958764    
    i ps xs =           3  0.216414750       1.17741680    
    i ps xs =           4  0.215617821       1.21140099    
    i ps xs =           5  0.214502126       1.24182308    
    i ps xs =           6  0.213067666       1.26901782    
    i ps xs =           7  0.211314425       1.29450357    
    i ps xs =           8  0.209242418       1.31851411    
    i ps xs =           9  0.206851631       1.33968294    
    i ps xs =          10  0.204142079       1.36211371    
    i ps xs =          11  0.201113760       1.38214839    
    i ps xs =          12  0.197766662       1.40364480    
    i ps xs =          13  0.194100797       1.42557907    
    i ps xs =          14  0.190116167       1.44796801    
    i ps xs =          15  0.185812756       1.47143781    
    i ps xs =          16  0.181190580       1.49671245    
    i ps xs =          17  0.176249638       1.52402604    
    i ps xs =          18  0.170989916       1.55342162    
    i ps xs =          19  0.165411428       1.58514488    
    i ps xs =          20  0.159514174       1.62150240    
    i ps xs =          21  0.153298140       1.65977418    
    i ps xs =          22  0.146763340       1.70356107    
    i ps xs =          23  0.139909774       1.75148273    
    i ps xs =          24  0.132737428       1.80417371    
    x0 dx =   1.12845504       3.07144858E-02
 sol     145  0.216969  1.128400  3481.24   64  0.000083   195.33     0.76
    x0 dx =   1.15916955       3.07144858E-02
 sol     146  0.216692  1.159135  3478.69   64  0.000277   195.81     2.55
    x0 dx =   1.18988407       3.07144858E-02
 sol     147  0.216169  1.189871  3473.88   64  0.000523   195.82     4.81
    x0 dx =   1.22059858       3.07144858E-02
 sol     148  0.215326  1.220595  3466.12   64  0.000843   195.75     7.76
    x0 dx =   1.25131309       3.07144858E-02
 sol     149  0.214055  1.251310  3454.39   64  0.001271   195.69    11.73
    x0 dx =   1.28202760       3.07144858E-02
 sol     150  0.212193  1.282045  3437.15   64  0.001862   195.82    17.24
    x0 dx =   1.31274211       3.07144858E-02
 sol     151  0.209800  1.312743  3414.57   65  0.002393   195.58    22.57
    x0 dx =   1.34345663       3.07144858E-02
 sol     152  0.206364  1.343451  3381.83   65  0.003436   195.64    32.75
    x0 dx =   1.37417114       3.07144858E-02
 sol     153  0.202320  1.374315  3342.27   66  0.004045   196.63    39.56
    x0 dx =   1.40488565       3.07144858E-02
 sol     154  0.197559  1.404793  3294.63   67  0.004760   194.17    47.64
    x0 dx =   1.43560016       3.07144858E-02
 sol     155  0.192197  1.435537  3239.46   68  0.005363   195.87    55.17
    x0 dx =   1.46631467       3.07144858E-02
 sol     156  0.186558  1.466413  3179.66   70  0.005639   196.71    59.80
    x0 dx =   1.49702919       3.07144858E-02
 sol     157  0.181133  1.497047  3120.18   71  0.005424   195.17    59.48
    x0 dx =   1.52774370       3.07144858E-02
 sol     158  0.175584  1.527647  3057.42   72  0.005549   194.95    62.75
    x0 dx =   1.55845821       3.07144858E-02
 sol     159  0.170032  1.558443  2992.70   73  0.005552   196.20    64.72
    x0 dx =   1.58917272       3.07144858E-02
 sol     160  0.164664  1.589262  2928.20   75  0.005368   196.35    64.50
    x0 dx =   1.61988723       3.07144858E-02
 sol     161  0.159776  1.619835  2867.62   76  0.004888   194.78    60.58
    x0 dx =   1.65060174       3.07144858E-02
 sol     162  0.154863  1.650593  2805.03   77  0.004914   195.96    62.60
    x0 dx =   1.68131626       3.07144858E-02
 sol     163  0.150045  1.681289  2742.01   78  0.004818   195.56    63.02
    x0 dx =   1.71203077       3.07144858E-02
 sol     164  0.145391  1.711979  2679.54   79  0.004654   195.53    62.47
    x0 dx =   1.74274528       3.07144858E-02
 sol     165  0.141112  1.742780  2620.56   81  0.004280   196.23    58.97
    x0 dx =   1.77345979       3.07144858E-02
 sol     166  0.136883  1.773462  2560.89   82  0.004228   195.47    59.67
    x0 dx =   1.80417430       3.07144858E-02
 end     167  0.132737  1.804174  2501.06   82  0.004146   195.66    59.84
          i   17    0.132737    0.126971
    i ps xs =           1  0.132737428       1.80417371    
    i ps xs =           2  0.131295741       1.81419611    
    i ps xs =           3  0.126970649       1.84880352    
    x0 dx =   1.82648861       2.23149061E-02
 sol     168  0.129830  1.826528  2458.30   84  0.002908   142.42    42.76
    x0 dx =   1.84880352       2.23149061E-02
 end     169  0.126971  1.848804  2415.61   84  0.002859   141.92    42.68
          i   18    0.126971    0.059235
    i ps xs =           1  0.126970649       1.84880352    
    i ps xs =           2  0.126830697       1.84995711    
    i ps xs =           3  0.126410842       1.85329688    
    i ps xs =           4  0.125711098       1.85863543    
    i ps xs =           5  0.124731436       1.86580694    
    i ps xs =           6  0.123471886       1.87687886    
    i ps xs =           7  0.121932432       1.88892841    
    i ps xs =           8  0.120113075       1.90448606    
    i ps xs =           9  0.118013814       1.92099082    
    i ps xs =          10  0.115634657       1.94202971    
    i ps xs =          11  0.112975597       1.96533322    
    i ps xs =          12  0.110036634       1.99149132    
    i ps xs =          13  0.106817767       2.02049232    
    i ps xs =          14  0.103319004       2.05265713    
    i ps xs =          15   9.95403379E-02   2.08782864    
    i ps xs =          16   9.54817757E-02   2.12843418    
    i ps xs =          17   9.11433101E-02   2.17082858    
    i ps xs =          18   8.65249410E-02   2.21888947    
    i ps xs =          19   8.16266686E-02   2.27060080    
    i ps xs =          20   7.64485002E-02   2.32643127    
    i ps xs =          21   7.09904283E-02   2.38671732    
    i ps xs =          22   6.52524605E-02   2.45126963    
    i ps xs =          23   5.92345931E-02   2.51983023    
    x0 dx =   1.87930477       3.05012148E-02
 sol     170  0.123162  1.879411  2357.68   86  0.003809   195.00    57.93
    x0 dx =   1.90980601       3.05012148E-02
 sol     171  0.119462  1.909809  2300.29   87  0.003700   193.67    57.39
    x0 dx =   1.94030726       3.05012148E-02
 sol     172  0.115850  1.940308  2243.21   88  0.003611   194.31    57.08
    x0 dx =   1.97080851       3.05012148E-02
 sol     173  0.112306  1.970794  2186.17   89  0.003545   194.22    57.04
    x0 dx =   2.00130963       3.05012148E-02
 sol     174  0.108866  2.001269  2129.84   90  0.003440   194.16    56.33
    x0 dx =   2.03181076       3.05012148E-02
 sol     175  0.105479  2.031751  2073.46   91  0.003387   194.21    56.38
    x0 dx =   2.06231189       3.05012148E-02
 sol     176  0.102302  2.062282  2019.69   93  0.003177   194.51    53.78
    x0 dx =   2.09281301       3.05012148E-02
 sol     177  0.099117  2.092909  1964.96   94  0.003185   195.12    54.73
    x0 dx =   2.12331414       3.05012148E-02
 sol     178  0.095994  2.123388  1910.52   95  0.003124   194.18    54.44
    x0 dx =   2.15381527       3.05012148E-02
 sol     179  0.092933  2.153801  1856.43   96  0.003060   193.76    54.09
    x0 dx =   2.18431640       3.05012148E-02
 sol     180  0.089906  2.184357  1802.22   97  0.003028   194.67    54.21
    x0 dx =   2.21481752       3.05012148E-02
 sol     181  0.086935  2.214814  1748.36   98  0.002970   194.04    53.86
    x0 dx =   2.24531865       3.05012148E-02
 sol     182  0.084006  2.245311  1694.61   99  0.002929   194.29    53.75
    x0 dx =   2.27581978       3.05012148E-02
 sol     183  0.081119  2.275819  1641.02  100  0.002887   194.37    53.59
    x0 dx =   2.30632091       3.05012148E-02
 sol     184  0.078275  2.306295  1587.65  101  0.002844   194.16    53.37
    x0 dx =   2.33682203       3.05012148E-02
 sol     185  0.075464  2.336810  1534.36  102  0.002811   194.42    53.29
    x0 dx =   2.36732316       3.05012148E-02
 sol     186  0.072702  2.367288  1481.48  103  0.002762   194.17    52.88
    x0 dx =   2.39782429       3.05012148E-02
 sol     187  0.069950  2.397805  1428.33  104  0.002751   194.43    53.15
    x0 dx =   2.42832541       3.05012148E-02
 sol     188  0.067234  2.428276  1375.41  105  0.002716   194.13    52.92
    x0 dx =   2.45882654       3.05012148E-02
 sol     189  0.064551  2.458820  1322.68  106  0.002684   194.60    52.73
    x0 dx =   2.48932767       3.05012148E-02
 sol     190  0.061876  2.489300  1269.75  107  0.002675   194.19    52.93
    x0 dx =   2.51982880       3.05012148E-02
 end     191  0.059235  2.519830  1217.10  107  0.002641   194.51    52.65
          i   19    0.059235    0.054783
    i ps xs =           1   5.92345931E-02   2.51983023    
    i ps xs =           2   5.92261776E-02   2.48718143    
    i ps xs =           3   5.92009313E-02   2.45471835    
    i ps xs =           4   5.91588505E-02   2.42242455    
    i ps xs =           5   5.90999424E-02   2.39030719    
    i ps xs =           6   5.90241998E-02   2.35836029    
    i ps xs =           7   5.89316264E-02   2.32657862    
    i ps xs =           8   5.88222221E-02   2.29496169    
    i ps xs =           9   5.86959869E-02   2.26350427    
    i ps xs =          10   5.85529208E-02   2.23220301    
    i ps xs =          11   5.83930202E-02   2.20105314    
    i ps xs =          12   5.82162924E-02   2.17005301    
    i ps xs =          13   5.80227301E-02   2.13919735    
    i ps xs =          14   5.78123368E-02   2.10848212    
    i ps xs =          15   5.75851128E-02   2.07790303    
    i ps xs =          16   5.73410578E-02   2.04745674    
    i ps xs =          17   5.70801683E-02   2.01713800    
    i ps xs =          18   5.68024516E-02   1.98694420    
    i ps xs =          19   5.65079004E-02   1.95687044    
    i ps xs =          20   5.61965182E-02   1.92691231    
    i ps xs =          21   5.58683053E-02   1.89706600    
    i ps xs =          22   5.55232614E-02   1.86732686    
    i ps xs =          23   5.51613867E-02   1.83769226    
    i ps xs =          24   5.47826774E-02   1.80815578    
    x0 dx =   2.48888779      -3.09423674E-02
 sol     192  0.059227  2.488886  1217.10  109  0.000008  -197.15     0.00
    x0 dx =   2.45794535      -3.09423674E-02
 sol     193  0.059204  2.457944  1217.10  109  0.000023  -197.13     0.00
    x0 dx =   2.42700291      -3.09423674E-02
 sol     194  0.059166  2.427005  1217.10  109  0.000038  -197.11     0.00
    x0 dx =   2.39606047      -3.09423674E-02
 sol     195  0.059112  2.396058  1217.10  109  0.000054  -197.16     0.00
    x0 dx =   2.36511803      -3.09423674E-02
 sol     196  0.059042  2.365118  1217.10  109  0.000070  -197.12     0.00
    x0 dx =   2.33417559      -3.09423674E-02
 sol     197  0.058955  2.334174  1217.10  109  0.000086  -197.14     0.00
    x0 dx =   2.30323315      -3.09423674E-02
 sol     198  0.058853  2.303234  1217.10  109  0.000103  -197.12     0.00
    x0 dx =   2.27229071      -3.09423674E-02
 sol     199  0.058733  2.272290  1217.10  109  0.000120  -197.14     0.00
    x0 dx =   2.24134827      -3.09423674E-02
 sol     200  0.058597  2.241349  1217.10  109  0.000136  -197.13     0.00
    x0 dx =   2.21040583      -3.09423674E-02
 sol     201  0.058443  2.210405  1217.10  109  0.000154  -197.15     0.00
    x0 dx =   2.17946339      -3.09423674E-02
 sol     202  0.058272  2.179464  1217.10  109  0.000171  -197.12     0.00
    x0 dx =   2.14852095      -3.09423674E-02
 sol     203  0.058083  2.148521  1217.10  109  0.000189  -197.14     0.00
    x0 dx =   2.11757851      -3.09423674E-02
 sol     204  0.057877  2.117579  1217.10  109  0.000207  -197.14     0.00
    x0 dx =   2.08663607      -3.09423674E-02
 sol     205  0.057652  2.086637  1217.10  109  0.000225  -197.13     0.00
    x0 dx =   2.05569363      -3.09423674E-02
 sol     206  0.057409  2.055694  1217.10  109  0.000243  -197.14     0.00
    x0 dx =   2.02475119      -3.09423674E-02
 sol     207  0.057147  2.024751  1217.10  109  0.000261  -197.13     0.00
    x0 dx =   1.99380887      -3.09423674E-02
 sol     208  0.056867  1.993809  1217.10  109  0.000280  -197.14     0.00
    x0 dx =   1.96286654      -3.09423674E-02
 sol     209  0.056567  1.962722  1217.10  109  0.000301  -198.05     0.00
    x0 dx =   1.93192422      -3.09423674E-02
 sol     210  0.056249  1.931805  1217.10  109  0.000318  -196.97     0.00
    x0 dx =   1.90098190      -3.09423674E-02
 sol     211  0.055911  1.900890  1217.10  109  0.000337  -196.96     0.00
    x0 dx =   1.87003958      -3.09423674E-02
 sol     212  0.055555  1.869977  1217.10  109  0.000357  -196.95     0.00
    x0 dx =   1.83909726      -3.09423674E-02
 sol     213  0.055179  1.839065  1217.10  109  0.000376  -196.94     0.00
    x0 dx =   1.80815494      -3.09423674E-02
 end     214  0.054783  1.808156  1217.10  109  0.000396  -196.92     0.00
          i   20    0.054783    0.000000
    i ps xs =           1   5.47826774E-02   1.80815578    
    i ps xs =           2   5.47530502E-02   1.87001717    
    i ps xs =           3   5.46641648E-02   1.92745209    
    i ps xs =           4   5.45160212E-02   1.98060250    
    i ps xs =           5   5.43086268E-02   2.02969384    
    i ps xs =           6   5.40419705E-02   2.07502985    
    i ps xs =           7   5.37160598E-02   2.11693072    
    i ps xs =           8   5.33308908E-02   2.15575218    
    i ps xs =           9   5.28864674E-02   2.19184327    
    i ps xs =          10   5.23827858E-02   2.22573304    
    i ps xs =          11   5.18198498E-02   2.25778103    
    i ps xs =          12   5.11976555E-02   2.28786445    
    i ps xs =          13   5.05162068E-02   2.31637955    
    i ps xs =          14   4.97754999E-02   2.34403491    
    i ps xs =          15   4.89755347E-02   2.37051868    
    i ps xs =          16   4.81163152E-02   2.39598274    
    i ps xs =          17   4.71978411E-02   2.42128944    
    i ps xs =          18   4.62201051E-02   2.44573712    
    i ps xs =          19   4.51831147E-02   2.46997285    
    i ps xs =          20   4.40868698E-02   2.49386954    
    i ps xs =          21   4.29313667E-02   2.51761675    
    i ps xs =          22   4.17166092E-02   2.54127073    
    i ps xs =          23   4.04425934E-02   2.56500030    
    i ps xs =          24   3.91093194E-02   2.58859944    
    i ps xs =          25   3.77167910E-02   2.61260605    
    i ps xs =          26   3.62650082E-02   2.63634086    
    i ps xs =          27   3.47539634E-02   2.66090083    
    i ps xs =          28   3.31836641E-02   2.68550730    
    i ps xs =          29   3.15541103E-02   2.71025801    
    i ps xs =          30   2.98652984E-02   2.73546195    
    i ps xs =          31   2.81172302E-02   2.76117229    
    i ps xs =          32   2.63099056E-02   2.78728318    
    i ps xs =          33   2.44433247E-02   2.81372309    
    i ps xs =          34   2.25174874E-02   2.84052014    
    i ps xs =          35   2.05323920E-02   2.86794567    
    i ps xs =          36   1.84880421E-02   2.89595914    
    i ps xs =          37   1.63844340E-02   2.92449641    
    i ps xs =          38   1.42215714E-02   2.95358300    
    i ps xs =          39   1.19994506E-02   2.98325515    
    i ps xs =          40   9.71807167E-03   3.01358604    
    i ps xs =          41   7.37743825E-03   3.04453588    
    i ps xs =          42   4.97755036E-03   3.07615018    
    i ps xs =          43   2.51840055E-03   3.10847497    
    i ps xs =          44   0.00000000       3.14159250    
    x0 dx =   1.83916593       3.10101565E-02
 sol     215  0.054775  1.839154  1216.94  110  0.000007   197.49     0.16
    x0 dx =   1.87017608       3.10101565E-02
 sol     216  0.054753  1.870266  1216.45  110  0.000023   198.22     0.49
    x0 dx =   1.90118623       3.10101565E-02
 sol     217  0.054713  1.901167  1215.59  110  0.000040   196.87     0.86
    x0 dx =   1.93219638       3.10101565E-02
 sol     218  0.054654  1.932195  1214.31  110  0.000059   197.68     1.28
    x0 dx =   1.96320653       3.10101565E-02
 sol     219  0.054572  1.963201  1212.55  110  0.000081   197.54     1.76
    x0 dx =   1.99421668       3.10101565E-02
 sol     220  0.054466  1.994211  1210.24  110  0.000106   197.57     2.31
    x0 dx =   2.02522683       3.10101565E-02
 sol     221  0.054331  2.025226  1207.31  110  0.000135   197.60     2.93
    x0 dx =   2.05623698       3.10101565E-02
 sol     222  0.054162  2.056237  1203.66  110  0.000168   197.57     3.65
    x0 dx =   2.08724713       3.10101565E-02
 sol     223  0.053956  2.087243  1199.18  110  0.000207   197.54     4.48
    x0 dx =   2.11825728       3.10101565E-02
 sol     224  0.053704  2.118255  1193.74  110  0.000251   197.58     5.44
    x0 dx =   2.14926744       3.10101565E-02
 sol     225  0.053401  2.149269  1187.18  110  0.000303   197.59     6.56
    x0 dx =   2.18027759       3.10101565E-02
 sol     226  0.053039  2.180277  1179.32  110  0.000363   197.55     7.86
    x0 dx =   2.21128774       3.10101565E-02
 sol     227  0.052607  2.211293  1169.96  110  0.000432   197.61     9.36
    x0 dx =   2.24229789       3.10101565E-02
 sol     228  0.052104  2.242294  1159.04  111  0.000503   197.51    10.92
    x0 dx =   2.27330804       3.10101565E-02
 sol     229  0.051511  2.273306  1146.14  111  0.000594   197.57    12.90
    x0 dx =   2.30431819       3.10101565E-02
 sol     230  0.050816  2.304320  1131.04  111  0.000695   197.59    15.10
    x0 dx =   2.33532834       3.10101565E-02
 sol     231  0.050017  2.335325  1113.66  112  0.000799   197.54    17.38
    x0 dx =   2.36633849       3.10101565E-02
 sol     232  0.049108  2.366338  1093.85  112  0.000909   197.58    19.81
    x0 dx =   2.39734864       3.10101565E-02
 sol     233  0.048067  2.397373  1071.14  112  0.001041   197.73    22.71
    x0 dx =   2.42835879       3.10101565E-02
 sol     234  0.046924  2.428359  1046.18  113  0.001142   197.41    24.96
    x0 dx =   2.45936894       3.10101565E-02
 sol     235  0.045637  2.459375  1018.01  113  0.001288   197.61    28.16
    x0 dx =   2.49037910       3.10101565E-02
 sol     236  0.044247  2.490495   987.55  114  0.001390   198.27    30.47
    x0 dx =   2.52138925       3.10101565E-02
 sol     237  0.042738  2.521526   954.42  115  0.001509   197.70    33.13
    x0 dx =   2.55239940       3.10101565E-02
 sol     238  0.041119  2.552347   918.83  115  0.001619   196.36    35.59
    x0 dx =   2.58340955       3.10101565E-02
 sol     239  0.039403  2.583528   881.01  116  0.001717   198.65    37.82
    x0 dx =   2.61441970       3.10101565E-02
 sol     240  0.037606  2.614464   841.36  117  0.001797   197.09    39.65
    x0 dx =   2.64542985       3.10101565E-02
 sol     241  0.035725  2.645432   799.78  118  0.001880   197.30    41.57
    x0 dx =   2.67644000       3.10101565E-02
 sol     242  0.033762  2.676485   756.30  119  0.001963   197.83    43.49
    x0 dx =   2.70745015       3.10101565E-02
 sol     243  0.031728  2.707436   711.16  119  0.002034   197.19    45.13
    x0 dx =   2.73846030       3.10101565E-02
 sol     244  0.029661  2.738422   665.21  120  0.002067   197.42    45.95
    x0 dx =   2.76947045       3.10101565E-02
 sol     245  0.027543  2.769377   618.04  121  0.002119   197.21    47.18
    x0 dx =   2.80048060       3.10101565E-02
 sol     246  0.025378  2.800433   569.76  122  0.002165   197.86    48.28
    x0 dx =   2.83149076       3.10101565E-02
 sol     247  0.023166  2.831502   520.35  123  0.002212   197.94    49.40
    x0 dx =   2.86250091       3.10101565E-02
 sol     248  0.020926  2.862602   470.25  124  0.002240   198.13    50.10
    x0 dx =   2.89351106       3.10101565E-02
 sol     249  0.018667  2.893559   419.64  125  0.002260   197.23    50.61
    x0 dx =   2.92452121       3.10101565E-02
 sol     250  0.016384  2.924496   368.46  126  0.002282   197.10    51.17
    x0 dx =   2.95553136       3.10101565E-02
 sol     251  0.014076  2.955515   316.65  127  0.002309   197.62    51.82
    x0 dx =   2.98654151       3.10101565E-02
 sol     252  0.011752  2.986511   264.45  128  0.002323   197.48    52.19
    x0 dx =   3.01755166       3.10101565E-02
 sol     253  0.009418  3.017522   211.98  129  0.002334   197.57    52.47
    x0 dx =   3.04856181       3.10101565E-02
 sol     254  0.007072  3.048532   159.19  130  0.002346   197.57    52.78
    x0 dx =   3.07957196       3.10101565E-02
 sol     255  0.004717  3.079548   106.20  131  0.002355   197.60    52.99
    x0 dx =   3.11058211       3.10101565E-02
 sol     256  0.002358  3.110566    53.10  132  0.002359   197.62    53.11
    x0 dx =   3.14159226       3.10101565E-02
 end     257  0.000000  3.141593     0.00  132  0.002358   197.67    53.10
