 kb mt lt lbb lcb         220         283          55          55           1           0          12          19          12          19
 xn pn tn xmin   1.56961236E-04   3.18061376       4.99233080E-04   3.13922465E-02

     1   44  tPKPdf     44  tSKSdf  
     2   68  rPKiKP     68  rSKiKS  
     3   99  tPKPab    127  tSKSab  
     4  160  tP        147  rScS    
     5  166  rPd660P   209  tS      
     6  174  tP        216  rSd660S 
     7  178  rPd410P   227  tS      
     8  206  tP        233  rSd410S 
     9  209  rPd6371P  241  tS      
    10  212  tPn       243  rSd210S 
    11  216  rPmP      266  tS      
    12  220  tPg       267  rSd6371S
    13                 271  tS      
    14                 272  rSd6371S
    15                 275  tS      
    16                 276  rSd6371S
    17                 281  tSn     
    18                 282  rSmS    
    19                 283  tSg     

     1    0.000000    0.543679   -1      0.000000    1.000000   -1
     2  -13.815511    0.535042    1    -13.815511    0.990024   53
     3    0.269778    0.517767    2     -0.000215    0.960098   54
     4  -13.815511    0.509130    3      0.054827    0.950122   55
     5    0.655527    0.484572    4      1.410161    0.940147   56
     6  -13.815511    0.479179    5    -13.815511    0.930171   57
     7   -0.007612    0.453043    6    -13.815511    0.890269   58
     8   -0.007632    0.450902    7    -13.815511    0.860342   59
     9   -0.007647    0.449385    8    -13.815511    0.840391   60
    10   -0.007764    0.447009    9      0.754276    0.810465   61
    11   -0.007700    0.444121   10     -0.006871    0.800489   62
    12   -0.007732    0.440864   11      0.804781    0.790513   63
    13   -0.007772    0.437106   12     -0.007013    0.780538   64
    14   -0.007815    0.432946   13     -0.006673    0.770562   65
    15   -0.007862    0.428623   14     -0.008311    0.760587   66
    16   -0.008212    0.424001   15     -0.008921    0.750611   67
    17   -0.008765    0.419078   16     -0.009547    0.740636   68
    18   -0.009344    0.414046   17      1.262661    0.730660   69
    19   -0.009946    0.408935   18      1.086869    0.720685   70
    20    1.524203    0.403680   19      1.050590    0.710709   71
    21    1.093809    0.398351   20     -0.012225    0.700734   72
    22   -0.011933    0.392902   21     -0.016759    0.695826   73
    23   -0.019218    0.387417   22     -0.017238    0.695330   74
    24   -0.023848    0.381826   23     -0.018041    0.694497   75
    25   -0.028616    0.376207   24     -0.019204    0.693323   76
    26   -0.033518    0.370575   25     -0.020888    0.691833   77
    27   -0.037768    0.364810   26     -0.022960    0.690005   78
    28   -0.042179    0.358991   27     -0.025232    0.688007   79
    29   -0.046642    0.353264   28     -0.027579    0.685951   80
    30   -0.051298    0.347454   29     -0.030374    0.683512   81
    31   -0.056167    0.341552   30     -0.033517    0.680783   82
    32   -0.061272    0.335546   31     -0.033517    0.680179   82
    33   -0.066518    0.329561   32     -0.035889    0.674780   83
    34   -0.066518    0.317940   32     -0.038292    0.669381   84
    35   -0.066927    0.317534   33     -0.042702    0.659663   85
    36   -0.068374    0.316098   34     -0.047224    0.649946   86
    37   -0.071270    0.313257   35     -0.051861    0.640228   87
    38   -0.075865    0.308835   36     -0.056620    0.630510   88
    39   -0.082273    0.302842   37     -0.061503    0.620793   89
    40   -0.090069    0.295808   38     -0.066518    0.611075   90
    41   -0.099155    0.287947   39     -0.066518    0.586967   90
    42   -0.109362    0.279522   40     -0.066878    0.586231   91
    43   -0.109362    0.264237   40     -0.068180    0.583578   92
    44   -0.109637    0.264062   41     -0.070870    0.578162   93
    45   -0.110533    0.263494   42     -0.075314    0.569398   94
    46   -0.112150    0.262474   43     -0.079777    0.560825   95
    47   -0.114641    0.260914   44     -0.084357    0.552252   96
    48   -0.118112    0.258764   45     -0.089060    0.543679   97
    49   -0.122524    0.256072   46     -0.093927    0.535042   98
    50   -0.127021    0.253373   47     -0.098929    0.526404   99
    51   -0.130215    0.251838   48     -0.109362    0.508554   99
    52   -0.135073    0.249531   49     -0.109362    0.479179   99
    53   -0.604150    0.128699   50     -0.604150    0.238040  100
    54   -1.655285    0.059227   51     -1.655285    0.059227  101
    55************    0.000000   52  ************    0.000000  102


     1    1   99    0.389680       40.03

         1    0.000000        0.00        0.00
         2    0.002358      423.11      238.42
         3    0.004717      423.30      238.51
         4    0.007072      422.55      238.07
         5    0.009418      421.16      237.25
         6    0.011752      419.08      236.03
         7    0.014076      417.30      234.98
         8    0.016384      414.85      233.53
         9    0.018667      410.28      230.88
        10    0.020926      406.45      228.65
        11    0.023166      403.12      226.68
        12    0.025378      398.31      223.88
        13    0.027543      390.09      219.16
        14    0.029661      382.08      214.55
        15    0.031728      373.03      209.36
        16    0.033762      367.42      206.09
        17    0.035725      354.92      198.96
        18    0.037606      340.24      190.62
        19    0.039403      325.38      182.19
        20    0.041119      311.15      174.12
        21    0.042738      293.63      164.21
        22    0.044247      274.06      153.18
        23    0.045637      252.56      141.09
        24    0.046924      234.15      130.73
        25    0.048067      207.90      116.02
        26    0.049108      189.65      105.79
        27    0.050017      165.59       92.33
        28    0.050816      145.66       81.19
        29    0.051511      126.72       70.61
        30    0.052104      108.34       60.35
        31    0.052607       91.78       51.11
        32    0.053039       78.85       43.90
        33    0.053401       66.23       36.87
        34    0.053704       55.33       30.79
        35    0.053956       45.91       25.55
        36    0.054162       37.79       21.03
        37    0.054331       30.78       17.13
        38    0.054466       24.72       13.76
        39    0.054572       19.46       10.83
        40    0.054654       14.86        8.27
        41    0.054713       10.85        6.03
        42    0.054753        7.26        4.04
        43    0.054775        4.15        2.31
        44    0.054783        1.31        0.73
        45    0.055154       67.86       37.75
        46    0.055508       64.85       36.07
        47    0.055846       61.84       34.38
        48    0.056168       58.83       32.71
        49    0.056473       55.83       31.03
        50    0.056761       52.83       29.36
        51    0.057033       49.84       27.70
        52    0.057289       46.86       26.04
        53    0.057529       43.89       24.39
        54    0.057752       40.94       22.74
        55    0.057961       38.19       21.21
        56    0.058152       35.06       19.47
        57    0.058327       32.14       17.85
        58    0.058487       29.24       16.24
        59    0.058631       26.36       14.63
        60    0.058759       23.49       13.04
        61    0.058871       20.65       11.46
        62    0.058968       17.82        9.89
        63    0.059050       15.01        8.33
        64    0.059117       12.23        6.79
        65    0.059169        9.47        5.26
        66    0.059205        6.73        3.74
        67    0.059227        4.02        2.23
        68    0.059235        1.33        0.74
        69    0.062623      622.39      345.15
        70    0.066121      644.34      356.65
        71    0.069648      651.56      359.91
        72    0.073119      643.26      354.57
        73    0.076591      645.36      354.94
        74    0.080062      647.57      355.32
        75    0.083533      649.90      355.72
        76    0.087583      761.31      415.54
        77    0.091633      764.82      416.13
        78    0.095682      768.52      416.76
        79    0.099732      772.41      417.42
        80    0.103757      771.77      415.56
        81    0.107782      776.02      416.27
        82    0.111807      780.47      417.01
        83    0.115509      721.82      384.15
        84    0.118075      502.80      266.70
        85    0.119895      357.84      189.35
        86    0.121400      296.83      156.78
        87    0.122539      225.05      118.69
        88    0.123484      187.04       98.53
        89    0.124291      159.86       84.13
        90    0.124910      122.83       64.59
        91    0.125421      101.61       53.39
        92    0.125839       82.90       43.54
        93    0.126175       67.01       35.17
        94    0.126442       53.00       27.81
        95    0.126646       40.58       21.29
        96    0.126795       29.72       15.59
        97    0.126895       20.04       10.51
        98    0.126952       11.38        5.97
        99    0.126971        3.62        1.90
       100    0.128699      344.84      180.63
       101    0.130217      303.86      158.85
       102    0.131471      251.34      131.17
       103    0.132372      181.12       94.40
       104    0.132737       73.57       38.31
       105    0.136883      837.55      434.94
       106    0.141112      860.93      444.65
       107    0.145391      878.60      451.18
       108    0.150045      963.95      491.91
       109    0.154863     1007.80      510.74
       110    0.159776     1038.75      522.55
       111    0.164664     1044.80      521.53
       112    0.170032     1161.25      574.77
       113    0.175584     1217.21      596.83
       114    0.181133     1233.69      598.90
       115    0.186558     1223.63      587.92
       116    0.192197     1291.52      613.84
       117    0.197559     1247.73      586.39
       118    0.202320     1124.34      522.73
       119    0.206364      968.35      445.85
       120    0.209800      832.33      379.97
       121    0.212193      585.21      265.35
       122    0.214055      458.58      206.88
       123    0.215326      314.69      141.43
       124    0.216169      209.36       93.85
       125    0.216692      130.16       58.25
       126    0.216969       69.13       30.91
       127    0.217052       20.77        9.28
       128    0.219415      591.98      263.73
       129    0.221621      557.03      246.74
       130    0.223649      516.13      227.38
       131    0.225516      478.23      209.62
       132    0.227227      441.19      192.48
       133    0.228788      405.03      175.93
       134    0.230206      369.84      160.00
       135    0.231486      335.63      144.67
       136    0.232635      302.46      129.93
       137    0.233657      270.34      115.78
       138    0.234558      239.31      102.22
       139    0.235345      209.40       89.23
       140    0.236021      180.61       76.80
       141    0.236593      152.95       64.92
       142    0.237064      126.43       53.59
       143    0.237440      101.03       42.77
       144    0.237725       76.75       32.46
       145    0.237924       53.54       22.63
       146    0.238040       31.38       13.26
       147    0.238078       10.25        4.33
       148    0.241811     1013.76      425.78
       149    0.245235      943.21      391.94
       150    0.248066      790.13      325.20
       151    0.249531      412.60      168.68
       152    0.251838      655.05      266.20
       153    0.253373      439.56      177.53
       154    0.256072      779.82      312.78
       155    0.258764      787.48      313.02
       156    0.260914      635.67      250.61
       157    0.262474      465.22      182.24
       158    0.263494      306.23      119.42
       159    0.264062      171.09       66.53
       160    0.264237       52.69       20.46
       161    0.269806     1703.56      654.76
       162    0.273802     1251.35      472.53
       163    0.276547      874.34      325.94
       164    0.278293      562.64      207.91
       165    0.279235      305.63      112.34
       166    0.279522       93.36       34.23
       167    0.287947     2807.76     1011.20
       168    0.295808     2742.11      953.63
       169    0.302842     2564.61      861.99
       170    0.308835     2275.89      741.12
       171    0.313257     1737.14      550.83
       172    0.316098     1144.02      355.83
       173    0.317534      586.82      180.41
       174    0.317940      167.27       51.16
       175    0.323735     2437.13      732.42
       176    0.327225     1518.65      444.22
       177    0.329029      800.83      230.54
       178    0.329561      238.46       68.16
       179    0.335546     2751.53      770.35
       180    0.341552     2899.44      780.35
       181    0.347454     2999.95      774.52
       182    0.353264     3114.58      769.91
       183    0.358991     3245.31      766.52
       184    0.364810     3496.75      786.74
       185    0.370575     3687.75      787.62
       186    0.376207     3845.87      777.57
       187    0.381826     4109.97      784.07
       188    0.387417     6128.59      788.67
       189    0.392902    64651.48      782.11
       190    0.398351    12458.36      785.72
       191    0.403680    52159.56      776.87
       192    0.408935     5800.57      774.75
       193    0.414046     6222.60      761.92
       194    0.419078     6801.75      758.54
       195    0.424001     7444.16      750.29
       196    0.428623     7868.39      712.24
       197    0.432946     8315.66      673.03
       198    0.437106     9098.10      654.20
       199    0.440864     9386.94      596.75
       200    0.444121     9265.43      521.57
       201    0.447009     9314.83      465.84
       202    0.449385     8628.74      385.95
       203    0.450902     6138.59      247.62
       204    0.453043    10534.88      350.93
       205    0.462206    58594.30     1524.56
       206    0.470514   121899.60     1414.70
       207    0.475793   259228.62      915.83
       208    0.478424   739891.37      461.52
       209    0.479179183568223.64      132.92
       210    0.484572    26982.59      958.88
       211    0.489965    37221.66      974.03
       212    0.497782    93762.90     1440.05
       213    0.503199   151321.49     1018.30
       214    0.506670   288180.84      661.58
       215    0.508554   786481.15      362.08
       216    0.509130122641470.89      111.16
       217    0.517767    63208.71     1692.30
       218    0.526404   137964.89     1741.92
       219    0.535042110848373.11     1794.95
       220    0.543679111318970.27     1851.77
       221    0.552252                 1898.27
       222    0.560825                 1962.78
       223    0.569398                 2032.26
       224    0.578162                 2155.05
       225    0.583578                 1373.80
       226    0.586231                  685.25
       227    0.586967                  191.44
       228    0.592051                 1341.50
       229    0.597135                 1374.09
       230    0.603918                 1886.89
       231    0.608147                 1208.92
       232    0.610396                  653.96
       233    0.611075                  198.81
       234    0.620793                 2926.34
       235    0.630510                 3087.10
       236    0.640228                 3266.61
       237    0.649946                 3468.10
       238    0.659663                 3695.58
       239    0.669381                 3954.09
       240    0.674780                 2321.88
       241    0.680179                 2420.48
       242    0.680646                  240.82
       243    0.680783                  139.07
       244    0.683512                 1362.80
       245    0.685951                 1510.70
       246    0.688007                 1583.73
       247    0.690005                 1890.63
       248    0.691833                 2172.89
       249    0.693323                 2223.78
       250    0.694497                 2185.18
       251    0.695330                 1883.21
       252    0.695826                 1311.49
       253    0.700734                52608.63
       254    0.710709                 6149.45
       255    0.720685                10470.63
       256    0.730660                44710.11
       257    0.740636                 8030.44
       258    0.750611                 9214.35
       259    0.760587                10757.20
       260    0.770562                12834.80
       261    0.780538                35024.46
       262    0.790513                40145.72
       263    0.800489                27012.63
       264    0.810465                70686.18
       265    0.820440                66129.60
       266    0.830416               149498.23
       267    0.840391            128825082.51
       268    0.850367               143517.66
       269    0.860342            145311361.22
       270    0.870318                68092.75
       271    0.880293               153856.79
       272    0.890269            140417955.59
       273    0.900244                46449.91
       274    0.910220                78026.04
       275    0.920196               176337.76
       276    0.930171            275865156.11
       277    0.940147                61222.17
       278    0.950122                33167.22
       279    0.960098                47958.11
       280    0.970073                79071.12
       281    0.980049               173429.95
       282    0.990024            140304290.22
       283    1.000000            140902766.64
