 nseg nbrn mt ku km len len1          26          92          52          52         205         266          14          27        2344         293

 nph m1 n1 k1           1          52         205          14
 m nph ndex n           2           1           1         219
 k l nrec         205          14           1           1   7.40051079    
 m nph ndex n           3           1           2         217
 k l nrec         203          14           2           2 -0.123596407    
 m nph ndex n           4           1           3         216
 k l nrec         202          14           3           3   7.05627871    
 m nph ndex n           5           1           4         210
 k l nrec         196          12           4           4 -0.147363037    
 m nph ndex n           6           1           5         209
 k l nrec         195          12           5           5   6.79224205    
 m nph ndex n           7           1           6         204
 k l nrec         190          10           6           6  0.303742975    
 m nph ndex n           8           1           7         203
 k l nrec         189          10           7           7  0.303752393    
 m nph ndex n           9           1           8         202
 k l nrec         188          10           8           8  0.303759158    
 m nph ndex n          10           1           9         201
 k l nrec         187          10           9           9  0.303811371    
 m nph ndex n          11           1          10         200
 k l nrec         186          10          10          10  0.303782731    
 m nph ndex n          12           1          11         199
 k l nrec         185          10          11          11  0.303797007    
 m nph ndex n          13           1          12         198
 k l nrec         184          10          12          12  0.303814381    
 m nph ndex n          14           1          13         197
 k l nrec         183          10          13          13  0.303833336    
 m nph ndex n          15           1          14         196
 k l nrec         182          10          14          14  0.303853452    
 m nph ndex n          16           1          15         195
 k l nrec         181          10          15          15  0.304002672    
 m nph ndex n          17           1          16         194
 k l nrec         180          10          16          16  0.304235876    
 m nph ndex n          18           1          17         193
 k l nrec         179          10          17          17  0.304476947    
 m nph ndex n          19           1          18         192
 k l nrec         178          10          18          18  0.304724663    
 m nph ndex n          20           1          19         191
 k l nrec         177          10          19          19 -0.319603741    
 m nph ndex n          21           1          20         190
 k l nrec         176          10          20          20 -0.147091076    
 m nph ndex n          22           1          21         189
 k l nrec         175          10          21          21  0.289825439    
 m nph ndex n          23           1          22         188
 k l nrec         174          10          22          22  0.292667598    
 m nph ndex n          24           1          23         187
 k l nrec         173          10          23          23  0.294448197    
 m nph ndex n          25           1          24         186
 k l nrec         172          10          24          24  0.296255648    
 m nph ndex n          26           1          25         185
 k l nrec         171          10          25          25  0.298085898    
 m nph ndex n          27           1          26         184
 k l nrec         170          10          26          26  0.299648732    
 m nph ndex n          28           1          27         183
 k l nrec         169          10          27          27  0.301244855    
 m nph ndex n          29           1          28         182
 k l nrec         168          10          28          28  0.302834153    
 m nph ndex n          30           1          29         181
 k l nrec         167          10          29          29  0.304465532    
 m nph ndex n          31           1          30         180
 k l nrec         166          10          30          30  0.306143075    
 m nph ndex n          32           1          31         179
 k l nrec         165          10          31          31  0.307871193    
 m nph ndex n          33           1          32         178
 k l nrec         164          10          32          32  0.309615821    
 m nph ndex n          35           1          33         173
 k l nrec         159           8          33          33  0.309745640    
 m nph ndex n          36           1          34         172
 k l nrec         158           8          34          34  0.310204059    
 m nph ndex n          37           1          35         171
 k l nrec         157           8          35          35  0.311115324    
 m nph ndex n          38           1          36         170
 k l nrec         156           8          36          36  0.312544644    
 m nph ndex n          39           1          37         169
 k l nrec         155           8          37          37  0.314504385    
 m nph ndex n          40           1          38         168
 k l nrec         154           8          38          38  0.316837996    
 m nph ndex n          41           1          39         167
 k l nrec         153           8          39          39  0.319490045    
 m nph ndex n          42           1          40         166
 k l nrec         152           8          40          40  0.322386026    
 m nph ndex n          44           1          41         159
 k l nrec         146           6          41          41  0.322458714    
 m nph ndex n          45           1          42         158
 k l nrec         145           6          42          42  0.322695017    
 m nph ndex n          46           1          43         157
 k l nrec         144           6          43          43  0.323120266    
 m nph ndex n          47           1          44         156
 k l nrec         143           6          44          44  0.323771983    
 m nph ndex n          48           1          45         155
 k l nrec         142           6          45          45  0.324673921    
 m nph ndex n          49           1          46         154
 k l nrec         141           6          46          46  0.325809717    
 m nph ndex n          50           1          47         153
 k l nrec         140           6          47          47  0.326955050    
 m nph ndex n          51           1          48         152
 k l nrec         139           6          48          48  0.327762038    
 m nph ndex n          52           1          49         151
 k l nrec         138           6          49          49  0.328979701    
 nph m1 n1 k1           2          52         266          27
 m nph ndex n           2           2          53         282
 k l nrec         266          27          50          50   13.6876688    
 m nph ndex n           3           2          54         279
 k l nrec         263          25          51          51  0.157977685    
 m nph ndex n           4           2          55         278
 k l nrec         262          25          52          52  0.105404586    
 m nph ndex n           5           2          56         277
 k l nrec         261          25          53          53  -1.17705119    
 m nph ndex n           6           2          57         276
 k l nrec         260          25          54          54   12.9954052    
 m nph ndex n           7           2          58         272
 k l nrec         256          23          55          55   12.6125288    
 m nph ndex n           8           2          59         269
 k l nrec         253          21          56          56   12.3526506    
 m nph ndex n           9           2          60         267
 k l nrec         251          21          57          57   12.0970974    
 m nph ndex n          10           2          61         264
 k l nrec         248          19          58          58   1.90043543E-02
 m nph ndex n          11           2          62         263
 k l nrec         247          19          59          59  0.631613970    
 m nph ndex n          12           2          63         262
 k l nrec         246          19          60          60  -1.45977223E-02
 m nph ndex n          13           2          64         261
 k l nrec         245          19          61          61  0.622544825    
 m nph ndex n          14           2          65         260
 k l nrec         244          19          62          62  0.622281730    
 m nph ndex n          15           2          66         259
 k l nrec         243          19          63          63  0.623535097    
 m nph ndex n          16           2          67         258
 k l nrec         242          19          64          64  0.623996139    
 m nph ndex n          17           2          68         257
 k l nrec         241          19          65          65  0.624462843    
 m nph ndex n          18           2          69         256
 k l nrec         240          19          66          66 -0.312744409    
 m nph ndex n          19           2          70         255
 k l nrec         239          19          67          67 -0.185202509    
 m nph ndex n          20           2          71         254
 k l nrec         238          19          68          68 -0.159238949    
 m nph ndex n          21           2          72         253
 k l nrec         237          19          69          69  0.589890599    
 m nph ndex n          22           2          73         252
 k l nrec         236          19          70          70  0.593056619    
 m nph ndex n          23           2          74         251
 k l nrec         235          19          71          71  0.593389392    
 m nph ndex n          24           2          75         250
 k l nrec         234          19          72          72  0.593947768    
 m nph ndex n          25           2          76         249
 k l nrec         233          19          73          73  0.594754517    
 m nph ndex n          26           2          77         248
 k l nrec         232          19          74          74  0.595920742    
 m nph ndex n          27           2          78         247
 k l nrec         231          19          75          75  0.597352505    
 m nph ndex n          28           2          79         246
 k l nrec         230          19          76          76  0.598918080    
 m nph ndex n          29           2          80         245
 k l nrec         229          19          77          77  0.600530267    
 m nph ndex n          30           2          81         244
 k l nrec         228          19          78          78  0.602444232    
 m nph ndex n          31           2          82         243
 k l nrec         227          19          79          79  0.604588151    
 m nph ndex n          33           2          83         240
 k l nrec         225          17          80          80  0.606194854    
 m nph ndex n          34           2          84         239
 k l nrec         224          17          81          81  0.607810140    
 m nph ndex n          35           2          85         238
 k l nrec         223          17          82          82  0.610740662    
 m nph ndex n          36           2          86         237
 k l nrec         222          17          83          83  0.613701403    
 m nph ndex n          37           2          87         236
 k l nrec         221          17          84          84  0.616693020    
 m nph ndex n          38           2          88         235
 k l nrec         220          17          85          85  0.619716346    
 m nph ndex n          39           2          89         234
 k l nrec         219          17          86          86  0.622771740    
 m nph ndex n          40           2          90         233
 k l nrec         218          17          87          87  0.625860453    
 m nph ndex n          42           2          91         226
 k l nrec         211          15          88          88  0.626071513    
 m nph ndex n          43           2          92         225
 k l nrec         210          15          89          89  0.626833081    
 m nph ndex n          44           2          93         224
 k l nrec         209          15          90          90  0.628395379    
 m nph ndex n          45           2          94         223
 k l nrec         208          15          91          91  0.630945742    
 m nph ndex n          46           2          95         222
 k l nrec         207          15          92          92  0.633467555    
 m nph ndex n          47           2          96         221
 k l nrec         206          15          93          93  0.636016548    
 m nph ndex n          48           2          97         220
 k l nrec         205          15          94          94  0.638593554    
 m nph ndex n          49           2          98         219
 k l nrec         204          14          95          95  0.641218603    
 m nph ndex n          50           2          99         218
 k l nrec         203          14          96          96  0.643873334    
