  Mon Oct 23 12:52:19 2023 for program Focmec
 Event 8703270729 4 UW errors max
 Input from a file puna_200812310922_p.inp
 200812310922

 Statn  Azimuth    TOA   Key  Log10 Ratio  NumPol  DenTOA  Comment
  NS16   242.9     83.6   -                                IP
 Including emergent polarity picks
  BB25   251.1     77.1   -                                IP
  BB02   263.0     83.3   -                                IP
  NS10   263.9     83.7   -                                IP
  NS09   269.7     83.7   D                                IP
  EW14   276.5     83.4   -                                IP
  EW12   278.5     83.6   -                                IP
  EW13   279.1     83.5   D                                IP
  EW11   279.8     83.7   D                                IP
  NS07   280.7     83.8   D                                IP
  EW01   282.3     84.0   D                                IP
  EW09   283.6     83.9   D                                IP
  EW10   287.5     83.9   D                                IP
  NS05   289.3     83.8   D                                IP
  BB10   290.8     83.6   -                                IP
  NS04   294.5     83.8   -                                IP
  NS03   298.0     83.8   D                                IP
  NS02   301.8     83.7   D                                IP
  BB19   306.3     83.9   -                                IP
  NS20   311.5     83.6   -                                IP
  EW05   313.4    100.1   U                                IP
  NS22   318.8     83.6   +                                IP
  NS25   325.4     83.4   +                                IP
  GALA   325.9     83.8   +                                IP
  BB18   332.3     89.3   U                                IP
  BB20   338.5     83.5   U                                IP
  EW06    14.9    122.8   U                                IP
  BB21     7.7     83.7   +                                IP
  BB17    12.7     83.9   +                                IP
  BB16    41.7     90.4   D                                IP
  EW08    94.5     92.4   D                                IP
  EW22    95.8     89.5   D                                IP
  BB14   167.8     84.0   U                                IP
 Polarities/Errors:  P 033/00  SV 000/00  SH 000/00
 There are no amplitude ratio data
 The minimum, increment and maximum B axis trend:     0.00    5.00  355.00
 The limits for the B axis plunge:     0.00    5.00   90.00
 The limits for Angle:     0.00    5.00  175.00
 ++++++++++++++++++++++++++++++++++++++++++++++++++++++++++++++++++++++++++++

     Dip,Strike,Rake     11.17   278.75   -26.30
     Dip,Strike,Rake     85.08    34.62  -100.04   Auxiliary Plane
     Lower Hem. Trend, Plunge of A,N    304.62     4.92   188.75    78.83
     Lower Hem. Trend, Plunge of P,T    293.80    48.97   133.78    39.27
     B trend, B plunge, Angle:   35.49  10.00 175.00
++++++++++++++++++++++++++++++++++++++++++++++++++++++++++++++++++++++++++++++++

     Dip,Strike,Rake     11.17   283.82   -26.30
     Dip,Strike,Rake     85.08    39.69  -100.04   Auxiliary Plane
     Lower Hem. Trend, Plunge of A,N    309.69     4.92   193.82    78.83
     Lower Hem. Trend, Plunge of P,T    298.87    48.97   138.85    39.27
     B trend, B plunge, Angle:   40.56  10.00 175.00
++++++++++++++++++++++++++++++++++++++++++++++++++++++++++++++++++++++++++++++++

     Dip,Strike,Rake     15.00   290.57    -0.00
     Dip,Strike,Rake     90.00   200.57   105.00   Auxiliary Plane
     Lower Hem. Trend, Plunge of A,N    290.57     0.00   200.57    75.00
     Lower Hem. Trend, Plunge of P,T    276.06    43.08   125.08    43.08
     B trend, B plunge, Angle:   20.57  15.00   0.00
++++++++++++++++++++++++++++++++++++++++++++++++++++++++++++++++++++++++++++++++

     Dip,Strike,Rake     15.79   292.47   -18.02
     Dip,Strike,Rake     85.17    39.85  -105.05   Auxiliary Plane
     Lower Hem. Trend, Plunge of A,N    309.85     4.83   202.47    74.21
     Lower Hem. Trend, Plunge of P,T    294.00    47.73   143.40    38.38
     B trend, B plunge, Angle:   41.14  15.00 175.00
++++++++++++++++++++++++++++++++++++++++++++++++++++++++++++++++++++++++++++++++

     Dip,Strike,Rake     20.59   300.23    13.47
     Dip,Strike,Rake     85.30   197.60   110.07   Auxiliary Plane
     Lower Hem. Trend, Plunge of A,N    107.60     4.70   210.23    69.41
     Lower Hem. Trend, Plunge of P,T    269.87    37.16   128.06    46.04
     B trend, B plunge, Angle:   15.88  20.00   5.00
++++++++++++++++++++++++++++++++++++++++++++++++++++++++++++++++++++++++++++++++

     Dip,Strike,Rake     20.00   296.47    -0.00
     Dip,Strike,Rake     90.00   206.47   110.00   Auxiliary Plane
     Lower Hem. Trend, Plunge of A,N    296.47     0.00   206.47    70.00
     Lower Hem. Trend, Plunge of P,T    277.59    41.64   135.35    41.64
     B trend, B plunge, Angle:   26.47  20.00   0.00
++++++++++++++++++++++++++++++++++++++++++++++++++++++++++++++++++++++++++++++++

     Dip,Strike,Rake     20.59   298.00   -13.47
     Dip,Strike,Rake     85.30    40.64  -110.07   Auxiliary Plane
     Lower Hem. Trend, Plunge of A,N    310.64     4.70   208.00    69.41
     Lower Hem. Trend, Plunge of P,T    290.18    46.04   148.37    37.16
     B trend, B plunge, Angle:   42.35  20.00 175.00
++++++++++++++++++++++++++++++++++++++++++++++++++++++++++++++++++++++++++++++++

     Dip,Strike,Rake     26.81   303.72    20.42
     Dip,Strike,Rake     80.95   195.34   115.34   Auxiliary Plane
     Lower Hem. Trend, Plunge of A,N    105.34     9.05   213.72    63.19
     Lower Hem. Trend, Plunge of P,T    264.59    31.32   132.19    47.94
     B trend, B plunge, Angle:   11.08  25.00  10.00
++++++++++++++++++++++++++++++++++++++++++++++++++++++++++++++++++++++++++++++++

     Dip,Strike,Rake     25.46   298.31    10.59
     Dip,Strike,Rake     85.47   198.73   115.08   Auxiliary Plane
     Lower Hem. Trend, Plunge of A,N    108.73     4.53   208.31    64.54
     Lower Hem. Trend, Plunge of P,T    267.09    35.63   133.35    43.97
     B trend, B plunge, Angle:   16.62  25.00   5.00
++++++++++++++++++++++++++++++++++++++++++++++++++++++++++++++++++++++++++++++++

     Dip,Strike,Rake     25.46   303.85    10.59
     Dip,Strike,Rake     85.47   204.27   115.08   Auxiliary Plane
     Lower Hem. Trend, Plunge of A,N    114.27     4.53   213.85    64.54
     Lower Hem. Trend, Plunge of P,T    272.63    35.63   138.89    43.97
     B trend, B plunge, Angle:   22.15  25.00   5.00
++++++++++++++++++++++++++++++++++++++++++++++++++++++++++++++++++++++++++++++++

     Dip,Strike,Rake     25.00   297.69    -0.00
     Dip,Strike,Rake     90.00   207.69   115.00   Auxiliary Plane
     Lower Hem. Trend, Plunge of A,N    297.69     0.00   207.69    65.00
     Lower Hem. Trend, Plunge of P,T    274.78    39.86   140.60    39.86
     B trend, B plunge, Angle:   27.69  25.00   0.00
++++++++++++++++++++++++++++++++++++++++++++++++++++++++++++++++++++++++++++++++

     Dip,Strike,Rake     25.00   303.23    -0.00
     Dip,Strike,Rake     90.00   213.23   115.00   Auxiliary Plane
     Lower Hem. Trend, Plunge of A,N    303.23     0.00   213.23    65.00
     Lower Hem. Trend, Plunge of P,T    280.32    39.86   146.14    39.86
     B trend, B plunge, Angle:   33.23  25.00   0.00
++++++++++++++++++++++++++++++++++++++++++++++++++++++++++++++++++++++++++++++++

     Dip,Strike,Rake     85.47   313.57    64.92
     Dip,Strike,Rake     25.46   214.00   169.41   Auxiliary Plane
     Lower Hem. Trend, Plunge of A,N    124.00    64.54   223.57     4.53
     Lower Hem. Trend, Plunge of P,T     65.22    35.63   198.96    43.97
     B trend, B plunge, Angle:  315.69  25.00  85.00
++++++++++++++++++++++++++++++++++++++++++++++++++++++++++++++++++++++++++++++++

     Dip,Strike,Rake     31.47   301.04    16.74
     Dip,Strike,Rake     81.35   196.65   120.38   Auxiliary Plane
     Lower Hem. Trend, Plunge of A,N    106.65     8.65   211.04    58.53
     Lower Hem. Trend, Plunge of P,T    262.32    29.78   137.14    45.19
     B trend, B plunge, Angle:   11.61  30.00  10.00
++++++++++++++++++++++++++++++++++++++++++++++++++++++++++++++++++++++++++++++++

     Dip,Strike,Rake     31.47   306.84    16.74
     Dip,Strike,Rake     81.35   202.46   120.38   Auxiliary Plane
     Lower Hem. Trend, Plunge of A,N    112.46     8.65   216.84    58.53
     Lower Hem. Trend, Plunge of P,T    268.12    29.78   142.95    45.19
     B trend, B plunge, Angle:   17.42  30.00  10.00
++++++++++++++++++++++++++++++++++++++++++++++++++++++++++++++++++++++++++++++++

     Dip,Strike,Rake     30.38   303.15     8.58
     Dip,Strike,Rake     85.67   205.73   120.09   Auxiliary Plane
     Lower Hem. Trend, Plunge of A,N    115.73     4.33   213.15    59.62
     Lower Hem. Trend, Plunge of P,T    270.47    33.83   144.02    41.56
     B trend, B plunge, Angle:   23.23  30.00   5.00
++++++++++++++++++++++++++++++++++++++++++++++++++++++++++++++++++++++++++++++++

     Dip,Strike,Rake     30.00   304.84    -0.00
     Dip,Strike,Rake     90.00   214.84   120.00   Auxiliary Plane
     Lower Hem. Trend, Plunge of A,N    304.84     0.00   214.84    60.00
     Lower Hem. Trend, Plunge of P,T    278.27    37.76   151.40    37.76
     B trend, B plunge, Angle:   34.84  30.00   0.00
++++++++++++++++++++++++++++++++++++++++++++++++++++++++++++++++++++++++++++++++

     Dip,Strike,Rake     30.38   300.72    -8.58
     Dip,Strike,Rake     85.67    38.14  -120.09   Auxiliary Plane
     Lower Hem. Trend, Plunge of A,N    308.14     4.33   210.72    59.62
     Lower Hem. Trend, Plunge of P,T    279.86    41.56   153.41    33.83
     B trend, B plunge, Angle:   40.65  30.00 175.00
++++++++++++++++++++++++++++++++++++++++++++++++++++++++++++++++++++++++++++++++

     Dip,Strike,Rake     85.67   311.04    59.91
     Dip,Strike,Rake     30.38   213.62   171.42   Auxiliary Plane
     Lower Hem. Trend, Plunge of A,N    123.62    59.62   221.04     4.33
     Lower Hem. Trend, Plunge of P,T     66.31    33.83   192.76    41.56
     B trend, B plunge, Angle:  313.55  30.00  85.00
++++++++++++++++++++++++++++++++++++++++++++++++++++++++++++++++++++++++++++++++

     Dip,Strike,Rake     81.35   314.32    59.62
     Dip,Strike,Rake     31.47   209.93   163.26   Auxiliary Plane
     Lower Hem. Trend, Plunge of A,N    119.93    58.53   224.32     8.65
     Lower Hem. Trend, Plunge of P,T     68.65    29.78   193.83    45.19
     B trend, B plunge, Angle:  319.35  30.00  80.00
++++++++++++++++++++++++++++++++++++++++++++++++++++++++++++++++++++++++++++++++

     Dip,Strike,Rake     39.67   308.50    26.03
     Dip,Strike,Rake     73.73   197.89   126.69   Auxiliary Plane
     Lower Hem. Trend, Plunge of A,N    107.89    16.27   218.50    50.33
     Lower Hem. Trend, Plunge of P,T    261.13    20.25   146.99    47.94
     B trend, B plunge, Angle:    6.10  35.00  20.00
++++++++++++++++++++++++++++++++++++++++++++++++++++++++++++++++++++++++++++++++

     Dip,Strike,Rake     37.70   307.24    20.29
     Dip,Strike,Rake     77.76   200.94   125.94   Auxiliary Plane
     Lower Hem. Trend, Plunge of A,N    110.94    12.24   217.24    52.30
     Lower Hem. Trend, Plunge of P,T    263.88    24.18   147.02    45.19
     B trend, B plunge, Angle:   12.20  35.00  15.00
++++++++++++++++++++++++++++++++++++++++++++++++++++++++++++++++++++++++++++++++

     Dip,Strike,Rake     36.22   305.39    13.93
     Dip,Strike,Rake     81.82   204.08   125.41   Auxiliary Plane
     Lower Hem. Trend, Plunge of A,N    114.08     8.18   215.39    53.78
     Lower Hem. Trend, Plunge of P,T    266.42    28.02   147.63    42.15
     B trend, B plunge, Angle:   18.31  35.00  10.00
++++++++++++++++++++++++++++++++++++++++++++++++++++++++++++++++++++++++++++++++

     Dip,Strike,Rake     35.31   303.08     7.10
     Dip,Strike,Rake     85.91   207.28   125.10   Auxiliary Plane
     Lower Hem. Trend, Plunge of A,N    117.28     4.09   213.08    54.69
     Lower Hem. Trend, Plunge of P,T    268.71    31.77   148.76    38.87
     B trend, B plunge, Angle:   24.41  35.00   5.00
++++++++++++++++++++++++++++++++++++++++++++++++++++++++++++++++++++++++++++++++

     Dip,Strike,Rake     35.31   309.18     7.10
     Dip,Strike,Rake     85.91   213.38   125.10   Auxiliary Plane
     Lower Hem. Trend, Plunge of A,N    123.38     4.09   219.18    54.69
     Lower Hem. Trend, Plunge of P,T    274.81    31.77   154.86    38.87
     B trend, B plunge, Angle:   30.51  35.00   5.00
++++++++++++++++++++++++++++++++++++++++++++++++++++++++++++++++++++++++++++++++

     Dip,Strike,Rake     35.00   306.61    -0.00
     Dip,Strike,Rake     90.00   216.61   125.00   Auxiliary Plane
     Lower Hem. Trend, Plunge of A,N    306.61     0.00   216.61    55.00
     Lower Hem. Trend, Plunge of P,T    276.77    35.40   156.45    35.40
     B trend, B plunge, Angle:   36.61  35.00   0.00
++++++++++++++++++++++++++++++++++++++++++++++++++++++++++++++++++++++++++++++++

     Dip,Strike,Rake     35.31   304.04    -7.10
     Dip,Strike,Rake     85.91    39.84  -125.10   Auxiliary Plane
     Lower Hem. Trend, Plunge of A,N    309.84     4.09   214.04    54.69
     Lower Hem. Trend, Plunge of P,T    278.36    38.87   158.41    31.77
     B trend, B plunge, Angle:   42.71  35.00 175.00
++++++++++++++++++++++++++++++++++++++++++++++++++++++++++++++++++++++++++++++++

     Dip,Strike,Rake     81.82   311.51    54.59
     Dip,Strike,Rake     36.22   210.20   166.07   Auxiliary Plane
     Lower Hem. Trend, Plunge of A,N    120.20    53.78   221.51     8.18
     Lower Hem. Trend, Plunge of P,T     69.17    28.02   187.97    42.15
     B trend, B plunge, Angle:  317.29  35.00  80.00
++++++++++++++++++++++++++++++++++++++++++++++++++++++++++++++++++++++++++++++++

     Dip,Strike,Rake     73.73   311.60    53.31
     Dip,Strike,Rake     39.67   200.99   153.97   Auxiliary Plane
     Lower Hem. Trend, Plunge of A,N    110.99    50.33   221.60    16.27
     Lower Hem. Trend, Plunge of P,T     68.36    20.25   182.50    47.94
     B trend, B plunge, Angle:  323.39  35.00  70.00
++++++++++++++++++++++++++++++++++++++++++++++++++++++++++++++++++++++++++++++++

     Dip,Strike,Rake     77.76   314.65    54.06
     Dip,Strike,Rake     37.70   208.35   159.71   Auxiliary Plane
     Lower Hem. Trend, Plunge of A,N    118.35    52.30   224.65    12.24
     Lower Hem. Trend, Plunge of P,T     71.71    24.18   188.58    45.19
     B trend, B plunge, Angle:  323.39  35.00  75.00
++++++++++++++++++++++++++++++++++++++++++++++++++++++++++++++++++++++++++++++++

     Dip,Strike,Rake     69.75   314.52    52.31
     Dip,Strike,Rake     42.06   200.38   148.89   Auxiliary Plane
     Lower Hem. Trend, Plunge of A,N    110.38    47.94   224.52    20.25
     Lower Hem. Trend, Plunge of P,T     71.28    16.27   181.89    50.33
     B trend, B plunge, Angle:  329.49  35.00  65.00
++++++++++++++++++++++++++++++++++++++++++++++++++++++++++++++++++++++++++++++++

     Dip,Strike,Rake     46.03   305.96    26.73
     Dip,Strike,Rake     71.11   196.69   132.79   Auxiliary Plane
     Lower Hem. Trend, Plunge of A,N    106.69    18.89   215.96    43.97
     Lower Hem. Trend, Plunge of P,T    256.83    15.19   150.48    46.04
     B trend, B plunge, Angle:    0.00  40.00  25.00
++++++++++++++++++++++++++++++++++++++++++++++++++++++++++++++++++++++++++++++++

     Dip,Strike,Rake     48.44   311.93    30.79
     Dip,Strike,Rake     67.48   200.36   134.10   Auxiliary Plane
     Lower Hem. Trend, Plunge of A,N    110.36    22.52   221.93    41.56
     Lower Hem. Trend, Plunge of P,T    260.23    11.44   157.37    47.73
     B trend, B plunge, Angle:    0.00  40.00  30.00
++++++++++++++++++++++++++++++++++++++++++++++++++++++++++++++++++++++++++++++++

     Dip,Strike,Rake     43.96   306.07    22.18
     Dip,Strike,Rake     74.81   199.71   131.76   Auxiliary Plane
     Lower Hem. Trend, Plunge of A,N    109.71    15.19   216.07    46.04
     Lower Hem. Trend, Plunge of P,T    259.86    18.89   150.59    43.97
     B trend, B plunge, Angle:    6.55  40.00  20.00
++++++++++++++++++++++++++++++++++++++++++++++++++++++++++++++++++++++++++++++++

     Dip,Strike,Rake     46.03   312.50    26.73
     Dip,Strike,Rake     71.11   203.23   132.79   Auxiliary Plane
     Lower Hem. Trend, Plunge of A,N    113.23    18.89   222.50    43.97
     Lower Hem. Trend, Plunge of P,T    263.38    15.19   157.03    46.04
     B trend, B plunge, Angle:    6.55  40.00  25.00
++++++++++++++++++++++++++++++++++++++++++++++++++++++++++++++++++++++++++++++++

     Dip,Strike,Rake     42.27   305.72    17.14
     Dip,Strike,Rake     78.56   202.86   130.98   Auxiliary Plane
     Lower Hem. Trend, Plunge of A,N    112.86    11.44   215.72    47.73
     Lower Hem. Trend, Plunge of P,T    262.73    22.52   151.16    41.56
     B trend, B plunge, Angle:   13.09  40.00  15.00
++++++++++++++++++++++++++++++++++++++++++++++++++++++++++++++++++++++++++++++++

     Dip,Strike,Rake     41.03   304.98    11.69
     Dip,Strike,Rake     82.36   206.10   130.43   Auxiliary Plane
     Lower Hem. Trend, Plunge of A,N    116.10     7.64   214.98    48.97
     Lower Hem. Trend, Plunge of P,T    265.40    26.06   152.19    38.87
     B trend, B plunge, Angle:   19.64  40.00  10.00
++++++++++++++++++++++++++++++++++++++++++++++++++++++++++++++++++++++++++++++++

     Dip,Strike,Rake     40.26   303.93     5.93
     Dip,Strike,Rake     86.17   209.40   130.11   Auxiliary Plane
     Lower Hem. Trend, Plunge of A,N    119.40     3.83   213.93    49.74
     Lower Hem. Trend, Plunge of P,T    267.84    29.50   153.64    35.93
     B trend, B plunge, Angle:   26.18  40.00   5.00
++++++++++++++++++++++++++++++++++++++++++++++++++++++++++++++++++++++++++++++++

     Dip,Strike,Rake     40.26   310.48     5.93
     Dip,Strike,Rake     86.17   215.95   130.11   Auxiliary Plane
     Lower Hem. Trend, Plunge of A,N    125.95     3.83   220.48    49.74
     Lower Hem. Trend, Plunge of P,T    274.39    29.50   160.18    35.93
     B trend, B plunge, Angle:   32.73  40.00   5.00
++++++++++++++++++++++++++++++++++++++++++++++++++++++++++++++++++++++++++++++++

     Dip,Strike,Rake     40.00   309.27    -0.00
     Dip,Strike,Rake     90.00   219.27   130.00   Auxiliary Plane
     Lower Hem. Trend, Plunge of A,N    309.27     0.00   219.27    50.00
     Lower Hem. Trend, Plunge of P,T    276.54    32.80   162.01    32.80
     B trend, B plunge, Angle:   39.27  40.00   0.00
++++++++++++++++++++++++++++++++++++++++++++++++++++++++++++++++++++++++++++++++

     Dip,Strike,Rake     78.56   310.95    49.02
     Dip,Strike,Rake     42.27   208.10   162.86   Auxiliary Plane
     Lower Hem. Trend, Plunge of A,N    118.10    47.73   220.95    11.44
     Lower Hem. Trend, Plunge of P,T     71.09    22.52   182.66    41.56
     B trend, B plunge, Angle:  320.73  40.00  75.00
++++++++++++++++++++++++++++++++++++++++++++++++++++++++++++++++++++++++++++++++

     Dip,Strike,Rake     82.36   314.26    49.57
     Dip,Strike,Rake     41.03   215.39   168.31   Auxiliary Plane
     Lower Hem. Trend, Plunge of A,N    125.39    48.97   224.26     7.64
     Lower Hem. Trend, Plunge of P,T     74.96    26.06   188.18    38.87
     B trend, B plunge, Angle:  320.73  40.00  80.00
++++++++++++++++++++++++++++++++++++++++++++++++++++++++++++++++++++++++++++++++

     Dip,Strike,Rake     71.11   310.59    47.21
     Dip,Strike,Rake     46.03   201.31   153.27   Auxiliary Plane
     Lower Hem. Trend, Plunge of A,N    111.31    43.97   220.59    18.89
     Lower Hem. Trend, Plunge of P,T     70.44    15.19   176.79    46.04
     B trend, B plunge, Angle:  327.27  40.00  65.00
++++++++++++++++++++++++++++++++++++++++++++++++++++++++++++++++++++++++++++++++

     Dip,Strike,Rake     74.81   314.10    48.24
     Dip,Strike,Rake     43.96   207.75   157.82   Auxiliary Plane
     Lower Hem. Trend, Plunge of A,N    117.75    46.04   224.10    15.19
     Lower Hem. Trend, Plunge of P,T     73.96    18.89   183.23    43.97
     B trend, B plunge, Angle:  327.27  40.00  70.00
++++++++++++++++++++++++++++++++++++++++++++++++++++++++++++++++++++++++++++++++

     Dip,Strike,Rake     67.48   313.46    45.90
     Dip,Strike,Rake     48.44   201.89   149.21   Auxiliary Plane
     Lower Hem. Trend, Plunge of A,N    111.89    41.56   223.46    22.52
     Lower Hem. Trend, Plunge of P,T     73.59    11.44   176.45    47.73
     B trend, B plunge, Angle:  333.82  40.00  60.00
++++++++++++++++++++++++++++++++++++++++++++++++++++++++++++++++++++++++++++++++

     Dip,Strike,Rake     60.50   312.02    42.39
     Dip,Strike,Rake     54.07   197.82   142.55   Auxiliary Plane
     Lower Hem. Trend, Plunge of A,N    107.82    35.93   222.02    29.50
     Lower Hem. Trend, Plunge of P,T     73.58     3.83   168.11    49.74
     B trend, B plunge, Angle:  340.36  40.00  50.00
++++++++++++++++++++++++++++++++++++++++++++++++++++++++++++++++++++++++++++++++

     Dip,Strike,Rake     57.20   314.18    40.12
     Dip,Strike,Rake     57.20   199.64   139.88   Auxiliary Plane
     Lower Hem. Trend, Plunge of A,N    109.64    32.80   224.18    32.80
     Lower Hem. Trend, Plunge of P,T    256.91     0.00   166.91    50.00
     B trend, B plunge, Angle:  346.91  40.00  45.00
++++++++++++++++++++++++++++++++++++++++++++++++++++++++++++++++++++++++++++++++

     Dip,Strike,Rake     51.13   310.90    34.36
     Dip,Strike,Rake     63.94   197.69   135.69   Auxiliary Plane
     Lower Hem. Trend, Plunge of A,N    107.69    26.06   220.90    38.87
     Lower Hem. Trend, Plunge of P,T    256.99     7.64   158.11    48.97
     B trend, B plunge, Angle:  353.45  40.00  35.00
++++++++++++++++++++++++++++++++++++++++++++++++++++++++++++++++++++++++++++++++

     Dip,Strike,Rake     52.24   309.23    26.57
     Dip,Strike,Rake     69.30   202.21   139.11   Auxiliary Plane
     Lower Hem. Trend, Plunge of A,N    112.21    20.70   219.23    37.76
     Lower Hem. Trend, Plunge of P,T    259.27    10.55   159.25    43.08
     B trend, B plunge, Angle:    0.00  45.00  30.00
++++++++++++++++++++++++++++++++++++++++++++++++++++++++++++++++++++++++++++++++

     Dip,Strike,Rake     50.14   310.46    22.91
     Dip,Strike,Rake     72.61   205.31   137.81   Auxiliary Plane
     Lower Hem. Trend, Plunge of A,N    115.31    17.39   220.46    39.86
     Lower Hem. Trend, Plunge of P,T    262.63    14.00   159.82    41.64
     B trend, B plunge, Angle:    7.06  45.00  25.00
++++++++++++++++++++++++++++++++++++++++++++++++++++++++++++++++++++++++++++++++

     Dip,Strike,Rake     48.36   311.35    18.88
     Dip,Strike,Rake     76.00   208.55   136.78   Auxiliary Plane
     Lower Hem. Trend, Plunge of A,N    118.55    14.00   221.35    41.64
     Lower Hem. Trend, Plunge of P,T    265.87    17.39   160.71    39.86
     B trend, B plunge, Angle:   14.12  45.00  20.00
++++++++++++++++++++++++++++++++++++++++++++++++++++++++++++++++++++++++++++++++

     Dip,Strike,Rake     46.92   311.93    14.51
     Dip,Strike,Rake     79.45   211.91   135.99   Auxiliary Plane
     Lower Hem. Trend, Plunge of A,N    121.91    10.55   221.93    43.08
     Lower Hem. Trend, Plunge of P,T    268.97    20.70   161.94    37.76
     B trend, B plunge, Angle:   21.18  45.00  15.00
++++++++++++++++++++++++++++++++++++++++++++++++++++++++++++++++++++++++++++++++

     Dip,Strike,Rake     45.22   305.29     4.98
     Dip,Strike,Rake     86.47   211.78   135.11   Auxiliary Plane
     Lower Hem. Trend, Plunge of A,N    121.78     3.53   215.29    44.78
     Lower Hem. Trend, Plunge of P,T    267.55    27.03   158.36    32.80
     B trend, B plunge, Angle:   28.24  45.00   5.00
++++++++++++++++++++++++++++++++++++++++++++++++++++++++++++++++++++++++++++++++

     Dip,Strike,Rake     45.86   312.24     9.85
     Dip,Strike,Rake     82.95   215.34   135.44   Auxiliary Plane
     Lower Hem. Trend, Plunge of A,N    125.34     7.05   222.24    44.14
     Lower Hem. Trend, Plunge of P,T    271.89    23.93   163.52    35.40
     B trend, B plunge, Angle:   28.24  45.00  10.00
++++++++++++++++++++++++++++++++++++++++++++++++++++++++++++++++++++++++++++++++

     Dip,Strike,Rake     45.00   305.29    -0.00
     Dip,Strike,Rake     90.00   215.29   135.00   Auxiliary Plane
     Lower Hem. Trend, Plunge of A,N    305.29     0.00   215.29    45.00
     Lower Hem. Trend, Plunge of P,T      0.00    90.00   180.00    90.00
     B trend, B plunge, Angle:   35.29  45.00   0.00
++++++++++++++++++++++++++++++++++++++++++++++++++++++++++++++++++++++++++++++++

     Dip,Strike,Rake     45.22   305.30    -4.98
     Dip,Strike,Rake     86.47    38.81  -135.11   Auxiliary Plane
     Lower Hem. Trend, Plunge of A,N    308.81     3.53   215.30    44.78
     Lower Hem. Trend, Plunge of P,T    272.23    32.80   163.03    27.03
     B trend, B plunge, Angle:   42.35  45.00 175.00
++++++++++++++++++++++++++++++++++++++++++++++++++++++++++++++++++++++++++++++++

     Dip,Strike,Rake     76.00   310.27    43.22
     Dip,Strike,Rake     48.36   207.47   161.12   Auxiliary Plane
     Lower Hem. Trend, Plunge of A,N    117.47    41.64   220.27    14.00
     Lower Hem. Trend, Plunge of P,T     72.95    17.39   178.11    39.86
     B trend, B plunge, Angle:  324.71  45.00  70.00
++++++++++++++++++++++++++++++++++++++++++++++++++++++++++++++++++++++++++++++++

     Dip,Strike,Rake     79.45   313.98    44.01
     Dip,Strike,Rake     46.92   213.95   165.49   Auxiliary Plane
     Lower Hem. Trend, Plunge of A,N    123.95    43.08   223.98    10.55
     Lower Hem. Trend, Plunge of P,T     76.91    20.70   183.94    37.76
     B trend, B plunge, Angle:  324.71  45.00  75.00
++++++++++++++++++++++++++++++++++++++++++++++++++++++++++++++++++++++++++++++++

     Dip,Strike,Rake     69.30   309.56    40.89
     Dip,Strike,Rake     52.24   202.53   153.43   Auxiliary Plane
     Lower Hem. Trend, Plunge of A,N    112.53    37.76   219.56    20.70
     Lower Hem. Trend, Plunge of P,T     72.49    10.55   172.52    43.08
     B trend, B plunge, Angle:  331.76  45.00  60.00
++++++++++++++++++++++++++++++++++++++++++++++++++++++++++++++++++++++++++++++++

     Dip,Strike,Rake     72.61   313.52    42.19
     Dip,Strike,Rake     50.14   208.36   157.09   Auxiliary Plane
     Lower Hem. Trend, Plunge of A,N    118.36    39.86   223.52    17.39
     Lower Hem. Trend, Plunge of P,T     76.20    14.00   179.00    41.64
     B trend, B plunge, Angle:  331.76  45.00  65.00
++++++++++++++++++++++++++++++++++++++++++++++++++++++++++++++++++++++++++++++++

     Dip,Strike,Rake     66.07   312.48    39.32
     Dip,Strike,Rake     54.60   204.10   150.16   Auxiliary Plane
     Lower Hem. Trend, Plunge of A,N    114.10    35.40   222.48    23.93
     Lower Hem. Trend, Plunge of P,T     75.93     7.05   172.83    44.14
     B trend, B plunge, Angle:  338.82  45.00  55.00
++++++++++++++++++++++++++++++++++++++++++++++++++++++++++++++++++++++++++++++++

     Dip,Strike,Rake     60.00   310.62    35.26
     Dip,Strike,Rake     60.00   201.15   144.74   Auxiliary Plane
     Lower Hem. Trend, Plunge of A,N    111.15    30.00   220.62    30.00
     Lower Hem. Trend, Plunge of P,T    255.88     0.00   165.88    45.00
     B trend, B plunge, Angle:  345.88  45.00  45.00
++++++++++++++++++++++++++++++++++++++++++++++++++++++++++++++++++++++++++++++++

     Dip,Strike,Rake     62.97   315.20    37.45
     Dip,Strike,Rake     57.20   206.00   147.27   Auxiliary Plane
     Lower Hem. Trend, Plunge of A,N    116.00    32.80   225.20    27.03
     Lower Hem. Trend, Plunge of P,T     79.42     3.53   172.94    44.78
     B trend, B plunge, Angle:  345.88  45.00  50.00
++++++++++++++++++++++++++++++++++++++++++++++++++++++++++++++++++++++++++++++++

     Dip,Strike,Rake     54.60   307.66    29.84
     Dip,Strike,Rake     66.07   199.28   140.68   Auxiliary Plane
     Lower Hem. Trend, Plunge of A,N    109.28    23.93   217.66    35.40
     Lower Hem. Trend, Plunge of P,T    255.83     7.05   158.94    44.14
     B trend, B plunge, Angle:  352.94  45.00  35.00
++++++++++++++++++++++++++++++++++++++++++++++++++++++++++++++++++++++++++++++++

     Dip,Strike,Rake     57.20   312.82    32.73
     Dip,Strike,Rake     62.97   203.62   142.55   Auxiliary Plane
     Lower Hem. Trend, Plunge of A,N    113.62    27.03   222.82    32.80
     Lower Hem. Trend, Plunge of P,T    259.40     3.53   165.89    44.78
     B trend, B plunge, Angle:  352.94  45.00  40.00
++++++++++++++++++++++++++++++++++++++++++++++++++++++++++++++++++++++++++++++++

     Dip,Strike,Rake     58.23   312.43    25.70
     Dip,Strike,Rake     68.37   208.21   145.50   Auxiliary Plane
     Lower Hem. Trend, Plunge of A,N    118.21    21.63   222.43    31.77
     Lower Hem. Trend, Plunge of P,T    262.31     6.41   167.04    39.27
     B trend, B plunge, Angle:    0.00  50.00  35.00
++++++++++++++++++++++++++++++++++++++++++++++++++++++++++++++++++++++++++++++++

     Dip,Strike,Rake     54.37   309.16    19.53
     Dip,Strike,Rake     74.24   207.48   142.75   Auxiliary Plane
     Lower Hem. Trend, Plunge of A,N    117.48    15.76   219.16    35.63
     Lower Hem. Trend, Plunge of P,T    262.25    12.70   162.41    37.16
     B trend, B plunge, Angle:    7.83  50.00  25.00
++++++++++++++++++++++++++++++++++++++++++++++++++++++++++++++++++++++++++++++++

     Dip,Strike,Rake     52.84   311.07    16.01
     Dip,Strike,Rake     77.30   211.23   141.74   Auxiliary Plane
     Lower Hem. Trend, Plunge of A,N    121.23    12.70   221.07    37.16
     Lower Hem. Trend, Plunge of P,T    265.99    15.76   164.32    35.63
     B trend, B plunge, Angle:   15.65  50.00  20.00
++++++++++++++++++++++++++++++++++++++++++++++++++++++++++++++++++++++++++++++++

     Dip,Strike,Rake     50.73   306.44     8.29
     Dip,Strike,Rake     83.59   211.17   140.43   Auxiliary Plane
     Lower Hem. Trend, Plunge of A,N    121.17     6.41   216.44    39.27
     Lower Hem. Trend, Plunge of P,T    265.27    21.63   161.05    31.77
     B trend, B plunge, Angle:   23.48  50.00  10.00
++++++++++++++++++++++++++++++++++++++++++++++++++++++++++++++++++++++++++++++++

     Dip,Strike,Rake     51.62   312.76    12.25
     Dip,Strike,Rake     80.42   215.08   140.97   Auxiliary Plane
     Lower Hem. Trend, Plunge of A,N    125.08     9.58   222.76    38.38
     Lower Hem. Trend, Plunge of P,T    269.62    18.75   166.47    33.83
     B trend, B plunge, Angle:   23.48  50.00  15.00
++++++++++++++++++++++++++++++++++++++++++++++++++++++++++++++++++++++++++++++++

     Dip,Strike,Rake     50.18   307.82     4.18
     Dip,Strike,Rake     86.79   215.14   140.11   Auxiliary Plane
     Lower Hem. Trend, Plunge of A,N    125.14     3.21   217.82    39.82
     Lower Hem. Trend, Plunge of P,T    268.57    24.40   163.70    29.50
     B trend, B plunge, Angle:   31.30  50.00   5.00
++++++++++++++++++++++++++++++++++++++++++++++++++++++++++++++++++++++++++++++++

     Dip,Strike,Rake     50.00   309.13    -0.00
     Dip,Strike,Rake     90.00   219.13   140.00   Auxiliary Plane
     Lower Hem. Trend, Plunge of A,N    309.13     0.00   219.13    40.00
     Lower Hem. Trend, Plunge of P,T    271.68    27.03   166.58    27.03
     B trend, B plunge, Angle:   39.13  50.00   0.00
++++++++++++++++++++++++++++++++++++++++++++++++++++++++++++++++++++++++++++++++

     Dip,Strike,Rake     83.59   313.18    39.57
     Dip,Strike,Rake     50.73   217.91   171.71   Auxiliary Plane
     Lower Hem. Trend, Plunge of A,N    127.91    39.27   223.18     6.41
     Lower Hem. Trend, Plunge of P,T     79.08    21.63   183.30    31.77
     B trend, B plunge, Angle:  320.87  50.00  80.00
++++++++++++++++++++++++++++++++++++++++++++++++++++++++++++++++++++++++++++++++

     Dip,Strike,Rake     77.30   313.12    38.26
     Dip,Strike,Rake     52.84   213.28   163.99   Auxiliary Plane
     Lower Hem. Trend, Plunge of A,N    123.28    37.16   223.12    12.70
     Lower Hem. Trend, Plunge of P,T     78.35    15.76   180.03    35.63
     B trend, B plunge, Angle:  328.70  50.00  70.00
++++++++++++++++++++++++++++++++++++++++++++++++++++++++++++++++++++++++++++++++

     Dip,Strike,Rake     71.25   312.66    36.01
     Dip,Strike,Rake     56.17   209.52   157.24   Auxiliary Plane
     Lower Hem. Trend, Plunge of A,N    119.52    33.83   222.66    18.75
     Lower Hem. Trend, Plunge of P,T     78.12     9.58   175.80    38.38
     B trend, B plunge, Angle:  336.52  50.00  60.00
++++++++++++++++++++++++++++++++++++++++++++++++++++++++++++++++++++++++++++++++

     Dip,Strike,Rake     65.60   311.62    32.73
     Dip,Strike,Rake     60.50   206.74   151.66   Auxiliary Plane
     Lower Hem. Trend, Plunge of A,N    116.74    29.50   221.62    24.40
     Lower Hem. Trend, Plunge of P,T     78.18     3.21   170.86    39.82
     B trend, B plunge, Angle:  344.35  50.00  50.00
++++++++++++++++++++++++++++++++++++++++++++++++++++++++++++++++++++++++++++++++

     Dip,Strike,Rake     68.37   316.14    34.50
     Dip,Strike,Rake     58.23   211.92   154.30   Auxiliary Plane
     Lower Hem. Trend, Plunge of A,N    121.92    31.77   226.14    21.63
     Lower Hem. Trend, Plunge of P,T     82.04     6.41   177.31    39.27
     B trend, B plunge, Angle:  344.35  50.00  55.00
++++++++++++++++++++++++++++++++++++++++++++++++++++++++++++++++++++++++++++++++

     Dip,Strike,Rake     60.50   309.78    28.34
     Dip,Strike,Rake     65.60   204.91   147.27   Auxiliary Plane
     Lower Hem. Trend, Plunge of A,N    114.91    24.40   219.78    29.50
     Lower Hem. Trend, Plunge of P,T    258.34     3.21   165.66    39.82
     B trend, B plunge, Angle:  352.17  50.00  40.00
++++++++++++++++++++++++++++++++++++++++++++++++++++++++++++++++++++++++++++++++

     Dip,Strike,Rake     62.97   314.72    30.68
     Dip,Strike,Rake     62.97   209.63   149.32   Auxiliary Plane
     Lower Hem. Trend, Plunge of A,N    119.63    27.03   224.72    27.03
     Lower Hem. Trend, Plunge of P,T    262.17     0.00   172.17    40.00
     B trend, B plunge, Angle:  352.17  50.00  45.00
++++++++++++++++++++++++++++++++++++++++++++++++++++++++++++++++++++++++++++++++

     Dip,Strike,Rake     61.98   310.52    21.88
     Dip,Strike,Rake     70.79   209.84   150.16   Auxiliary Plane
     Lower Hem. Trend, Plunge of A,N    119.84    19.21   220.52    28.02
     Lower Hem. Trend, Plunge of P,T    261.78     5.72   167.85    34.39
     B trend, B plunge, Angle:    0.00  55.00  35.00
++++++++++++++++++++++++++++++++++++++++++++++++++++++++++++++++++++++++++++++++

     Dip,Strike,Rake     58.68   308.43    16.48
     Dip,Strike,Rake     75.97   209.69   147.60   Auxiliary Plane
     Lower Hem. Trend, Plunge of A,N    119.69    14.03   218.43    31.32
     Lower Hem. Trend, Plunge of P,T    262.18    11.31   164.82    32.61
     B trend, B plunge, Angle:    8.78  55.00  25.00
++++++++++++++++++++++++++++++++++++++++++++++++++++++++++++++++++++++++++++++++

     Dip,Strike,Rake     60.22   313.96    19.30
     Dip,Strike,Rake     73.33   214.09   148.77   Auxiliary Plane
     Lower Hem. Trend, Plunge of A,N    124.09    16.67   223.96    29.78
     Lower Hem. Trend, Plunge of P,T    266.40     8.54   170.67    33.64
     B trend, B plunge, Angle:    8.78  55.00  30.00
++++++++++++++++++++++++++++++++++++++++++++++++++++++++++++++++++++++++++++++++

     Dip,Strike,Rake     57.39   311.52    13.47
     Dip,Strike,Rake     78.69   214.16   146.66   Auxiliary Plane
     Lower Hem. Trend, Plunge of A,N    124.16    11.31   221.52    32.61
     Lower Hem. Trend, Plunge of P,T    266.66    14.03   167.91    31.32
     B trend, B plunge, Angle:   17.56  55.00  20.00
++++++++++++++++++++++++++++++++++++++++++++++++++++++++++++++++++++++++++++++++

     Dip,Strike,Rake     55.61   308.49     6.93
     Dip,Strike,Rake     84.28   214.56   145.41   Auxiliary Plane
     Lower Hem. Trend, Plunge of A,N    124.56     5.72   218.49    34.39
     Lower Hem. Trend, Plunge of P,T    266.50    19.21   165.82    28.02
     B trend, B plunge, Angle:   26.34  55.00  10.00
++++++++++++++++++++++++++++++++++++++++++++++++++++++++++++++++++++++++++++++++

     Dip,Strike,Rake     56.36   314.45    10.27
     Dip,Strike,Rake     81.46   218.72   145.93   Auxiliary Plane
     Lower Hem. Trend, Plunge of A,N    128.72     8.54   224.45    33.64
     Lower Hem. Trend, Plunge of P,T    271.03    16.67   171.16    29.78
     B trend, B plunge, Angle:   26.34  55.00  15.00
++++++++++++++++++++++++++++++++++++++++++++++++++++++++++++++++++++++++++++++++

     Dip,Strike,Rake     55.15   311.22     3.49
     Dip,Strike,Rake     87.13   219.22   145.10   Auxiliary Plane
     Lower Hem. Trend, Plunge of A,N    129.22     2.87   221.22    34.85
     Lower Hem. Trend, Plunge of P,T    270.62    21.63   169.43    26.06
     B trend, B plunge, Angle:   35.12  55.00   5.00
++++++++++++++++++++++++++++++++++++++++++++++++++++++++++++++++++++++++++++++++

     Dip,Strike,Rake     55.15   307.81    -3.49
     Dip,Strike,Rake     87.13    39.80  -145.10   Auxiliary Plane
     Lower Hem. Trend, Plunge of A,N    309.80     2.87   217.81    34.85
     Lower Hem. Trend, Plunge of P,T    269.59    26.06   168.41    21.63
     B trend, B plunge, Angle:   43.90  55.00 175.00
++++++++++++++++++++++++++++++++++++++++++++++++++++++++++++++++++++++++++++++++

     Dip,Strike,Rake     90.00   131.71    35.00
     Dip,Strike,Rake     55.00    41.71   180.00   Auxiliary Plane
     Lower Hem. Trend, Plunge of A,N    311.71    35.00   221.71     0.00
     Lower Hem. Trend, Plunge of P,T    261.03    23.93     2.38    23.93
     B trend, B plunge, Angle:  131.71  55.00  90.00
++++++++++++++++++++++++++++++++++++++++++++++++++++++++++++++++++++++++++++++++

     Dip,Strike,Rake     87.13   312.00    34.90
     Dip,Strike,Rake     55.15   220.00   176.51   Auxiliary Plane
     Lower Hem. Trend, Plunge of A,N    130.00    34.85   222.00     2.87
     Lower Hem. Trend, Plunge of P,T     80.60    21.63   181.79    26.06
     B trend, B plunge, Angle:  316.10  55.00  85.00
++++++++++++++++++++++++++++++++++++++++++++++++++++++++++++++++++++++++++++++++

     Dip,Strike,Rake     81.46   312.50    34.07
     Dip,Strike,Rake     56.36   216.76   169.73   Auxiliary Plane
     Lower Hem. Trend, Plunge of A,N    126.76    33.64   222.50     8.54
     Lower Hem. Trend, Plunge of P,T     80.19    16.67   180.05    29.78
     B trend, B plunge, Angle:  324.88  55.00  75.00
++++++++++++++++++++++++++++++++++++++++++++++++++++++++++++++++++++++++++++++++

     Dip,Strike,Rake     75.97   312.75    32.40
     Dip,Strike,Rake     58.68   214.01   163.52   Auxiliary Plane
     Lower Hem. Trend, Plunge of A,N    124.01    31.32   222.75    14.03
     Lower Hem. Trend, Plunge of P,T     80.26    11.31   177.62    32.61
     B trend, B plunge, Angle:  333.66  55.00  65.00
++++++++++++++++++++++++++++++++++++++++++++++++++++++++++++++++++++++++++++++++

     Dip,Strike,Rake     70.79   312.60    29.84
     Dip,Strike,Rake     61.98   211.92   158.12   Auxiliary Plane
     Lower Hem. Trend, Plunge of A,N    121.92    28.02   222.60    19.21
     Lower Hem. Trend, Plunge of P,T     80.66     5.72   174.59    34.39
     B trend, B plunge, Angle:  342.44  55.00  55.00
++++++++++++++++++++++++++++++++++++++++++++++++++++++++++++++++++++++++++++++++

     Dip,Strike,Rake     66.07   311.90    26.34
     Dip,Strike,Rake     66.07   210.54   153.66   Auxiliary Plane
     Lower Hem. Trend, Plunge of A,N    120.54    23.93   221.90    23.93
     Lower Hem. Trend, Plunge of P,T    261.22     0.00   171.22    35.00
     B trend, B plunge, Angle:  351.22  55.00  45.00
++++++++++++++++++++++++++++++++++++++++++++++++++++++++++++++++++++++++++++++++

     Dip,Strike,Rake     65.82   308.96    18.32
     Dip,Strike,Rake     73.33   211.23   154.69   Auxiliary Plane
     Lower Hem. Trend, Plunge of A,N    121.23    16.67   218.96    24.18
     Lower Hem. Trend, Plunge of P,T    261.32     4.98   168.49    29.50
     B trend, B plunge, Angle:    0.00  60.00  35.00
++++++++++++++++++++++++++++++++++++++++++++++++++++++++++++++++++++++++++++++++

     Dip,Strike,Rake     67.48   314.10    20.36
     Dip,Strike,Rake     71.25   216.01   156.14   Auxiliary Plane
     Lower Hem. Trend, Plunge of A,N    126.01    18.75   224.10    22.52
     Lower Hem. Trend, Plunge of P,T    265.67     2.50   174.23    29.87
     B trend, B plunge, Angle:    0.00  60.00  40.00
++++++++++++++++++++++++++++++++++++++++++++++++++++++++++++++++++++++++++++++++

     Dip,Strike,Rake     63.05   308.30    13.71
     Dip,Strike,Rake     77.80   211.99   152.38   Auxiliary Plane
     Lower Hem. Trend, Plunge of A,N    121.99    12.20   218.30    26.95
     Lower Hem. Trend, Plunge of P,T    262.50     9.85   167.20    28.02
     B trend, B plunge, Angle:   10.00  60.00  25.00
++++++++++++++++++++++++++++++++++++++++++++++++++++++++++++++++++++++++++++++++

     Dip,Strike,Rake     64.34   313.69    16.10
     Dip,Strike,Rake     75.52   216.57   153.43   Auxiliary Plane
     Lower Hem. Trend, Plunge of A,N    126.57    14.48   223.69    25.66
     Lower Hem. Trend, Plunge of P,T    266.94     7.44   172.81    28.88
     B trend, B plunge, Angle:   10.00  60.00  30.00
++++++++++++++++++++++++++++++++++++++++++++++++++++++++++++++++++++++++++++++++

     Dip,Strike,Rake     61.98   312.80    11.17
     Dip,Strike,Rake     80.15   217.50   151.52   Auxiliary Plane
     Lower Hem. Trend, Plunge of A,N    127.50     9.85   222.80    28.02
     Lower Hem. Trend, Plunge of P,T    268.01    12.20   171.70    26.95
     B trend, B plunge, Angle:   20.00  60.00  20.00
++++++++++++++++++++++++++++++++++++++++++++++++++++++++++++++++++++++++++++++++

     Dip,Strike,Rake     60.50   311.51     5.73
     Dip,Strike,Rake     85.02   218.68   150.38   Auxiliary Plane
     Lower Hem. Trend, Plunge of A,N    128.68     4.98   221.51    29.50
     Lower Hem. Trend, Plunge of P,T    268.77    16.67   171.04    24.18
     B trend, B plunge, Angle:   30.00  60.00  10.00
++++++++++++++++++++++++++++++++++++++++++++++++++++++++++++++++++++++++++++++++

     Dip,Strike,Rake     60.00   310.00    -0.00
     Dip,Strike,Rake     90.00   220.00   150.00   Auxiliary Plane
     Lower Hem. Trend, Plunge of A,N    310.00     0.00   220.00    30.00
     Lower Hem. Trend, Plunge of P,T    269.11    20.70   170.89    20.70
     B trend, B plunge, Angle:   40.00  60.00   0.00
++++++++++++++++++++++++++++++++++++++++++++++++++++++++++++++++++++++++++++++++

 Reached chosen maximum of  100 solutions

 There are 100 acceptable solutions
