  Tue Oct 17 12:22:00 2023 for program Focplt
 Input from file puna_20090422238_p.inp
     2
 Statn  Azimuth  TOAngl  Key  Log10 Ratio     Pol  TOAng2  Comment
EW07  210.36  116.00C
BB15  211.91   96.74C
BB13  212.42   92.70D
EW06  224.88  115.27C
BB11  242.08   93.73+
NS14  242.42   90.71+
EW05  244.95  109.86C
EW04  250.17  102.54C
EW03  252.14   97.15C
NS10  254.25   90.99+
BB02  255.18   50.29+
EW02  260.16   96.37C
EW01  262.09   94.29C
NS04  277.43   92.11D
NS03  281.41   91.84-
NS02  285.62   91.65-
NS01  289.27   91.51-
NS20  295.83   91.45D
NS21  300.17   91.50-
NS22  303.32   91.43-
NS23  306.93   91.36-
GALA  307.32   92.65-
NS24  309.04   91.21-
NS25  311.29   91.14D
NS26  313.95   90.99C
BB21  355.63   94.04D
BB17  356.65  100.64D
BB16  204.75  170.11C
EW22  158.08  113.35D
EW08  170.58  116.08C
 Plotting P nodal planes
 
  Solutions input from file output_20090422238_rw.out
   Tue Oct 17 12:22:00 2023 for program Focmec
  Event 8703270729 1.75 relative weighted errors
  Input from a file puna_20090422238_p.inp
  20090422238
  Including emergent polarity picks
  Polarities/Errors:  P 030/ 0.6  SV 000/ 0.0  SH 000/ 0.0
  There are no amplitude ratio data
  The minimum, increment and maximum B axis trend:     0.00    5.00  355.00
  The limits for the B axis plunge:     0.00    5.00   90.00
  The limits for Angle:     0.00    5.00  175.00
 
     Dip,Strike,Rake     24.81   226.87    51.92
     Dip,Strike,Rake     70.71    87.67   105.91   Auxiliary Plane
     Lower Hem. Trend, Plunge of A,N    357.67    19.29   136.87    65.19
     Lower Hem. Trend & Plunge of B    262.29    15.00
     Lower Hem. Trend, Plunge of P,T    165.41    24.10    21.32    61.09
     MRR = 0.60  MTT =-0.58  MPP =-0.02  MRT = 0.75  MRP =-0.06  MTP =-0.28
     Dip,Strike,Rake     24.81   232.01    51.92
     Dip,Strike,Rake     70.71    92.81   105.91   Auxiliary Plane
     Lower Hem. Trend, Plunge of A,N      2.81    19.29   142.01    65.19
     Lower Hem. Trend & Plunge of B    267.43    15.00
     Lower Hem. Trend, Plunge of P,T    170.55    24.10    26.46    61.09
     MRR = 0.60  MTT =-0.62  MPP = 0.02  MRT = 0.75  MRP =-0.13  MTP =-0.23
     Dip,Strike,Rake     27.99   221.49    43.22
     Dip,Strike,Rake     71.25    91.80   111.17   Auxiliary Plane
     Lower Hem. Trend, Plunge of A,N      1.80    18.75   131.49    62.01
     Lower Hem. Trend & Plunge of B    264.71    20.00
     Lower Hem. Trend, Plunge of P,T    165.65    23.40    30.97    58.39
     MRR = 0.57  MTT =-0.59  MPP = 0.02  MRT = 0.74  MRP =-0.14  MTP =-0.32
     Dip,Strike,Rake     80.95    28.97    64.66
     Dip,Strike,Rake     26.81   280.60   159.59   Auxiliary Plane
     Lower Hem. Trend, Plunge of A,N    190.60    63.19   298.97     9.05
     Lower Hem. Trend & Plunge of B     33.23    25.00
     Lower Hem. Trend, Plunge of P,T    139.72    31.32   272.12    47.93
     MRR = 0.28  MTT =-0.42  MPP = 0.14  MRT = 0.36  MRP = 0.78  MTP =-0.34
