  Tue Oct 24 13:18:22 2023 for program Focmec
 Event 8703270729 4 UW errors max
 Input from a file puna_20090422238_p.inp
 20090422238

 Statn  Azimuth    TOA   Key  Log10 Ratio  NumPol  DenTOA  Comment
  EW07   210.4    116.0   U                                IP
  BB15   211.9     96.7   U                                IP
  BB13   212.4     92.7   D                                IP
  EW06   224.9    115.3   U                                IP
  BB11   242.1     93.7   +                                IP
 Including emergent polarity picks
  NS14   242.4     90.7   +                                IP
  EW05   244.9    109.9   U                                IP
  EW04   250.2    102.5   U                                IP
  EW03   252.1     97.2   U                                IP
  NS10   254.2     91.0   +                                IP
  BB02   255.2     50.3   +                                IP..
  EW02   260.2     96.4   U                                IP
  EW01   262.1     94.3   U                                IP
  NS04   277.4     92.1   D                                IP
  NS03   281.4     91.8   -                                IP
  NS02   285.6     91.7   -                                IP
  NS01   289.3     91.5   -                                IP
  NS20   295.8     91.4   D                                IP
  NS21   300.2     91.5   -                                IP
  NS22   303.3     91.4   -                                IP
  NS23   306.9     91.4   -                                IP
  GALA   307.3     92.7   -                                IP
  NS24   309.0     91.2   -                                IP
  NS25   311.3     91.1   D                                IP
  BB21   355.6     94.0   D                                IP
  BB17   356.6    100.6   D                                IP
  BB16   204.8    170.1   U                                IP
  EW22   158.1    113.3   D                                IP
  EW08   170.6    116.1   U                                IP
 Polarities/Errors:  P 029/00  SV 000/00  SH 000/00
 There are no amplitude ratio data
 The minimum, increment and maximum B axis trend:     0.00    5.00  355.00
 The limits for the B axis plunge:     0.00    5.00   90.00
 The limits for Angle:     0.00    5.00  175.00
 ++++++++++++++++++++++++++++++++++++++++++++++++++++++++++++++++++++++++++++

     Dip,Strike,Rake     31.61   217.86    49.26
     Dip,Strike,Rake     66.60    83.18   111.88   Auxiliary Plane
     Lower Hem. Trend, Plunge of A,N    353.18    23.40   127.86    58.39
     Lower Hem. Trend, Plunge of P,T    157.02    18.75    27.34    62.01
     B trend, B plunge, Angle:  254.12  20.00  25.00
++++++++++++++++++++++++++++++++++++++++++++++++++++++++++++++++++++++++++++++++


 There are   1 acceptable solutions
