  Tue Oct 17 12:22:00 2023 for program Focmec
 Event 8703270729 1.75 relative weighted errors
 Input from a file puna_20090422238_p.inp
 20090422238

 Statn  Azimuth    TOA   Key  Log10 Ratio  NumPol  DenTOA  Comment
  EW07   210.4    116.0   U                                IP
  BB15   211.9     96.7   U                                IP
  BB13   212.4     92.7   D                                IP
  EW06   224.9    115.3   U                                IP
  BB11   242.1     93.7   +                                IP
 Including emergent polarity picks
  NS14   242.4     90.7   +                                IP
  EW05   244.9    109.9   U                                IP
  EW04   250.2    102.5   U                                IP
  EW03   252.1     97.2   U                                IP
  NS10   254.2     91.0   +                                IP
  BB02   255.2     50.3   +                                IP..
  EW02   260.2     96.4   U                                IP
  EW01   262.1     94.3   U                                IP
  NS04   277.4     92.1   D                                IP
  NS03   281.4     91.8   -                                IP
  NS02   285.6     91.7   -                                IP
  NS01   289.3     91.5   -                                IP
  NS20   295.8     91.4   D                                IP
  NS21   300.2     91.5   -                                IP
  NS22   303.3     91.4   -                                IP
  NS23   306.9     91.4   -                                IP
  GALA   307.3     92.7   -                                IP
  NS24   309.0     91.2   -                                IP
  NS25   311.3     91.1   D                                IP
  NS26   314.0     91.0   U                                IP
  BB21   355.6     94.0   D                                IP
  BB17   356.6    100.6   D                                IP
  BB16   204.8    170.1   U                                IP
  EW22   158.1    113.3   D                                IP
  EW08   170.6    116.1   U                                IP
 Polarities/Errors:  P 030/ 0.6  SV 000/ 0.0  SH 000/ 0.0
 There are no amplitude ratio data
 The minimum, increment and maximum B axis trend:     0.00    5.00  355.00
 The limits for the B axis plunge:     0.00    5.00   90.00
 The limits for Angle:     0.00    5.00  175.00
 ++++++++++++++++++++++++++++++++++++++++++++++++++++++++++++++++++++++++++++

     Dip,Strike,Rake     24.81   226.87    51.92
     Dip,Strike,Rake     70.71    87.67   105.92   Auxiliary Plane
     Lower Hem. Trend, Plunge of A,N    357.67    19.29   136.87    65.19
     Lower Hem. Trend, Plunge of P,T    165.40    24.09    21.32    61.10
     B trend, B plunge, Angle:  262.29  15.00  20.00

 P Polarity error at  BB15 NS26 EW22
 P Polarity weights:  0.00 0.59 0.00
  Total P polarity weight is  0.591   Total number:   3
++++++++++++++++++++++++++++++++++++++++++++++++++++++++++++++++++++++++++++++++

     Dip,Strike,Rake     24.81   232.01    51.92
     Dip,Strike,Rake     70.71    92.81   105.92   Auxiliary Plane
     Lower Hem. Trend, Plunge of A,N      2.81    19.29   142.01    65.19
     Lower Hem. Trend, Plunge of P,T    170.55    24.09    26.46    61.10
     B trend, B plunge, Angle:  267.43  15.00  20.00

 P Polarity error at  BB15 BB02 NS26
 P Polarity weights:  0.06 0.01 0.53
  Total P polarity weight is  0.601   Total number:   3
++++++++++++++++++++++++++++++++++++++++++++++++++++++++++++++++++++++++++++++++

     Dip,Strike,Rake     27.99   221.49    43.22
     Dip,Strike,Rake     71.25    91.80   111.17   Auxiliary Plane
     Lower Hem. Trend, Plunge of A,N      1.80    18.75   131.49    62.01
     Lower Hem. Trend, Plunge of P,T    165.64    23.40    30.96    58.39
     B trend, B plunge, Angle:  264.71  20.00  20.00

 P Polarity error at  BB02 NS26
 P Polarity weights:  0.00 0.61
  Total P polarity weight is  0.612   Total number:   2
++++++++++++++++++++++++++++++++++++++++++++++++++++++++++++++++++++++++++++++++

     Dip,Strike,Rake     80.95    28.97    64.66
     Dip,Strike,Rake     26.81   280.58   159.58   Auxiliary Plane
     Lower Hem. Trend, Plunge of A,N    190.58    63.19   298.97     9.05
     Lower Hem. Trend, Plunge of P,T    139.72    31.32   272.12    47.94
     B trend, B plunge, Angle:   33.23  25.00  80.00

 P Polarity error at  BB13 EW06 EW05 NS26 EW22
 P Polarity weights:  0.04 0.02 0.06 0.50 0.01
  Total P polarity weight is  0.618   Total number:   5
++++++++++++++++++++++++++++++++++++++++++++++++++++++++++++++++++++++++++++++++


 There are   4 acceptable solutions
