  Tue Oct 24 17:12:45 2023 for program Focplt
 Input from file puna_200805291353_p.inp
     2
 Statn  Azimuth  TOAngl  Key  Log10 Ratio     Pol  TOAng2  Comment
NS18  194.33   92.55C
NS16  200.13   95.95C
NS15  202.27   97.37+
NS14  210.66   97.30+
BB24  216.10   91.73+
NS13  222.57   98.18-
NS11  239.16  104.17D
NS10  247.23  106.14D
BB02  254.05   95.94-
NS09  272.80  109.80D
EW15  283.65   95.07D
EW14  290.00   96.95D
NS08  297.35  107.70D
BB09  300.52   94.69-
EW12  301.96  101.09-
EW11  311.13  103.22C
BB05  318.52   91.19+
NS07  324.55  107.03C
BB08  330.47   92.31C
NS05  352.96  102.31C
NS02  355.20   95.39C
NS04    0.97   99.53C
EW10   12.85  105.57C
EW01   58.63  105.01D
EW02   69.28  100.00D
BB16   77.79   90.47-
EW03   83.10   98.88D
EW05   81.88   93.03D
EW06   86.35   91.98D
EW07   88.87   91.51D
EW08   90.86   90.30D
BB15  115.83   92.90-
BB13  137.33   92.79C
 Plotting P nodal planes
 
  Solutions input from file output_200805291353_uw.out
   Tue Oct 24 17:12:45 2023 for program Focmec
  Event 8703270729 4 UW errors max
  Input from a file puna_200805291353_p.inp
  200805291353
  Including emergent polarity picks
  Polarities/Errors:  P 033/00  SV 000/00  SH 000/00
  There are no amplitude ratio data
  The minimum, increment and maximum B axis trend:     0.00    5.00  355.00
  The limits for the B axis plunge:     0.00    5.00   90.00
  The limits for Angle:     0.00    5.00  175.00
 
     Dip,Strike,Rake     82.36   121.01   -49.57
     Dip,Strike,Rake     41.02   219.88  -168.31   Auxiliary Plane
     Lower Hem. Trend, Plunge of A,N    129.88    48.98    31.01     7.64
     Lower Hem. Trend & Plunge of B    294.55    40.00
     Lower Hem. Trend, Plunge of P,T     67.09    38.86   180.31    26.07
     MRR =-0.20  MTT = 0.71  MPP =-0.51  MRT =-0.58  MRP = 0.45  MTP = 0.21
     Dip,Strike,Rake     79.45   120.14   -44.01
     Dip,Strike,Rake     46.92   220.17  -165.48   Auxiliary Plane
     Lower Hem. Trend, Plunge of A,N    130.17    43.08    30.14    10.55
     Lower Hem. Trend & Plunge of B    289.41    45.00
     Lower Hem. Trend, Plunge of P,T     70.18    37.77   177.21    20.70
     MRR =-0.25  MTT = 0.80  MPP =-0.55  MRT =-0.49  MRP = 0.44  MTP = 0.24
     Dip,Strike,Rake     82.95   123.58   -44.56
     Dip,Strike,Rake     45.87   220.47  -170.15   Auxiliary Plane
     Lower Hem. Trend, Plunge of A,N    130.47    44.13    33.58     7.05
     Lower Hem. Trend & Plunge of B    296.48    45.00
     Lower Hem. Trend, Plunge of P,T     71.75    35.39   180.13    23.93
     MRR =-0.17  MTT = 0.77  MPP =-0.60  MRT =-0.52  MRP = 0.45  MTP = 0.20
     Dip,Strike,Rake     86.47   127.07   -44.89
     Dip,Strike,Rake     45.22   220.58  -175.02   Auxiliary Plane
     Lower Hem. Trend, Plunge of A,N    130.58    44.78    37.07     3.53
     Lower Hem. Trend & Plunge of B    303.53    45.00
     Lower Hem. Trend, Plunge of P,T     73.65    32.79   182.85    27.04
     MRR =-0.09  MTT = 0.74  MPP =-0.65  MRT =-0.53  MRP = 0.46  MTP = 0.15
     Dip,Strike,Rake     90.00   310.59    45.00
     Dip,Strike,Rake     45.00   220.59   180.00   Auxiliary Plane
     Lower Hem. Trend, Plunge of A,N    130.59    45.00    40.59     0.00
     Lower Hem. Trend & Plunge of B    310.59    45.00
     Lower Hem. Trend, Plunge of P,T     75.85    30.00   185.33    30.00
     MRR = 0.00  MTT = 0.70  MPP =-0.70  MRT =-0.54  MRP = 0.46  MTP = 0.11
     Dip,Strike,Rake     50.73   314.27     8.29
     Dip,Strike,Rake     83.59   219.00   140.43   Auxiliary Plane
     Lower Hem. Trend, Plunge of A,N    129.00     6.41   224.27    39.27
     Lower Hem. Trend & Plunge of B     31.31    50.00
     Lower Hem. Trend, Plunge of P,T    273.10    21.63   168.88    31.77
     MRR = 0.14  MTT = 0.69  MPP =-0.83  MRT =-0.46  MRP =-0.43  MTP = 0.09
     Dip,Strike,Rake     90.00   125.22    40.00
     Dip,Strike,Rake     50.00    35.22   180.00   Auxiliary Plane
     Lower Hem. Trend, Plunge of A,N    305.22    40.00   215.22     0.00
     Lower Hem. Trend & Plunge of B    125.22    50.00
     Lower Hem. Trend, Plunge of P,T    252.67    27.03   357.77    27.03
     MRR = 0.00  MTT = 0.72  MPP =-0.72  MRT = 0.53  MRP =-0.37  MTP = 0.26
     Dip,Strike,Rake     52.84   119.37   -16.01
     Dip,Strike,Rake     77.30   219.20  -141.74   Auxiliary Plane
     Lower Hem. Trend, Plunge of A,N    129.20    12.70    29.37    37.16
     Lower Hem. Trend & Plunge of B    234.78    50.00
     Lower Hem. Trend, Plunge of P,T     86.11    35.63   344.44    15.77
     MRR =-0.27  MTT = 0.86  MPP =-0.59  MRT = 0.22  MRP = 0.54  MTP = 0.28
     Dip,Strike,Rake     54.37   121.28   -19.53
     Dip,Strike,Rake     74.23   222.95  -142.75   Auxiliary Plane
     Lower Hem. Trend, Plunge of A,N    132.95    15.77    31.28    35.63
     Lower Hem. Trend & Plunge of B    242.62    50.00
     Lower Hem. Trend, Plunge of P,T     88.02    37.16   348.19    12.70
     MRR =-0.32  MTT = 0.91  MPP =-0.59  MRT = 0.19  MRP = 0.52  MTP = 0.21
     Dip,Strike,Rake     58.23   118.01   -25.70
     Dip,Strike,Rake     68.37   222.23  -145.50   Auxiliary Plane
     Lower Hem. Trend, Plunge of A,N    132.23    21.63    28.01    31.77
     Lower Hem. Trend & Plunge of B    250.44    50.00
     Lower Hem. Trend, Plunge of P,T     83.40    39.27   348.13     6.41
     MRR =-0.39  MTT = 0.94  MPP =-0.55  MRT = 0.05  MRP = 0.51  MTP = 0.27
     Dip,Strike,Rake     60.50   120.65   -28.34
     Dip,Strike,Rake     65.60   225.52  -147.27   Auxiliary Plane
     Lower Hem. Trend, Plunge of A,N    135.52    24.40    30.65    29.50
     Lower Hem. Trend & Plunge of B    258.25    50.00
     Lower Hem. Trend, Plunge of P,T     84.77    39.82   352.09     3.21
     MRR =-0.41  MTT = 0.97  MPP =-0.57  MRT = 0.01  MRP = 0.50  MTP = 0.19
     Dip,Strike,Rake     65.60   118.82   -32.73
     Dip,Strike,Rake     60.50   223.69  -151.66   Auxiliary Plane
     Lower Hem. Trend, Plunge of A,N    133.69    29.50    28.82    24.40
     Lower Hem. Trend & Plunge of B    266.09    50.00
     Lower Hem. Trend, Plunge of P,T     79.57    39.81   172.25     3.21
     MRR =-0.41  MTT = 0.96  MPP =-0.55  MRT =-0.14  MRP = 0.48  MTP = 0.24
     Dip,Strike,Rake     68.37   122.12   -34.50
     Dip,Strike,Rake     58.23   226.34  -154.31   Auxiliary Plane
     Lower Hem. Trend, Plunge of A,N    136.34    31.77    32.12    21.63
     Lower Hem. Trend & Plunge of B    273.91    50.00
     Lower Hem. Trend, Plunge of P,T     80.95    39.27   176.22     6.41
     MRR =-0.39  MTT = 0.97  MPP =-0.58  MRT =-0.19  MRP = 0.48  MTP = 0.16
     Dip,Strike,Rake     74.24   121.40   -37.25
     Dip,Strike,Rake     54.37   223.07  -160.48   Auxiliary Plane
     Lower Hem. Trend, Plunge of A,N    133.07    35.63    31.40    15.76
     Lower Hem. Trend & Plunge of B    281.74    50.00
     Lower Hem. Trend, Plunge of P,T     76.33    37.16   176.16    12.70
     MRR =-0.32  MTT = 0.91  MPP =-0.60  MRT =-0.33  MRP = 0.45  MTP = 0.21
     Dip,Strike,Rake     80.42   121.16   -39.03
     Dip,Strike,Rake     51.61   218.84  -167.74   Auxiliary Plane
     Lower Hem. Trend, Plunge of A,N    128.84    38.39    31.16     9.58
     Lower Hem. Trend & Plunge of B    289.56    49.99
     Lower Hem. Trend, Plunge of P,T     72.56    33.83   175.70    18.75
     MRR =-0.21  MTT = 0.83  MPP =-0.62  MRT =-0.44  MRP = 0.42  MTP = 0.26
     Dip,Strike,Rake     77.30   125.14   -38.26
     Dip,Strike,Rake     52.84   224.98  -163.99   Auxiliary Plane
     Lower Hem. Trend, Plunge of A,N    134.98    37.16    35.14    12.70
     Lower Hem. Trend & Plunge of B    289.56    50.00
     Lower Hem. Trend, Plunge of P,T     78.23    35.63   179.91    15.77
     MRR =-0.27  MTT = 0.90  MPP =-0.63  MRT =-0.36  MRP = 0.46  MTP = 0.13
     Dip,Strike,Rake     83.59   125.08   -39.57
     Dip,Strike,Rake     50.73   220.35  -171.71   Auxiliary Plane
     Lower Hem. Trend, Plunge of A,N    130.35    39.27    35.08     6.41
     Lower Hem. Trend & Plunge of B    297.39    50.00
     Lower Hem. Trend, Plunge of P,T     74.96    31.77   179.18    21.63
     MRR =-0.14  MTT = 0.82  MPP =-0.67  MRT =-0.46  MRP = 0.43  MTP = 0.19
     Dip,Strike,Rake     86.79   129.05   -39.89
     Dip,Strike,Rake     50.19   221.73  -175.82   Auxiliary Plane
     Lower Hem. Trend, Plunge of A,N    131.73    39.81    39.05     3.21
     Lower Hem. Trend & Plunge of B    305.22    50.00
     Lower Hem. Trend, Plunge of P,T     77.61    29.50   182.48    24.40
     MRR =-0.07  MTT = 0.79  MPP =-0.72  MRT =-0.47  MRP = 0.43  MTP = 0.12
     Dip,Strike,Rake     56.36   314.45    10.27
     Dip,Strike,Rake     81.46   218.72   145.93   Auxiliary Plane
     Lower Hem. Trend, Plunge of A,N    128.72     8.54   224.45    33.64
     Lower Hem. Trend & Plunge of B     26.34    55.00
     Lower Hem. Trend, Plunge of P,T    271.03    16.66   171.16    29.78
     MRR = 0.16  MTT = 0.74  MPP =-0.90  MRT =-0.43  MRP =-0.34  MTP = 0.10
     Dip,Strike,Rake     55.15   311.22     3.49
     Dip,Strike,Rake     87.14   219.22   145.10   Auxiliary Plane
     Lower Hem. Trend, Plunge of A,N    129.22     2.86   221.22    34.85
     Lower Hem. Trend & Plunge of B     35.13    55.00
     Lower Hem. Trend, Plunge of P,T    270.62    21.64   169.43    26.06
     MRR = 0.06  MTT = 0.78  MPP =-0.84  MRT =-0.39  MRP =-0.42  MTP = 0.14
     Dip,Strike,Rake     87.13   127.61    34.90
     Dip,Strike,Rake     55.15    35.61   176.50   Auxiliary Plane
     Lower Hem. Trend, Plunge of A,N    305.61    34.85    37.61     2.87
     Lower Hem. Trend & Plunge of B    131.72    55.00
     Lower Hem. Trend, Plunge of P,T    256.21    21.63   357.40    26.07
     MRR = 0.06  MTT = 0.76  MPP =-0.81  MRT = 0.48  MRP =-0.31  MTP = 0.24
     Dip,Strike,Rake     60.22   120.68   -19.30
     Dip,Strike,Rake     73.33   220.55  -148.77   Auxiliary Plane
     Lower Hem. Trend, Plunge of A,N    130.55    16.67    30.68    29.78
     Lower Hem. Trend & Plunge of B    245.87    55.00
     Lower Hem. Trend, Plunge of P,T     83.97    33.64   348.24     8.53
     MRR =-0.28  MTT = 0.93  MPP =-0.64  MRT = 0.10  MRP = 0.49  MTP = 0.27
     Dip,Strike,Rake     63.94   118.95   -24.23
     Dip,Strike,Rake     68.37   220.13  -151.80   Auxiliary Plane
     Lower Hem. Trend, Plunge of A,N    130.13    21.63    28.95    26.06
     Lower Hem. Trend & Plunge of B    254.64    55.00
     Lower Hem. Trend, Plunge of P,T     80.73    34.84   348.74     2.86
     MRR =-0.32  MTT = 0.94  MPP =-0.62  MRT =-0.03  MRP = 0.47  MTP = 0.30
     Dip,Strike,Rake     66.07   122.74   -26.34
     Dip,Strike,Rake     66.07   224.10  -153.66   Auxiliary Plane
     Lower Hem. Trend, Plunge of A,N    134.10    23.93    32.74    23.93
     Lower Hem. Trend & Plunge of B    263.41    55.00
     Lower Hem. Trend, Plunge of P,T     83.42    35.00   173.42     0.00
     MRR =-0.33  MTT = 0.98  MPP =-0.65  MRT =-0.05  MRP = 0.47  MTP = 0.19
     Dip,Strike,Rake     70.79   122.03   -29.84
     Dip,Strike,Rake     61.97   222.72  -158.12   Auxiliary Plane
     Lower Hem. Trend, Plunge of A,N    132.72    28.03    32.03    19.21
     Lower Hem. Trend & Plunge of B    272.19    55.00
     Lower Hem. Trend, Plunge of P,T     80.05    34.40   173.97     5.72
     MRR =-0.31  MTT = 0.96  MPP =-0.65  MRT =-0.18  MRP = 0.45  MTP = 0.22
     Dip,Strike,Rake     75.97   121.88   -32.40
     Dip,Strike,Rake     58.68   220.63  -163.51   Auxiliary Plane
     Lower Hem. Trend, Plunge of A,N    130.63    31.32    31.88    14.03
     Lower Hem. Trend & Plunge of B    280.97    55.00
     Lower Hem. Trend, Plunge of P,T     77.02    32.62   174.37    11.31
     MRR =-0.25  MTT = 0.92  MPP =-0.66  MRT =-0.29  MRP = 0.42  MTP = 0.25
     Dip,Strike,Rake     73.33   126.29   -31.23
     Dip,Strike,Rake     60.22   226.16  -160.70   Auxiliary Plane
     Lower Hem. Trend, Plunge of A,N    136.16    29.78    36.29    16.67
     Lower Hem. Trend & Plunge of B    280.97    55.00
     Lower Hem. Trend, Plunge of P,T     82.87    33.65   178.60     8.53
     MRR =-0.28  MTT = 0.97  MPP =-0.68  MRT =-0.20  MRP = 0.45  MTP = 0.11
     Dip,Strike,Rake     81.46   122.14   -34.07
     Dip,Strike,Rake     56.36   217.87  -169.72   Auxiliary Plane
     Lower Hem. Trend, Plunge of A,N    127.87    33.64    32.14     8.54
     Lower Hem. Trend & Plunge of B    289.76    55.00
     Lower Hem. Trend, Plunge of P,T     74.59    29.78   174.45    16.66
     MRR =-0.16  MTT = 0.86  MPP =-0.69  MRT =-0.39  MRP = 0.39  MTP = 0.28
     Dip,Strike,Rake     78.69   126.36   -33.34
     Dip,Strike,Rake     57.39   223.71  -166.54   Auxiliary Plane
     Lower Hem. Trend, Plunge of A,N    133.71    32.61    36.36    11.31
     Lower Hem. Trend & Plunge of B    289.76    55.00
     Lower Hem. Trend, Plunge of P,T     80.11    31.32   178.85    14.03
     MRR =-0.21  MTT = 0.92  MPP =-0.71  MRT =-0.31  MRP = 0.43  MTP = 0.14
     Dip,Strike,Rake     84.28   126.76   -34.59
     Dip,Strike,Rake     55.61   220.69  -173.06   Auxiliary Plane
     Lower Hem. Trend, Plunge of A,N    130.69    34.39    36.76     5.72
     Lower Hem. Trend & Plunge of B    298.54    55.00
     Lower Hem. Trend, Plunge of P,T     78.02    28.03   178.70    19.21
     MRR =-0.11  MTT = 0.86  MPP =-0.75  MRT =-0.40  MRP = 0.40  MTP = 0.18
     Dip,Strike,Rake     90.00   307.32    35.00
     Dip,Strike,Rake     55.00   217.32   180.00   Auxiliary Plane
     Lower Hem. Trend, Plunge of A,N    127.32    35.00    37.32     0.00
     Lower Hem. Trend & Plunge of B    307.32    55.00
     Lower Hem. Trend, Plunge of P,T     76.64    23.93   178.00    23.93
     MRR = 0.00  MTT = 0.79  MPP =-0.79  MRT =-0.46  MRP = 0.35  MTP = 0.22
     Dip,Strike,Rake     64.34   313.69    16.10
     Dip,Strike,Rake     75.52   216.57   153.43   Auxiliary Plane
     Lower Hem. Trend, Plunge of A,N    126.57    14.48   223.69    25.66
     Lower Hem. Trend & Plunge of B     10.00    60.00
     Lower Hem. Trend, Plunge of P,T    266.94     7.44   172.81    28.88
     MRR = 0.22  MTT = 0.75  MPP =-0.97  MRT =-0.41  MRP =-0.18  MTP = 0.15
     Dip,Strike,Rake     61.98   312.80    11.17
     Dip,Strike,Rake     80.15   217.50   151.52   Auxiliary Plane
     Lower Hem. Trend, Plunge of A,N    127.50     9.85   222.80    28.02
     Lower Hem. Trend & Plunge of B     20.00    60.00
     Lower Hem. Trend, Plunge of P,T    268.01    12.20   171.71    26.94
     MRR = 0.16  MTT = 0.78  MPP =-0.94  MRT =-0.39  MRP =-0.26  MTP = 0.15
     Dip,Strike,Rake     60.50   311.51     5.73
     Dip,Strike,Rake     85.01   218.68   150.38   Auxiliary Plane
     Lower Hem. Trend, Plunge of A,N    128.68     4.99   221.51    29.50
     Lower Hem. Trend & Plunge of B     29.99    60.00
     Lower Hem. Trend, Plunge of P,T    268.77    16.66   171.04    24.18
     MRR = 0.09  MTT = 0.81  MPP =-0.90  MRT =-0.36  MRP =-0.33  MTP = 0.15
     Dip,Strike,Rake     60.00   310.00    -0.00
     Dip,Strike,Rake     90.00   220.00   150.00   Auxiliary Plane
     Lower Hem. Trend, Plunge of A,N    310.00     0.00   220.00    30.00
     Lower Hem. Trend & Plunge of B     40.00    60.00
     Lower Hem. Trend, Plunge of P,T    269.11    20.70   170.89    20.70
     MRR = 0.00  MTT = 0.85  MPP =-0.85  MRT =-0.32  MRP =-0.38  MTP = 0.15
     Dip,Strike,Rake     60.50   308.49    -5.73
     Dip,Strike,Rake     85.01    41.32  -150.38   Auxiliary Plane
     Lower Hem. Trend, Plunge of A,N    311.32     4.99   218.49    29.50
     Lower Hem. Trend & Plunge of B     50.01    60.00
     Lower Hem. Trend, Plunge of P,T    268.96    24.18   171.23    16.66
     MRR =-0.09  MTT = 0.90  MPP =-0.81  MRT =-0.26  MRP =-0.42  MTP = 0.15
     Dip,Strike,Rake     87.50   304.33   -29.91
     Dip,Strike,Rake     60.12    35.77  -177.12   Auxiliary Plane
     Lower Hem. Trend, Plunge of A,N    305.77    29.88   214.33     2.50
     Lower Hem. Trend & Plunge of B    119.99    60.00
     Lower Hem. Trend, Plunge of P,T    255.90    22.53   353.99    18.75
     MRR =-0.04  MTT = 0.84  MPP =-0.79  MRT = 0.39  MRP =-0.31  MTP = 0.29
     Dip,Strike,Rake     61.12   122.81    -8.50
     Dip,Strike,Rake     82.56   216.94  -150.85   Auxiliary Plane
     Lower Hem. Trend, Plunge of A,N    126.94     7.44    32.81    28.88
     Lower Hem. Trend & Plunge of B    230.00    60.00
     Lower Hem. Trend, Plunge of P,T     83.69    25.66   346.57    14.48
     MRR =-0.13  MTT = 0.88  MPP =-0.75  MRT = 0.19  MRP = 0.44  MTP = 0.30
     Dip,Strike,Rake     63.05   121.70   -13.71
     Dip,Strike,Rake     77.80   218.01  -152.38   Auxiliary Plane
     Lower Hem. Trend, Plunge of A,N    128.01    12.20    31.70    26.95
     Lower Hem. Trend & Plunge of B    239.99    60.00
     Lower Hem. Trend, Plunge of P,T     82.80    28.03   347.49     9.85
     MRR =-0.19  MTT = 0.91  MPP =-0.72  MRT = 0.11  MRP = 0.45  MTP = 0.30
     Dip,Strike,Rake     65.82   121.04   -18.32
     Dip,Strike,Rake     73.34   218.76  -154.69   Auxiliary Plane
     Lower Hem. Trend, Plunge of A,N    128.76    16.66    31.04    24.18
     Lower Hem. Trend & Plunge of B    249.99    60.00
     Lower Hem. Trend, Plunge of P,T     81.51    29.50   348.68     4.98
     MRR =-0.23  MTT = 0.94  MPP =-0.70  MRT = 0.02  MRP = 0.44  MTP = 0.30
     Dip,Strike,Rake     69.30   120.89   -22.21
     Dip,Strike,Rake     69.29   219.10  -157.80   Auxiliary Plane
     Lower Hem. Trend, Plunge of A,N    129.10    20.71    30.89    20.70
     Lower Hem. Trend & Plunge of B    260.01    60.00
     Lower Hem. Trend, Plunge of P,T     79.99    30.00   170.00     0.00
     MRR =-0.25  MTT = 0.95  MPP =-0.70  MRT =-0.08  MRP = 0.43  MTP = 0.30
     Dip,Strike,Rake     73.33   121.23   -25.31
     Dip,Strike,Rake     65.82   218.96  -161.67   Auxiliary Plane
     Lower Hem. Trend, Plunge of A,N    128.96    24.18    31.23    16.67
     Lower Hem. Trend & Plunge of B    270.00    60.00
     Lower Hem. Trend, Plunge of P,T     78.49    29.50   171.32     4.98
     MRR =-0.23  MTT = 0.94  MPP =-0.70  MRT =-0.17  MRP = 0.41  MTP = 0.30
     Dip,Strike,Rake     71.25   126.01   -23.86
     Dip,Strike,Rake     67.48   224.10  -159.64   Auxiliary Plane
     Lower Hem. Trend, Plunge of A,N    134.10    22.52    36.01    18.75
     Lower Hem. Trend & Plunge of B    270.00    60.00
     Lower Hem. Trend, Plunge of P,T     84.24    29.88   175.67     2.50
     MRR =-0.25  MTT = 0.98  MPP =-0.74  MRT =-0.09  MRP = 0.43  MTP = 0.15
     Dip,Strike,Rake     77.80   121.99   -27.62
     Dip,Strike,Rake     63.05   218.30  -166.29   Auxiliary Plane
     Lower Hem. Trend, Plunge of A,N    128.30    26.95    31.99    12.20
     Lower Hem. Trend & Plunge of B    280.00    60.00
     Lower Hem. Trend, Plunge of P,T     77.20    28.02   172.50     9.85
     MRR =-0.19  MTT = 0.92  MPP =-0.72  MRT =-0.26  MRP = 0.38  MTP = 0.29
     Dip,Strike,Rake     75.52   126.57   -26.57
     Dip,Strike,Rake     64.34   223.70  -163.89   Auxiliary Plane
     Lower Hem. Trend, Plunge of A,N    133.70    25.66    36.57    14.48
     Lower Hem. Trend & Plunge of B    280.01    59.99
     Lower Hem. Trend, Plunge of P,T     82.81    28.88   176.94     7.44
     MRR =-0.22  MTT = 0.97  MPP =-0.75  MRT =-0.18  MRP = 0.41  MTP = 0.15
     Dip,Strike,Rake     82.56   123.06   -29.15
     Dip,Strike,Rake     61.12   217.19  -171.50   Auxiliary Plane
     Lower Hem. Trend, Plunge of A,N    127.19    28.88    33.06     7.44
     Lower Hem. Trend & Plunge of B    289.99    60.00
     Lower Hem. Trend, Plunge of P,T     76.31    25.66   173.43    14.48
     MRR =-0.13  MTT = 0.88  MPP =-0.75  MRT =-0.33  MRP = 0.35  MTP = 0.29
     Dip,Strike,Rake     80.15   127.50   -28.48
     Dip,Strike,Rake     61.98   222.80  -168.83   Auxiliary Plane
     Lower Hem. Trend, Plunge of A,N    132.80    28.02    37.50     9.85
     Lower Hem. Trend & Plunge of B    290.00    60.00
     Lower Hem. Trend, Plunge of P,T     81.71    26.95   178.01    12.20
     MRR =-0.16  MTT = 0.94  MPP =-0.78  MRT =-0.26  MRP = 0.39  MTP = 0.15
     Dip,Strike,Rake     85.02   128.68   -29.62
     Dip,Strike,Rake     60.50   221.51  -174.28   Auxiliary Plane
     Lower Hem. Trend, Plunge of A,N    131.51    29.50    38.68     4.98
     Lower Hem. Trend & Plunge of B    300.00    60.00
     Lower Hem. Trend, Plunge of P,T     81.04    24.18   178.76    16.67
     MRR =-0.09  MTT = 0.90  MPP =-0.81  MRT =-0.33  MRP = 0.36  MTP = 0.15
     Dip,Strike,Rake     90.00   310.00    30.00
     Dip,Strike,Rake     60.00   220.00   180.00   Auxiliary Plane
     Lower Hem. Trend, Plunge of A,N    130.00    30.00    40.00     0.00
     Lower Hem. Trend & Plunge of B    310.00    60.00
     Lower Hem. Trend, Plunge of P,T     80.89    20.70   179.11    20.70
     MRR = 0.00  MTT = 0.85  MPP =-0.85  MRT =-0.38  MRP = 0.32  MTP = 0.15
     Dip,Strike,Rake     85.02   311.32    29.62
     Dip,Strike,Rake     60.50   218.49   174.28   Auxiliary Plane
     Lower Hem. Trend, Plunge of A,N    128.49    29.50   221.32     4.98
     Lower Hem. Trend & Plunge of B    320.00    60.00
     Lower Hem. Trend, Plunge of P,T     81.24    16.67   178.96    24.18
     MRR = 0.09  MTT = 0.81  MPP =-0.90  MRT =-0.42  MRP = 0.26  MTP = 0.15
     Dip,Strike,Rake     80.15   312.50    28.48
     Dip,Strike,Rake     61.98   217.20   168.83   Auxiliary Plane
     Lower Hem. Trend, Plunge of A,N    127.20    28.02   222.50     9.85
     Lower Hem. Trend & Plunge of B    330.00    60.00
     Lower Hem. Trend, Plunge of P,T     81.99    12.20   178.29    26.95
     MRR = 0.16  MTT = 0.78  MPP =-0.94  MRT =-0.43  MRP = 0.19  MTP = 0.16
     Dip,Strike,Rake     71.11   312.79    16.69
     Dip,Strike,Rake     74.23   217.25   160.34   Auxiliary Plane
     Lower Hem. Trend, Plunge of A,N    127.25    15.77   222.79    18.89
     Lower Hem. Trend & Plunge of B      0.00    65.00
     Lower Hem. Trend, Plunge of P,T    265.46     2.11   174.48    24.90
     MRR = 0.18  MTT = 0.81  MPP =-0.98  MRT =-0.38  MRP =-0.07  MTP = 0.16
     Dip,Strike,Rake     68.53   314.50    13.12
     Dip,Strike,Rake     77.80   219.62   158.01   Auxiliary Plane
     Lower Hem. Trend, Plunge of A,N    129.62    12.20   224.50    21.47
     Lower Hem. Trend & Plunge of B     12.01    65.00
     Lower Hem. Trend, Plunge of P,T    268.35     6.28   175.53    24.09
     MRR = 0.15  MTT = 0.83  MPP =-0.98  MRT =-0.37  MRP =-0.14  MTP = 0.09
     Dip,Strike,Rake     65.91   310.47     6.88
     Dip,Strike,Rake     83.72   217.65   155.76   Auxiliary Plane
     Lower Hem. Trend, Plunge of A,N    127.65     6.28   220.47    24.09
     Lower Hem. Trend & Plunge of B     24.00    65.00
     Lower Hem. Trend, Plunge of P,T    266.38    12.20   171.50    21.47
     MRR = 0.09  MTT = 0.84  MPP =-0.93  MRT =-0.32  MRP =-0.26  MTP = 0.19
     Dip,Strike,Rake     66.60   315.88     9.06
     Dip,Strike,Rake     81.69   222.26   156.34   Auxiliary Plane
     Lower Hem. Trend, Plunge of A,N    132.26     8.31   225.88    23.40
     Lower Hem. Trend & Plunge of B     24.00    65.00
     Lower Hem. Trend, Plunge of P,T    271.09    10.29   176.77    22.52
     MRR = 0.11  MTT = 0.85  MPP =-0.97  MRT =-0.36  MRP =-0.20  MTP = 0.03
     Dip,Strike,Rake     65.10   311.51     2.33
     Dip,Strike,Rake     87.89   220.53   155.08   Auxiliary Plane
     Lower Hem. Trend, Plunge of A,N    130.53     2.11   221.51    24.90
     Lower Hem. Trend & Plunge of B     35.99    65.00
     Lower Hem. Trend, Plunge of P,T    268.74    15.76   173.20    18.89
     MRR = 0.03  MTT = 0.88  MPP =-0.91  MRT =-0.30  MRP =-0.30  MTP = 0.13
     Dip,Strike,Rake     87.89   304.53   -24.92
     Dip,Strike,Rake     65.10    35.51  -177.67   Auxiliary Plane
     Lower Hem. Trend, Plunge of A,N    305.51    24.90   214.53     2.11
     Lower Hem. Trend & Plunge of B    120.00    65.00
     Lower Hem. Trend, Plunge of P,T    257.20    18.89   352.74    15.77
     MRR =-0.03  MTT = 0.87  MPP =-0.84  MRT = 0.33  MRP =-0.27  MTP = 0.31
     Dip,Strike,Rake     87.89   127.47    24.92
     Dip,Strike,Rake     65.10    36.49   177.67   Auxiliary Plane
     Lower Hem. Trend, Plunge of A,N    306.49    24.90    37.47     2.11
     Lower Hem. Trend & Plunge of B    132.00    65.00
     Lower Hem. Trend, Plunge of P,T    259.26    15.77   354.80    18.89
     MRR = 0.03  MTT = 0.86  MPP =-0.89  MRT = 0.35  MRP =-0.23  MTP = 0.25
     Dip,Strike,Rake     67.48   122.77   -11.15
     Dip,Strike,Rake     79.71   217.09  -157.09   Auxiliary Plane
     Lower Hem. Trend, Plunge of A,N    127.09    10.29    32.77    22.52
     Lower Hem. Trend & Plunge of B    240.00    65.00
     Lower Hem. Trend, Plunge of P,T     81.88    23.40   348.25     8.31
     MRR =-0.14  MTT = 0.92  MPP =-0.78  MRT = 0.09  MRP = 0.39  MTP = 0.31
     Dip,Strike,Rake     69.75   124.31   -14.97
     Dip,Strike,Rake     75.97   219.60  -159.10   Auxiliary Plane
     Lower Hem. Trend, Plunge of A,N    129.60    14.03    34.31    20.25
     Lower Hem. Trend & Plunge of B    252.00    65.01
     Lower Hem. Trend, Plunge of P,T     83.01    24.59   351.08     4.21
     MRR =-0.17  MTT = 0.96  MPP =-0.79  MRT = 0.03  MRP = 0.39  MTP = 0.25
     Dip,Strike,Rake     74.24   121.25   -19.66
     Dip,Strike,Rake     71.11   216.79  -163.32   Auxiliary Plane
     Lower Hem. Trend, Plunge of A,N    126.79    18.89    31.25    15.76
     Lower Hem. Trend & Plunge of B    264.01    65.00
     Lower Hem. Trend, Plunge of P,T     78.48    24.90   169.46     2.11
     MRR =-0.18  MTT = 0.93  MPP =-0.76  MRT =-0.11  MRP = 0.37  MTP = 0.34
     Dip,Strike,Rake     72.61   126.19   -18.25
     Dip,Strike,Rake     72.61   221.82  -161.75   Auxiliary Plane
     Lower Hem. Trend, Plunge of A,N    131.82    17.39    36.19    17.39
     Lower Hem. Trend & Plunge of B    264.00    65.00
     Lower Hem. Trend, Plunge of P,T     84.00    25.00   174.00     0.00
     MRR =-0.18  MTT = 0.98  MPP =-0.80  MRT =-0.04  MRP = 0.38  MTP = 0.19
     Dip,Strike,Rake     77.80   123.62   -21.99
     Dip,Strike,Rake     68.53   218.50  -166.87   Auxiliary Plane
     Lower Hem. Trend, Plunge of A,N    128.50    21.47    33.62    12.20
     Lower Hem. Trend & Plunge of B    276.00    65.00
     Lower Hem. Trend, Plunge of P,T     79.53    24.09   172.35     6.28
     MRR =-0.15  MTT = 0.94  MPP =-0.79  MRT =-0.18  MRP = 0.35  MTP = 0.28
     Dip,Strike,Rake     81.69   126.26   -23.66
     Dip,Strike,Rake     66.60   219.88  -170.94   Auxiliary Plane
     Lower Hem. Trend, Plunge of A,N    129.88    23.40    36.26     8.31
     Lower Hem. Trend & Plunge of B    288.00    65.00
     Lower Hem. Trend, Plunge of P,T     80.78    22.52   175.09    10.29
     MRR =-0.11  MTT = 0.94  MPP =-0.82  MRT =-0.23  MRP = 0.33  MTP = 0.22
     Dip,Strike,Rake     85.79   129.08   -24.67
     Dip,Strike,Rake     65.40   221.01  -175.37   Auxiliary Plane
     Lower Hem. Trend, Plunge of A,N    131.01    24.60    39.08     4.21
     Lower Hem. Trend & Plunge of B    300.00    65.00
     Lower Hem. Trend, Plunge of P,T     82.31    20.26   177.60    14.03
     MRR =-0.06  MTT = 0.92  MPP =-0.86  MRT =-0.28  MRP = 0.31  MTP = 0.16
     Dip,Strike,Rake     83.72   310.35    24.25
     Dip,Strike,Rake     65.90   217.53   173.12   Auxiliary Plane
     Lower Hem. Trend, Plunge of A,N    127.53    24.10   220.35     6.28
     Lower Hem. Trend & Plunge of B    324.00    65.00
     Lower Hem. Trend, Plunge of P,T     81.62    12.20   176.50    21.47
     MRR = 0.09  MTT = 0.84  MPP =-0.93  MRT =-0.37  MRP = 0.18  MTP = 0.19
     Dip,Strike,Rake     79.71   313.09    22.91
     Dip,Strike,Rake     67.48   218.77   168.85   Auxiliary Plane
     Lower Hem. Trend, Plunge of A,N    128.77    22.52   223.09    10.29
     Lower Hem. Trend & Plunge of B    336.00    65.00
     Lower Hem. Trend, Plunge of P,T     84.26     8.31   177.88    23.40
     MRR = 0.14  MTT = 0.83  MPP =-0.97  MRT =-0.38  MRP = 0.13  MTP = 0.13
     Dip,Strike,Rake     74.81   311.76    13.17
     Dip,Strike,Rake     77.30   218.25   164.42   Auxiliary Plane
     Lower Hem. Trend, Plunge of A,N    128.25    12.70   221.76    15.19
     Lower Hem. Trend & Plunge of B      0.00    70.00
     Lower Hem. Trend, Plunge of P,T    265.30     1.71   174.68    19.92
     MRR = 0.12  MTT = 0.87  MPP =-0.98  MRT =-0.32  MRP =-0.06  MTP = 0.16
     Dip,Strike,Rake     71.94   310.79     8.74
     Dip,Strike,Rake     81.69   218.06   161.74   Auxiliary Plane
     Lower Hem. Trend, Plunge of A,N    128.06     8.31   220.79    18.06
     Lower Hem. Trend & Plunge of B     14.41    70.00
     Lower Hem. Trend, Plunge of P,T    265.52     6.72   173.22    18.75
     MRR = 0.09  MTT = 0.88  MPP =-0.97  MRT =-0.29  MRP =-0.15  MTP = 0.18
     Dip,Strike,Rake     70.32   309.43     3.62
     Dip,Strike,Rake     86.59   218.21   160.28   Auxiliary Plane
     Lower Hem. Trend, Plunge of A,N    128.21     3.41   219.43    19.68
     Lower Hem. Trend & Plunge of B     28.79    70.00
     Lower Hem. Trend, Plunge of P,T    265.46    11.31   172.11    16.27
     MRR = 0.04  MTT = 0.90  MPP =-0.94  MRT =-0.25  MRP =-0.23  MTP = 0.20
     Dip,Strike,Rake     70.71   314.72     5.38
     Dip,Strike,Rake     84.92   222.94   160.63   Auxiliary Plane
     Lower Hem. Trend, Plunge of A,N    132.94     5.08   224.72    19.29
     Lower Hem. Trend & Plunge of B     28.81    70.00
     Lower Hem. Trend, Plunge of P,T    270.32     9.85   177.24    17.23
     MRR = 0.06  MTT = 0.91  MPP =-0.97  MRT =-0.28  MRP =-0.18  MTP = 0.04
     Dip,Strike,Rake     70.08   307.88    -1.82
     Dip,Strike,Rake     88.29    38.50  -160.07   Auxiliary Plane
     Lower Hem. Trend, Plunge of A,N    308.50     1.71   217.88    19.92
     Lower Hem. Trend & Plunge of B     43.21    70.00
     Lower Hem. Trend, Plunge of P,T    264.96    15.19   171.46    12.70
     MRR =-0.02  MTT = 0.92  MPP =-0.90  MRT =-0.19  MRP =-0.28  MTP = 0.22
     Dip,Strike,Rake     71.25   306.43    -7.10
     Dip,Strike,Rake     83.28    38.72  -161.12   Auxiliary Plane
     Lower Hem. Trend, Plunge of A,N    308.72     6.72   216.43    18.75
     Lower Hem. Trend & Plunge of B     57.61    70.00
     Lower Hem. Trend, Plunge of P,T    264.00    18.06   171.27     8.31
     MRR =-0.08  MTT = 0.95  MPP =-0.87  MRT =-0.11  MRP =-0.31  MTP = 0.24
     Dip,Strike,Rake     73.73   305.31   -11.79
     Dip,Strike,Rake     78.69    38.66  -163.40   Auxiliary Plane
     Lower Hem. Trend, Plunge of A,N    308.66    11.31   215.31    16.27
     Lower Hem. Trend & Plunge of B     72.00    70.00
     Lower Hem. Trend, Plunge of P,T    262.63    19.68   171.41     3.41
     MRR =-0.11  MTT = 0.96  MPP =-0.85  MRT =-0.02  MRP =-0.32  MTP = 0.26
     Dip,Strike,Rake     77.30   304.66   -15.58
     Dip,Strike,Rake     74.81    38.17  -166.83   Auxiliary Plane
     Lower Hem. Trend, Plunge of A,N    308.17    15.19   214.66    12.70
     Lower Hem. Trend & Plunge of B     86.41    70.00
     Lower Hem. Trend, Plunge of P,T    261.09    19.92   351.70     1.71
     MRR =-0.12  MTT = 0.96  MPP =-0.84  MRT = 0.08  MRP =-0.31  MTP = 0.28
     Dip,Strike,Rake     81.69   304.46   -18.26
     Dip,Strike,Rake     71.94    37.19  -171.26   Auxiliary Plane
     Lower Hem. Trend, Plunge of A,N    307.19    18.06   214.46     8.31
     Lower Hem. Trend & Plunge of B    100.80    70.00
     Lower Hem. Trend, Plunge of P,T    259.62    18.75   351.92     6.72
     MRR =-0.09  MTT = 0.94  MPP =-0.85  MRT = 0.17  MRP =-0.28  MTP = 0.30
     Dip,Strike,Rake     86.60   304.61   -19.72
     Dip,Strike,Rake     70.32    35.83  -176.39   Auxiliary Plane
     Lower Hem. Trend, Plunge of A,N    305.83    19.68   214.61     3.40
     Lower Hem. Trend & Plunge of B    115.22    70.00
     Lower Hem. Trend, Plunge of P,T    258.51    16.27   351.86    11.32
     MRR =-0.04  MTT = 0.91  MPP =-0.87  MRT = 0.24  MRP =-0.24  MTP = 0.31
     Dip,Strike,Rake     84.92   129.87    19.37
     Dip,Strike,Rake     70.71    38.09   174.62   Auxiliary Plane
     Lower Hem. Trend, Plunge of A,N    308.09    19.29    39.87     5.08
     Lower Hem. Trend & Plunge of B    144.01    70.00
     Lower Hem. Trend, Plunge of P,T    262.48     9.85   355.57    17.23
     MRR = 0.06  MTT = 0.89  MPP =-0.95  MRT = 0.30  MRP =-0.15  MTP = 0.20
     Dip,Strike,Rake     70.71   124.48    -5.38
     Dip,Strike,Rake     84.92   216.26  -160.63   Auxiliary Plane
     Lower Hem. Trend, Plunge of A,N    126.26     5.08    34.48    19.29
     Lower Hem. Trend & Plunge of B    230.39    70.00
     Lower Hem. Trend, Plunge of P,T     81.96    17.23   348.88     9.85
     MRR =-0.06  MTT = 0.92  MPP =-0.86  MRT = 0.13  MRP = 0.31  MTP = 0.31
     Dip,Strike,Rake     74.81   127.44   -13.17
     Dip,Strike,Rake     77.30   220.95  -164.42   Auxiliary Plane
     Lower Hem. Trend, Plunge of A,N    130.95    12.70    37.44    15.19
     Lower Hem. Trend & Plunge of B    259.21    70.00
     Lower Hem. Trend, Plunge of P,T     84.52    19.92   353.90     1.71
     MRR =-0.12  MTT = 0.98  MPP =-0.86  MRT =-0.00  MRP = 0.32  MTP = 0.19
     Dip,Strike,Rake     78.69   126.94   -16.60
     Dip,Strike,Rake     73.73   220.29  -168.21   Auxiliary Plane
     Lower Hem. Trend, Plunge of A,N    130.29    16.27    36.94    11.31
     Lower Hem. Trend & Plunge of B    273.60    70.00
     Lower Hem. Trend, Plunge of P,T     82.97    19.68   174.19     3.41
     MRR =-0.11  MTT = 0.97  MPP =-0.86  MRT =-0.10  MRP = 0.31  MTP = 0.21
     Dip,Strike,Rake     83.28   126.88   -18.88
     Dip,Strike,Rake     71.25   219.17  -172.90   Auxiliary Plane
     Lower Hem. Trend, Plunge of A,N    129.17    18.75    36.88     6.72
     Lower Hem. Trend & Plunge of B    287.99    70.00
     Lower Hem. Trend, Plunge of P,T     81.61    18.06   174.34     8.31
     MRR =-0.08  MTT = 0.95  MPP =-0.88  MRT =-0.19  MRP = 0.28  MTP = 0.23
     Dip,Strike,Rake     88.29   127.10   -19.93
     Dip,Strike,Rake     70.08   217.72  -178.18   Auxiliary Plane
     Lower Hem. Trend, Plunge of A,N    127.72    19.92    37.10     1.71
     Lower Hem. Trend & Plunge of B    302.40    70.00
     Lower Hem. Trend, Plunge of P,T     80.64    15.19   174.14    12.70
     MRR =-0.02  MTT = 0.92  MPP =-0.90  MRT =-0.25  MRP = 0.23  MTP = 0.25
     Dip,Strike,Rake     83.28   312.32    18.88
     Dip,Strike,Rake     71.25   220.03   172.90   Auxiliary Plane
     Lower Hem. Trend, Plunge of A,N    130.03    18.75   222.32     6.72
     Lower Hem. Trend & Plunge of B    331.21    70.00
     Lower Hem. Trend, Plunge of P,T     84.86     8.31   177.59    18.06
     MRR = 0.08  MTT = 0.89  MPP =-0.97  MRT =-0.31  MRP = 0.13  MTP = 0.13
     Dip,Strike,Rake     78.69   312.26    16.60
     Dip,Strike,Rake     73.73   218.91   168.21   Auxiliary Plane
     Lower Hem. Trend, Plunge of A,N    128.91    16.27   222.26    11.31
     Lower Hem. Trend & Plunge of B    345.60    70.00
     Lower Hem. Trend, Plunge of P,T     85.01     3.41   176.23    19.68
     MRR = 0.11  MTT = 0.88  MPP =-0.99  MRT =-0.32  MRP = 0.04  MTP = 0.14
     Dip,Strike,Rake     78.56   310.98     9.77
     Dip,Strike,Rake     80.43   219.02   168.40   Auxiliary Plane
     Lower Hem. Trend, Plunge of A,N    129.02     9.57   220.98    11.44
     Lower Hem. Trend & Plunge of B      0.00    75.00
     Lower Hem. Trend, Plunge of P,T    265.17     1.30   174.82    14.94
     MRR = 0.07  MTT = 0.92  MPP =-0.98  MRT =-0.25  MRP =-0.05  MTP = 0.17
     Dip,Strike,Rake     75.92   309.59     5.24
     Dip,Strike,Rake     84.92   218.31   165.86   Auxiliary Plane
     Lower Hem. Trend, Plunge of A,N    128.31     5.08   219.59    14.08
     Lower Hem. Trend & Plunge of B     18.93    75.00
     Lower Hem. Trend, Plunge of P,T    264.70     6.28   173.17    13.57
     MRR = 0.04  MTT = 0.92  MPP =-0.97  MRT =-0.22  MRP =-0.14  MTP = 0.20
     Dip,Strike,Rake     75.00   307.89    -0.00
     Dip,Strike,Rake     90.00   217.89   165.00   Auxiliary Plane
     Lower Hem. Trend, Plunge of A,N    307.89     0.00   217.89    15.00
     Lower Hem. Trend & Plunge of B     37.89    75.00
     Lower Hem. Trend, Plunge of P,T    263.88    10.55   171.90    10.55
     MRR = 0.00  MTT = 0.94  MPP =-0.94  MRT =-0.16  MRP =-0.20  MTP = 0.24
     Dip,Strike,Rake     75.06   313.07     1.34
     Dip,Strike,Rake     88.71   222.72   165.06   Auxiliary Plane
     Lower Hem. Trend, Plunge of A,N    132.72     1.29   223.07    14.94
     Lower Hem. Trend & Plunge of B     37.89    75.00
     Lower Hem. Trend, Plunge of P,T    268.87     9.57   176.91    11.44
     MRR = 0.01  MTT = 0.96  MPP =-0.97  MRT =-0.19  MRP =-0.17  MTP = 0.07
     Dip,Strike,Rake     75.92   306.20    -5.24
     Dip,Strike,Rake     84.92    37.48  -165.86   Auxiliary Plane
     Lower Hem. Trend, Plunge of A,N    307.48     5.08   216.20    14.08
     Lower Hem. Trend & Plunge of B     56.86    75.00
     Lower Hem. Trend, Plunge of P,T    262.62    13.57   171.09     6.28
     MRR =-0.04  MTT = 0.95  MPP =-0.91  MRT =-0.08  MRP =-0.24  MTP = 0.27
     Dip,Strike,Rake     78.56   304.81    -9.77
     Dip,Strike,Rake     80.43    36.77  -168.40   Auxiliary Plane
     Lower Hem. Trend, Plunge of A,N    306.77     9.57   214.81    11.44
     Lower Hem. Trend & Plunge of B     75.77    75.00
     Lower Hem. Trend, Plunge of P,T    260.97    14.94   170.62     1.30
     MRR =-0.07  MTT = 0.95  MPP =-0.88  MRT = 0.02  MRP =-0.25  MTP = 0.31
     Dip,Strike,Rake     81.46   308.81   -12.38
     Dip,Strike,Rake     77.76    40.68  -171.26   Auxiliary Plane
     Lower Hem. Trend, Plunge of A,N    310.68    12.24   218.81     8.54
     Lower Hem. Trend & Plunge of B     94.73    75.00
     Lower Hem. Trend, Plunge of P,T    264.39    14.77   355.07     2.57
     MRR =-0.06  MTT = 0.98  MPP =-0.92  MRT = 0.07  MRP =-0.24  MTP = 0.18
     Dip,Strike,Rake     86.16   308.20   -14.51
     Dip,Strike,Rake     75.52    39.19  -176.03   Auxiliary Plane
     Lower Hem. Trend, Plunge of A,N    309.19    14.48   218.20     3.84
     Lower Hem. Trend & Plunge of B    113.69    75.00
     Lower Hem. Trend, Plunge of P,T    262.82    12.95   354.54     7.44
     MRR =-0.03  MTT = 0.96  MPP =-0.93  MRT = 0.16  MRP =-0.20  MTP = 0.21
     Dip,Strike,Rake     88.71   127.80    14.95
     Dip,Strike,Rake     75.05    37.46   178.66   Auxiliary Plane
     Lower Hem. Trend, Plunge of A,N    307.46    14.95    37.80     1.29
     Lower Hem. Trend & Plunge of B    132.62    75.00
     Lower Hem. Trend, Plunge of P,T    261.66     9.58   353.61    11.44
     MRR = 0.01  MTT = 0.93  MPP =-0.94  MRT = 0.22  MRP =-0.14  MTP = 0.25
     Dip,Strike,Rake     83.72   127.33    13.65
     Dip,Strike,Rake     76.43    35.81   173.54   Auxiliary Plane
     Lower Hem. Trend, Plunge of A,N    305.81    13.57    37.33     6.28
     Lower Hem. Trend & Plunge of B    151.58    75.00
     Lower Hem. Trend, Plunge of P,T    260.95     5.08   352.22    14.08
     MRR = 0.05  MTT = 0.90  MPP =-0.95  MRT = 0.25  MRP =-0.06  MTP = 0.28
     Dip,Strike,Rake     75.23   127.02    -2.66
     Dip,Strike,Rake     87.43   217.70  -165.21   Auxiliary Plane
     Lower Hem. Trend, Plunge of A,N    127.70     2.57    37.02    14.77
     Lower Hem. Trend & Plunge of B    227.35    75.00
     Lower Hem. Trend, Plunge of P,T     83.30    12.24   351.44     8.54
     MRR =-0.02  MTT = 0.94  MPP =-0.92  MRT = 0.12  MRP = 0.23  MTP = 0.25
     Dip,Strike,Rake     77.05   125.45    -7.63
     Dip,Strike,Rake     82.57   217.17  -166.94   Auxiliary Plane
     Lower Hem. Trend, Plunge of A,N    127.17     7.43    35.45    12.95
     Lower Hem. Trend & Plunge of B    246.32    75.00
     Lower Hem. Trend, Plunge of P,T     81.82    14.48   350.83     3.84
     MRR =-0.06  MTT = 0.95  MPP =-0.89  MRT = 0.03  MRP = 0.25  MTP = 0.29
     Dip,Strike,Rake     83.72   128.46   -13.65
     Dip,Strike,Rake     76.43   219.98  -173.54   Auxiliary Plane
     Lower Hem. Trend, Plunge of A,N    129.98    13.57    38.46     6.28
     Lower Hem. Trend & Plunge of B    284.21    75.00
     Lower Hem. Trend, Plunge of P,T     83.57    14.08   174.84     5.08
     MRR =-0.05  MTT = 0.97  MPP =-0.92  MRT =-0.11  MRP = 0.23  MTP = 0.19
     Dip,Strike,Rake     88.71   127.99   -14.95
     Dip,Strike,Rake     75.05   218.33  -178.66   Auxiliary Plane
     Lower Hem. Trend, Plunge of A,N    128.33    14.95    37.99     1.29
     Lower Hem. Trend & Plunge of B    303.17    75.00
     Lower Hem. Trend, Plunge of P,T     82.18    11.44   174.13     9.58
     MRR =-0.01  MTT = 0.94  MPP =-0.93  MRT =-0.19  MRP = 0.18  MTP = 0.23
     Dip,Strike,Rake     86.16   307.59    14.51
     Dip,Strike,Rake     75.52   216.60   176.03   Auxiliary Plane
     Lower Hem. Trend, Plunge of A,N    126.60    14.48   217.59     3.84
     Lower Hem. Trend & Plunge of B    322.10    75.00
     Lower Hem. Trend, Plunge of P,T     81.25     7.44   172.97    12.95
     MRR = 0.03  MTT = 0.91  MPP =-0.95  MRT =-0.24  MRP = 0.10  MTP = 0.26
     Dip,Strike,Rake     82.56   311.91    13.06
     Dip,Strike,Rake     77.05   220.19   172.36   Auxiliary Plane
     Lower Hem. Trend, Plunge of A,N    130.19    12.95   221.91     7.44
     Lower Hem. Trend & Plunge of B    341.08    75.00
     Lower Hem. Trend, Plunge of P,T     85.57     3.83   176.56    14.48
     MRR = 0.06  MTT = 0.93  MPP =-0.99  MRT =-0.25  MRP = 0.05  MTP = 0.13
     Dip,Strike,Rake     82.36   310.43     6.47
     Dip,Strike,Rake     83.59   219.57   172.31   Auxiliary Plane
     Lower Hem. Trend, Plunge of A,N    129.57     6.41   220.43     7.64
     Lower Hem. Trend & Plunge of B    359.97    80.00
     Lower Hem. Trend, Plunge of P,T    265.07     0.86   174.92     9.96
     MRR = 0.03  MTT = 0.96  MPP =-0.98  MRT =-0.17  MRP =-0.03  MTP = 0.17
     Dip,Strike,Rake     80.15   307.84     1.75
     Dip,Strike,Rake     88.28   217.54   170.15   Auxiliary Plane
     Lower Hem. Trend, Plunge of A,N    127.54     1.72   217.84     9.85
     Lower Hem. Trend & Plunge of B     27.71    80.00
     Lower Hem. Trend, Plunge of P,T    263.10     5.72   172.28     8.18
     MRR = 0.01  MTT = 0.95  MPP =-0.96  MRT =-0.13  MRP =-0.12  MTP = 0.25
     Dip,Strike,Rake     80.34   312.91     2.61
     Dip,Strike,Rake     87.43   222.47   170.33   Auxiliary Plane
     Lower Hem. Trend, Plunge of A,N    132.47     2.57   222.91     9.66
     Lower Hem. Trend & Plunge of B     27.71    80.00
     Lower Hem. Trend, Plunge of P,T    268.07     4.99   177.31     8.65
     MRR = 0.02  MTT = 0.97  MPP =-0.99  MRT =-0.15  MRP =-0.09  MTP = 0.08
     Dip,Strike,Rake     80.34   310.16    -2.61
     Dip,Strike,Rake     87.43    40.60  -170.33   Auxiliary Plane
     Lower Hem. Trend, Plunge of A,N    310.60     2.57   220.16     9.66
     Lower Hem. Trend & Plunge of B     55.36    80.00
     Lower Hem. Trend, Plunge of P,T    265.76     8.65   175.00     4.99
     MRR =-0.02  MTT = 0.98  MPP =-0.96  MRT =-0.08  MRP =-0.16  MTP = 0.16
     Dip,Strike,Rake     82.95   307.64    -7.11
     Dip,Strike,Rake     82.94    38.52  -172.90   Auxiliary Plane
     Lower Hem. Trend, Plunge of A,N    308.52     7.06   217.64     7.05
     Lower Hem. Trend & Plunge of B     83.10    80.00
     Lower Hem. Trend, Plunge of P,T    263.08    10.00   353.08     0.00
     MRR =-0.03  MTT = 0.97  MPP =-0.94  MRT = 0.02  MRP =-0.17  MTP = 0.24
     Dip,Strike,Rake     87.42   305.55    -9.67
     Dip,Strike,Rake     80.34    35.99  -177.38   Auxiliary Plane
     Lower Hem. Trend, Plunge of A,N    305.99     9.66   215.55     2.58
     Lower Hem. Trend & Plunge of B    110.75    79.99
     Lower Hem. Trend, Plunge of P,T    260.39     8.66   351.15     4.98
     MRR =-0.02  MTT = 0.94  MPP =-0.93  MRT = 0.11  MRP =-0.13  MTP = 0.31
     Dip,Strike,Rake     86.60   310.49    -9.41
     Dip,Strike,Rake     80.61    41.05  -176.55   Auxiliary Plane
     Lower Hem. Trend, Plunge of A,N    311.05     9.39   220.49     3.40
     Lower Hem. Trend & Plunge of B    110.80    80.00
     Lower Hem. Trend, Plunge of P,T    265.43     9.05   356.10     4.21
     MRR =-0.02  MTT = 0.98  MPP =-0.96  MRT = 0.09  MRP =-0.15  MTP = 0.14
     Dip,Strike,Rake     88.27   128.61     9.85
     Dip,Strike,Rake     80.15    38.31   178.24   Auxiliary Plane
     Lower Hem. Trend, Plunge of A,N    308.31     9.85    38.61     1.73
     Lower Hem. Trend & Plunge of B    138.47    80.00
     Lower Hem. Trend, Plunge of P,T    263.05     5.71   353.87     8.18
     MRR = 0.01  MTT = 0.95  MPP =-0.96  MRT = 0.15  MRP =-0.08  MTP = 0.22
     Dip,Strike,Rake     80.04   126.46    -0.88
     Dip,Strike,Rake     89.13   216.61  -170.04   Auxiliary Plane
     Lower Hem. Trend, Plunge of A,N    126.61     0.87    36.46     9.96
     Lower Hem. Trend & Plunge of B    221.53    80.00
     Lower Hem. Trend, Plunge of P,T     81.97     7.64   351.11     6.41
     MRR =-0.01  MTT = 0.94  MPP =-0.94  MRT = 0.09  MRP = 0.15  MTP = 0.29
     Dip,Strike,Rake     81.35   128.85    -5.04
     Dip,Strike,Rake     85.02   219.61  -171.32   Auxiliary Plane
     Lower Hem. Trend, Plunge of A,N    129.61     4.98    38.85     8.65
     Lower Hem. Trend & Plunge of B    249.24    80.00
     Lower Hem. Trend, Plunge of P,T     84.45     9.66   354.01     2.58
     MRR =-0.03  MTT = 0.98  MPP =-0.95  MRT = 0.03  MRP = 0.17  MTP = 0.20
     Dip,Strike,Rake     85.02   126.54    -8.68
     Dip,Strike,Rake     81.35   217.30  -174.96   Auxiliary Plane
     Lower Hem. Trend, Plunge of A,N    127.30     8.65    36.54     4.98
     Lower Hem. Trend & Plunge of B    276.92    80.00
     Lower Hem. Trend, Plunge of P,T     81.70     9.65   172.14     2.58
     MRR =-0.03  MTT = 0.96  MPP =-0.93  MRT =-0.07  MRP = 0.16  MTP = 0.27
     Dip,Strike,Rake     89.13   129.54    -9.96
     Dip,Strike,Rake     80.04   219.69  -179.12   Auxiliary Plane
     Lower Hem. Trend, Plunge of A,N    129.69     9.96    39.54     0.87
     Lower Hem. Trend & Plunge of B    304.60    80.00
     Lower Hem. Trend, Plunge of P,T     84.18     7.64   175.05     6.40
     MRR =-0.01  MTT = 0.97  MPP =-0.96  MRT =-0.12  MRP = 0.12  MTP = 0.18
     Dip,Strike,Rake     85.79   307.64     9.08
     Dip,Strike,Rake     80.94   216.97   175.74   Auxiliary Plane
     Lower Hem. Trend, Plunge of A,N    126.97     9.06   217.64     4.21
     Lower Hem. Trend & Plunge of B    332.31    80.00
     Lower Hem. Trend, Plunge of P,T     82.03     3.40   172.59     9.39
     MRR = 0.02  MTT = 0.94  MPP =-0.96  MRT =-0.17  MRP = 0.04  MTP = 0.26
     Dip,Strike,Rake     86.17   310.11     3.22
     Dip,Strike,Rake     86.79   219.89   176.16   Auxiliary Plane
     Lower Hem. Trend, Plunge of A,N    129.89     3.21   220.11     3.83
     Lower Hem. Trend & Plunge of B      0.00    85.00
     Lower Hem. Trend, Plunge of P,T    265.02     0.44   174.98     4.98
     MRR = 0.01  MTT = 0.98  MPP =-0.98  MRT =-0.09  MRP =-0.02  MTP = 0.17
     Dip,Strike,Rake     85.30   309.93    -1.71
     Dip,Strike,Rake     88.30    40.07  -175.30   Auxiliary Plane
     Lower Hem. Trend, Plunge of A,N    310.07     1.70   219.93     4.70
     Lower Hem. Trend & Plunge of B     59.95    85.00
     Lower Hem. Trend, Plunge of P,T    265.08     4.53   174.92     2.12
     MRR =-0.00  MTT = 0.98  MPP =-0.98  MRT =-0.03  MRP =-0.08  MTP = 0.17
     Dip,Strike,Rake     89.13   309.96    -4.92
     Dip,Strike,Rake     85.08    40.03  -179.13   Auxiliary Plane
     Lower Hem. Trend, Plunge of A,N    310.03     4.92   219.96     0.87
     Lower Hem. Trend & Plunge of B    119.96    85.00
     Lower Hem. Trend, Plunge of P,T    264.89     4.09   355.10     2.86
     MRR =-0.00  MTT = 0.98  MPP =-0.98  MRT = 0.06  MRP =-0.07  MTP = 0.17
     Dip,Strike,Rake     86.17   130.11     3.22
     Dip,Strike,Rake     86.79    39.89   176.16   Auxiliary Plane
     Lower Hem. Trend, Plunge of A,N    309.89     3.21    40.11     3.83
     Lower Hem. Trend & Plunge of B    180.00    85.00
     Lower Hem. Trend, Plunge of P,T     85.02     0.44   354.98     4.98
     MRR = 0.01  MTT = 0.98  MPP =-0.98  MRT = 0.09  MRP = 0.02  MTP = 0.17
     Dip,Strike,Rake     85.30   129.93    -1.71
     Dip,Strike,Rake     88.30   220.07  -175.30   Auxiliary Plane
     Lower Hem. Trend, Plunge of A,N    130.07     1.70    39.93     4.70
     Lower Hem. Trend & Plunge of B    239.95    85.00
     Lower Hem. Trend, Plunge of P,T     85.08     4.53   354.92     2.12
     MRR =-0.00  MTT = 0.98  MPP =-0.98  MRT = 0.03  MRP = 0.08  MTP = 0.17
     Dip,Strike,Rake     89.13   129.96    -4.92
     Dip,Strike,Rake     85.08   220.03  -179.13   Auxiliary Plane
     Lower Hem. Trend, Plunge of A,N    130.03     4.92    39.96     0.87
     Lower Hem. Trend & Plunge of B    299.96    85.00
     Lower Hem. Trend, Plunge of P,T     84.89     4.09   175.10     2.86
     MRR =-0.00  MTT = 0.98  MPP =-0.98  MRT =-0.06  MRP = 0.07  MTP = 0.17
     Dip,Strike,Rake     90.00   310.00    -0.00
     Dip,Strike,Rake     90.00   220.00   180.00   Auxiliary Plane
     Lower Hem. Trend, Plunge of A,N    310.00     0.00    40.00     0.00
     Lower Hem. Trend & Plunge of B      0.00    90.00
     Lower Hem. Trend, Plunge of P,T    265.00     0.00   355.00     0.00
     MRR = 0.00  MTT = 0.98  MPP =-0.98  MRT = 0.00  MRP = 0.00  MTP = 0.17
