  Tue Oct 24 17:12:45 2023 for program Focmec
 Event 8703270729 4 UW errors max
 Input from a file puna_200805291353_p.inp
 200805291353

 Statn  Azimuth    TOA   Key  Log10 Ratio  NumPol  DenTOA  Comment
  NS18   194.3     92.6   U                                IP
  NS16   200.1     95.9   U                                IP
  NS15   202.3     97.4   +                                IP
 Including emergent polarity picks
  NS14   210.7     97.3   +                                IP
  BB24   216.1     91.7   +                                IP
  NS13   222.6     98.2   -                                IP
  NS11   239.2    104.2   D                                IP
  NS10   247.2    106.1   D                                IP
  BB02   254.1     95.9   -                                IP
  NS09   272.8    109.8   D                                IP
  EW15   283.6     95.1   D                                IP
  EW14   290.0     96.9   D                                IP
  NS08   297.4    107.7   D                                IP
  BB09   300.5     94.7   -                                IP
  EW12   302.0    101.1   -                                IP
  EW11   311.1    103.2   U                                IP
  BB05   318.5     91.2   +                                IP
  NS07   324.5    107.0   U                                IP
  BB08   330.5     92.3   U                                IP
  NS05   353.0    102.3   U                                IP
  NS02   355.2     95.4   U                                IP
  NS04     1.0     99.5   U                                IP
  EW10    12.9    105.6   U                                IP
  EW01    58.6    105.0   D                                IP..
  EW02    69.3    100.0   D                                IP
  BB16    77.8     90.5   -                                IP
  EW03    83.1     98.9   D                                IP
  EW05    81.9     93.0   D                                IP
  EW06    86.3     92.0   D                                IP
  EW07    88.9     91.5   D                                IP
  EW08    90.9     90.3   D                                IP
  BB15   115.8     92.9   -                                IP
  BB13   137.3     92.8   U                                IP
 Polarities/Errors:  P 033/00  SV 000/00  SH 000/00
 There are no amplitude ratio data
 The minimum, increment and maximum B axis trend:     0.00    5.00  355.00
 The limits for the B axis plunge:     0.00    5.00   90.00
 The limits for Angle:     0.00    5.00  175.00
 ++++++++++++++++++++++++++++++++++++++++++++++++++++++++++++++++++++++++++++

     Dip,Strike,Rake     82.36   121.01   -49.57
     Dip,Strike,Rake     41.03   219.89  -168.31   Auxiliary Plane
     Lower Hem. Trend, Plunge of A,N    129.89    48.97    31.01     7.64
     Lower Hem. Trend, Plunge of P,T     67.10    38.87   180.31    26.06
     B trend, B plunge, Angle:  294.55  40.00 100.00
++++++++++++++++++++++++++++++++++++++++++++++++++++++++++++++++++++++++++++++++

     Dip,Strike,Rake     79.45   120.14   -44.01
     Dip,Strike,Rake     46.92   220.17  -165.49   Auxiliary Plane
     Lower Hem. Trend, Plunge of A,N    130.17    43.08    30.14    10.55
     Lower Hem. Trend, Plunge of P,T     70.18    37.76   177.20    20.70
     B trend, B plunge, Angle:  289.41  45.00 105.00
++++++++++++++++++++++++++++++++++++++++++++++++++++++++++++++++++++++++++++++++

     Dip,Strike,Rake     82.95   123.58   -44.56
     Dip,Strike,Rake     45.86   220.47  -170.15   Auxiliary Plane
     Lower Hem. Trend, Plunge of A,N    130.47    44.14    33.58     7.05
     Lower Hem. Trend, Plunge of P,T     71.75    35.40   180.13    23.93
     B trend, B plunge, Angle:  296.47  45.00 100.00
++++++++++++++++++++++++++++++++++++++++++++++++++++++++++++++++++++++++++++++++

     Dip,Strike,Rake     86.47   127.07   -44.89
     Dip,Strike,Rake     45.22   220.58  -175.02   Auxiliary Plane
     Lower Hem. Trend, Plunge of A,N    130.58    44.78    37.07     3.53
     Lower Hem. Trend, Plunge of P,T     73.65    32.80   182.85    27.03
     B trend, B plunge, Angle:  303.53  45.00  95.00
++++++++++++++++++++++++++++++++++++++++++++++++++++++++++++++++++++++++++++++++

     Dip,Strike,Rake     90.00   310.59    45.00
     Dip,Strike,Rake     45.00   220.59   180.00   Auxiliary Plane
     Lower Hem. Trend, Plunge of A,N    130.59    45.00    40.59     0.00
     Lower Hem. Trend, Plunge of P,T    180.00    90.00   180.00    90.00
     B trend, B plunge, Angle:  310.59  45.00  90.00
++++++++++++++++++++++++++++++++++++++++++++++++++++++++++++++++++++++++++++++++

     Dip,Strike,Rake     50.73   314.27     8.29
     Dip,Strike,Rake     83.59   219.00   140.43   Auxiliary Plane
     Lower Hem. Trend, Plunge of A,N    129.00     6.41   224.27    39.27
     Lower Hem. Trend, Plunge of P,T    273.10    21.63   168.88    31.77
     B trend, B plunge, Angle:   31.30  50.00  10.00
++++++++++++++++++++++++++++++++++++++++++++++++++++++++++++++++++++++++++++++++

     Dip,Strike,Rake     90.00   125.22    40.00
     Dip,Strike,Rake     50.00    35.22   180.00   Auxiliary Plane
     Lower Hem. Trend, Plunge of A,N    305.22    40.00   215.22     0.00
     Lower Hem. Trend, Plunge of P,T    252.67    27.03   357.76    27.03
     B trend, B plunge, Angle:  125.22  50.00  90.00
++++++++++++++++++++++++++++++++++++++++++++++++++++++++++++++++++++++++++++++++

     Dip,Strike,Rake     52.84   119.37   -16.01
     Dip,Strike,Rake     77.30   219.20  -141.74   Auxiliary Plane
     Lower Hem. Trend, Plunge of A,N    129.20    12.70    29.37    37.16
     Lower Hem. Trend, Plunge of P,T     86.11    35.63   344.44    15.76
     B trend, B plunge, Angle:  234.78  50.00 160.00
++++++++++++++++++++++++++++++++++++++++++++++++++++++++++++++++++++++++++++++++

     Dip,Strike,Rake     54.37   121.28   -19.53
     Dip,Strike,Rake     74.24   222.95  -142.75   Auxiliary Plane
     Lower Hem. Trend, Plunge of A,N    132.95    15.76    31.28    35.63
     Lower Hem. Trend, Plunge of P,T     88.02    37.16   348.19    12.70
     B trend, B plunge, Angle:  242.61  50.00 155.00
++++++++++++++++++++++++++++++++++++++++++++++++++++++++++++++++++++++++++++++++

     Dip,Strike,Rake     58.23   118.01   -25.70
     Dip,Strike,Rake     68.37   222.23  -145.50   Auxiliary Plane
     Lower Hem. Trend, Plunge of A,N    132.23    21.63    28.01    31.77
     Lower Hem. Trend, Plunge of P,T     83.40    39.27   348.13     6.41
     B trend, B plunge, Angle:  250.43  50.00 145.00
++++++++++++++++++++++++++++++++++++++++++++++++++++++++++++++++++++++++++++++++

     Dip,Strike,Rake     60.50   120.65   -28.34
     Dip,Strike,Rake     65.60   225.53  -147.27   Auxiliary Plane
     Lower Hem. Trend, Plunge of A,N    135.53    24.40    30.65    29.50
     Lower Hem. Trend, Plunge of P,T     84.78    39.82   352.10     3.21
     B trend, B plunge, Angle:  258.26  50.00 140.00
++++++++++++++++++++++++++++++++++++++++++++++++++++++++++++++++++++++++++++++++

     Dip,Strike,Rake     65.60   118.82   -32.73
     Dip,Strike,Rake     60.50   223.69  -151.66   Auxiliary Plane
     Lower Hem. Trend, Plunge of A,N    133.69    29.50    28.82    24.40
     Lower Hem. Trend, Plunge of P,T     79.57    39.82   172.25     3.21
     B trend, B plunge, Angle:  266.09  50.00 130.00
++++++++++++++++++++++++++++++++++++++++++++++++++++++++++++++++++++++++++++++++

     Dip,Strike,Rake     68.37   122.12   -34.50
     Dip,Strike,Rake     58.23   226.34  -154.30   Auxiliary Plane
     Lower Hem. Trend, Plunge of A,N    136.34    31.77    32.12    21.63
     Lower Hem. Trend, Plunge of P,T     80.95    39.27   176.22     6.41
     B trend, B plunge, Angle:  273.91  50.00 125.00
++++++++++++++++++++++++++++++++++++++++++++++++++++++++++++++++++++++++++++++++

     Dip,Strike,Rake     74.24   121.40   -37.25
     Dip,Strike,Rake     54.37   223.07  -160.47   Auxiliary Plane
     Lower Hem. Trend, Plunge of A,N    133.07    35.63    31.40    15.76
     Lower Hem. Trend, Plunge of P,T     76.33    37.16   176.16    12.70
     B trend, B plunge, Angle:  281.74  50.00 115.00
++++++++++++++++++++++++++++++++++++++++++++++++++++++++++++++++++++++++++++++++

     Dip,Strike,Rake     80.42   121.16   -39.03
     Dip,Strike,Rake     51.62   218.84  -167.75   Auxiliary Plane
     Lower Hem. Trend, Plunge of A,N    128.84    38.38    31.16     9.58
     Lower Hem. Trend, Plunge of P,T     72.56    33.83   175.71    18.75
     B trend, B plunge, Angle:  289.57  50.00 105.00
++++++++++++++++++++++++++++++++++++++++++++++++++++++++++++++++++++++++++++++++

     Dip,Strike,Rake     77.30   125.14   -38.26
     Dip,Strike,Rake     52.84   224.98  -163.99   Auxiliary Plane
     Lower Hem. Trend, Plunge of A,N    134.98    37.16    35.14    12.70
     Lower Hem. Trend, Plunge of P,T     78.24    35.63   179.91    15.76
     B trend, B plunge, Angle:  289.57  50.00 110.00
++++++++++++++++++++++++++++++++++++++++++++++++++++++++++++++++++++++++++++++++

     Dip,Strike,Rake     83.59   125.08   -39.57
     Dip,Strike,Rake     50.73   220.35  -171.71   Auxiliary Plane
     Lower Hem. Trend, Plunge of A,N    130.35    39.27    35.08     6.41
     Lower Hem. Trend, Plunge of P,T     74.96    31.77   179.18    21.63
     B trend, B plunge, Angle:  297.39  50.00 100.00
++++++++++++++++++++++++++++++++++++++++++++++++++++++++++++++++++++++++++++++++

     Dip,Strike,Rake     86.79   129.05   -39.89
     Dip,Strike,Rake     50.18   221.73  -175.82   Auxiliary Plane
     Lower Hem. Trend, Plunge of A,N    131.73    39.82    39.05     3.21
     Lower Hem. Trend, Plunge of P,T     77.61    29.50   182.49    24.40
     B trend, B plunge, Angle:  305.22  50.00  95.00
++++++++++++++++++++++++++++++++++++++++++++++++++++++++++++++++++++++++++++++++

     Dip,Strike,Rake     56.36   314.45    10.27
     Dip,Strike,Rake     81.46   218.72   145.93   Auxiliary Plane
     Lower Hem. Trend, Plunge of A,N    128.72     8.54   224.45    33.64
     Lower Hem. Trend, Plunge of P,T    271.03    16.67   171.16    29.78
     B trend, B plunge, Angle:   26.34  55.00  15.00
++++++++++++++++++++++++++++++++++++++++++++++++++++++++++++++++++++++++++++++++

     Dip,Strike,Rake     55.15   311.22     3.49
     Dip,Strike,Rake     87.13   219.22   145.10   Auxiliary Plane
     Lower Hem. Trend, Plunge of A,N    129.22     2.87   221.22    34.85
     Lower Hem. Trend, Plunge of P,T    270.62    21.63   169.43    26.06
     B trend, B plunge, Angle:   35.12  55.00   5.00
++++++++++++++++++++++++++++++++++++++++++++++++++++++++++++++++++++++++++++++++

     Dip,Strike,Rake     87.13   127.61    34.90
     Dip,Strike,Rake     55.15    35.61   176.51   Auxiliary Plane
     Lower Hem. Trend, Plunge of A,N    305.61    34.85    37.61     2.87
     Lower Hem. Trend, Plunge of P,T    256.21    21.63   357.40    26.06
     B trend, B plunge, Angle:  131.71  55.00  85.00
++++++++++++++++++++++++++++++++++++++++++++++++++++++++++++++++++++++++++++++++

     Dip,Strike,Rake     60.22   120.68   -19.30
     Dip,Strike,Rake     73.33   220.54  -148.77   Auxiliary Plane
     Lower Hem. Trend, Plunge of A,N    130.54    16.67    30.68    29.78
     Lower Hem. Trend, Plunge of P,T     83.97    33.64   348.23     8.54
     B trend, B plunge, Angle:  245.85  55.00 150.00
++++++++++++++++++++++++++++++++++++++++++++++++++++++++++++++++++++++++++++++++

     Dip,Strike,Rake     63.94   118.95   -24.23
     Dip,Strike,Rake     68.37   220.13  -151.79   Auxiliary Plane
     Lower Hem. Trend, Plunge of A,N    130.13    21.63    28.94    26.06
     Lower Hem. Trend, Plunge of P,T     80.73    34.85   348.73     2.87
     B trend, B plunge, Angle:  254.63  55.00 140.00
++++++++++++++++++++++++++++++++++++++++++++++++++++++++++++++++++++++++++++++++

     Dip,Strike,Rake     66.07   122.74   -26.34
     Dip,Strike,Rake     66.07   224.09  -153.66   Auxiliary Plane
     Lower Hem. Trend, Plunge of A,N    134.09    23.93    32.74    23.93
     Lower Hem. Trend, Plunge of P,T     83.41    35.00   353.41     0.00
     B trend, B plunge, Angle:  263.41  55.00 135.00
++++++++++++++++++++++++++++++++++++++++++++++++++++++++++++++++++++++++++++++++

     Dip,Strike,Rake     70.79   122.03   -29.84
     Dip,Strike,Rake     61.98   222.72  -158.12   Auxiliary Plane
     Lower Hem. Trend, Plunge of A,N    132.72    28.02    32.03    19.21
     Lower Hem. Trend, Plunge of P,T     80.05    34.39   173.98     5.72
     B trend, B plunge, Angle:  272.20  55.00 125.00
++++++++++++++++++++++++++++++++++++++++++++++++++++++++++++++++++++++++++++++++

     Dip,Strike,Rake     75.97   121.88   -32.40
     Dip,Strike,Rake     58.68   220.63  -163.52   Auxiliary Plane
     Lower Hem. Trend, Plunge of A,N    130.63    31.32    31.88    14.03
     Lower Hem. Trend, Plunge of P,T     77.02    32.61   174.37    11.31
     B trend, B plunge, Angle:  280.98  55.00 115.00
++++++++++++++++++++++++++++++++++++++++++++++++++++++++++++++++++++++++++++++++

     Dip,Strike,Rake     73.33   126.29   -31.23
     Dip,Strike,Rake     60.22   226.15  -160.70   Auxiliary Plane
     Lower Hem. Trend, Plunge of A,N    136.15    29.78    36.29    16.67
     Lower Hem. Trend, Plunge of P,T     82.86    33.64   178.60     8.54
     B trend, B plunge, Angle:  280.98  55.00 120.00
++++++++++++++++++++++++++++++++++++++++++++++++++++++++++++++++++++++++++++++++

     Dip,Strike,Rake     81.46   122.14   -34.07
     Dip,Strike,Rake     56.36   217.87  -169.73   Auxiliary Plane
     Lower Hem. Trend, Plunge of A,N    127.87    33.64    32.14     8.54
     Lower Hem. Trend, Plunge of P,T     74.58    29.78   174.44    16.67
     B trend, B plunge, Angle:  289.76  55.00 105.00
++++++++++++++++++++++++++++++++++++++++++++++++++++++++++++++++++++++++++++++++

     Dip,Strike,Rake     78.69   126.36   -33.34
     Dip,Strike,Rake     57.39   223.71  -166.53   Auxiliary Plane
     Lower Hem. Trend, Plunge of A,N    133.71    32.61    36.36    11.31
     Lower Hem. Trend, Plunge of P,T     80.11    31.32   178.85    14.03
     B trend, B plunge, Angle:  289.76  55.00 110.00
++++++++++++++++++++++++++++++++++++++++++++++++++++++++++++++++++++++++++++++++

     Dip,Strike,Rake     84.28   126.76   -34.59
     Dip,Strike,Rake     55.61   220.68  -173.07   Auxiliary Plane
     Lower Hem. Trend, Plunge of A,N    130.68    34.39    36.76     5.72
     Lower Hem. Trend, Plunge of P,T     78.01    28.02   178.70    19.21
     B trend, B plunge, Angle:  298.54  55.00 100.00
++++++++++++++++++++++++++++++++++++++++++++++++++++++++++++++++++++++++++++++++

     Dip,Strike,Rake     90.00   307.32    35.00
     Dip,Strike,Rake     55.00   217.32   180.00   Auxiliary Plane
     Lower Hem. Trend, Plunge of A,N    127.32    35.00    37.32     0.00
     Lower Hem. Trend, Plunge of P,T     76.64    23.93   177.99    23.93
     B trend, B plunge, Angle:  307.32  55.00  90.00
++++++++++++++++++++++++++++++++++++++++++++++++++++++++++++++++++++++++++++++++

     Dip,Strike,Rake     64.34   313.69    16.10
     Dip,Strike,Rake     75.52   216.57   153.43   Auxiliary Plane
     Lower Hem. Trend, Plunge of A,N    126.57    14.48   223.69    25.66
     Lower Hem. Trend, Plunge of P,T    266.94     7.44   172.81    28.88
     B trend, B plunge, Angle:   10.00  60.00  30.00
++++++++++++++++++++++++++++++++++++++++++++++++++++++++++++++++++++++++++++++++

     Dip,Strike,Rake     61.98   312.80    11.17
     Dip,Strike,Rake     80.15   217.50   151.52   Auxiliary Plane
     Lower Hem. Trend, Plunge of A,N    127.50     9.85   222.80    28.02
     Lower Hem. Trend, Plunge of P,T    268.01    12.20   171.70    26.95
     B trend, B plunge, Angle:   20.00  60.00  20.00
++++++++++++++++++++++++++++++++++++++++++++++++++++++++++++++++++++++++++++++++

     Dip,Strike,Rake     60.50   311.51     5.73
     Dip,Strike,Rake     85.02   218.68   150.38   Auxiliary Plane
     Lower Hem. Trend, Plunge of A,N    128.68     4.98   221.51    29.50
     Lower Hem. Trend, Plunge of P,T    268.77    16.67   171.04    24.18
     B trend, B plunge, Angle:   30.00  60.00  10.00
++++++++++++++++++++++++++++++++++++++++++++++++++++++++++++++++++++++++++++++++

     Dip,Strike,Rake     60.00   310.00    -0.00
     Dip,Strike,Rake     90.00   220.00   150.00   Auxiliary Plane
     Lower Hem. Trend, Plunge of A,N    310.00     0.00   220.00    30.00
     Lower Hem. Trend, Plunge of P,T    269.11    20.70   170.89    20.70
     B trend, B plunge, Angle:   40.00  60.00   0.00
++++++++++++++++++++++++++++++++++++++++++++++++++++++++++++++++++++++++++++++++

     Dip,Strike,Rake     60.50   308.49    -5.73
     Dip,Strike,Rake     85.02    41.32  -150.38   Auxiliary Plane
     Lower Hem. Trend, Plunge of A,N    311.32     4.98   218.49    29.50
     Lower Hem. Trend, Plunge of P,T    268.96    24.18   171.23    16.67
     B trend, B plunge, Angle:   50.00  60.00 170.00
++++++++++++++++++++++++++++++++++++++++++++++++++++++++++++++++++++++++++++++++

     Dip,Strike,Rake     87.50   304.33   -29.91
     Dip,Strike,Rake     60.13    35.77  -177.12   Auxiliary Plane
     Lower Hem. Trend, Plunge of A,N    305.77    29.87   214.33     2.50
     Lower Hem. Trend, Plunge of P,T    255.90    22.52   353.99    18.75
     B trend, B plunge, Angle:  120.00  60.00  95.00
++++++++++++++++++++++++++++++++++++++++++++++++++++++++++++++++++++++++++++++++

     Dip,Strike,Rake     61.12   122.81    -8.50
     Dip,Strike,Rake     82.56   216.94  -150.85   Auxiliary Plane
     Lower Hem. Trend, Plunge of A,N    126.94     7.44    32.81    28.88
     Lower Hem. Trend, Plunge of P,T     83.69    25.66   346.57    14.48
     B trend, B plunge, Angle:  230.00  60.00 165.00
++++++++++++++++++++++++++++++++++++++++++++++++++++++++++++++++++++++++++++++++

     Dip,Strike,Rake     63.05   121.70   -13.71
     Dip,Strike,Rake     77.80   218.01  -152.38   Auxiliary Plane
     Lower Hem. Trend, Plunge of A,N    128.01    12.20    31.70    26.95
     Lower Hem. Trend, Plunge of P,T     82.80    28.02   347.50     9.85
     B trend, B plunge, Angle:  240.00  60.00 155.00
++++++++++++++++++++++++++++++++++++++++++++++++++++++++++++++++++++++++++++++++

     Dip,Strike,Rake     65.82   121.04   -18.32
     Dip,Strike,Rake     73.33   218.77  -154.69   Auxiliary Plane
     Lower Hem. Trend, Plunge of A,N    128.77    16.67    31.04    24.18
     Lower Hem. Trend, Plunge of P,T     81.51    29.50   348.68     4.98
     B trend, B plunge, Angle:  250.00  60.00 145.00
++++++++++++++++++++++++++++++++++++++++++++++++++++++++++++++++++++++++++++++++

     Dip,Strike,Rake     69.30   120.89   -22.21
     Dip,Strike,Rake     69.30   219.11  -157.79   Auxiliary Plane
     Lower Hem. Trend, Plunge of A,N    129.11    20.70    30.89    20.70
     Lower Hem. Trend, Plunge of P,T    180.00    90.00   350.00     0.00
     B trend, B plunge, Angle:  260.00  60.00 135.00
++++++++++++++++++++++++++++++++++++++++++++++++++++++++++++++++++++++++++++++++

     Dip,Strike,Rake     73.33   121.23   -25.31
     Dip,Strike,Rake     65.82   218.96  -161.68   Auxiliary Plane
     Lower Hem. Trend, Plunge of A,N    128.96    24.18    31.23    16.67
     Lower Hem. Trend, Plunge of P,T     78.49    29.50   171.32     4.98
     B trend, B plunge, Angle:  270.00  60.00 125.00
++++++++++++++++++++++++++++++++++++++++++++++++++++++++++++++++++++++++++++++++

     Dip,Strike,Rake     71.25   126.01   -23.86
     Dip,Strike,Rake     67.48   224.10  -159.64   Auxiliary Plane
     Lower Hem. Trend, Plunge of A,N    134.10    22.52    36.01    18.75
     Lower Hem. Trend, Plunge of P,T     84.23    29.87   175.67     2.50
     B trend, B plunge, Angle:  270.00  60.00 130.00
++++++++++++++++++++++++++++++++++++++++++++++++++++++++++++++++++++++++++++++++

     Dip,Strike,Rake     77.80   121.99   -27.62
     Dip,Strike,Rake     63.05   218.30  -166.29   Auxiliary Plane
     Lower Hem. Trend, Plunge of A,N    128.30    26.95    31.99    12.20
     Lower Hem. Trend, Plunge of P,T     77.20    28.02   172.50     9.85
     B trend, B plunge, Angle:  280.00  60.00 115.00
++++++++++++++++++++++++++++++++++++++++++++++++++++++++++++++++++++++++++++++++

     Dip,Strike,Rake     75.52   126.57   -26.57
     Dip,Strike,Rake     64.34   223.69  -163.90   Auxiliary Plane
     Lower Hem. Trend, Plunge of A,N    133.69    25.66    36.57    14.48
     Lower Hem. Trend, Plunge of P,T     82.81    28.88   176.94     7.44
     B trend, B plunge, Angle:  280.00  60.00 120.00
++++++++++++++++++++++++++++++++++++++++++++++++++++++++++++++++++++++++++++++++

     Dip,Strike,Rake     82.56   123.06   -29.15
     Dip,Strike,Rake     61.12   217.19  -171.50   Auxiliary Plane
     Lower Hem. Trend, Plunge of A,N    127.19    28.88    33.06     7.44
     Lower Hem. Trend, Plunge of P,T     76.31    25.66   173.43    14.48
     B trend, B plunge, Angle:  290.00  60.00 105.00
++++++++++++++++++++++++++++++++++++++++++++++++++++++++++++++++++++++++++++++++

     Dip,Strike,Rake     80.15   127.50   -28.48
     Dip,Strike,Rake     61.98   222.80  -168.83   Auxiliary Plane
     Lower Hem. Trend, Plunge of A,N    132.80    28.02    37.50     9.85
     Lower Hem. Trend, Plunge of P,T     81.70    26.95   178.01    12.20
     B trend, B plunge, Angle:  290.00  60.00 110.00
++++++++++++++++++++++++++++++++++++++++++++++++++++++++++++++++++++++++++++++++

     Dip,Strike,Rake     85.02   128.68   -29.62
     Dip,Strike,Rake     60.50   221.51  -174.27   Auxiliary Plane
     Lower Hem. Trend, Plunge of A,N    131.51    29.50    38.68     4.98
     Lower Hem. Trend, Plunge of P,T     81.04    24.18   178.77    16.67
     B trend, B plunge, Angle:  300.00  60.00 100.00
++++++++++++++++++++++++++++++++++++++++++++++++++++++++++++++++++++++++++++++++

     Dip,Strike,Rake     90.00   310.00    30.00
     Dip,Strike,Rake     60.00   220.00   180.00   Auxiliary Plane
     Lower Hem. Trend, Plunge of A,N    130.00    30.00    40.00     0.00
     Lower Hem. Trend, Plunge of P,T     80.89    20.70   179.11    20.70
     B trend, B plunge, Angle:  310.00  60.00  90.00
++++++++++++++++++++++++++++++++++++++++++++++++++++++++++++++++++++++++++++++++

     Dip,Strike,Rake     85.02   311.32    29.62
     Dip,Strike,Rake     60.50   218.49   174.27   Auxiliary Plane
     Lower Hem. Trend, Plunge of A,N    128.49    29.50   221.32     4.98
     Lower Hem. Trend, Plunge of P,T     81.23    16.67   178.96    24.18
     B trend, B plunge, Angle:  320.00  60.00  80.00
++++++++++++++++++++++++++++++++++++++++++++++++++++++++++++++++++++++++++++++++

     Dip,Strike,Rake     80.15   312.50    28.48
     Dip,Strike,Rake     61.98   217.20   168.83   Auxiliary Plane
     Lower Hem. Trend, Plunge of A,N    127.20    28.02   222.50     9.85
     Lower Hem. Trend, Plunge of P,T     81.99    12.20   178.30    26.95
     B trend, B plunge, Angle:  330.00  60.00  70.00
++++++++++++++++++++++++++++++++++++++++++++++++++++++++++++++++++++++++++++++++

     Dip,Strike,Rake     71.11   312.79    16.69
     Dip,Strike,Rake     74.24   217.25   160.34   Auxiliary Plane
     Lower Hem. Trend, Plunge of A,N    127.25    15.76   222.79    18.89
     Lower Hem. Trend, Plunge of P,T    265.47     2.11   174.49    24.90
     B trend, B plunge, Angle:    0.00  65.00  40.00
++++++++++++++++++++++++++++++++++++++++++++++++++++++++++++++++++++++++++++++++

     Dip,Strike,Rake     68.53   314.50    13.12
     Dip,Strike,Rake     77.80   219.62   158.01   Auxiliary Plane
     Lower Hem. Trend, Plunge of A,N    129.62    12.20   224.50    21.47
     Lower Hem. Trend, Plunge of P,T    268.35     6.28   175.53    24.09
     B trend, B plunge, Angle:   12.00  65.00  30.00
++++++++++++++++++++++++++++++++++++++++++++++++++++++++++++++++++++++++++++++++

     Dip,Strike,Rake     65.91   310.47     6.88
     Dip,Strike,Rake     83.72   217.65   155.75   Auxiliary Plane
     Lower Hem. Trend, Plunge of A,N    127.65     6.28   220.47    24.09
     Lower Hem. Trend, Plunge of P,T    266.38    12.20   171.50    21.47
     B trend, B plunge, Angle:   24.00  65.00  15.00
++++++++++++++++++++++++++++++++++++++++++++++++++++++++++++++++++++++++++++++++

     Dip,Strike,Rake     66.60   315.88     9.06
     Dip,Strike,Rake     81.69   222.26   156.34   Auxiliary Plane
     Lower Hem. Trend, Plunge of A,N    132.26     8.31   225.88    23.40
     Lower Hem. Trend, Plunge of P,T    271.09    10.29   176.77    22.52
     B trend, B plunge, Angle:   24.00  65.00  20.00
++++++++++++++++++++++++++++++++++++++++++++++++++++++++++++++++++++++++++++++++

     Dip,Strike,Rake     65.10   311.51     2.33
     Dip,Strike,Rake     87.89   220.53   155.08   Auxiliary Plane
     Lower Hem. Trend, Plunge of A,N    130.53     2.11   221.51    24.90
     Lower Hem. Trend, Plunge of P,T    268.75    15.76   173.21    18.89
     B trend, B plunge, Angle:   36.00  65.00   5.00
++++++++++++++++++++++++++++++++++++++++++++++++++++++++++++++++++++++++++++++++

     Dip,Strike,Rake     87.89   304.53   -24.92
     Dip,Strike,Rake     65.10    35.51  -177.67   Auxiliary Plane
     Lower Hem. Trend, Plunge of A,N    305.51    24.90   214.53     2.11
     Lower Hem. Trend, Plunge of P,T    257.21    18.89   352.75    15.76
     B trend, B plunge, Angle:  120.00  65.00  95.00
++++++++++++++++++++++++++++++++++++++++++++++++++++++++++++++++++++++++++++++++

     Dip,Strike,Rake     87.89   127.47    24.92
     Dip,Strike,Rake     65.10    36.49   177.67   Auxiliary Plane
     Lower Hem. Trend, Plunge of A,N    306.49    24.90    37.47     2.11
     Lower Hem. Trend, Plunge of P,T    259.25    15.76   354.79    18.89
     B trend, B plunge, Angle:  132.00  65.00  85.00
++++++++++++++++++++++++++++++++++++++++++++++++++++++++++++++++++++++++++++++++

     Dip,Strike,Rake     67.48   122.77   -11.15
     Dip,Strike,Rake     79.71   217.09  -157.09   Auxiliary Plane
     Lower Hem. Trend, Plunge of A,N    127.09    10.29    32.77    22.52
     Lower Hem. Trend, Plunge of P,T     81.88    23.40   348.26     8.31
     B trend, B plunge, Angle:  240.00  65.00 155.00
++++++++++++++++++++++++++++++++++++++++++++++++++++++++++++++++++++++++++++++++

     Dip,Strike,Rake     69.75   124.31   -14.97
     Dip,Strike,Rake     75.97   219.60  -159.09   Auxiliary Plane
     Lower Hem. Trend, Plunge of A,N    129.60    14.03    34.31    20.25
     Lower Hem. Trend, Plunge of P,T     83.01    24.59   351.08     4.21
     B trend, B plunge, Angle:  252.00  65.00 145.00
++++++++++++++++++++++++++++++++++++++++++++++++++++++++++++++++++++++++++++++++

     Dip,Strike,Rake     74.24   121.25   -19.66
     Dip,Strike,Rake     71.11   216.79  -163.31   Auxiliary Plane
     Lower Hem. Trend, Plunge of A,N    126.79    18.89    31.25    15.76
     Lower Hem. Trend, Plunge of P,T     78.49    24.90   169.47     2.11
     B trend, B plunge, Angle:  264.00  65.00 130.00
++++++++++++++++++++++++++++++++++++++++++++++++++++++++++++++++++++++++++++++++

     Dip,Strike,Rake     72.61   126.19   -18.25
     Dip,Strike,Rake     72.61   221.81  -161.75   Auxiliary Plane
     Lower Hem. Trend, Plunge of A,N    131.81    17.39    36.19    17.39
     Lower Hem. Trend, Plunge of P,T     84.00    25.00   354.00     0.00
     B trend, B plunge, Angle:  264.00  65.00 135.00
++++++++++++++++++++++++++++++++++++++++++++++++++++++++++++++++++++++++++++++++

     Dip,Strike,Rake     77.80   123.62   -21.99
     Dip,Strike,Rake     68.53   218.50  -166.88   Auxiliary Plane
     Lower Hem. Trend, Plunge of A,N    128.50    21.47    33.62    12.20
     Lower Hem. Trend, Plunge of P,T     79.53    24.09   172.35     6.28
     B trend, B plunge, Angle:  276.00  65.00 120.00
++++++++++++++++++++++++++++++++++++++++++++++++++++++++++++++++++++++++++++++++

     Dip,Strike,Rake     81.69   126.26   -23.66
     Dip,Strike,Rake     66.60   219.88  -170.94   Auxiliary Plane
     Lower Hem. Trend, Plunge of A,N    129.88    23.40    36.26     8.31
     Lower Hem. Trend, Plunge of P,T     80.77    22.52   175.09    10.29
     B trend, B plunge, Angle:  288.00  65.00 110.00
++++++++++++++++++++++++++++++++++++++++++++++++++++++++++++++++++++++++++++++++

     Dip,Strike,Rake     85.79   129.08   -24.67
     Dip,Strike,Rake     65.41   221.01  -175.37   Auxiliary Plane
     Lower Hem. Trend, Plunge of A,N    131.01    24.59    39.08     4.21
     Lower Hem. Trend, Plunge of P,T     82.31    20.25   177.60    14.03
     B trend, B plunge, Angle:  300.00  65.00 100.00
++++++++++++++++++++++++++++++++++++++++++++++++++++++++++++++++++++++++++++++++

     Dip,Strike,Rake     83.72   310.35    24.25
     Dip,Strike,Rake     65.91   217.53   173.12   Auxiliary Plane
     Lower Hem. Trend, Plunge of A,N    127.53    24.09   220.35     6.28
     Lower Hem. Trend, Plunge of P,T     81.62    12.20   176.50    21.47
     B trend, B plunge, Angle:  324.00  65.00  75.00
++++++++++++++++++++++++++++++++++++++++++++++++++++++++++++++++++++++++++++++++

     Dip,Strike,Rake     79.71   313.09    22.91
     Dip,Strike,Rake     67.48   218.77   168.85   Auxiliary Plane
     Lower Hem. Trend, Plunge of A,N    128.77    22.52   223.09    10.29
     Lower Hem. Trend, Plunge of P,T     84.26     8.31   177.88    23.40
     B trend, B plunge, Angle:  336.00  65.00  65.00
++++++++++++++++++++++++++++++++++++++++++++++++++++++++++++++++++++++++++++++++

     Dip,Strike,Rake     74.81   311.76    13.17
     Dip,Strike,Rake     77.30   218.26   164.42   Auxiliary Plane
     Lower Hem. Trend, Plunge of A,N    128.26    12.70   221.76    15.19
     Lower Hem. Trend, Plunge of P,T    265.30     1.71   174.68    19.92
     B trend, B plunge, Angle:    0.00  70.00  40.00
++++++++++++++++++++++++++++++++++++++++++++++++++++++++++++++++++++++++++++++++

     Dip,Strike,Rake     71.94   310.79     8.74
     Dip,Strike,Rake     81.69   218.06   161.74   Auxiliary Plane
     Lower Hem. Trend, Plunge of A,N    128.06     8.31   220.79    18.06
     Lower Hem. Trend, Plunge of P,T    265.52     6.72   173.23    18.75
     B trend, B plunge, Angle:   14.40  70.00  25.00
++++++++++++++++++++++++++++++++++++++++++++++++++++++++++++++++++++++++++++++++

     Dip,Strike,Rake     70.32   309.43     3.62
     Dip,Strike,Rake     86.60   218.21   160.28   Auxiliary Plane
     Lower Hem. Trend, Plunge of A,N    128.21     3.40   219.43    19.68
     Lower Hem. Trend, Plunge of P,T    265.46    11.31   172.11    16.27
     B trend, B plunge, Angle:   28.80  70.00  10.00
++++++++++++++++++++++++++++++++++++++++++++++++++++++++++++++++++++++++++++++++

     Dip,Strike,Rake     70.71   314.72     5.38
     Dip,Strike,Rake     84.92   222.93   160.63   Auxiliary Plane
     Lower Hem. Trend, Plunge of A,N    132.93     5.08   224.72    19.29
     Lower Hem. Trend, Plunge of P,T    270.32     9.85   177.23    17.23
     B trend, B plunge, Angle:   28.80  70.00  15.00
++++++++++++++++++++++++++++++++++++++++++++++++++++++++++++++++++++++++++++++++

     Dip,Strike,Rake     70.08   307.88    -1.82
     Dip,Strike,Rake     88.29    38.50  -160.07   Auxiliary Plane
     Lower Hem. Trend, Plunge of A,N    308.50     1.71   217.88    19.92
     Lower Hem. Trend, Plunge of P,T    264.96    15.19   171.46    12.70
     B trend, B plunge, Angle:   43.20  70.00 175.00
++++++++++++++++++++++++++++++++++++++++++++++++++++++++++++++++++++++++++++++++

     Dip,Strike,Rake     71.25   306.43    -7.10
     Dip,Strike,Rake     83.28    38.72  -161.12   Auxiliary Plane
     Lower Hem. Trend, Plunge of A,N    308.72     6.72   216.43    18.75
     Lower Hem. Trend, Plunge of P,T    263.99    18.06   171.26     8.31
     B trend, B plunge, Angle:   57.60  70.00 160.00
++++++++++++++++++++++++++++++++++++++++++++++++++++++++++++++++++++++++++++++++

     Dip,Strike,Rake     73.73   305.31   -11.79
     Dip,Strike,Rake     78.69    38.66  -163.40   Auxiliary Plane
     Lower Hem. Trend, Plunge of A,N    308.66    11.31   215.31    16.27
     Lower Hem. Trend, Plunge of P,T    262.63    19.68   171.41     3.40
     B trend, B plunge, Angle:   72.00  70.00 145.00
++++++++++++++++++++++++++++++++++++++++++++++++++++++++++++++++++++++++++++++++

     Dip,Strike,Rake     77.30   304.66   -15.58
     Dip,Strike,Rake     74.81    38.16  -166.83   Auxiliary Plane
     Lower Hem. Trend, Plunge of A,N    308.16    15.19   214.66    12.70
     Lower Hem. Trend, Plunge of P,T    261.08    19.92   351.70     1.71
     B trend, B plunge, Angle:   86.40  70.00 130.00
++++++++++++++++++++++++++++++++++++++++++++++++++++++++++++++++++++++++++++++++

     Dip,Strike,Rake     81.69   304.46   -18.26
     Dip,Strike,Rake     71.94    37.19  -171.26   Auxiliary Plane
     Lower Hem. Trend, Plunge of A,N    307.19    18.06   214.46     8.31
     Lower Hem. Trend, Plunge of P,T    259.63    18.75   351.92     6.72
     B trend, B plunge, Angle:  100.80  70.00 115.00
++++++++++++++++++++++++++++++++++++++++++++++++++++++++++++++++++++++++++++++++

     Dip,Strike,Rake     86.60   304.61   -19.72
     Dip,Strike,Rake     70.32    35.83  -176.38   Auxiliary Plane
     Lower Hem. Trend, Plunge of A,N    305.83    19.68   214.61     3.40
     Lower Hem. Trend, Plunge of P,T    258.51    16.27   351.86    11.31
     B trend, B plunge, Angle:  115.20  70.00 100.00
++++++++++++++++++++++++++++++++++++++++++++++++++++++++++++++++++++++++++++++++

     Dip,Strike,Rake     84.92   129.87    19.37
     Dip,Strike,Rake     70.71    38.08   174.62   Auxiliary Plane
     Lower Hem. Trend, Plunge of A,N    308.08    19.29    39.87     5.08
     Lower Hem. Trend, Plunge of P,T    262.48     9.85   355.57    17.23
     B trend, B plunge, Angle:  144.00  70.00  75.00
++++++++++++++++++++++++++++++++++++++++++++++++++++++++++++++++++++++++++++++++

     Dip,Strike,Rake     70.71   124.48    -5.38
     Dip,Strike,Rake     84.92   216.27  -160.63   Auxiliary Plane
     Lower Hem. Trend, Plunge of A,N    126.27     5.08    34.48    19.29
     Lower Hem. Trend, Plunge of P,T     81.97    17.23   348.88     9.85
     B trend, B plunge, Angle:  230.40  70.00 165.00
++++++++++++++++++++++++++++++++++++++++++++++++++++++++++++++++++++++++++++++++

     Dip,Strike,Rake     74.81   127.44   -13.17
     Dip,Strike,Rake     77.30   220.94  -164.42   Auxiliary Plane
     Lower Hem. Trend, Plunge of A,N    130.94    12.70    37.44    15.19
     Lower Hem. Trend, Plunge of P,T     84.52    19.92   353.90     1.71
     B trend, B plunge, Angle:  259.20  70.00 140.00
++++++++++++++++++++++++++++++++++++++++++++++++++++++++++++++++++++++++++++++++

     Dip,Strike,Rake     78.69   126.94   -16.60
     Dip,Strike,Rake     73.73   220.29  -168.21   Auxiliary Plane
     Lower Hem. Trend, Plunge of A,N    130.29    16.27    36.94    11.31
     Lower Hem. Trend, Plunge of P,T     82.97    19.68   174.19     3.40
     B trend, B plunge, Angle:  273.60  70.00 125.00
++++++++++++++++++++++++++++++++++++++++++++++++++++++++++++++++++++++++++++++++

     Dip,Strike,Rake     83.28   126.88   -18.88
     Dip,Strike,Rake     71.25   219.17  -172.90   Auxiliary Plane
     Lower Hem. Trend, Plunge of A,N    129.17    18.75    36.88     6.72
     Lower Hem. Trend, Plunge of P,T     81.61    18.06   174.34     8.31
     B trend, B plunge, Angle:  288.00  70.00 110.00
++++++++++++++++++++++++++++++++++++++++++++++++++++++++++++++++++++++++++++++++

     Dip,Strike,Rake     88.29   127.10   -19.93
     Dip,Strike,Rake     70.08   217.72  -178.18   Auxiliary Plane
     Lower Hem. Trend, Plunge of A,N    127.72    19.92    37.10     1.71
     Lower Hem. Trend, Plunge of P,T     80.64    15.19   174.14    12.70
     B trend, B plunge, Angle:  302.40  70.00  95.00
++++++++++++++++++++++++++++++++++++++++++++++++++++++++++++++++++++++++++++++++

     Dip,Strike,Rake     83.28   312.32    18.88
     Dip,Strike,Rake     71.25   220.03   172.90   Auxiliary Plane
     Lower Hem. Trend, Plunge of A,N    130.03    18.75   222.32     6.72
     Lower Hem. Trend, Plunge of P,T     84.86     8.31   177.59    18.06
     B trend, B plunge, Angle:  331.20  70.00  70.00
++++++++++++++++++++++++++++++++++++++++++++++++++++++++++++++++++++++++++++++++

     Dip,Strike,Rake     78.69   312.26    16.60
     Dip,Strike,Rake     73.73   218.91   168.21   Auxiliary Plane
     Lower Hem. Trend, Plunge of A,N    128.91    16.27   222.26    11.31
     Lower Hem. Trend, Plunge of P,T     85.01     3.40   176.23    19.68
     B trend, B plunge, Angle:  345.60  70.00  55.00
++++++++++++++++++++++++++++++++++++++++++++++++++++++++++++++++++++++++++++++++

     Dip,Strike,Rake     78.56   310.98     9.77
     Dip,Strike,Rake     80.42   219.03   168.40   Auxiliary Plane
     Lower Hem. Trend, Plunge of A,N    129.03     9.58   220.98    11.44
     Lower Hem. Trend, Plunge of P,T    265.17     1.29   174.82    14.94
     B trend, B plunge, Angle:    0.00  75.00  40.00
++++++++++++++++++++++++++++++++++++++++++++++++++++++++++++++++++++++++++++++++

     Dip,Strike,Rake     75.92   309.59     5.24
     Dip,Strike,Rake     84.92   218.32   165.87   Auxiliary Plane
     Lower Hem. Trend, Plunge of A,N    128.32     5.08   219.59    14.08
     Lower Hem. Trend, Plunge of P,T    264.70     6.28   173.18    13.57
     B trend, B plunge, Angle:   18.95  75.00  20.00
++++++++++++++++++++++++++++++++++++++++++++++++++++++++++++++++++++++++++++++++

     Dip,Strike,Rake     75.00   307.89    -0.00
     Dip,Strike,Rake     90.00   217.89   165.00   Auxiliary Plane
     Lower Hem. Trend, Plunge of A,N    307.89     0.00   217.89    15.00
     Lower Hem. Trend, Plunge of P,T    263.89    10.55   171.90    10.55
     B trend, B plunge, Angle:   37.89  75.00   0.00
++++++++++++++++++++++++++++++++++++++++++++++++++++++++++++++++++++++++++++++++

     Dip,Strike,Rake     75.06   313.07     1.34
     Dip,Strike,Rake     88.71   222.73   165.05   Auxiliary Plane
     Lower Hem. Trend, Plunge of A,N    132.73     1.29   223.07    14.94
     Lower Hem. Trend, Plunge of P,T    268.87     9.58   176.91    11.44
     B trend, B plunge, Angle:   37.89  75.00   5.00
++++++++++++++++++++++++++++++++++++++++++++++++++++++++++++++++++++++++++++++++

     Dip,Strike,Rake     75.92   306.20    -5.24
     Dip,Strike,Rake     84.92    37.47  -165.87   Auxiliary Plane
     Lower Hem. Trend, Plunge of A,N    307.47     5.08   216.20    14.08
     Lower Hem. Trend, Plunge of P,T    262.61    13.57   171.09     6.28
     B trend, B plunge, Angle:   56.84  75.00 160.00
++++++++++++++++++++++++++++++++++++++++++++++++++++++++++++++++++++++++++++++++

     Dip,Strike,Rake     78.56   304.81    -9.77
     Dip,Strike,Rake     80.42    36.76  -168.40   Auxiliary Plane
     Lower Hem. Trend, Plunge of A,N    306.76     9.58   214.81    11.44
     Lower Hem. Trend, Plunge of P,T    260.96    14.94   170.62     1.29
     B trend, B plunge, Angle:   75.79  75.00 140.00
++++++++++++++++++++++++++++++++++++++++++++++++++++++++++++++++++++++++++++++++

     Dip,Strike,Rake     81.46   308.81   -12.38
     Dip,Strike,Rake     77.76    40.68  -171.26   Auxiliary Plane
     Lower Hem. Trend, Plunge of A,N    310.68    12.24   218.81     8.54
     Lower Hem. Trend, Plunge of P,T    264.39    14.77   355.07     2.58
     B trend, B plunge, Angle:   94.74  75.00 125.00
++++++++++++++++++++++++++++++++++++++++++++++++++++++++++++++++++++++++++++++++

     Dip,Strike,Rake     86.16   308.20   -14.51
     Dip,Strike,Rake     75.52    39.19  -176.03   Auxiliary Plane
     Lower Hem. Trend, Plunge of A,N    309.19    14.48   218.20     3.84
     Lower Hem. Trend, Plunge of P,T    262.82    12.95   354.54     7.44
     B trend, B plunge, Angle:  113.68  75.00 105.00
++++++++++++++++++++++++++++++++++++++++++++++++++++++++++++++++++++++++++++++++

     Dip,Strike,Rake     88.71   127.80    14.95
     Dip,Strike,Rake     75.06    37.46   178.66   Auxiliary Plane
     Lower Hem. Trend, Plunge of A,N    307.46    14.94    37.80     1.29
     Lower Hem. Trend, Plunge of P,T    261.66     9.58   353.61    11.44
     B trend, B plunge, Angle:  132.63  75.00  85.00
++++++++++++++++++++++++++++++++++++++++++++++++++++++++++++++++++++++++++++++++

     Dip,Strike,Rake     83.72   127.33    13.65
     Dip,Strike,Rake     76.43    35.81   173.54   Auxiliary Plane
     Lower Hem. Trend, Plunge of A,N    305.81    13.57    37.33     6.28
     Lower Hem. Trend, Plunge of P,T    260.95     5.08   352.23    14.08
     B trend, B plunge, Angle:  151.58  75.00  65.00
++++++++++++++++++++++++++++++++++++++++++++++++++++++++++++++++++++++++++++++++

     Dip,Strike,Rake     75.23   127.02    -2.66
     Dip,Strike,Rake     87.42   217.70  -165.22   Auxiliary Plane
     Lower Hem. Trend, Plunge of A,N    127.70     2.58    37.02    14.77
     Lower Hem. Trend, Plunge of P,T     83.31    12.24   351.44     8.54
     B trend, B plunge, Angle:  227.37  75.00 170.00
++++++++++++++++++++++++++++++++++++++++++++++++++++++++++++++++++++++++++++++++

     Dip,Strike,Rake     77.05   125.45    -7.63
     Dip,Strike,Rake     82.56   217.17  -166.94   Auxiliary Plane
     Lower Hem. Trend, Plunge of A,N    127.17     7.44    35.45    12.95
     Lower Hem. Trend, Plunge of P,T     81.82    14.48   350.83     3.84
     B trend, B plunge, Angle:  246.32  75.00 150.00
++++++++++++++++++++++++++++++++++++++++++++++++++++++++++++++++++++++++++++++++

     Dip,Strike,Rake     83.72   128.46   -13.65
     Dip,Strike,Rake     76.43   219.98  -173.54   Auxiliary Plane
     Lower Hem. Trend, Plunge of A,N    129.98    13.57    38.46     6.28
     Lower Hem. Trend, Plunge of P,T     83.56    14.08   174.84     5.08
     B trend, B plunge, Angle:  284.21  75.00 115.00
++++++++++++++++++++++++++++++++++++++++++++++++++++++++++++++++++++++++++++++++

     Dip,Strike,Rake     88.71   127.99   -14.95
     Dip,Strike,Rake     75.06   218.33  -178.66   Auxiliary Plane
     Lower Hem. Trend, Plunge of A,N    128.33    14.94    37.99     1.29
     Lower Hem. Trend, Plunge of P,T     82.18    11.44   174.13     9.58
     B trend, B plunge, Angle:  303.16  75.00  95.00
++++++++++++++++++++++++++++++++++++++++++++++++++++++++++++++++++++++++++++++++

     Dip,Strike,Rake     86.16   307.59    14.51
     Dip,Strike,Rake     75.52   216.60   176.03   Auxiliary Plane
     Lower Hem. Trend, Plunge of A,N    126.60    14.48   217.59     3.84
     Lower Hem. Trend, Plunge of P,T     81.25     7.44   172.97    12.95
     B trend, B plunge, Angle:  322.11  75.00  75.00
++++++++++++++++++++++++++++++++++++++++++++++++++++++++++++++++++++++++++++++++

     Dip,Strike,Rake     82.56   311.91    13.06
     Dip,Strike,Rake     77.05   220.19   172.37   Auxiliary Plane
     Lower Hem. Trend, Plunge of A,N    130.19    12.95   221.91     7.44
     Lower Hem. Trend, Plunge of P,T     85.56     3.84   176.56    14.48
     B trend, B plunge, Angle:  341.05  75.00  60.00
++++++++++++++++++++++++++++++++++++++++++++++++++++++++++++++++++++++++++++++++

     Dip,Strike,Rake     82.36   310.43     6.47
     Dip,Strike,Rake     83.59   219.57   172.31   Auxiliary Plane
     Lower Hem. Trend, Plunge of A,N    129.57     6.41   220.43     7.64
     Lower Hem. Trend, Plunge of P,T    265.08     0.87   174.92     9.96
     B trend, B plunge, Angle:    0.00  80.00  40.00
++++++++++++++++++++++++++++++++++++++++++++++++++++++++++++++++++++++++++++++++

     Dip,Strike,Rake     80.15   307.84     1.75
     Dip,Strike,Rake     88.27   217.54   170.15   Auxiliary Plane
     Lower Hem. Trend, Plunge of A,N    127.54     1.73   217.84     9.85
     Lower Hem. Trend, Plunge of P,T    263.10     5.72   172.28     8.18
     B trend, B plunge, Angle:   27.69  80.00  10.00
++++++++++++++++++++++++++++++++++++++++++++++++++++++++++++++++++++++++++++++++

     Dip,Strike,Rake     80.34   312.91     2.61
     Dip,Strike,Rake     87.42   222.47   170.33   Auxiliary Plane
     Lower Hem. Trend, Plunge of A,N    132.47     2.58   222.91     9.66
     Lower Hem. Trend, Plunge of P,T    268.07     4.98   177.31     8.65
     B trend, B plunge, Angle:   27.69  80.00  15.00
++++++++++++++++++++++++++++++++++++++++++++++++++++++++++++++++++++++++++++++++

     Dip,Strike,Rake     80.34   310.16    -2.61
     Dip,Strike,Rake     87.42    40.60  -170.33   Auxiliary Plane
     Lower Hem. Trend, Plunge of A,N    310.60     2.58   220.16     9.66
     Lower Hem. Trend, Plunge of P,T    265.77     8.65   175.01     4.98
     B trend, B plunge, Angle:   55.38  80.00 165.00
++++++++++++++++++++++++++++++++++++++++++++++++++++++++++++++++++++++++++++++++

     Dip,Strike,Rake     82.95   307.64    -7.11
     Dip,Strike,Rake     82.95    38.52  -172.89   Auxiliary Plane
     Lower Hem. Trend, Plunge of A,N    308.52     7.05   217.64     7.05
     Lower Hem. Trend, Plunge of P,T    263.08    10.00   173.08     0.00
     B trend, B plunge, Angle:   83.08  80.00 135.00
++++++++++++++++++++++++++++++++++++++++++++++++++++++++++++++++++++++++++++++++

     Dip,Strike,Rake     87.42   305.55    -9.67
     Dip,Strike,Rake     80.34    35.99  -177.39   Auxiliary Plane
     Lower Hem. Trend, Plunge of A,N    305.99     9.66   215.55     2.58
     Lower Hem. Trend, Plunge of P,T    260.39     8.65   351.15     4.98
     B trend, B plunge, Angle:  110.77  80.00 105.00
++++++++++++++++++++++++++++++++++++++++++++++++++++++++++++++++++++++++++++++++

     Dip,Strike,Rake     86.60   310.49    -9.41
     Dip,Strike,Rake     80.61    41.05  -176.55   Auxiliary Plane
     Lower Hem. Trend, Plunge of A,N    311.05     9.39   220.49     3.40
     Lower Hem. Trend, Plunge of P,T    265.43     9.05   356.10     4.21
     B trend, B plunge, Angle:  110.77  80.00 110.00
++++++++++++++++++++++++++++++++++++++++++++++++++++++++++++++++++++++++++++++++

     Dip,Strike,Rake     88.27   128.61     9.85
     Dip,Strike,Rake     80.15    38.31   178.25   Auxiliary Plane
     Lower Hem. Trend, Plunge of A,N    308.31     9.85    38.61     1.73
     Lower Hem. Trend, Plunge of P,T    263.05     5.72   353.87     8.18
     B trend, B plunge, Angle:  138.46  80.00  80.00
++++++++++++++++++++++++++++++++++++++++++++++++++++++++++++++++++++++++++++++++

     Dip,Strike,Rake     80.04   126.46    -0.88
     Dip,Strike,Rake     89.13   216.61  -170.04   Auxiliary Plane
     Lower Hem. Trend, Plunge of A,N    126.61     0.87    36.46     9.96
     Lower Hem. Trend, Plunge of P,T     81.97     7.64   351.11     6.41
     B trend, B plunge, Angle:  221.54  80.00 175.00
++++++++++++++++++++++++++++++++++++++++++++++++++++++++++++++++++++++++++++++++

     Dip,Strike,Rake     81.35   128.85    -5.04
     Dip,Strike,Rake     85.02   219.61  -171.32   Auxiliary Plane
     Lower Hem. Trend, Plunge of A,N    129.61     4.98    38.85     8.65
     Lower Hem. Trend, Plunge of P,T     84.45     9.66   354.01     2.58
     B trend, B plunge, Angle:  249.23  80.00 150.00
++++++++++++++++++++++++++++++++++++++++++++++++++++++++++++++++++++++++++++++++

     Dip,Strike,Rake     85.02   126.54    -8.68
     Dip,Strike,Rake     81.35   217.30  -174.96   Auxiliary Plane
     Lower Hem. Trend, Plunge of A,N    127.30     8.65    36.54     4.98
     Lower Hem. Trend, Plunge of P,T     81.70     9.66   172.14     2.58
     B trend, B plunge, Angle:  276.92  80.00 120.00
++++++++++++++++++++++++++++++++++++++++++++++++++++++++++++++++++++++++++++++++

     Dip,Strike,Rake     89.13   129.54    -9.96
     Dip,Strike,Rake     80.04   219.69  -179.12   Auxiliary Plane
     Lower Hem. Trend, Plunge of A,N    129.69     9.96    39.54     0.87
     Lower Hem. Trend, Plunge of P,T     84.18     7.64   175.05     6.41
     B trend, B plunge, Angle:  304.62  80.00  95.00
++++++++++++++++++++++++++++++++++++++++++++++++++++++++++++++++++++++++++++++++

     Dip,Strike,Rake     85.79   307.64     9.08
     Dip,Strike,Rake     80.95   216.97   175.74   Auxiliary Plane
     Lower Hem. Trend, Plunge of A,N    126.97     9.05   217.64     4.21
     Lower Hem. Trend, Plunge of P,T     82.03     3.40   172.59     9.39
     B trend, B plunge, Angle:  332.31  80.00  65.00
++++++++++++++++++++++++++++++++++++++++++++++++++++++++++++++++++++++++++++++++

     Dip,Strike,Rake     86.17   310.11     3.22
     Dip,Strike,Rake     86.79   219.89   176.17   Auxiliary Plane
     Lower Hem. Trend, Plunge of A,N    129.89     3.21   220.11     3.83
     Lower Hem. Trend, Plunge of P,T    265.02     0.44   174.98     4.98
     B trend, B plunge, Angle:    0.00  85.00  40.00
++++++++++++++++++++++++++++++++++++++++++++++++++++++++++++++++++++++++++++++++

     Dip,Strike,Rake     85.30   309.93    -1.71
     Dip,Strike,Rake     88.29    40.07  -175.30   Auxiliary Plane
     Lower Hem. Trend, Plunge of A,N    310.07     1.71   219.93     4.70
     Lower Hem. Trend, Plunge of P,T    265.08     4.53   174.92     2.11
     B trend, B plunge, Angle:   60.00  85.00 160.00
++++++++++++++++++++++++++++++++++++++++++++++++++++++++++++++++++++++++++++++++

     Dip,Strike,Rake     89.13   309.96    -4.92
     Dip,Strike,Rake     85.08    40.04  -179.13   Auxiliary Plane
     Lower Hem. Trend, Plunge of A,N    310.04     4.92   219.96     0.87
     Lower Hem. Trend, Plunge of P,T    264.90     4.09   355.10     2.87
     B trend, B plunge, Angle:  120.00  85.00 100.00
++++++++++++++++++++++++++++++++++++++++++++++++++++++++++++++++++++++++++++++++

     Dip,Strike,Rake     86.17   130.11     3.22
     Dip,Strike,Rake     86.79    39.89   176.17   Auxiliary Plane
     Lower Hem. Trend, Plunge of A,N    309.89     3.21    40.11     3.83
     Lower Hem. Trend, Plunge of P,T     85.02     0.44   354.98     4.98
     B trend, B plunge, Angle:  180.00  85.00  40.00
++++++++++++++++++++++++++++++++++++++++++++++++++++++++++++++++++++++++++++++++

     Dip,Strike,Rake     85.30   129.93    -1.71
     Dip,Strike,Rake     88.29   220.07  -175.30   Auxiliary Plane
     Lower Hem. Trend, Plunge of A,N    130.07     1.71    39.93     4.70
     Lower Hem. Trend, Plunge of P,T     85.08     4.53   354.92     2.11
     B trend, B plunge, Angle:  240.00  85.00 160.00
++++++++++++++++++++++++++++++++++++++++++++++++++++++++++++++++++++++++++++++++

     Dip,Strike,Rake     89.13   129.96    -4.92
     Dip,Strike,Rake     85.08   220.04  -179.13   Auxiliary Plane
     Lower Hem. Trend, Plunge of A,N    130.04     4.92    39.96     0.87
     Lower Hem. Trend, Plunge of P,T     84.90     4.09   175.10     2.87
     B trend, B plunge, Angle:  300.00  85.00 100.00
++++++++++++++++++++++++++++++++++++++++++++++++++++++++++++++++++++++++++++++++

     Dip,Strike,Rake     90.00   310.00    -0.00
     Dip,Strike,Rake     90.00   220.00   180.00   Auxiliary Plane
     Lower Hem. Trend, Plunge of A,N    310.00     0.00    40.00     0.00
     Lower Hem. Trend, Plunge of P,T    265.00     0.00   355.00     0.00
     B trend, B plunge, Angle:    0.00  90.00  40.00
++++++++++++++++++++++++++++++++++++++++++++++++++++++++++++++++++++++++++++++++


 There are 121 acceptable solutions
