  Thu Oct 19 10:45:15 2023 for program Focplt
 Input from file puna_200806191646_p.inp
     2
 Statn  Azimuth  TOAngl  Key  Log10 Ratio     Pol  TOAng2  Comment
BB13  176.00  103.57C
NS18  233.84   91.96-
BB12  239.81   99.46-
NS16  250.22   93.24D
NS15  255.42   93.55D
NS14  258.65   92.93D
NS13  265.35   92.49D
NS11  278.41   92.91-
NS10  282.13   92.92D
NS09  290.64   92.84D
BB11  297.33  107.01D
NS08  297.30   92.46-
EW13  298.26   90.94D
EW12  299.04   91.49D
BB09  298.86   89.78-
NS07  305.47   92.56D
NS06  311.38   92.91D
BB10  312.59   90.80-
NS05  316.98   92.52-
EW09  319.07   95.02D
EW10  319.54   93.75D
NS04  322.79   92.28-
NS03  324.13   91.55-
EW03  343.94  102.35+
GALA  348.48   90.07+
EW06   47.58   97.35D
BB16   47.43   93.26D
EW07   55.23   96.81D
EW08   66.89   94.36D
EW22   70.04   93.61D
BB15  109.83  112.32D
 Plotting P nodal planes
 
  Solutions input from file output_200806191646_uw.out
   Thu Oct 19 10:45:15 2023 for program Focmec
  Event 8703270729 4 UW errors max
  Input from a file puna_200806191646_p.inp
  200806191646
  Including emergent polarity picks
  Polarities/Errors:  P 031/00  SV 000/00  SH 000/00
  There are no amplitude ratio data
  The minimum, increment and maximum B axis trend:     0.00    5.00  355.00
  The limits for the B axis plunge:     0.00    5.00   90.00
  The limits for Angle:     0.00    5.00  175.00
 
     Dip,Strike,Rake     40.26   159.07    82.25
     Dip,Strike,Rake     50.18   349.18    96.51   Auxiliary Plane
     Lower Hem. Trend, Plunge of A,N    259.18    39.82    69.07    49.74
     Lower Hem. Trend & Plunge of B    165.00     5.00
     Lower Hem. Trend, Plunge of P,T     74.56     4.98   299.89    82.93
     MRR = 0.98  MTT =-0.07  MPP =-0.91  MRT = 0.04  MRP = 0.19  MTP = 0.26
     Dip,Strike,Rake     45.22   160.02    82.95
     Dip,Strike,Rake     45.21   349.98    97.05   Auxiliary Plane
     Lower Hem. Trend, Plunge of A,N    259.98    44.79    70.02    44.78
     Lower Hem. Trend & Plunge of B    165.00     5.00
     Lower Hem. Trend, Plunge of P,T     75.00     0.00   345.03    85.00
     MRR = 0.99  MTT =-0.06  MPP =-0.93  MRT = 0.08  MRP = 0.02  MTP = 0.25
     Dip,Strike,Rake     50.18   160.82    83.48
     Dip,Strike,Rake     40.26   350.94    97.76   Auxiliary Plane
     Lower Hem. Trend, Plunge of A,N    260.94    49.74    70.82    39.82
     Lower Hem. Trend & Plunge of B    165.01     5.00
     Lower Hem. Trend, Plunge of P,T    255.44     4.98    30.08    82.93
     MRR = 0.98  MTT =-0.05  MPP =-0.93  MRT = 0.13  MRP =-0.14  MTP = 0.23
     Dip,Strike,Rake     55.15   161.51    83.90
     Dip,Strike,Rake     35.31   352.10    98.68   Auxiliary Plane
     Lower Hem. Trend, Plunge of A,N    262.10    54.69    71.51    34.85
     Lower Hem. Trend & Plunge of B    165.00     5.00
     Lower Hem. Trend, Plunge of P,T    255.89     9.96    48.68    78.83
     MRR = 0.93  MTT =-0.04  MPP =-0.89  MRT = 0.17  MRP =-0.31  MTP = 0.21
     Dip,Strike,Rake     60.13   162.12    84.23
     Dip,Strike,Rake     30.37   353.59    99.93   Auxiliary Plane
     Lower Hem. Trend, Plunge of A,N    263.59    59.63    72.12    29.87
     Lower Hem. Trend & Plunge of B    165.00     5.00
     Lower Hem. Trend, Plunge of P,T    256.34    14.95    56.98    74.20
     MRR = 0.86  MTT =-0.03  MPP =-0.83  MRT = 0.20  MRP =-0.46  MTP = 0.18
     Dip,Strike,Rake     65.10   162.67    84.49
     Dip,Strike,Rake     25.46   355.57   101.69   Auxiliary Plane
     Lower Hem. Trend, Plunge of A,N    265.57    64.54    72.67    24.90
     Lower Hem. Trend & Plunge of B    165.00     5.00
     Lower Hem. Trend, Plunge of P,T    256.81    19.92    61.54    69.41
     MRR = 0.76  MTT =-0.02  MPP =-0.74  MRT = 0.23  MRP =-0.60  MTP = 0.14
     Dip,Strike,Rake     70.08   163.18    84.68
     Dip,Strike,Rake     20.59   358.47   104.35   Auxiliary Plane
     Lower Hem. Trend, Plunge of A,N    268.47    69.41    73.18    19.92
     Lower Hem. Trend & Plunge of B    165.00     5.00
     Lower Hem. Trend, Plunge of P,T    257.32    24.90    64.41    64.54
     MRR = 0.64  MTT =-0.01  MPP =-0.63  MRT = 0.25  MRP =-0.72  MTP = 0.10
     Dip,Strike,Rake     40.26   164.07    82.25
     Dip,Strike,Rake     50.18   354.18    96.51   Auxiliary Plane
     Lower Hem. Trend, Plunge of A,N    264.18    39.82    74.07    49.74
     Lower Hem. Trend & Plunge of B    170.00     5.00
     Lower Hem. Trend, Plunge of P,T     79.56     4.98   304.89    82.93
     MRR = 0.98  MTT =-0.03  MPP =-0.95  MRT = 0.05  MRP = 0.19  MTP = 0.18
     Dip,Strike,Rake     45.22   165.02    82.95
     Dip,Strike,Rake     45.21   354.98    97.05   Auxiliary Plane
     Lower Hem. Trend, Plunge of A,N    264.98    44.79    75.02    44.78
     Lower Hem. Trend & Plunge of B    170.00     5.00
     Lower Hem. Trend, Plunge of P,T     80.00     0.00   350.03    85.00
     MRR = 0.99  MTT =-0.02  MPP =-0.97  MRT = 0.09  MRP = 0.01  MTP = 0.17
     Dip,Strike,Rake     50.18   165.82    83.48
     Dip,Strike,Rake     40.26   355.94    97.76   Auxiliary Plane
     Lower Hem. Trend, Plunge of A,N    265.94    49.74    75.82    39.82
     Lower Hem. Trend & Plunge of B    170.01     5.00
     Lower Hem. Trend, Plunge of P,T    260.44     4.98    35.08    82.93
     MRR = 0.98  MTT =-0.02  MPP =-0.96  MRT = 0.11  MRP =-0.16  MTP = 0.16
     Dip,Strike,Rake     55.15   166.51    83.90
     Dip,Strike,Rake     35.31   357.10    98.68   Auxiliary Plane
     Lower Hem. Trend, Plunge of A,N    267.10    54.69    76.51    34.85
     Lower Hem. Trend & Plunge of B    170.00     5.00
     Lower Hem. Trend, Plunge of P,T    260.89     9.96    53.68    78.83
     MRR = 0.93  MTT =-0.01  MPP =-0.92  MRT = 0.14  MRP =-0.32  MTP = 0.13
     Dip,Strike,Rake     60.13   167.12    84.23
     Dip,Strike,Rake     30.37   358.59    99.93   Auxiliary Plane
     Lower Hem. Trend, Plunge of A,N    268.59    59.63    77.12    29.87
     Lower Hem. Trend & Plunge of B    170.00     5.00
     Lower Hem. Trend, Plunge of P,T    261.34    14.95    61.98    74.20
     MRR = 0.86  MTT =-0.00  MPP =-0.85  MRT = 0.16  MRP =-0.48  MTP = 0.11
     Dip,Strike,Rake     65.10   167.67    84.49
     Dip,Strike,Rake     25.46     0.57   101.69   Auxiliary Plane
     Lower Hem. Trend, Plunge of A,N    270.57    64.54    77.67    24.90
     Lower Hem. Trend & Plunge of B    170.00     5.00
     Lower Hem. Trend, Plunge of P,T    261.81    19.92    66.54    69.41
     MRR = 0.76  MTT = 0.00  MPP =-0.76  MRT = 0.18  MRP =-0.62  MTP = 0.08
     Dip,Strike,Rake     70.08   168.18    84.68
     Dip,Strike,Rake     20.59     3.47   104.35   Auxiliary Plane
     Lower Hem. Trend, Plunge of A,N    273.47    69.41    78.18    19.92
     Lower Hem. Trend & Plunge of B    170.00     5.00
     Lower Hem. Trend, Plunge of P,T    262.32    24.90    69.41    64.54
     MRR = 0.64  MTT = 0.01  MPP =-0.65  MRT = 0.19  MRP =-0.74  MTP = 0.05
     Dip,Strike,Rake     35.31   337.90    81.33
     Dip,Strike,Rake     55.15   168.48    96.09   Auxiliary Plane
     Lower Hem. Trend, Plunge of A,N     78.48    34.85   247.90    54.69
     Lower Hem. Trend & Plunge of B    344.99     5.00
     Lower Hem. Trend, Plunge of P,T    254.11     9.96   101.29    78.83
     MRR = 0.93  MTT =-0.07  MPP =-0.86  MRT = 0.01  MRP =-0.35  MTP = 0.26
     Dip,Strike,Rake     25.46   339.41    78.30
     Dip,Strike,Rake     65.11   172.33    95.51   Auxiliary Plane
     Lower Hem. Trend, Plunge of A,N     82.33    24.89   249.41    64.54
     Lower Hem. Trend & Plunge of B    350.00     5.00
     Lower Hem. Trend, Plunge of P,T    258.18    19.92    93.47    69.41
     MRR = 0.76  MTT =-0.04  MPP =-0.72  MRT = 0.05  MRP =-0.64  MTP = 0.18
     Dip,Strike,Rake     30.38   341.42    80.08
     Dip,Strike,Rake     60.12   172.88    95.77   Auxiliary Plane
     Lower Hem. Trend, Plunge of A,N     82.88    29.88   251.42    59.62
     Lower Hem. Trend & Plunge of B    350.00     5.00
     Lower Hem. Trend, Plunge of P,T    258.66    14.94    98.02    74.21
     MRR = 0.86  MTT =-0.03  MPP =-0.82  MRT = 0.01  MRP =-0.50  MTP = 0.19
     Dip,Strike,Rake     35.31   342.90    81.33
     Dip,Strike,Rake     55.15   173.48    96.09   Auxiliary Plane
     Lower Hem. Trend, Plunge of A,N     83.48    34.85   252.90    54.69
     Lower Hem. Trend & Plunge of B    349.99     5.00
     Lower Hem. Trend, Plunge of P,T    259.11     9.96   106.29    78.83
     MRR = 0.93  MTT =-0.03  MPP =-0.90  MRT =-0.02  MRP =-0.35  MTP = 0.19
     Dip,Strike,Rake     40.26   344.07    82.25
     Dip,Strike,Rake     50.18   174.18    96.51   Auxiliary Plane
     Lower Hem. Trend, Plunge of A,N     84.18    39.82   254.07    49.74
     Lower Hem. Trend & Plunge of B    350.00     5.00
     Lower Hem. Trend, Plunge of P,T    259.56     4.98   124.89    82.93
     MRR = 0.98  MTT =-0.03  MPP =-0.95  MRT =-0.05  MRP =-0.19  MTP = 0.18
     Dip,Strike,Rake     45.22   345.02    82.95
     Dip,Strike,Rake     45.21   174.98    97.05   Auxiliary Plane
     Lower Hem. Trend, Plunge of A,N     84.98    44.79   255.02    44.78
     Lower Hem. Trend & Plunge of B    350.00     5.00
     Lower Hem. Trend, Plunge of P,T    260.00     0.00   170.03    85.00
     MRR = 0.99  MTT =-0.02  MPP =-0.97  MRT =-0.09  MRP =-0.01  MTP = 0.17
     Dip,Strike,Rake     50.18   345.82    83.48
     Dip,Strike,Rake     40.26   175.94    97.76   Auxiliary Plane
     Lower Hem. Trend, Plunge of A,N     85.94    49.74   255.82    39.82
     Lower Hem. Trend & Plunge of B    350.01     5.00
     Lower Hem. Trend, Plunge of P,T     80.44     4.98   215.08    82.93
     MRR = 0.98  MTT =-0.02  MPP =-0.96  MRT =-0.11  MRP = 0.16  MTP = 0.16
     Dip,Strike,Rake     55.15   346.51    83.90
     Dip,Strike,Rake     35.31   177.10    98.68   Auxiliary Plane
     Lower Hem. Trend, Plunge of A,N     87.10    54.69   256.51    34.85
     Lower Hem. Trend & Plunge of B    350.00     5.00
     Lower Hem. Trend, Plunge of P,T     80.89     9.96   233.68    78.83
     MRR = 0.93  MTT =-0.01  MPP =-0.92  MRT =-0.14  MRP = 0.32  MTP = 0.13
     Dip,Strike,Rake     25.46   344.41    78.30
     Dip,Strike,Rake     65.11   177.33    95.51   Auxiliary Plane
     Lower Hem. Trend, Plunge of A,N     87.33    24.89   254.41    64.54
     Lower Hem. Trend & Plunge of B    355.00     5.00
     Lower Hem. Trend, Plunge of P,T    263.18    19.92    98.47    69.41
     MRR = 0.76  MTT =-0.01  MPP =-0.75  MRT =-0.01  MRP =-0.64  MTP = 0.12
     Dip,Strike,Rake     30.38   346.42    80.08
     Dip,Strike,Rake     60.12   177.88    95.77   Auxiliary Plane
     Lower Hem. Trend, Plunge of A,N     87.88    29.88   256.42    59.62
     Lower Hem. Trend & Plunge of B    355.00     5.00
     Lower Hem. Trend, Plunge of P,T    263.66    14.94   103.02    74.21
     MRR = 0.86  MTT =-0.01  MPP =-0.85  MRT =-0.03  MRP =-0.50  MTP = 0.12
     Dip,Strike,Rake     35.31   347.90    81.33
     Dip,Strike,Rake     55.15   178.48    96.09   Auxiliary Plane
     Lower Hem. Trend, Plunge of A,N     88.48    34.85   257.90    54.69
     Lower Hem. Trend & Plunge of B    354.99     5.00
     Lower Hem. Trend, Plunge of P,T    264.11     9.96   111.29    78.83
     MRR = 0.93  MTT =-0.01  MPP =-0.93  MRT =-0.05  MRP =-0.35  MTP = 0.11
     Dip,Strike,Rake     36.22   148.33    72.91
     Dip,Strike,Rake     55.61   349.19   102.15   Auxiliary Plane
     Lower Hem. Trend, Plunge of A,N    259.19    34.39    58.33    53.78
     Lower Hem. Trend & Plunge of B    162.26    10.00
     Lower Hem. Trend, Plunge of P,T     70.51     9.85   296.81    75.89
     MRR = 0.91  MTT =-0.10  MPP =-0.82  MRT = 0.05  MRP = 0.37  MTP = 0.33
     Dip,Strike,Rake     41.03   150.56    74.66
     Dip,Strike,Rake     50.72   350.54   102.96   Auxiliary Plane
     Lower Hem. Trend, Plunge of A,N    260.54    39.28    60.56    48.97
     Lower Hem. Trend & Plunge of B    162.25    10.00
     Lower Hem. Trend, Plunge of P,T     71.38     4.92   315.53    78.83
     MRR = 0.96  MTT =-0.08  MPP =-0.87  MRT = 0.11  MRP = 0.21  MTP = 0.32
     Dip,Strike,Rake     45.86   152.40    76.00
     Dip,Strike,Rake     45.87   352.10   104.00   Auxiliary Plane
     Lower Hem. Trend, Plunge of A,N    262.10    44.13    62.40    44.14
     Lower Hem. Trend & Plunge of B    162.25    10.00
     Lower Hem. Trend, Plunge of P,T     72.25     0.00   342.23    80.00
     MRR = 0.97  MTT =-0.07  MPP =-0.90  MRT = 0.16  MRP = 0.05  MTP = 0.30
     Dip,Strike,Rake     50.73   153.96    77.04
     Dip,Strike,Rake     41.02   353.94   105.34   Auxiliary Plane
     Lower Hem. Trend, Plunge of A,N    263.94    48.98    63.96    39.27
     Lower Hem. Trend & Plunge of B    162.25    10.00
     Lower Hem. Trend, Plunge of P,T    253.12     4.93     9.01    78.83
     MRR = 0.96  MTT =-0.05  MPP =-0.91  MRT = 0.21  MRP =-0.11  MTP = 0.27
     Dip,Strike,Rake     55.61   155.32    77.85
     Dip,Strike,Rake     36.22   356.19   107.09   Auxiliary Plane
     Lower Hem. Trend, Plunge of A,N    266.19    53.78    65.32    34.39
     Lower Hem. Trend & Plunge of B    162.25    10.00
     Lower Hem. Trend, Plunge of P,T    254.01     9.85    27.69    75.89
     MRR = 0.91  MTT =-0.03  MPP =-0.88  MRT = 0.26  MRP =-0.27  MTP = 0.23
     Dip,Strike,Rake     55.61   160.39    77.85
     Dip,Strike,Rake     36.22     1.26   107.09   Auxiliary Plane
     Lower Hem. Trend, Plunge of A,N    271.26    53.78    70.39    34.39
     Lower Hem. Trend & Plunge of B    167.32    10.00
     Lower Hem. Trend, Plunge of P,T    259.08     9.85    32.76    75.89
     MRR = 0.91  MTT = 0.01  MPP =-0.92  MRT = 0.23  MRP =-0.29  MTP = 0.15
     Dip,Strike,Rake     60.50   161.60    78.49
     Dip,Strike,Rake     31.48     4.07   109.43   Auxiliary Plane
     Lower Hem. Trend, Plunge of A,N    274.07    58.52    71.60    29.50
     Lower Hem. Trend & Plunge of B    167.33    10.00
     Lower Hem. Trend, Plunge of P,T    259.99    14.77    44.37    72.04
     MRR = 0.84  MTT = 0.02  MPP =-0.86  MRT = 0.25  MRP =-0.45  MTP = 0.11
     Dip,Strike,Rake     65.41   162.69    78.99
     Dip,Strike,Rake     26.80     7.75   112.65   Auxiliary Plane
     Lower Hem. Trend, Plunge of A,N    277.75    63.20    72.69    24.59
     Lower Hem. Trend & Plunge of B    167.32    10.00
     Lower Hem. Trend, Plunge of P,T    260.94    19.69    51.82    67.73
     MRR = 0.74  MTT = 0.03  MPP =-0.78  MRT = 0.27  MRP =-0.59  MTP = 0.07
     Dip,Strike,Rake     70.32   163.71    79.37
     Dip,Strike,Rake     22.27    12.84   117.28   Auxiliary Plane
     Lower Hem. Trend, Plunge of A,N    282.84    67.73    73.71    19.68
     Lower Hem. Trend & Plunge of B    167.33    10.00
     Lower Hem. Trend, Plunge of P,T    261.96    24.60    56.90    63.19
     MRR = 0.62  MTT = 0.04  MPP =-0.67  MRT = 0.27  MRP =-0.71  MTP = 0.02
     Dip,Strike,Rake     75.23   164.66    79.65
     Dip,Strike,Rake     17.97    20.28   124.27   Auxiliary Plane
     Lower Hem. Trend, Plunge of A,N    290.28    72.03    74.66    14.77
     Lower Hem. Trend & Plunge of B    167.33    10.00
     Lower Hem. Trend, Plunge of P,T    263.05    29.49    60.58    58.53
     MRR = 0.49  MTT = 0.05  MPP =-0.54  MRT = 0.27  MRP =-0.81  MTP =-0.03
     Dip,Strike,Rake     31.47   333.12    70.57
     Dip,Strike,Rake     60.51   175.59   101.51   Auxiliary Plane
     Lower Hem. Trend, Plunge of A,N     85.59    29.49   243.12    58.53
     Lower Hem. Trend & Plunge of B    349.86    10.00
     Lower Hem. Trend, Plunge of P,T    257.20    14.77   112.80    72.03
     MRR = 0.84  MTT =-0.03  MPP =-0.81  MRT =-0.06  MRP =-0.51  MTP = 0.24
     Dip,Strike,Rake     31.47   338.19    70.57
     Dip,Strike,Rake     60.51   180.66   101.51   Auxiliary Plane
     Lower Hem. Trend, Plunge of A,N     90.66    29.49   248.19    58.53
     Lower Hem. Trend & Plunge of B    354.93    10.00
     Lower Hem. Trend, Plunge of P,T    262.27    14.77   117.87    72.03
     MRR = 0.84  MTT = 0.00  MPP =-0.84  MRT =-0.10  MRP =-0.50  MTP = 0.16
     Dip,Strike,Rake     36.22   341.00    72.91
     Dip,Strike,Rake     55.61   181.86   102.15   Auxiliary Plane
     Lower Hem. Trend, Plunge of A,N     91.86    34.39   251.00    53.78
     Lower Hem. Trend & Plunge of B    354.93    10.00
     Lower Hem. Trend, Plunge of P,T    263.18     9.85   129.48    75.89
     MRR = 0.91  MTT = 0.01  MPP =-0.92  MRT =-0.13  MRP =-0.35  MTP = 0.14
     Dip,Strike,Rake     41.03   343.24    74.66
     Dip,Strike,Rake     50.72   183.22   102.96   Auxiliary Plane
     Lower Hem. Trend, Plunge of A,N     93.22    39.28   253.24    48.97
     Lower Hem. Trend & Plunge of B    354.93    10.00
     Lower Hem. Trend, Plunge of P,T    264.06     4.92   148.21    78.83
     MRR = 0.96  MTT = 0.02  MPP =-0.97  MRT =-0.15  MRP =-0.19  MTP = 0.12
     Dip,Strike,Rake     45.86   345.08    76.00
     Dip,Strike,Rake     45.87   184.78   104.00   Auxiliary Plane
     Lower Hem. Trend, Plunge of A,N     94.78    44.13   255.08    44.14
     Lower Hem. Trend & Plunge of B    354.93    10.00
     Lower Hem. Trend, Plunge of P,T    264.93     0.00   174.91    80.00
     MRR = 0.97  MTT = 0.02  MPP =-0.99  MRT =-0.17  MRP =-0.02  MTP = 0.09
     Dip,Strike,Rake     50.73   346.64    77.04
     Dip,Strike,Rake     41.02   186.62   105.34   Auxiliary Plane
     Lower Hem. Trend, Plunge of A,N     96.62    48.98   256.64    39.27
     Lower Hem. Trend & Plunge of B    354.93    10.00
     Lower Hem. Trend, Plunge of P,T     85.80     4.93   201.69    78.83
     MRR = 0.96  MTT = 0.03  MPP =-0.98  MRT =-0.18  MRP = 0.16  MTP = 0.06
     Dip,Strike,Rake     55.61   348.00    77.85
     Dip,Strike,Rake     36.22   188.87   107.09   Auxiliary Plane
     Lower Hem. Trend, Plunge of A,N     98.87    53.78   258.00    34.39
     Lower Hem. Trend & Plunge of B    354.93    10.00
     Lower Hem. Trend, Plunge of P,T     86.69     9.85   220.37    75.89
     MRR = 0.91  MTT = 0.03  MPP =-0.94  MRT =-0.19  MRP = 0.32  MTP = 0.03
     Dip,Strike,Rake     61.12   150.93    72.81
     Dip,Strike,Rake     33.23     3.57   118.18   Auxiliary Plane
     Lower Hem. Trend, Plunge of A,N    273.57    56.77    60.93    28.88
     Lower Hem. Trend & Plunge of B    159.43    15.00
     Lower Hem. Trend, Plunge of P,T    253.39    14.48    25.42    68.91
     MRR = 0.81  MTT = 0.03  MPP =-0.84  MRT = 0.37  MRP =-0.38  MTP = 0.21
     Dip,Strike,Rake     65.91   152.55    73.53
     Dip,Strike,Rake     28.90     8.47   122.38   Auxiliary Plane
     Lower Hem. Trend, Plunge of A,N    278.47    61.10    62.55    24.09
     Lower Hem. Trend & Plunge of B    159.43    15.00
     Lower Hem. Trend, Plunge of P,T    254.81    19.29    34.02    65.18
     MRR = 0.71  MTT = 0.06  MPP =-0.77  MRT = 0.40  MRP =-0.51  MTP = 0.14
     Dip,Strike,Rake     70.71   154.05    74.08
     Dip,Strike,Rake     24.82    14.86   128.09   Auxiliary Plane
     Lower Hem. Trend, Plunge of A,N    284.86    65.18    64.05    19.29
     Lower Hem. Trend & Plunge of B    159.43    15.00
     Lower Hem. Trend, Plunge of P,T    256.32    24.09    40.39    61.09
     MRR = 0.60  MTT = 0.09  MPP =-0.69  MRT = 0.41  MRP =-0.64  MTP = 0.08
     Dip,Strike,Rake     75.52   155.46    74.50
     Dip,Strike,Rake     21.09    23.42   135.98   Auxiliary Plane
     Lower Hem. Trend, Plunge of A,N    293.42    68.91    65.46    14.48
     Lower Hem. Trend & Plunge of B    159.43    15.00
     Lower Hem. Trend, Plunge of P,T    257.92    28.88    45.28    56.78
     MRR = 0.47  MTT = 0.12  MPP =-0.58  MRT = 0.41  MRP =-0.74  MTP = 0.01
     Dip,Strike,Rake     37.70   144.29    64.96
     Dip,Strike,Rake     56.35   354.85   108.11   Auxiliary Plane
     Lower Hem. Trend, Plunge of A,N    264.85    33.65    54.29    52.30
     Lower Hem. Trend & Plunge of B    164.58    15.00
     Lower Hem. Trend, Plunge of P,T     71.96     9.65   310.32    72.04
     MRR = 0.88  MTT =-0.05  MPP =-0.82  MRT = 0.14  MRP = 0.38  MTP = 0.33
     Dip,Strike,Rake     42.27   147.43    67.37
     Dip,Strike,Rake     51.62   356.82   109.28   Auxiliary Plane
     Lower Hem. Trend, Plunge of A,N    266.82    38.38    57.43    47.73
     Lower Hem. Trend & Plunge of B    164.57    15.00
     Lower Hem. Trend, Plunge of P,T     73.28     4.83   325.88    74.21
     MRR = 0.92  MTT =-0.03  MPP =-0.89  MRT = 0.19  MRP = 0.23  MTP = 0.31
     Dip,Strike,Rake     46.92   150.06    69.25
     Dip,Strike,Rake     46.92   359.08   110.75   Auxiliary Plane
     Lower Hem. Trend, Plunge of A,N    269.08    43.08    60.06    43.08
     Lower Hem. Trend & Plunge of B    164.57    15.00
     Lower Hem. Trend, Plunge of P,T     74.57     0.00   344.57    75.00
     MRR = 0.93  MTT =-0.01  MPP =-0.92  MRT = 0.24  MRP = 0.07  MTP = 0.27
     Dip,Strike,Rake     51.62   152.32    70.72
     Dip,Strike,Rake     42.27     1.72   112.63   Auxiliary Plane
     Lower Hem. Trend, Plunge of A,N    271.72    47.73    62.32    38.38
     Lower Hem. Trend & Plunge of B    164.57    15.00
     Lower Hem. Trend, Plunge of P,T    255.87     4.83     3.25    74.21
     MRR = 0.92  MTT = 0.01  MPP =-0.93  MRT = 0.28  MRP =-0.10  MTP = 0.23
     Dip,Strike,Rake     56.36   154.30    71.89
     Dip,Strike,Rake     37.69     4.86   115.04   Auxiliary Plane
     Lower Hem. Trend, Plunge of A,N    274.86    52.31    64.30    33.64
     Lower Hem. Trend & Plunge of B    164.57    15.00
     Lower Hem. Trend, Plunge of P,T    257.18     9.66    18.85    72.04
     MRR = 0.88  MTT = 0.04  MPP =-0.91  MRT = 0.31  MRP =-0.26  MTP = 0.18
     Dip,Strike,Rake     61.12   156.07    72.81
     Dip,Strike,Rake     33.23     8.71   118.18   Auxiliary Plane
     Lower Hem. Trend, Plunge of A,N    278.71    56.77    66.07    28.88
     Lower Hem. Trend & Plunge of B    164.57    15.00
     Lower Hem. Trend, Plunge of P,T    258.53    14.48    30.56    68.91
     MRR = 0.81  MTT = 0.06  MPP =-0.87  MRT = 0.34  MRP =-0.41  MTP = 0.13
     Dip,Strike,Rake     65.91   157.69    73.53
     Dip,Strike,Rake     28.90    13.61   122.38   Auxiliary Plane
     Lower Hem. Trend, Plunge of A,N    283.61    61.10    67.69    24.09
     Lower Hem. Trend & Plunge of B    164.57    15.00
     Lower Hem. Trend, Plunge of P,T    259.95    19.29    39.16    65.18
     MRR = 0.71  MTT = 0.08  MPP =-0.79  MRT = 0.35  MRP =-0.55  MTP = 0.07
     Dip,Strike,Rake     70.71   159.19    74.08
     Dip,Strike,Rake     24.82    20.00   128.09   Auxiliary Plane
     Lower Hem. Trend, Plunge of A,N    290.00    65.18    69.19    19.29
     Lower Hem. Trend & Plunge of B    164.57    15.00
     Lower Hem. Trend, Plunge of P,T    261.46    24.09    45.53    61.09
     MRR = 0.60  MTT = 0.10  MPP =-0.70  MRT = 0.35  MRP =-0.67  MTP = 0.01
     Dip,Strike,Rake     75.52   160.60    74.50
     Dip,Strike,Rake     21.09    28.56   135.98   Auxiliary Plane
     Lower Hem. Trend, Plunge of A,N    298.56    68.91    70.60    14.48
     Lower Hem. Trend & Plunge of B    164.57    15.00
     Lower Hem. Trend, Plunge of P,T    263.06    28.88    50.42    56.78
     MRR = 0.47  MTT = 0.11  MPP =-0.58  MRT = 0.34  MRP =-0.77  MTP =-0.06
     Dip,Strike,Rake     42.27   337.71    67.37
     Dip,Strike,Rake     51.62   187.11   109.28   Auxiliary Plane
     Lower Hem. Trend, Plunge of A,N     97.11    38.38   247.71    47.73
     Lower Hem. Trend & Plunge of B    354.85    15.00
     Lower Hem. Trend, Plunge of P,T    263.56     4.83   156.16    74.21
     MRR = 0.92  MTT = 0.05  MPP =-0.97  MRT =-0.23  MRP =-0.19  MTP = 0.14
     Dip,Strike,Rake     46.92   340.35    69.25
     Dip,Strike,Rake     46.92   189.37   110.75   Auxiliary Plane
     Lower Hem. Trend, Plunge of A,N     99.37    43.08   250.35    43.08
     Lower Hem. Trend & Plunge of B    354.86    15.00
     Lower Hem. Trend, Plunge of P,T    264.86     0.00   174.86    75.00
     MRR = 0.93  MTT = 0.06  MPP =-0.99  MRT =-0.25  MRP =-0.02  MTP = 0.10
     Dip,Strike,Rake     51.62   342.60    70.72
     Dip,Strike,Rake     42.27   192.00   112.63   Auxiliary Plane
     Lower Hem. Trend, Plunge of A,N    102.00    47.73   252.60    38.38
     Lower Hem. Trend & Plunge of B    354.85    15.00
     Lower Hem. Trend, Plunge of P,T     86.15     4.83   193.53    74.21
     MRR = 0.92  MTT = 0.07  MPP =-0.98  MRT =-0.26  MRP = 0.14  MTP = 0.05
     Dip,Strike,Rake     56.36   344.59    71.89
     Dip,Strike,Rake     37.69   195.15   115.04   Auxiliary Plane
     Lower Hem. Trend, Plunge of A,N    105.15    52.31   254.59    33.64
     Lower Hem. Trend & Plunge of B    354.86    15.00
     Lower Hem. Trend, Plunge of P,T     87.47     9.66   209.14    72.04
     MRR = 0.88  MTT = 0.07  MPP =-0.95  MRT =-0.26  MRP = 0.31  MTP = 0.00
     Dip,Strike,Rake     61.12   346.36    72.81
     Dip,Strike,Rake     33.23   199.00   118.18   Auxiliary Plane
     Lower Hem. Trend, Plunge of A,N    109.00    56.77   256.36    28.88
     Lower Hem. Trend & Plunge of B    354.86    15.00
     Lower Hem. Trend, Plunge of P,T     88.82    14.48   220.85    68.91
     MRR = 0.81  MTT = 0.07  MPP =-0.88  MRT =-0.26  MRP = 0.46  MTP =-0.04
     Dip,Strike,Rake     65.91   347.98    73.53
     Dip,Strike,Rake     28.90   203.90   122.38   Auxiliary Plane
     Lower Hem. Trend, Plunge of A,N    113.90    61.10   257.98    24.09
     Lower Hem. Trend & Plunge of B    354.86    15.00
     Lower Hem. Trend, Plunge of P,T     90.24    19.29   229.45    65.18
     MRR = 0.71  MTT = 0.07  MPP =-0.79  MRT =-0.25  MRP = 0.60  MTP =-0.09
     Dip,Strike,Rake     35.53   329.36    53.95
     Dip,Strike,Rake     61.98   191.17   112.79   Auxiliary Plane
     Lower Hem. Trend, Plunge of A,N    101.17    28.02   239.36    54.47
     Lower Hem. Trend & Plunge of B      0.00    20.00
     Lower Hem. Trend, Plunge of P,T    264.76    14.08   141.92    65.19
     MRR = 0.76  MTT = 0.10  MPP =-0.87  MRT =-0.28  MRP =-0.47  MTP = 0.17
     Dip,Strike,Rake     39.67   333.97    57.60
     Dip,Strike,Rake     57.39   193.47   113.96   Auxiliary Plane
     Lower Hem. Trend, Plunge of A,N    103.47    32.61   243.97    50.33
     Lower Hem. Trend & Plunge of B      0.00    20.00
     Lower Hem. Trend, Plunge of P,T    266.55     9.39   152.74    67.73
     MRR = 0.83  MTT = 0.11  MPP =-0.94  MRT =-0.30  MRP =-0.32  MTP = 0.12
     Dip,Strike,Rake     43.96   337.82    60.48
     Dip,Strike,Rake     52.84   196.01   115.42   Auxiliary Plane
     Lower Hem. Trend, Plunge of A,N    106.01    37.16   247.82    46.04
     Lower Hem. Trend & Plunge of B      0.00    20.00
     Lower Hem. Trend, Plunge of P,T    268.28     4.70   165.65    69.41
     MRR = 0.87  MTT = 0.12  MPP =-0.98  MRT =-0.32  MRP =-0.16  MTP = 0.06
     Dip,Strike,Rake     48.36   341.12    62.76
     Dip,Strike,Rake     48.36   198.89   117.24   Auxiliary Plane
     Lower Hem. Trend, Plunge of A,N    108.89    41.64   251.12    41.64
     Lower Hem. Trend & Plunge of B      0.00    20.00
     Lower Hem. Trend, Plunge of P,T    270.00     0.00   180.00    70.00
     MRR = 0.88  MTT = 0.12  MPP =-1.00  MRT =-0.32  MRP = 0.00  MTP =-0.00
     Dip,Strike,Rake     52.84   343.99    64.59
     Dip,Strike,Rake     43.96   202.17   119.52   Auxiliary Plane
     Lower Hem. Trend, Plunge of A,N    112.17    46.04   253.99    37.16
     Lower Hem. Trend & Plunge of B      0.00    20.00
     Lower Hem. Trend, Plunge of P,T     91.71     4.70   194.35    69.41
     MRR = 0.87  MTT = 0.12  MPP =-0.98  MRT =-0.32  MRP = 0.16  MTP =-0.06
     Dip,Strike,Rake     57.39   346.53    66.04
     Dip,Strike,Rake     39.67   206.04   122.41   Auxiliary Plane
     Lower Hem. Trend, Plunge of A,N    116.04    50.33   256.53    32.61
     Lower Hem. Trend & Plunge of B      0.00    20.00
     Lower Hem. Trend, Plunge of P,T     93.45     9.39   207.28    67.73
     MRR = 0.83  MTT = 0.11  MPP =-0.94  MRT =-0.30  MRP = 0.32  MTP =-0.12
     Dip,Strike,Rake     31.61   329.04    49.26
     Dip,Strike,Rake     66.60   194.36   111.88   Auxiliary Plane
     Lower Hem. Trend, Plunge of A,N    104.36    23.40   239.04    58.39
     Lower Hem. Trend & Plunge of B      5.30    20.00
     Lower Hem. Trend, Plunge of P,T    268.21    18.75   138.53    62.01
     MRR = 0.68  MTT = 0.12  MPP =-0.80  MRT =-0.30  MRP =-0.58  MTP = 0.14
     Dip,Strike,Rake     35.53   334.65    53.95
     Dip,Strike,Rake     61.98   196.46   112.79   Auxiliary Plane
     Lower Hem. Trend, Plunge of A,N    106.46    28.02   244.65    54.47
     Lower Hem. Trend & Plunge of B      5.29    20.00
     Lower Hem. Trend, Plunge of P,T    270.05    14.08   147.21    65.19
     MRR = 0.76  MTT = 0.12  MPP =-0.89  MRT =-0.32  MRP =-0.44  MTP = 0.08
     Dip,Strike,Rake     80.61   144.78    69.72
     Dip,Strike,Rake     22.27    30.96   154.49   Auxiliary Plane
     Lower Hem. Trend, Plunge of A,N    300.96    67.73    54.78     9.39
     Lower Hem. Trend & Plunge of B    148.23    20.00
     Lower Hem. Trend, Plunge of P,T    251.70    32.62    32.20    50.33
     MRR = 0.30  MTT = 0.22  MPP =-0.52  MRT = 0.56  MRP =-0.69  MTP = 0.03
     Dip,Strike,Rake     66.60   144.47    68.12
     Dip,Strike,Rake     31.61     9.79   130.73   Auxiliary Plane
     Lower Hem. Trend, Plunge of A,N    279.79    58.39    54.47    23.40
     Lower Hem. Trend & Plunge of B    153.53    20.00
     Lower Hem. Trend, Plunge of P,T    250.63    18.75    20.31    62.01
     MRR = 0.68  MTT = 0.10  MPP =-0.77  MRT = 0.49  MRP =-0.43  MTP = 0.21
     Dip,Strike,Rake     71.25   146.43    68.83
     Dip,Strike,Rake     27.99    16.74   136.77   Auxiliary Plane
     Lower Hem. Trend, Plunge of A,N    286.74    62.01    56.43    18.75
     Lower Hem. Trend & Plunge of B    153.53    20.00
     Lower Hem. Trend, Plunge of P,T    252.59    23.40    27.27    58.40
     MRR = 0.57  MTT = 0.14  MPP =-0.71  MRT = 0.51  MRP =-0.55  MTP = 0.13
     Dip,Strike,Rake     75.92   148.29    69.35
     Dip,Strike,Rake     24.82    25.45   144.58   Auxiliary Plane
     Lower Hem. Trend, Plunge of A,N    295.45    65.18    58.29    14.08
     Lower Hem. Trend & Plunge of B    153.53    20.00
     Lower Hem. Trend, Plunge of P,T    254.70    28.02    32.88    54.47
     MRR = 0.44  MTT = 0.18  MPP =-0.63  MRT = 0.51  MRP =-0.66  MTP = 0.04
     Dip,Strike,Rake     57.39   145.36    66.04
     Dip,Strike,Rake     39.67     4.87   122.41   Auxiliary Plane
     Lower Hem. Trend, Plunge of A,N    274.87    50.33    55.36    32.61
     Lower Hem. Trend & Plunge of B    158.83    20.00
     Lower Hem. Trend, Plunge of P,T    252.28     9.39     6.11    67.73
     MRR = 0.83  MTT = 0.05  MPP =-0.88  MRT = 0.40  MRP =-0.19  MTP = 0.27
     Dip,Strike,Rake     61.98   147.65    67.20
     Dip,Strike,Rake     35.53     9.47   126.06   Auxiliary Plane
     Lower Hem. Trend, Plunge of A,N    279.47    54.47    57.65    28.02
     Lower Hem. Trend & Plunge of B    158.82    20.00
     Lower Hem. Trend, Plunge of P,T    254.06    14.08    16.90    65.18
     MRR = 0.76  MTT = 0.09  MPP =-0.85  MRT = 0.43  MRP =-0.34  MTP = 0.20
     Dip,Strike,Rake     66.60   149.76    68.12
     Dip,Strike,Rake     31.61    15.08   130.73   Auxiliary Plane
     Lower Hem. Trend, Plunge of A,N    285.08    58.39    59.76    23.40
     Lower Hem. Trend & Plunge of B    158.82    20.00
     Lower Hem. Trend, Plunge of P,T    255.92    18.75    25.60    62.01
     MRR = 0.68  MTT = 0.13  MPP =-0.80  MRT = 0.45  MRP =-0.47  MTP = 0.13
     Dip,Strike,Rake     71.25   151.73    68.83
     Dip,Strike,Rake     27.99    22.04   136.77   Auxiliary Plane
     Lower Hem. Trend, Plunge of A,N    292.04    62.01    61.73    18.75
     Lower Hem. Trend & Plunge of B    158.83    20.00
     Lower Hem. Trend, Plunge of P,T    257.89    23.40    32.57    58.40
     MRR = 0.57  MTT = 0.16  MPP =-0.73  MRT = 0.45  MRP =-0.60  MTP = 0.05
     Dip,Strike,Rake     75.92   153.59    69.35
     Dip,Strike,Rake     24.82    30.75   144.58   Auxiliary Plane
     Lower Hem. Trend, Plunge of A,N    300.75    65.18    63.59    14.08
     Lower Hem. Trend & Plunge of B    158.83    20.00
     Lower Hem. Trend, Plunge of P,T    260.00    28.02    38.18    54.47
     MRR = 0.44  MTT = 0.19  MPP =-0.63  MRT = 0.44  MRP =-0.70  MTP =-0.03
     Dip,Strike,Rake     48.36   145.24    62.76
     Dip,Strike,Rake     48.36     3.01   117.24   Auxiliary Plane
     Lower Hem. Trend, Plunge of A,N    273.01    41.64    55.24    41.64
     Lower Hem. Trend & Plunge of B    164.12    20.00
     Lower Hem. Trend, Plunge of P,T     74.12     0.00   344.12    70.00
     MRR = 0.88  MTT = 0.03  MPP =-0.92  MRT = 0.31  MRP = 0.09  MTP = 0.29
     Dip,Strike,Rake     52.84   148.10    64.59
     Dip,Strike,Rake     43.96     6.28   119.52   Auxiliary Plane
     Lower Hem. Trend, Plunge of A,N    276.28    46.04    58.10    37.16
     Lower Hem. Trend & Plunge of B    164.11    20.00
     Lower Hem. Trend, Plunge of P,T    255.82     4.70   358.46    69.41
     MRR = 0.87  MTT = 0.06  MPP =-0.93  MRT = 0.35  MRP =-0.07  MTP = 0.24
     Dip,Strike,Rake     57.39   150.65    66.04
     Dip,Strike,Rake     39.67    10.16   122.41   Auxiliary Plane
     Lower Hem. Trend, Plunge of A,N    280.16    50.33    60.65    32.61
     Lower Hem. Trend & Plunge of B    164.12    20.00
     Lower Hem. Trend, Plunge of P,T    257.57     9.39    11.40    67.73
     MRR = 0.83  MTT = 0.09  MPP =-0.92  MRT = 0.38  MRP =-0.23  MTP = 0.18
     Dip,Strike,Rake     61.98   152.95    67.20
     Dip,Strike,Rake     35.53    14.77   126.06   Auxiliary Plane
     Lower Hem. Trend, Plunge of A,N    284.77    54.47    62.95    28.02
     Lower Hem. Trend & Plunge of B    164.12    20.00
     Lower Hem. Trend, Plunge of P,T    259.36    14.08    22.20    65.18
     MRR = 0.76  MTT = 0.12  MPP =-0.88  MRT = 0.40  MRP =-0.38  MTP = 0.11
     Dip,Strike,Rake     66.60   155.06    68.12
     Dip,Strike,Rake     31.61    20.38   130.73   Auxiliary Plane
     Lower Hem. Trend, Plunge of A,N    290.38    58.39    65.06    23.40
     Lower Hem. Trend & Plunge of B    164.12    20.00
     Lower Hem. Trend, Plunge of P,T    261.22    18.75    30.90    62.01
     MRR = 0.68  MTT = 0.14  MPP =-0.82  MRT = 0.40  MRP =-0.51  MTP = 0.04
     Dip,Strike,Rake     71.25   157.02    68.83
     Dip,Strike,Rake     27.99    27.33   136.77   Auxiliary Plane
     Lower Hem. Trend, Plunge of A,N    297.33    62.01    67.02    18.75
     Lower Hem. Trend & Plunge of B    164.12    20.00
     Lower Hem. Trend, Plunge of P,T    263.18    23.40    37.86    58.40
     MRR = 0.57  MTT = 0.16  MPP =-0.73  MRT = 0.40  MRP =-0.64  MTP =-0.03
     Dip,Strike,Rake     75.92   158.88    69.35
     Dip,Strike,Rake     24.82    36.04   144.58   Auxiliary Plane
     Lower Hem. Trend, Plunge of A,N    306.04    65.18    68.88    14.08
     Lower Hem. Trend & Plunge of B    164.12    20.00
     Lower Hem. Trend, Plunge of P,T    265.29    28.02    43.47    54.47
     MRR = 0.44  MTT = 0.17  MPP =-0.61  MRT = 0.38  MRP =-0.74  MTP =-0.10
     Dip,Strike,Rake     39.67   143.38    57.60
     Dip,Strike,Rake     57.39     2.88   113.96   Auxiliary Plane
     Lower Hem. Trend, Plunge of A,N    272.88    32.61    53.38    50.33
     Lower Hem. Trend & Plunge of B    169.41    20.00
     Lower Hem. Trend, Plunge of P,T     75.96     9.39   322.15    67.73
     MRR = 0.83  MTT = 0.03  MPP =-0.86  MRT = 0.24  MRP = 0.37  MTP = 0.30
     Dip,Strike,Rake     43.96   147.24    60.48
     Dip,Strike,Rake     52.84     5.43   115.42   Auxiliary Plane
     Lower Hem. Trend, Plunge of A,N    275.43    37.16    57.24    46.04
     Lower Hem. Trend & Plunge of B    169.42    20.00
     Lower Hem. Trend, Plunge of P,T     77.70     4.70   335.07    69.41
     MRR = 0.87  MTT = 0.06  MPP =-0.93  MRT = 0.28  MRP = 0.22  MTP = 0.25
     Dip,Strike,Rake     48.36   150.53    62.76
     Dip,Strike,Rake     48.36     8.30   117.24   Auxiliary Plane
     Lower Hem. Trend, Plunge of A,N    278.30    41.64    60.53    41.64
     Lower Hem. Trend & Plunge of B    169.41    20.00
     Lower Hem. Trend, Plunge of P,T     79.41     0.00   349.41    70.00
     MRR = 0.88  MTT = 0.08  MPP =-0.96  MRT = 0.32  MRP = 0.06  MTP = 0.20
     Dip,Strike,Rake     52.84   153.40    64.59
     Dip,Strike,Rake     43.96    11.58   119.52   Auxiliary Plane
     Lower Hem. Trend, Plunge of A,N    281.58    46.04    63.40    37.16
     Lower Hem. Trend & Plunge of B    169.41    20.00
     Lower Hem. Trend, Plunge of P,T    261.12     4.70     3.76    69.41
     MRR = 0.87  MTT = 0.10  MPP =-0.97  MRT = 0.34  MRP =-0.10  MTP = 0.14
     Dip,Strike,Rake     75.92   333.59    69.35
     Dip,Strike,Rake     24.82   210.75   144.58   Auxiliary Plane
     Lower Hem. Trend, Plunge of A,N    120.75    65.18   243.59    14.08
     Lower Hem. Trend & Plunge of B    338.83    20.00
     Lower Hem. Trend, Plunge of P,T     80.00    28.02   218.18    54.47
     MRR = 0.44  MTT = 0.19  MPP =-0.63  MRT =-0.44  MRP = 0.70  MTP =-0.03
     Dip,Strike,Rake     66.60   335.06    68.12
     Dip,Strike,Rake     31.61   200.38   130.73   Auxiliary Plane
     Lower Hem. Trend, Plunge of A,N    110.38    58.39   245.06    23.40
     Lower Hem. Trend & Plunge of B    344.12    20.00
     Lower Hem. Trend, Plunge of P,T     81.22    18.75   210.90    62.01
     MRR = 0.68  MTT = 0.14  MPP =-0.82  MRT =-0.40  MRP = 0.51  MTP = 0.04
     Dip,Strike,Rake     71.25   337.02    68.83
     Dip,Strike,Rake     27.99   207.33   136.77   Auxiliary Plane
     Lower Hem. Trend, Plunge of A,N    117.33    62.01   247.02    18.75
     Lower Hem. Trend & Plunge of B    344.12    20.00
     Lower Hem. Trend, Plunge of P,T     83.18    23.40   217.86    58.40
     MRR = 0.57  MTT = 0.16  MPP =-0.73  MRT =-0.40  MRP = 0.64  MTP =-0.03
     Dip,Strike,Rake     52.84   333.40    64.59
     Dip,Strike,Rake     43.96   191.58   119.52   Auxiliary Plane
     Lower Hem. Trend, Plunge of A,N    101.58    46.04   243.40    37.16
     Lower Hem. Trend & Plunge of B    349.41    20.00
     Lower Hem. Trend, Plunge of P,T     81.12     4.70   183.76    69.41
     MRR = 0.87  MTT = 0.10  MPP =-0.97  MRT =-0.34  MRP = 0.10  MTP = 0.14
     Dip,Strike,Rake     57.39   335.94    66.04
     Dip,Strike,Rake     39.67   195.45   122.41   Auxiliary Plane
     Lower Hem. Trend, Plunge of A,N    105.45    50.33   245.94    32.61
     Lower Hem. Trend & Plunge of B    349.41    20.00
     Lower Hem. Trend, Plunge of P,T     82.86     9.39   196.69    67.73
     MRR = 0.83  MTT = 0.12  MPP =-0.95  MRT =-0.36  MRP = 0.26  MTP = 0.08
     Dip,Strike,Rake     61.98   338.24    67.20
     Dip,Strike,Rake     35.53   200.06   126.06   Auxiliary Plane
     Lower Hem. Trend, Plunge of A,N    110.06    54.47   248.24    28.02
     Lower Hem. Trend & Plunge of B    349.41    20.00
     Lower Hem. Trend, Plunge of P,T     84.65    14.08   207.49    65.18
     MRR = 0.76  MTT = 0.13  MPP =-0.90  MRT =-0.36  MRP = 0.41  MTP = 0.02
     Dip,Strike,Rake     66.60   340.35    68.12
     Dip,Strike,Rake     31.61   205.67   130.73   Auxiliary Plane
     Lower Hem. Trend, Plunge of A,N    115.67    58.39   250.35    23.40
     Lower Hem. Trend & Plunge of B    349.41    20.00
     Lower Hem. Trend, Plunge of P,T     86.51    18.75   216.19    62.01
     MRR = 0.68  MTT = 0.14  MPP =-0.82  MRT =-0.35  MRP = 0.55  MTP =-0.05
     Dip,Strike,Rake     71.25   342.32    68.83
     Dip,Strike,Rake     27.99   212.63   136.77   Auxiliary Plane
     Lower Hem. Trend, Plunge of A,N    122.63    62.01   252.32    18.75
     Lower Hem. Trend & Plunge of B    349.42    20.00
     Lower Hem. Trend, Plunge of P,T     88.48    23.40   223.16    58.40
     MRR = 0.57  MTT = 0.15  MPP =-0.71  MRT =-0.34  MRP = 0.67  MTP =-0.11
     Dip,Strike,Rake     39.67   328.67    57.60
     Dip,Strike,Rake     57.39   188.17   113.96   Auxiliary Plane
     Lower Hem. Trend, Plunge of A,N     98.17    32.61   238.67    50.33
     Lower Hem. Trend & Plunge of B    354.70    20.00
     Lower Hem. Trend, Plunge of P,T    261.25     9.39   147.44    67.73
     MRR = 0.83  MTT = 0.08  MPP =-0.91  MRT =-0.27  MRP =-0.35  MTP = 0.21
     Dip,Strike,Rake     43.96   332.53    60.48
     Dip,Strike,Rake     52.84   190.72   115.42   Auxiliary Plane
     Lower Hem. Trend, Plunge of A,N    100.72    37.16   242.53    46.04
     Lower Hem. Trend & Plunge of B    354.71    20.00
     Lower Hem. Trend, Plunge of P,T    262.99     4.70   160.36    69.41
     MRR = 0.87  MTT = 0.09  MPP =-0.96  MRT =-0.30  MRP =-0.19  MTP = 0.16
     Dip,Strike,Rake     48.36   335.82    62.76
     Dip,Strike,Rake     48.36   193.59   117.24   Auxiliary Plane
     Lower Hem. Trend, Plunge of A,N    103.59    41.64   245.82    41.64
     Lower Hem. Trend & Plunge of B    354.70    20.00
     Lower Hem. Trend, Plunge of P,T    264.70     0.00   174.70    70.00
     MRR = 0.88  MTT = 0.11  MPP =-0.99  MRT =-0.32  MRP =-0.03  MTP = 0.10
