  Mon Oct 23 13:19:21 2023 for program Focplt
 Input from file puna_20081008155_p.inp
     2
 Statn  Azimuth  TOAngl  Key  Log10 Ratio     Pol  TOAng2  Comment
BB02  192.81   93.77+
EW15  213.83   99.97D
EW16  216.42   96.28D
EW17  223.96   94.47-
EW18  228.89   93.36D
EW19  234.83   92.76D
BB09  235.21  112.12D
BB04  262.20   91.46-
BB22  281.63   90.25D
BB05  323.10   97.37-
BB06  334.19   91.76-
BB08  359.00  100.42C
NS24   36.51   91.32-
NS22   41.77   92.39D
NS20   45.59   94.27D
BB20   46.45   89.42-
NS01   54.58   96.64D
GALA   57.10   91.28D
NS02   65.10   97.54D
BB10   81.63  112.82D
NS03   78.94   97.85D
BB19   82.56   93.28-
NS04   91.46   97.04D
NS05  103.06   98.17D
EW10  107.73   95.27D
EW09  113.18   93.95D
EW01  112.65   92.39D
NS06  116.42   98.07D
NS07  128.96   99.69D
BB11  129.43   90.79D
EW11  140.98  102.90C
NS08  148.13   98.78C
EW12  156.20  104.44C
NS09  155.41   96.25C
NS10  162.88   94.35C
EW13  173.09  108.30C
 Plotting P nodal planes
 
  Solutions input from file output_20081008155_uw.out
   Mon Oct 23 13:19:21 2023 for program Focmec
  Event 8703270729 4 UW errors max
  Input from a file puna_20081008155_p.inp
  20081008155
  Including emergent polarity picks
  Polarities/Errors:  P 036/00  SV 000/00  SH 000/00
  There are no amplitude ratio data
  The minimum, increment and maximum B axis trend:     0.00    5.00  355.00
  The limits for the B axis plunge:     0.00    5.00   90.00
  The limits for Angle:     0.00    5.00  175.00
 
     Dip,Strike,Rake     28.90   156.11    57.62
     Dip,Strike,Rake     65.91    12.03   106.47   Auxiliary Plane
     Lower Hem. Trend, Plunge of A,N    282.03    24.09    66.11    61.10
     Lower Hem. Trend & Plunge of B    185.15    15.00
     Lower Hem. Trend, Plunge of P,T     89.76    19.30   310.56    65.18
     MRR = 0.71  MTT = 0.07  MPP =-0.79  MRT = 0.25  MRP = 0.60  MTP = 0.09
     Dip,Strike,Rake     33.23   161.00    61.81
     Dip,Strike,Rake     61.12    13.65   107.20   Auxiliary Plane
     Lower Hem. Trend, Plunge of A,N    283.65    28.88    71.00    56.77
     Lower Hem. Trend & Plunge of B    185.15    15.00
     Lower Hem. Trend, Plunge of P,T     91.18    14.47   319.17    68.91
     MRR = 0.81  MTT = 0.07  MPP =-0.88  MRT = 0.26  MRP = 0.46  MTP = 0.04
     Dip,Strike,Rake     24.81   154.87    51.92
     Dip,Strike,Rake     70.71    15.67   105.91   Auxiliary Plane
     Lower Hem. Trend, Plunge of A,N    285.67    19.29    64.87    65.19
     Lower Hem. Trend & Plunge of B    190.29    15.00
     Lower Hem. Trend, Plunge of P,T     93.41    24.10   309.32    61.09
     MRR = 0.60  MTT = 0.09  MPP =-0.69  MRT = 0.29  MRP = 0.70  MTP = 0.07
     Dip,Strike,Rake     43.96   152.53    60.48
     Dip,Strike,Rake     52.84    10.72   115.42   Auxiliary Plane
     Lower Hem. Trend, Plunge of A,N    280.72    37.16    62.53    46.04
     Lower Hem. Trend & Plunge of B    174.71    20.00
     Lower Hem. Trend, Plunge of P,T     82.99     4.70   340.36    69.41
     MRR = 0.87  MTT = 0.09  MPP =-0.96  MRT = 0.30  MRP = 0.19  MTP = 0.16
     Dip,Strike,Rake     39.67   153.97    57.60
     Dip,Strike,Rake     57.39    13.47   113.96   Auxiliary Plane
     Lower Hem. Trend, Plunge of A,N    283.47    32.61    63.97    50.33
     Lower Hem. Trend & Plunge of B    180.00    20.00
     Lower Hem. Trend, Plunge of P,T     86.55     9.39   332.74    67.73
     MRR = 0.83  MTT = 0.11  MPP =-0.94  MRT = 0.30  MRP = 0.32  MTP = 0.12
     Dip,Strike,Rake     35.53   154.65    53.95
     Dip,Strike,Rake     61.98    16.46   112.79   Auxiliary Plane
     Lower Hem. Trend, Plunge of A,N    286.46    28.02    64.65    54.47
     Lower Hem. Trend & Plunge of B    185.29    20.00
     Lower Hem. Trend, Plunge of P,T     90.05    14.08   327.21    65.19
     MRR = 0.76  MTT = 0.12  MPP =-0.89  MRT = 0.32  MRP = 0.44  MTP = 0.08
     Dip,Strike,Rake     31.61   154.33    49.26
     Dip,Strike,Rake     66.60    19.65   111.88   Auxiliary Plane
     Lower Hem. Trend, Plunge of A,N    289.65    23.40    64.33    58.39
     Lower Hem. Trend & Plunge of B    190.59    20.00
     Lower Hem. Trend, Plunge of P,T     93.50    18.75   323.82    62.01
     MRR = 0.68  MTT = 0.14  MPP =-0.82  MRT = 0.35  MRP = 0.55  MTP = 0.05
     Dip,Strike,Rake     27.99   152.66    43.22
     Dip,Strike,Rake     71.25    22.97   111.17   Auxiliary Plane
     Lower Hem. Trend, Plunge of A,N    292.97    18.75    62.66    62.01
     Lower Hem. Trend & Plunge of B    195.88    20.00
     Lower Hem. Trend, Plunge of P,T     96.82    23.40   322.14    58.39
     MRR = 0.57  MTT = 0.16  MPP =-0.73  MRT = 0.40  MRP = 0.64  MTP = 0.03
     Dip,Strike,Rake     31.61   159.62    49.26
     Dip,Strike,Rake     66.60    24.94   111.88   Auxiliary Plane
     Lower Hem. Trend, Plunge of A,N    294.94    23.40    69.62    58.39
     Lower Hem. Trend & Plunge of B    195.88    20.00
     Lower Hem. Trend, Plunge of P,T     98.79    18.75   329.11    62.01
     MRR = 0.68  MTT = 0.14  MPP =-0.82  MRT = 0.40  MRP = 0.51  MTP =-0.04
     Dip,Strike,Rake     27.99   157.96    43.22
     Dip,Strike,Rake     71.25    28.27   111.17   Auxiliary Plane
     Lower Hem. Trend, Plunge of A,N    298.27    18.75    67.96    62.01
     Lower Hem. Trend & Plunge of B    201.18    20.00
     Lower Hem. Trend, Plunge of P,T    102.12    23.40   327.44    58.39
     MRR = 0.57  MTT = 0.16  MPP =-0.73  MRT = 0.45  MRP = 0.60  MTP =-0.05
     Dip,Strike,Rake     38.29   152.10    47.00
     Dip,Strike,Rake     63.05    22.01   118.30   Auxiliary Plane
     Lower Hem. Trend, Plunge of A,N    292.01    26.95    62.10    51.71
     Lower Hem. Trend & Plunge of B    188.30    25.00
     Lower Hem. Trend, Plunge of P,T     91.84    13.57   335.93    61.10
     MRR = 0.71  MTT = 0.19  MPP =-0.91  MRT = 0.39  MRP = 0.40  MTP = 0.06
     Dip,Strike,Rake     34.78   151.66    42.19
     Dip,Strike,Rake     67.47    24.99   117.23   Auxiliary Plane
     Lower Hem. Trend, Plunge of A,N    294.99    22.53    61.66    55.22
     Lower Hem. Trend & Plunge of B    193.84    25.00
     Lower Hem. Trend, Plunge of P,T     95.10    18.05   333.11    58.39
     MRR = 0.63  MTT = 0.21  MPP =-0.84  MRT = 0.42  MRP = 0.50  MTP = 0.03
     Dip,Strike,Rake     38.29   157.64    47.00
     Dip,Strike,Rake     63.05    27.55   118.30   Auxiliary Plane
     Lower Hem. Trend, Plunge of A,N    297.55    26.95    67.64    51.71
     Lower Hem. Trend & Plunge of B    193.84    25.00
     Lower Hem. Trend, Plunge of P,T     97.38    13.57   341.47    61.10
     MRR = 0.71  MTT = 0.19  MPP =-0.91  MRT = 0.43  MRP = 0.36  MTP =-0.05
