  Mon Oct 23 13:19:21 2023 for program Focmec
 Event 8703270729 4 UW errors max
 Input from a file puna_20081008155_p.inp
 20081008155

 Statn  Azimuth    TOA   Key  Log10 Ratio  NumPol  DenTOA  Comment
  BB02   192.8     93.8   +                                IP
 Including emergent polarity picks
  EW15   213.8    100.0   D                                IP
  EW16   216.4     96.3   D                                IP
  EW17   224.0     94.5   -                                IP
  EW18   228.9     93.4   D                                IP
  EW19   234.8     92.8   D                                IP
  BB09   235.2    112.1   D                                IP
  BB04   262.2     91.5   -                                IP
  BB22   281.6     90.2   D                                IP
  BB05   323.1     97.4   -                                IP
  BB06   334.2     91.8   -                                IP
  BB08   359.0    100.4   U                                IP
  NS24    36.5     91.3   -                                IP
  NS22    41.8     92.4   D                                IP
  NS20    45.6     94.3   D                                IP
  BB20    46.5     89.4   -                                IP
  NS01    54.6     96.6   D                                IP
  GALA    57.1     91.3   D                                IP
  NS02    65.1     97.5   D                                IP
  BB10    81.6    112.8   D                                IP
  NS03    78.9     97.8   D                                IP
  BB19    82.6     93.3   -                                IP
  NS04    91.5     97.0   D                                IP
  NS05   103.1     98.2   D                                IP
  EW10   107.7     95.3   D                                IP
  EW09   113.2     93.9   D                                IP
  EW01   112.7     92.4   D                                IP
  NS06   116.4     98.1   D                                IP
  NS07   129.0     99.7   D                                IP
  BB11   129.4     90.8   D                                IP
  EW11   141.0    102.9   U                                IP
  NS08   148.1     98.8   U                                IP
  EW12   156.2    104.4   U                                IP
  NS09   155.4     96.2   U                                IP
  NS10   162.9     94.3   U                                IP
  EW13   173.1    108.3   U                                IP
 Polarities/Errors:  P 036/00  SV 000/00  SH 000/00
 There are no amplitude ratio data
 The minimum, increment and maximum B axis trend:     0.00    5.00  355.00
 The limits for the B axis plunge:     0.00    5.00   90.00
 The limits for Angle:     0.00    5.00  175.00
 ++++++++++++++++++++++++++++++++++++++++++++++++++++++++++++++++++++++++++++

     Dip,Strike,Rake     28.90   156.11    57.62
     Dip,Strike,Rake     65.91    12.02   106.47   Auxiliary Plane
     Lower Hem. Trend, Plunge of A,N    282.02    24.09    66.11    61.10
     Lower Hem. Trend, Plunge of P,T     89.76    19.29   310.56    65.19
     B trend, B plunge, Angle:  185.14  15.00  25.00
++++++++++++++++++++++++++++++++++++++++++++++++++++++++++++++++++++++++++++++++

     Dip,Strike,Rake     33.23   161.00    61.81
     Dip,Strike,Rake     61.12    13.64   107.19   Auxiliary Plane
     Lower Hem. Trend, Plunge of A,N    283.64    28.88    71.00    56.77
     Lower Hem. Trend, Plunge of P,T     91.18    14.48   319.15    68.91
     B trend, B plunge, Angle:  185.14  15.00  30.00
++++++++++++++++++++++++++++++++++++++++++++++++++++++++++++++++++++++++++++++++

     Dip,Strike,Rake     24.81   154.87    51.92
     Dip,Strike,Rake     70.71    15.67   105.92   Auxiliary Plane
     Lower Hem. Trend, Plunge of A,N    285.67    19.29    64.87    65.19
     Lower Hem. Trend, Plunge of P,T     93.40    24.09   309.32    61.10
     B trend, B plunge, Angle:  190.29  15.00  20.00
++++++++++++++++++++++++++++++++++++++++++++++++++++++++++++++++++++++++++++++++

     Dip,Strike,Rake     43.96   152.53    60.48
     Dip,Strike,Rake     52.84    10.72   115.41   Auxiliary Plane
     Lower Hem. Trend, Plunge of A,N    280.72    37.16    62.53    46.04
     Lower Hem. Trend, Plunge of P,T     82.99     4.70   340.36    69.41
     B trend, B plunge, Angle:  174.71  20.00  40.00
++++++++++++++++++++++++++++++++++++++++++++++++++++++++++++++++++++++++++++++++

     Dip,Strike,Rake     39.67   153.97    57.60
     Dip,Strike,Rake     57.39    13.47   113.96   Auxiliary Plane
     Lower Hem. Trend, Plunge of A,N    283.47    32.61    63.97    50.33
     Lower Hem. Trend, Plunge of P,T     86.55     9.39   332.73    67.73
     B trend, B plunge, Angle:  180.00  20.00  35.00
++++++++++++++++++++++++++++++++++++++++++++++++++++++++++++++++++++++++++++++++

     Dip,Strike,Rake     35.53   154.65    53.95
     Dip,Strike,Rake     61.98    16.46   112.80   Auxiliary Plane
     Lower Hem. Trend, Plunge of A,N    286.46    28.02    64.65    54.47
     Lower Hem. Trend, Plunge of P,T     90.06    14.08   327.22    65.19
     B trend, B plunge, Angle:  185.29  20.00  30.00
++++++++++++++++++++++++++++++++++++++++++++++++++++++++++++++++++++++++++++++++

     Dip,Strike,Rake     31.61   154.33    49.26
     Dip,Strike,Rake     66.60    19.65   111.88   Auxiliary Plane
     Lower Hem. Trend, Plunge of A,N    289.65    23.40    64.33    58.39
     Lower Hem. Trend, Plunge of P,T     93.49    18.75   323.81    62.01
     B trend, B plunge, Angle:  190.59  20.00  25.00
++++++++++++++++++++++++++++++++++++++++++++++++++++++++++++++++++++++++++++++++

     Dip,Strike,Rake     27.99   152.66    43.22
     Dip,Strike,Rake     71.25    22.98   111.17   Auxiliary Plane
     Lower Hem. Trend, Plunge of A,N    292.98    18.75    62.66    62.01
     Lower Hem. Trend, Plunge of P,T     96.82    23.40   322.14    58.39
     B trend, B plunge, Angle:  195.88  20.00  20.00
++++++++++++++++++++++++++++++++++++++++++++++++++++++++++++++++++++++++++++++++

     Dip,Strike,Rake     31.61   159.62    49.26
     Dip,Strike,Rake     66.60    24.94   111.88   Auxiliary Plane
     Lower Hem. Trend, Plunge of A,N    294.94    23.40    69.62    58.39
     Lower Hem. Trend, Plunge of P,T     98.79    18.75   329.10    62.01
     B trend, B plunge, Angle:  195.88  20.00  25.00
++++++++++++++++++++++++++++++++++++++++++++++++++++++++++++++++++++++++++++++++

     Dip,Strike,Rake     27.99   157.96    43.22
     Dip,Strike,Rake     71.25    28.27   111.17   Auxiliary Plane
     Lower Hem. Trend, Plunge of A,N    298.27    18.75    67.96    62.01
     Lower Hem. Trend, Plunge of P,T    102.11    23.40   327.44    58.39
     B trend, B plunge, Angle:  201.18  20.00  20.00
++++++++++++++++++++++++++++++++++++++++++++++++++++++++++++++++++++++++++++++++

     Dip,Strike,Rake     38.29   152.10    47.00
     Dip,Strike,Rake     63.05    22.02   118.30   Auxiliary Plane
     Lower Hem. Trend, Plunge of A,N    292.02    26.95    62.10    51.71
     Lower Hem. Trend, Plunge of P,T     91.85    13.57   335.93    61.10
     B trend, B plunge, Angle:  188.31  25.00  30.00
++++++++++++++++++++++++++++++++++++++++++++++++++++++++++++++++++++++++++++++++

     Dip,Strike,Rake     34.78   151.66    42.19
     Dip,Strike,Rake     67.48    24.99   117.23   Auxiliary Plane
     Lower Hem. Trend, Plunge of A,N    294.99    22.52    61.66    55.22
     Lower Hem. Trend, Plunge of P,T     95.10    18.06   333.11    58.39
     B trend, B plunge, Angle:  193.85  25.00  25.00
++++++++++++++++++++++++++++++++++++++++++++++++++++++++++++++++++++++++++++++++

     Dip,Strike,Rake     38.29   157.64    47.00
     Dip,Strike,Rake     63.05    27.56   118.30   Auxiliary Plane
     Lower Hem. Trend, Plunge of A,N    297.56    26.95    67.64    51.71
     Lower Hem. Trend, Plunge of P,T     97.39    13.57   341.47    61.10
     B trend, B plunge, Angle:  193.85  25.00  30.00
++++++++++++++++++++++++++++++++++++++++++++++++++++++++++++++++++++++++++++++++


 There are  13 acceptable solutions
