  Tue Oct 24 14:53:21 2023 for program Focmec
 Event 8703270729 4 UW errors max
 Input from a file puna_20090220221_p.inp
 20090220221
 Including emergent polarity picks
 Polarities/Errors:  P 028/03  SV 000/00  SH 000/00
 There are no amplitude ratio data
 The minimum, increment and maximum B axis trend:     0.00    5.00  355.00
 The limits for the B axis plunge:     0.00    5.00   90.00
 The limits for Angle:     0.00    5.00  175.00
    Dip   Strike   Rake    Pol: P     SV    SH
   90.00  145.00   90.00       3.00  0.00  0.00
   85.00  325.00  -90.00       3.00  0.00  0.00
   90.00  150.00   90.00       3.00  0.00  0.00
   85.00  330.00  -90.00       3.00  0.00  0.00
   90.00  155.00   90.00       3.00  0.00  0.00
   85.00  335.00  -90.00       3.00  0.00  0.00
   80.00  335.00  -90.00       2.00  0.00  0.00
   90.00  160.00   90.00       3.00  0.00  0.00
   85.00  340.00  -90.00       3.00  0.00  0.00
   80.00  340.00  -90.00       3.00  0.00  0.00
   75.06  186.34  -84.82       3.00  0.00  0.00
   75.06  191.34  -84.82       2.00  0.00  0.00
   75.06  196.34  -84.82       3.00  0.00  0.00
   75.06  201.34  -84.82       3.00  0.00  0.00
   80.04  205.88  -84.92       3.00  0.00  0.00
   11.17  176.30  -63.26       3.00  0.00  0.00
   15.79  173.02  -71.32       3.00  0.00  0.00
   11.17  181.30  -63.26       3.00  0.00  0.00
   15.79  178.02  -71.32       3.00  0.00  0.00
   11.17  186.30  -63.26       3.00  0.00  0.00
   20.59  178.47  -75.65       3.00  0.00  0.00
   15.79  183.02  -71.32       3.00  0.00  0.00
   50.73  188.29  -77.04       3.00  0.00  0.00
   65.41  189.70  -78.99       3.00  0.00  0.00
   60.50  190.80  -78.49       3.00  0.00  0.00
   70.32  193.76  -79.37       3.00  0.00  0.00
   65.41  194.77  -78.99       3.00  0.00  0.00
   70.32  198.83  -79.37       3.00  0.00  0.00
   75.23  202.95  -79.65       2.00  0.00  0.00
   75.23  208.02  -79.65       3.00  0.00  0.00
   80.15  217.25  -79.85       3.00  0.00  0.00
   80.15  222.32  -79.85       3.00  0.00  0.00
   85.08    8.48  -79.96       3.00  0.00  0.00
   85.08   13.55  -79.96       2.00  0.00  0.00
   85.08   18.62  -79.96       3.00  0.00  0.00
   90.00  207.89   80.00       3.00  0.00  0.00
   90.00  212.96   80.00       3.00  0.00  0.00
   17.96  182.52  -55.73       3.00  0.00  0.00
   14.11  194.14  -44.56       3.00  0.00  0.00
   22.27  180.15  -62.73       3.00  0.00  0.00
   17.96  187.59  -55.73       3.00  0.00  0.00
   14.11  199.21  -44.56       3.00  0.00  0.00
   26.81  180.14  -67.35       3.00  0.00  0.00
   22.27  185.22  -62.73       3.00  0.00  0.00
   17.96  192.66  -55.73       3.00  0.00  0.00
   14.11  204.28  -44.56       3.00  0.00  0.00
   26.81  185.21  -67.35       3.00  0.00  0.00
   22.27  190.29  -62.73       3.00  0.00  0.00
   17.96  197.73  -55.73       3.00  0.00  0.00
   14.11  209.35  -44.56       3.00  0.00  0.00
   36.22  183.79  -72.91       3.00  0.00  0.00
   31.47  186.60  -70.57       3.00  0.00  0.00
   26.81  190.28  -67.35       3.00  0.00  0.00
   41.03  186.62  -74.66       3.00  0.00  0.00
   61.12  188.50  -72.81       3.00  0.00  0.00
   56.36  190.27  -71.89       3.00  0.00  0.00
   51.62  192.25  -70.72       3.00  0.00  0.00
   46.92  194.51  -69.25       3.00  0.00  0.00
   65.91  192.02  -73.53       3.00  0.00  0.00
   61.12  193.64  -72.81       3.00  0.00  0.00
   56.36  195.41  -71.89       3.00  0.00  0.00
   51.62  197.40  -70.72       3.00  0.00  0.00
   65.91  197.17  -73.53       3.00  0.00  0.00
   61.12  198.78  -72.81       3.00  0.00  0.00
   70.71  200.81  -74.08       3.00  0.00  0.00
   65.91  202.31  -73.53       3.00  0.00  0.00
   80.34  223.76  -74.78       3.00  0.00  0.00
   24.81   19.99  -51.92       3.00  0.00  0.00
   21.09   28.58  -44.01       3.00  0.00  0.00
   80.34    7.76  -74.78       3.00  0.00  0.00
   80.34   12.90  -74.78       2.00  0.00  0.00
   75.52   14.25  -74.50       3.00  0.00  0.00
   85.17   16.73  -74.95       2.00  0.00  0.00
   80.34   18.04  -74.78       2.00  0.00  0.00
   85.17   21.87  -74.95       2.00  0.00  0.00
   85.17   27.01  -74.95       3.00  0.00  0.00
   85.17   32.15  -74.95       3.00  0.00  0.00
   90.00  216.00   75.00       3.00  0.00  0.00
   90.00  221.14   75.00       2.00  0.00  0.00
   90.00  226.29   75.00       2.00  0.00  0.00
   85.17  230.13   74.95       3.00  0.00  0.00
   17.96  204.88  -32.95       3.00  0.00  0.00
   28.90  183.32  -57.62       3.00  0.00  0.00
   24.81  189.70  -51.92       3.00  0.00  0.00
   21.09  198.29  -44.01       3.00  0.00  0.00
   33.23  183.57  -61.81       3.00  0.00  0.00
   28.90  188.46  -57.62       3.00  0.00  0.00
   24.81  194.85  -51.92       3.00  0.00  0.00
   21.09  203.44  -44.01       3.00  0.00  0.00
   37.70  184.86  -64.96       3.00  0.00  0.00
   33.23  188.72  -61.81       3.00  0.00  0.00
   28.90  193.60  -57.62       3.00  0.00  0.00
   24.81  199.99  -51.92       3.00  0.00  0.00
   42.27  186.86  -67.37       3.00  0.00  0.00
   37.70  190.00  -64.96       3.00  0.00  0.00
   33.23  193.86  -61.81       3.00  0.00  0.00
   28.90  198.75  -57.62       3.00  0.00  0.00
   24.81  205.13  -51.92       3.00  0.00  0.00
   51.62  187.11  -70.72       3.00  0.00  0.00
   46.92  189.37  -69.25       3.00  0.00  0.00
   42.27  192.00  -67.37       3.00  0.00  0.00
   37.70  195.14  -64.96       3.00  0.00  0.00
   57.39  193.47  -66.04       3.00  0.00  0.00
   52.84  196.01  -64.59       3.00  0.00  0.00
   48.36  198.88  -62.76       3.00  0.00  0.00
   43.96  202.18  -60.48       3.00  0.00  0.00
   61.98  196.46  -67.20       3.00  0.00  0.00
   57.39  198.76  -66.04       3.00  0.00  0.00
   52.84  201.31  -64.59       3.00  0.00  0.00
   48.36  204.18  -62.76       3.00  0.00  0.00
   66.60  199.65  -68.12       3.00  0.00  0.00
   61.98  201.76  -67.20       3.00  0.00  0.00
   57.39  204.06  -66.04       3.00  0.00  0.00
   66.60  204.94  -68.12       3.00  0.00  0.00
   80.61  225.80  -69.72       3.00  0.00  0.00
   75.92  227.59  -69.35       3.00  0.00  0.00
   24.81   20.16  -35.42       3.00  0.00  0.00
   22.27   30.96  -25.51       3.00  0.00  0.00
   27.99   16.75  -43.22       3.00  0.00  0.00
   24.81   25.45  -35.42       3.00  0.00  0.00
   24.81   30.75  -35.42       3.00  0.00  0.00
   31.61   20.38  -49.26       3.00  0.00  0.00
   27.99   27.34  -43.22       3.00  0.00  0.00
   35.53   20.05  -53.95       3.00  0.00  0.00
   75.92   10.53  -69.35       3.00  0.00  0.00
   75.92   15.82  -69.35       3.00  0.00  0.00
   71.25   17.68  -68.83       3.00  0.00  0.00
   80.61   19.33  -69.72       2.00  0.00  0.00
   75.92   21.12  -69.35       3.00  0.00  0.00
   80.61   24.63  -69.72       3.00  0.00  0.00
   85.30   28.18  -69.93       3.00  0.00  0.00
   85.30   33.48  -69.93       3.00  0.00  0.00
   90.00  217.06   70.00       3.00  0.00  0.00
   90.00  222.35   70.00       2.00  0.00  0.00
   90.00  227.65   70.00       2.00  0.00  0.00
   85.30  231.23   69.93       3.00  0.00  0.00
   27.99  196.75  -43.22       3.00  0.00  0.00
   24.81  205.45  -35.42       3.00  0.00  0.00
   35.53  189.47  -53.95       3.00  0.00  0.00
   31.61  195.08  -49.26       3.00  0.00  0.00
   27.99  202.04  -43.22       3.00  0.00  0.00
   39.67  190.15  -57.60       3.00  0.00  0.00
   35.53  194.76  -53.95       3.00  0.00  0.00
   31.61  200.38  -49.26       3.00  0.00  0.00
   48.36  188.29  -62.76       3.00  0.00  0.00
   43.96  191.59  -60.48       3.00  0.00  0.00
   39.67  195.45  -57.60       3.00  0.00  0.00
   35.53  200.05  -53.95       3.00  0.00  0.00
   31.61  205.67  -49.26       3.00  0.00  0.00
   52.84  190.72  -64.59       3.00  0.00  0.00
   48.36  193.59  -62.76       3.00  0.00  0.00
   43.96  196.88  -60.48       3.00  0.00  0.00
   39.67  200.74  -57.60       3.00  0.00  0.00
   35.53  205.35  -53.95       3.00  0.00  0.00
   54.37  199.53  -58.67       3.00  0.00  0.00
   50.14  202.91  -56.60       3.00  0.00  0.00
   58.68  202.02  -60.35       3.00  0.00  0.00
   54.37  205.06  -58.67       3.00  0.00  0.00
   63.05  204.79  -61.70       3.00  0.00  0.00
   76.43  225.23  -64.23       3.00  0.00  0.00
   71.94  227.51  -63.61       3.00  0.00  0.00
   80.95  228.57  -64.66       3.00  0.00  0.00
   28.90   27.16  -29.03       3.00  0.00  0.00
   31.61   24.34  -36.26       3.00  0.00  0.00
   28.90   32.70  -29.03       3.00  0.00  0.00
   34.78   22.80  -42.19       3.00  0.00  0.00
   31.61   29.88  -36.26       3.00  0.00  0.00
   38.29   22.36  -47.00       2.00  0.00  0.00
   34.78   28.34  -42.19       3.00  0.00  0.00
   31.61   35.42  -36.26       3.00  0.00  0.00
   46.03   18.42  -54.04       3.00  0.00  0.00
   42.06   22.81  -50.89       3.00  0.00  0.00
   38.29   27.90  -47.00       3.00  0.00  0.00
   54.37   16.76  -58.67       3.00  0.00  0.00
   50.14   20.14  -56.60       3.00  0.00  0.00
   63.05   16.48  -61.70       3.00  0.00  0.00
   58.68   19.25  -60.35       3.00  0.00  0.00
   54.37   22.29  -58.67       3.00  0.00  0.00
   71.94   17.05  -63.61       3.00  0.00  0.00
   67.48   19.46  -62.77       3.00  0.00  0.00
   63.05   22.02  -61.70       3.00  0.00  0.00
   76.43   20.31  -64.23       3.00  0.00  0.00
   71.94   22.59  -63.61       3.00  0.00  0.00
   80.95   23.65  -64.66       2.00  0.00  0.00
   85.47   32.58  -64.92       3.00  0.00  0.00
   85.47   38.12  -64.92       3.00  0.00  0.00
   80.95   40.26  -64.66       3.00  0.00  0.00
   90.00  221.54   65.00       2.00  0.00  0.00
   85.47   43.66  -64.92       3.00  0.00  0.00
   90.00  227.08   65.00       2.00  0.00  0.00
   85.47  230.50   64.92       3.00  0.00  0.00
   34.78  200.03  -42.19       3.00  0.00  0.00
   38.29  199.59  -47.00       3.00  0.00  0.00
   34.78  205.57  -42.19       3.00  0.00  0.00
   46.03  195.66  -54.04       3.00  0.00  0.00
   42.06  200.04  -50.89       3.00  0.00  0.00
   38.29  205.13  -47.00       3.00  0.00  0.00
   50.14  197.37  -56.60       3.00  0.00  0.00
   46.03  201.19  -54.04       3.00  0.00  0.00
   42.06  205.58  -50.89       3.00  0.00  0.00
   60.22  205.10  -54.82       3.00  0.00  0.00
   68.53  227.96  -57.50       3.00  0.00  0.00
   77.05  228.28  -59.13       3.00  0.00  0.00
   33.23   32.78  -24.15       3.00  0.00  0.00
   38.29   23.77  -36.20       3.00  0.00  0.00
   35.53   30.72  -30.64       3.00  0.00  0.00
   33.23   38.59  -24.15       3.00  0.00  0.00
   44.81   18.11  -44.81       3.00  0.00  0.00
   38.29   29.58  -36.20       3.00  0.00  0.00
   35.53   36.53  -30.64       3.00  0.00  0.00
   48.44   19.18  -48.07       3.00  0.00  0.00
   41.41   29.28  -40.89       3.00  0.00  0.00
   38.29   35.38  -36.20       3.00  0.00  0.00
   56.17   16.95  -53.00       3.00  0.00  0.00
   52.24   20.76  -50.77       3.00  0.00  0.00
   44.81   29.72  -44.81       3.00  0.00  0.00
   41.41   35.09  -40.89       3.00  0.00  0.00
   64.34   16.10  -56.31       3.00  0.00  0.00
   60.22   19.30  -54.82       3.00  0.00  0.00
   56.17   22.76  -53.00       3.00  0.00  0.00
   48.44   30.79  -48.07       3.00  0.00  0.00
   68.53   18.93  -57.50       3.00  0.00  0.00
   64.34   21.91  -56.31       3.00  0.00  0.00
   72.77   21.93  -58.43       3.00  0.00  0.00
   85.67   37.34  -59.91       3.00  0.00  0.00
   81.35   39.88  -59.62       3.00  0.00  0.00
   77.05   42.47  -59.13       3.00  0.00  0.00
   85.67   43.15  -59.91       3.00  0.00  0.00
   81.35   45.68  -59.62       3.00  0.00  0.00
   90.00  226.45   60.00       3.00  0.00  0.00
   44.81  203.92  -44.81       3.00  0.00  0.00
   48.44  204.98  -48.07       3.00  0.00  0.00
   65.82  228.83  -51.04       3.00  0.00  0.00
   73.73  228.40  -53.31       3.00  0.00  0.00
   37.70   37.50  -20.29       3.00  0.00  0.00
   42.06   29.53  -31.11       3.00  0.00  0.00
   39.67   36.25  -26.03       3.00  0.00  0.00
   44.81   29.56  -35.53       3.00  0.00  0.00
   42.06   35.64  -31.11       3.00  0.00  0.00
   54.60   20.69  -45.28       3.00  0.00  0.00
   47.85   30.17  -39.32       3.00  0.00  0.00
   44.81   35.66  -35.53       3.00  0.00  0.00
   58.23   22.65  -47.57       3.00  0.00  0.00
   51.13   31.30  -42.55       3.00  0.00  0.00
   47.85   36.27  -39.32       3.00  0.00  0.00
   44.81   41.76  -35.53       3.00  0.00  0.00
   65.82   21.37  -51.04       3.00  0.00  0.00
   54.60   32.89  -45.28       3.00  0.00  0.00
   51.13   37.41  -42.55       3.00  0.00  0.00
   58.23   34.85  -47.57       3.00  0.00  0.00
   61.98   37.14  -49.48       3.00  0.00  0.00
   69.75   36.33  -52.31       3.00  0.00  0.00
   73.73   39.25  -53.31       3.00  0.00  0.00
   81.82   39.33  -54.59       3.00  0.00  0.00
   77.76   42.30  -54.06       3.00  0.00  0.00
   85.91   42.53  -54.90       3.00  0.00  0.00
   81.82   45.44  -54.59       3.00  0.00  0.00
   90.00  225.76   55.00       3.00  0.00  0.00
   63.94  230.41  -44.31       3.00  0.00  0.00
   74.81  225.90  -48.24       3.00  0.00  0.00
   71.11  229.41  -47.21       3.00  0.00  0.00
   78.56  229.05  -49.02       3.00  0.00  0.00
   43.96   37.57  -22.18       3.00  0.00  0.00
   48.44   31.71  -30.79       3.00  0.00  0.00
   46.03   37.68  -26.73       3.00  0.00  0.00
   51.13   32.73  -34.36       3.00  0.00  0.00
   48.44   38.25  -30.79       3.00  0.00  0.00
   54.07   34.18  -37.45       3.00  0.00  0.00
   51.13   39.28  -34.36       3.00  0.00  0.00
   57.20   36.01  -40.12       3.00  0.00  0.00
   54.07   40.73  -37.45       3.00  0.00  0.00
   63.94   34.05  -44.31       3.00  0.00  0.00
   60.50   38.16  -42.39       3.00  0.00  0.00
   57.20   42.55  -40.12       3.00  0.00  0.00
   67.48   36.72  -45.90       3.00  0.00  0.00
   63.94   40.60  -44.31       3.00  0.00  0.00
   71.11   39.59  -47.21       3.00  0.00  0.00
   67.48   43.27  -45.90       3.00  0.00  0.00
   78.56   39.23  -49.02       3.00  0.00  0.00
   74.81   42.62  -48.24       3.00  0.00  0.00
   82.36   42.47  -49.57       3.00  0.00  0.00
   78.56   45.77  -49.02       3.00  0.00  0.00
   86.17   45.76  -49.89       3.00  0.00  0.00
   54.60  232.34  -29.84       3.00  0.00  0.00
   72.61  226.48  -42.19       3.00  0.00  0.00
   50.14   38.95  -22.91       3.00  0.00  0.00
   54.60   34.69  -29.84       3.00  0.00  0.00
   52.24   40.18  -26.57       3.00  0.00  0.00
   57.20   36.59  -32.73       3.00  0.00  0.00
   54.60   41.75  -29.84       3.00  0.00  0.00
   62.97   34.21  -37.45       3.00  0.00  0.00
   60.00   38.79  -35.26       3.00  0.00  0.00
   57.20   43.65  -32.73       3.00  0.00  0.00
   66.07   36.93  -39.32       3.00  0.00  0.00
   62.97   41.27  -37.45       3.00  0.00  0.00
   69.30   39.85  -40.89       3.00  0.00  0.00
   66.07   43.99  -39.32       3.00  0.00  0.00
   76.00   39.14  -43.22       3.00  0.00  0.00
   72.61   42.95  -42.19       3.00  0.00  0.00
   79.45   42.49  -44.01       3.00  0.00  0.00
   76.00   46.20  -43.22       3.00  0.00  0.00
   82.95   45.93  -44.56       3.00  0.00  0.00
   60.50  230.22  -28.34       3.00  0.00  0.00
   65.60  228.38  -32.73       3.00  0.00  0.00
   71.25  227.34  -36.01       3.00  0.00  0.00
   54.37   43.02  -19.53       3.00  0.00  0.00
   58.23   39.74  -25.70       3.00  0.00  0.00
   62.97   37.45  -30.68       3.00  0.00  0.00
   60.50   42.39  -28.34       3.00  0.00  0.00
   68.37   36.03  -34.50       3.00  0.00  0.00
   65.60   40.56  -32.73       3.00  0.00  0.00
   71.25   39.51  -36.01       3.00  0.00  0.00
   68.37   43.86  -34.50       3.00  0.00  0.00
   74.24   43.14  -37.25       3.00  0.00  0.00
   80.42   42.90  -39.03       3.00  0.00  0.00
   83.59   46.82  -39.57       3.00  0.00  0.00
   61.98  229.48  -21.88       3.00  0.00  0.00
   66.07  228.10  -26.34       3.00  0.00  0.00
   70.79  227.40  -29.84       3.00  0.00  0.00
   66.07   43.71  -26.34       3.00  0.00  0.00
   70.79   43.01  -29.84       3.00  0.00  0.00
   75.97   42.86  -32.40       3.00  0.00  0.00
   55.61  231.51   -6.93       3.00  0.00  0.00
   58.68  231.57  -16.48       3.00  0.00  0.00
