  Mon Oct 16 13:15:46 2023 for program Focmec
 Event 8703270729 4 UW errors max
 Input from a file puna_200905151647_p.inp
 200905151647

 Statn  Azimuth    TOA   Key  Log10 Ratio  NumPol  DenTOA  Comment
  BB03   237.3     93.6   D                                IP
  EW20   321.2    106.8   U                                IP
  BB04   325.7     93.8   U                                IP
  EW19   343.0    108.1   U                                IP
  EW18     9.0    111.2   U                                IP
  BB05    15.8     90.4   +                                IP
 Including emergent polarity picks
  NS22    41.5     87.8   -                                IP
  NS01    46.1     89.1   -                                IP
  EW16    47.2    100.3   U                                IP
  GALA    49.6     79.2   -                                IP..
  NS02    49.4     89.3   -                                IP..
  NS03    53.8     89.5   +                                IP
  NS04    58.6     89.6   -                                IP..
  EW10    66.7     89.7   +                                IP
  EW01    75.7     89.0   +                                IP
  EW08    86.7     49.0   U                                IP..
  NS10    86.1     92.7   +                                IP
  BB11    90.5     89.0   -                                IP..
  BB02    90.4     98.2   U                                IP
  BB15    97.2     79.2   +                                IP
  BB14   102.5     49.1   +                                IP
  BB13   107.2     87.7   +                                IP
  NS13   107.6     93.0   +                                IP
  NS14   113.1     92.2   U                                IP
  NS17   125.2     90.9   U                                IP
  BB01   128.7     96.7   U                                IP
  BB24   149.1     92.3   U                                IP
 Polarities/Errors:  P 027/02  SV 000/00  SH 000/00
 There are no amplitude ratio data
 The minimum, increment and maximum B axis trend:     0.00    5.00  355.00
 The limits for the B axis plunge:     0.00    5.00   90.00
 The limits for Angle:     0.00    5.00  175.00
 ++++++++++++++++++++++++++++++++++++++++++++++++++++++++++++++++++++++++++++

     Dip,Strike,Rake     80.04    60.88   -84.92
     Dip,Strike,Rake     11.17   213.70  -116.74   Auxiliary Plane
     Lower Hem. Trend, Plunge of A,N    123.70    78.83   330.88     9.96
     Lower Hem. Trend, Plunge of P,T    337.10    54.69   146.51    34.85
     B trend, B plunge, Angle:  240.00   5.00 100.00

 P Polarity error at  NS03 BB11
 P Polarity weights:  1.00 1.00
  Total P polarity weight is  2.000   Total number:   2
++++++++++++++++++++++++++++++++++++++++++++++++++++++++++++++++++++++++++++++++

     Dip,Strike,Rake     75.06    61.34   -84.82
     Dip,Strike,Rake     15.79   221.98  -108.68   Auxiliary Plane
     Lower Hem. Trend, Plunge of A,N    131.98    74.21   331.34    14.94
     Lower Hem. Trend, Plunge of P,T    338.58    59.62   147.12    29.87
     B trend, B plunge, Angle:  240.00   5.00 105.00

 P Polarity error at  NS03 BB11
 P Polarity weights:  1.00 1.00
  Total P polarity weight is  2.000   Total number:   2
++++++++++++++++++++++++++++++++++++++++++++++++++++++++++++++++++++++++++++++++

     Dip,Strike,Rake     70.08    61.82   -84.68
     Dip,Strike,Rake     20.59   226.53  -104.35   Auxiliary Plane
     Lower Hem. Trend, Plunge of A,N    136.53    69.41   331.82    19.92
     Lower Hem. Trend, Plunge of P,T    340.59    64.54   147.67    24.90
     B trend, B plunge, Angle:  240.00   5.00 110.00

 P Polarity error at  NS03 BB11
 P Polarity weights:  1.00 1.00
  Total P polarity weight is  2.000   Total number:   2
++++++++++++++++++++++++++++++++++++++++++++++++++++++++++++++++++++++++++++++++

     Dip,Strike,Rake     80.04    65.88   -84.92
     Dip,Strike,Rake     11.17   218.70  -116.74   Auxiliary Plane
     Lower Hem. Trend, Plunge of A,N    128.70    78.83   335.88     9.96
     Lower Hem. Trend, Plunge of P,T    342.10    54.69   151.51    34.85
     B trend, B plunge, Angle:  245.00   5.00 100.00

 P Polarity error at  NS03 BB11
 P Polarity weights:  1.00 1.00
  Total P polarity weight is  2.000   Total number:   2
++++++++++++++++++++++++++++++++++++++++++++++++++++++++++++++++++++++++++++++++

     Dip,Strike,Rake     75.06    66.34   -84.82
     Dip,Strike,Rake     15.79   226.98  -108.68   Auxiliary Plane
     Lower Hem. Trend, Plunge of A,N    136.98    74.21   336.34    14.94
     Lower Hem. Trend, Plunge of P,T    343.58    59.62   152.12    29.87
     B trend, B plunge, Angle:  245.00   5.00 105.00

 P Polarity error at  NS03 BB11
 P Polarity weights:  1.00 1.00
  Total P polarity weight is  2.000   Total number:   2
++++++++++++++++++++++++++++++++++++++++++++++++++++++++++++++++++++++++++++++++

     Dip,Strike,Rake     75.23    60.97   -79.65
     Dip,Strike,Rake     17.96   205.36  -124.27   Auxiliary Plane
     Lower Hem. Trend, Plunge of A,N    115.36    72.04   330.97    14.77
     Lower Hem. Trend, Plunge of P,T    345.05    58.53   142.58    29.50
     B trend, B plunge, Angle:  238.31  10.00 105.00

 P Polarity error at  NS03 BB11
 P Polarity weights:  1.00 1.00
  Total P polarity weight is  2.000   Total number:   2
++++++++++++++++++++++++++++++++++++++++++++++++++++++++++++++++++++++++++++++++

     Dip,Strike,Rake     70.32    61.93   -79.37
     Dip,Strike,Rake     22.27   212.80  -117.27   Auxiliary Plane
     Lower Hem. Trend, Plunge of A,N    122.80    67.73   331.93    19.68
     Lower Hem. Trend, Plunge of P,T    348.73    63.19   143.68    24.59
     B trend, B plunge, Angle:  238.31  10.00 110.00

 P Polarity error at  NS03 BB11
 P Polarity weights:  1.00 1.00
  Total P polarity weight is  2.000   Total number:   2
++++++++++++++++++++++++++++++++++++++++++++++++++++++++++++++++++++++++++++++++

     Dip,Strike,Rake     65.41    62.94   -78.99
     Dip,Strike,Rake     26.81   217.89  -112.65   Auxiliary Plane
     Lower Hem. Trend, Plunge of A,N    127.89    63.19   332.94    24.59
     Lower Hem. Trend, Plunge of P,T    353.82    67.73   144.69    19.68
     B trend, B plunge, Angle:  238.31  10.00 115.00

 P Polarity error at  NS03 BB11
 P Polarity weights:  1.00 1.00
  Total P polarity weight is  2.000   Total number:   2
++++++++++++++++++++++++++++++++++++++++++++++++++++++++++++++++++++++++++++++++

     Dip,Strike,Rake     80.15    65.13   -79.85
     Dip,Strike,Rake     14.11   198.82  -135.44   Auxiliary Plane
     Lower Hem. Trend, Plunge of A,N    108.82    75.89   335.13     9.85
     Lower Hem. Trend, Plunge of P,T    347.31    53.78   146.45    34.39
     B trend, B plunge, Angle:  243.38  10.00 100.00

 P Polarity error at  NS03 BB11
 P Polarity weights:  1.00 1.00
  Total P polarity weight is  2.000   Total number:   2
++++++++++++++++++++++++++++++++++++++++++++++++++++++++++++++++++++++++++++++++

     Dip,Strike,Rake     75.23    66.04   -79.65
     Dip,Strike,Rake     17.96   210.43  -124.27   Auxiliary Plane
     Lower Hem. Trend, Plunge of A,N    120.43    72.04   336.04    14.77
     Lower Hem. Trend, Plunge of P,T    350.12    58.53   147.66    29.50
     B trend, B plunge, Angle:  243.38  10.00 105.00

 P Polarity error at  NS03 BB11
 P Polarity weights:  1.00 1.00
  Total P polarity weight is  2.000   Total number:   2
++++++++++++++++++++++++++++++++++++++++++++++++++++++++++++++++++++++++++++++++


 There are  10 acceptable solutions
