  Mon Oct 16 17:14:05 2023 for program Focplt
 Input from file puna_200903272221_p.inp
     2
 Statn  Azimuth  TOAngl  Key  Log10 Ratio     Pol  TOAng2  Comment
NS14  184.36   91.55C
NS13  191.62   92.42C
NS12  192.42   93.86+
EW14  273.02   98.66D
EW13  288.79  104.25D
EW12  288.34  116.04D
BB05  322.54   90.37D
BB06  330.49   88.56D
BB10  351.50   97.87C
EW11  327.33  132.96-
NS20   16.50   90.79C
NS19   16.42   91.56C
NS01   16.42   92.08C
NS22   18.81   89.77C
NS02   20.42   93.12C
NS03   28.18   94.70C
BB20   30.72   88.12+
GALA   34.98   89.56+
NS04   40.80   96.17C
NS05   43.76  100.20C
NS07   51.12  125.18C
BB19   50.67   92.02C
BB21   52.26   86.87C
EW10   67.92   97.68C
BB18   81.07   89.27D
EW09   84.00   96.23D
BB16   86.87   87.86-
EW01   91.55   93.21D
EW06   95.54   88.58D
EW08   97.66   87.63-
BB15  118.90   88.80D
BB11  122.27   91.50D
BB14  120.97   87.49D
NS08  193.82  138.90C
BB13  135.05   88.75-
NS16  178.84   90.71-
NS18  179.84   89.18+
 Plotting P nodal planes
 
  Solutions input from file output_200903272221_rw.out
   Mon Oct 16 17:14:05 2023 for program Focmec
  Event 8703270729 1.75 relative weighted errors
  Input from a file puna_200903272221_p.inp
  200903272221
  Including emergent polarity picks
  Polarities/Errors:  P 037/ 0.2  SV 000/ 0.0  SH 000/ 0.0
  There are no amplitude ratio data
  The minimum, increment and maximum B axis trend:     0.00    5.00  355.00
  The limits for the B axis plunge:     0.00    5.00   90.00
  The limits for Angle:     0.00    5.00  175.00
 
     Dip,Strike,Rake     75.92     0.06    69.35
     Dip,Strike,Rake     24.82   237.22   144.58   Auxiliary Plane
     Lower Hem. Trend, Plunge of A,N    147.22    65.18   270.06    14.08
     Lower Hem. Trend & Plunge of B      5.30    20.00
     Lower Hem. Trend, Plunge of P,T    106.47    28.02   244.65    54.47
     MRR = 0.44  MTT =-0.00  MPP =-0.44  MRT =-0.08  MRP = 0.83  MTP =-0.34
     Dip,Strike,Rake     76.43   353.54    64.23
     Dip,Strike,Rake     28.91   237.62   150.96   Auxiliary Plane
     Lower Hem. Trend, Plunge of A,N    147.62    61.09   263.54    13.57
     Lower Hem. Trend & Plunge of B      0.00    25.00
     Lower Hem. Trend, Plunge of P,T    103.71    26.94   233.79    51.71
     MRR = 0.41  MTT = 0.09  MPP =-0.50  MRT =-0.19  MRP = 0.78  MTP =-0.37
     Dip,Strike,Rake     71.94   356.79    63.61
     Dip,Strike,Rake     31.61   234.79   143.74   Auxiliary Plane
     Lower Hem. Trend, Plunge of A,N    144.79    58.39   266.79    18.06
     Lower Hem. Trend & Plunge of B      5.53    25.00
     Lower Hem. Trend, Plunge of P,T    106.68    22.52   233.35    55.23
     MRR = 0.53  MTT = 0.05  MPP =-0.57  MRT =-0.18  MRP = 0.71  MTP =-0.39
     Dip,Strike,Rake     76.43   359.08    64.23
     Dip,Strike,Rake     28.91   243.16   150.96   Auxiliary Plane
     Lower Hem. Trend, Plunge of A,N    153.16    61.09   269.08    13.57
     Lower Hem. Trend & Plunge of B      5.54    25.00
     Lower Hem. Trend, Plunge of P,T    109.25    26.94   239.33    51.71
     MRR = 0.41  MTT = 0.01  MPP =-0.42  MRT =-0.11  MRP = 0.80  MTP =-0.42
     Dip,Strike,Rake     77.05   352.37    59.13
     Dip,Strike,Rake     33.23   241.82   155.86   Auxiliary Plane
     Lower Hem. Trend, Plunge of A,N    151.82    56.77   262.37    12.95
     Lower Hem. Trend & Plunge of B      0.00    30.00
     Lower Hem. Trend, Plunge of P,T    106.10    25.66   229.11    48.59
     MRR = 0.37  MTT = 0.13  MPP =-0.50  MRT =-0.22  MRP = 0.75  MTP =-0.43
     Dip,Strike,Rake     72.77   355.49    58.43
     Dip,Strike,Rake     35.53   239.75   149.36   Auxiliary Plane
     Lower Hem. Trend, Plunge of A,N    149.75    54.47   265.49    17.23
     Lower Hem. Trend & Plunge of B      5.81    30.00
     Lower Hem. Trend, Plunge of P,T    108.93    21.47   228.80    51.71
     MRR = 0.48  MTT = 0.08  MPP =-0.56  MRT =-0.21  MRP = 0.69  MTP =-0.46
     Dip,Strike,Rake     77.05   358.18    59.13
     Dip,Strike,Rake     33.23   247.63   155.86   Auxiliary Plane
     Lower Hem. Trend, Plunge of A,N    157.63    56.77   268.18    12.95
     Lower Hem. Trend & Plunge of B      5.81    30.00
     Lower Hem. Trend, Plunge of P,T    111.91    25.66   234.92    48.59
     MRR = 0.37  MTT = 0.03  MPP =-0.41  MRT =-0.14  MRP = 0.77  MTP =-0.49
     Dip,Strike,Rake     68.53   358.49    57.50
     Dip,Strike,Rake     38.29   238.61   143.80   Auxiliary Plane
     Lower Hem. Trend, Plunge of A,N    148.61    51.71   268.49    21.47
     Lower Hem. Trend & Plunge of B     11.62    30.00
     Lower Hem. Trend, Plunge of P,T    111.93    17.23   227.66    54.47
     MRR = 0.57  MTT = 0.03  MPP =-0.60  MRT =-0.21  MRP = 0.61  MTP =-0.48
     Dip,Strike,Rake     73.73   354.31    53.31
     Dip,Strike,Rake     39.67   243.70   153.97   Auxiliary Plane
     Lower Hem. Trend, Plunge of A,N    153.70    50.33   264.31    16.27
     Lower Hem. Trend & Plunge of B      6.10    35.00
     Lower Hem. Trend, Plunge of P,T    111.08    20.26   225.21    47.94
     MRR = 0.43  MTT = 0.11  MPP =-0.54  MRT =-0.23  MRP = 0.66  MTP =-0.52
     Dip,Strike,Rake     77.76   357.36    54.06
     Dip,Strike,Rake     37.70   251.06   159.72   Auxiliary Plane
     Lower Hem. Trend, Plunge of A,N    161.06    52.30   267.36    12.24
     Lower Hem. Trend & Plunge of B      6.10    35.00
     Lower Hem. Trend, Plunge of P,T    114.42    24.18   231.28    45.19
     MRR = 0.34  MTT = 0.05  MPP =-0.39  MRT =-0.16  MRP = 0.73  MTP =-0.56
     Dip,Strike,Rake     69.75   357.23    52.31
     Dip,Strike,Rake     42.06   243.10   148.89   Auxiliary Plane
     Lower Hem. Trend, Plunge of A,N    153.10    47.94   267.23    20.25
     Lower Hem. Trend & Plunge of B     12.20    35.00
     Lower Hem. Trend, Plunge of P,T    114.00    16.27   224.61    50.33
     MRR = 0.51  MTT = 0.05  MPP =-0.57  MRT =-0.24  MRP = 0.59  MTP =-0.55
     Dip,Strike,Rake     61.98   356.42    49.48
     Dip,Strike,Rake     47.85   237.62   140.68   Auxiliary Plane
     Lower Hem. Trend, Plunge of A,N    147.62    42.15   266.42    28.02
     Lower Hem. Trend & Plunge of B     18.30    35.00
     Lower Hem. Trend, Plunge of P,T    114.07     8.18   215.40    53.78
     MRR = 0.63  MTT = 0.07  MPP =-0.70  MRT =-0.33  MRP = 0.40  MTP =-0.53
     Dip,Strike,Rake     65.82   359.98    51.04
     Dip,Strike,Rake     44.82   243.12   144.47   Auxiliary Plane
     Lower Hem. Trend, Plunge of A,N    153.12    45.18   269.98    24.18
     Lower Hem. Trend & Plunge of B     18.31    35.00
     Lower Hem. Trend, Plunge of P,T    117.04    12.24   223.34    52.30
     MRR = 0.58  MTT = 0.00  MPP =-0.58  MRT =-0.26  MRP = 0.52  MTP =-0.57
     Dip,Strike,Rake     74.81   353.38    48.24
     Dip,Strike,Rake     43.96   247.02   157.82   Auxiliary Plane
     Lower Hem. Trend, Plunge of A,N    157.02    46.04   263.38    15.19
     Lower Hem. Trend & Plunge of B      6.55    40.00
     Lower Hem. Trend, Plunge of P,T    113.23    18.89   222.51    43.97
     MRR = 0.38  MTT = 0.14  MPP =-0.52  MRT =-0.25  MRP = 0.62  MTP =-0.58
     Dip,Strike,Rake     67.48   352.73    45.90
     Dip,Strike,Rake     48.44   241.16   149.21   Auxiliary Plane
     Lower Hem. Trend, Plunge of A,N    151.16    41.56   262.73    22.52
     Lower Hem. Trend & Plunge of B     13.09    40.00
     Lower Hem. Trend, Plunge of P,T    112.87    11.43   215.72    47.72
     MRR = 0.51  MTT = 0.15  MPP =-0.66  MRT =-0.33  MRP = 0.47  MTP =-0.56
     Dip,Strike,Rake     71.11   356.41    47.21
     Dip,Strike,Rake     46.03   247.13   153.26   Auxiliary Plane
     Lower Hem. Trend, Plunge of A,N    157.13    43.97   266.41    18.89
     Lower Hem. Trend & Plunge of B     13.09    40.00
     Lower Hem. Trend, Plunge of P,T    116.26    15.19   222.62    46.05
     MRR = 0.45  MTT = 0.08  MPP =-0.53  MRT =-0.26  MRP = 0.57  MTP =-0.61
     Dip,Strike,Rake     63.94   355.40    44.31
     Dip,Strike,Rake     51.13   242.19   145.65   Auxiliary Plane
     Lower Hem. Trend, Plunge of A,N    152.19    38.87   265.40    26.06
     Lower Hem. Trend & Plunge of B     19.63    40.00
     Lower Hem. Trend, Plunge of P,T    116.10     7.65   214.98    48.97
     MRR = 0.55  MTT = 0.10  MPP =-0.65  MRT =-0.35  MRP = 0.40  MTP =-0.59
     Dip,Strike,Rake     67.48   359.28    45.90
     Dip,Strike,Rake     48.44   247.71   149.21   Auxiliary Plane
     Lower Hem. Trend, Plunge of A,N    157.71    41.56   269.28    22.52
     Lower Hem. Trend & Plunge of B     19.64    40.00
     Lower Hem. Trend, Plunge of P,T    119.42    11.43   222.27    47.72
     MRR = 0.51  MTT = 0.02  MPP =-0.52  MRT =-0.27  MRP = 0.50  MTP =-0.64
     Dip,Strike,Rake     60.50   357.84    42.39
     Dip,Strike,Rake     54.07   243.64   142.55   Auxiliary Plane
     Lower Hem. Trend, Plunge of A,N    153.64    35.93   267.84    29.50
     Lower Hem. Trend & Plunge of B     26.19    40.00
     Lower Hem. Trend, Plunge of P,T    119.40     3.83   213.93    49.74
     MRR = 0.58  MTT = 0.05  MPP =-0.63  MRT =-0.38  MRP = 0.33  MTP =-0.62
     Dip,Strike,Rake     72.61   355.87    42.19
     Dip,Strike,Rake     50.14   250.71   157.09   Auxiliary Plane
     Lower Hem. Trend, Plunge of A,N    160.71    39.86   265.87    17.39
     Lower Hem. Trend & Plunge of B     14.12    45.00
     Lower Hem. Trend, Plunge of P,T    118.55    14.00   221.35    41.65
     MRR = 0.38  MTT = 0.10  MPP =-0.48  MRT =-0.26  MRP = 0.53  MTP =-0.67
     Dip,Strike,Rake     66.07   354.84    39.32
     Dip,Strike,Rake     54.61   246.46   150.16   Auxiliary Plane
     Lower Hem. Trend, Plunge of A,N    156.46    35.39   264.84    23.93
     Lower Hem. Trend & Plunge of B     21.19    45.00
     Lower Hem. Trend, Plunge of P,T    118.29     7.05   215.18    44.14
     MRR = 0.47  MTT = 0.12  MPP =-0.59  MRT =-0.35  MRP = 0.40  MTP =-0.65
     Dip,Strike,Rake     69.30   358.97    40.89
     Dip,Strike,Rake     52.24   251.95   153.44   Auxiliary Plane
     Lower Hem. Trend, Plunge of A,N    161.95    37.76   268.97    20.70
     Lower Hem. Trend & Plunge of B     21.18    45.00
     Lower Hem. Trend, Plunge of P,T    121.91    10.55   221.93    43.07
     MRR = 0.43  MTT = 0.03  MPP =-0.46  MRT =-0.28  MRP = 0.49  MTP =-0.70
     Dip,Strike,Rake     62.97   357.55    37.45
     Dip,Strike,Rake     57.20   248.36   147.27   Auxiliary Plane
     Lower Hem. Trend, Plunge of A,N    158.36    32.80   267.55    27.03
     Lower Hem. Trend & Plunge of B     28.23    45.00
     Lower Hem. Trend, Plunge of P,T    121.77     3.53   215.29    44.78
     MRR = 0.49  MTT = 0.06  MPP =-0.55  MRT =-0.38  MRP = 0.34  MTP =-0.68
     Dip,Strike,Rake     74.24   355.99    37.25
     Dip,Strike,Rake     54.37   254.32   160.48   Auxiliary Plane
     Lower Hem. Trend, Plunge of A,N    164.32    35.63   265.99    15.76
     Lower Hem. Trend & Plunge of B     15.65    50.00
     Lower Hem. Trend, Plunge of P,T    121.23    12.70   221.06    37.16
     MRR = 0.32  MTT = 0.11  MPP =-0.42  MRT =-0.25  MRP = 0.50  MTP =-0.74
     Dip,Strike,Rake     68.37   355.27    34.50
     Dip,Strike,Rake     58.23   251.05   154.31   Auxiliary Plane
     Lower Hem. Trend, Plunge of A,N    161.05    31.77   265.27    21.63
     Lower Hem. Trend & Plunge of B     23.48    50.00
     Lower Hem. Trend, Plunge of P,T    121.17     6.41   216.44    39.27
     MRR = 0.39  MTT = 0.12  MPP =-0.51  MRT =-0.34  MRP = 0.39  MTP =-0.72
     Dip,Strike,Rake     65.60   358.57    32.73
     Dip,Strike,Rake     60.50   253.70   151.66   Auxiliary Plane
     Lower Hem. Trend, Plunge of A,N    163.70    29.50   268.57    24.40
     Lower Hem. Trend & Plunge of B     31.30    50.00
     Lower Hem. Trend, Plunge of P,T    125.14     3.21   217.82    39.81
     MRR = 0.41  MTT = 0.04  MPP =-0.44  MRT =-0.36  MRP = 0.35  MTP =-0.75
     Dip,Strike,Rake     70.79   356.50    29.84
     Dip,Strike,Rake     61.97   255.81   158.12   Auxiliary Plane
     Lower Hem. Trend, Plunge of A,N    165.81    28.03   266.50    19.21
     Lower Hem. Trend & Plunge of B     26.34    55.00
     Lower Hem. Trend, Plunge of P,T    124.56     5.72   218.48    34.40
     MRR = 0.31  MTT = 0.10  MPP =-0.41  MRT =-0.31  MRP = 0.37  MTP =-0.79
