  Thu Oct 19 10:35:51 2023 for program Focmec
 Event 8703270729 4 UW errors max
 Input from a file puna_20080619164_p.inp
 20080619164

 Statn  Azimuth    TOA   Key  Log10 Ratio  NumPol  DenTOA  Comment
  NS18   233.6     91.6   -                                IP
 Including emergent polarity picks
  BB12   239.2     98.8   D                                IP
  NS17   242.5     92.3   D                                IP
  BB24   245.6     89.9   -                                IP
  NS16   249.9     92.8   D                                IP
  NS15   255.1     93.2   D                                IP
  NS14   258.4     92.6   D                                IP
  NS13   265.1     92.1   D                                IP
  NS12   271.2     92.3   D                                IP
  BB02   276.0     90.5   -                                IP
  NS11   278.2     92.6   D                                IP
  EW20   279.8     79.6   -                                IP
  NS10   281.9     92.6   D                                IP
  NS09   290.5     92.5   D                                IP
  BB11   297.0    106.3   D                                IP
  NS08   297.2     92.1   D                                IP
  EW13   298.2     90.7   D                                IP
  EW12   299.0     91.2   D                                IP
  BB09   298.8     89.6   D                                IP
  EW11   302.0     91.6   D                                IP
  NS07   305.4     92.2   D                                IP
  NS06   311.3     92.6   D                                IP
  BB10   312.6     90.6   D                                IP
  NS05   317.0     92.2   D                                IP
  EW09   319.1     94.6   D                                IP
  EW10   319.5     93.4   D                                IP
  NS04   322.8     92.0   -                                IP
  NS03   324.1     91.3   D                                IP
  NS02   326.3     90.7   +                                IP..
  EW01   326.6     96.6   -                                IP
  EW03   344.2    101.7   +                                IP
  BB21    20.0     79.6   +                                IP
  EW05    32.8     97.7   -                                IP
  BB16    47.8     92.8   D                                IP
  EW06    48.1     96.8   D                                IP
  EW07    55.7     96.2   D                                IP
  EW08    67.2     93.9   D                                IP
  EW22    70.4     93.2   -                                IP
  BB15   110.4    110.7   D                                IP
  BB13   175.5    102.5   U                                IP
 Polarities/Errors:  P 040/00  SV 000/00  SH 000/00
 There are no amplitude ratio data
 The minimum, increment and maximum B axis trend:     0.00    5.00  355.00
 The limits for the B axis plunge:     0.00    5.00   90.00
 The limits for Angle:     0.00    5.00  175.00
 ++++++++++++++++++++++++++++++++++++++++++++++++++++++++++++++++++++++++++++

     Dip,Strike,Rake     66.60   144.47    68.12
     Dip,Strike,Rake     31.61     9.79   130.74   Auxiliary Plane
     Lower Hem. Trend, Plunge of A,N    279.79    58.39    54.47    23.40
     Lower Hem. Trend, Plunge of P,T    250.63    18.75    20.31    62.01
     B trend, B plunge, Angle:  153.53  20.00  65.00
++++++++++++++++++++++++++++++++++++++++++++++++++++++++++++++++++++++++++++++++

     Dip,Strike,Rake     67.48   143.93    62.77
     Dip,Strike,Rake     34.78    17.26   137.81   Auxiliary Plane
     Lower Hem. Trend, Plunge of A,N    287.26    55.22    53.93    22.52
     Lower Hem. Trend, Plunge of P,T    253.82    18.06    15.81    58.39
     B trend, B plunge, Angle:  155.08  25.00  65.00
++++++++++++++++++++++++++++++++++++++++++++++++++++++++++++++++++++++++++++++++

     Dip,Strike,Rake     58.68   144.13    60.35
     Dip,Strike,Rake     42.06    11.73   129.11   Auxiliary Plane
     Lower Hem. Trend, Plunge of A,N    281.73    47.94    54.13    31.32
     Lower Hem. Trend, Plunge of P,T    254.88     9.05     3.26    63.19
     B trend, B plunge, Angle:  160.62  25.00  55.00
++++++++++++++++++++++++++++++++++++++++++++++++++++++++++++++++++++++++++++++++

     Dip,Strike,Rake     81.35   145.93    59.62
     Dip,Strike,Rake     31.47    41.54   163.26   Auxiliary Plane
     Lower Hem. Trend, Plunge of A,N    311.54    58.53    55.93     8.65
     Lower Hem. Trend, Plunge of P,T    260.26    29.78    25.44    45.19
     B trend, B plunge, Angle:  150.97  30.00  80.00
++++++++++++++++++++++++++++++++++++++++++++++++++++++++++++++++++++++++++++++++

     Dip,Strike,Rake     56.17   145.63    53.00
     Dip,Strike,Rake     48.44    19.18   131.93   Auxiliary Plane
     Lower Hem. Trend, Plunge of A,N    289.18    41.56    55.63    33.83
     Lower Hem. Trend, Plunge of P,T    260.89     4.33   358.31    59.62
     B trend, B plunge, Angle:  168.39  30.00  50.00
++++++++++++++++++++++++++++++++++++++++++++++++++++++++++++++++++++++++++++++++

     Dip,Strike,Rake     48.44   143.40    48.07
     Dip,Strike,Rake     56.17    16.95   127.00   Auxiliary Plane
     Lower Hem. Trend, Plunge of A,N    286.95    33.83    53.40    41.56
     Lower Hem. Trend, Plunge of P,T     81.69     4.33   344.27    59.62
     B trend, B plunge, Angle:  174.19  30.00  40.00
++++++++++++++++++++++++++++++++++++++++++++++++++++++++++++++++++++++++++++++++

     Dip,Strike,Rake     44.81   144.47    44.81
     Dip,Strike,Rake     60.22    19.30   125.18   Auxiliary Plane
     Lower Hem. Trend, Plunge of A,N    289.30    29.78    54.47    45.19
     Lower Hem. Trend, Plunge of P,T     84.96     8.65   340.57    58.53
     B trend, B plunge, Angle:  180.00  30.00  35.00
++++++++++++++++++++++++++++++++++++++++++++++++++++++++++++++++++++++++++++++++

     Dip,Strike,Rake     41.41   144.91    40.89
     Dip,Strike,Rake     64.34    21.91   123.69   Auxiliary Plane
     Lower Hem. Trend, Plunge of A,N    291.91    25.66    54.91    48.59
     Lower Hem. Trend, Plunge of P,T     88.18    12.95   337.62    56.77
     B trend, B plunge, Angle:  185.81  30.00  30.00
++++++++++++++++++++++++++++++++++++++++++++++++++++++++++++++++++++++++++++++++

     Dip,Strike,Rake     38.29   144.62    36.20
     Dip,Strike,Rake     68.53    24.74   122.50   Auxiliary Plane
     Lower Hem. Trend, Plunge of A,N    294.74    21.47    54.62    51.71
     Lower Hem. Trend, Plunge of P,T     91.30    17.23   335.56    54.47
     B trend, B plunge, Angle:  191.61  30.00  25.00
++++++++++++++++++++++++++++++++++++++++++++++++++++++++++++++++++++++++++++++++

     Dip,Strike,Rake     35.53   143.47    30.64
     Dip,Strike,Rake     72.77    27.73   121.57   Auxiliary Plane
     Lower Hem. Trend, Plunge of A,N    297.73    17.23    53.47    54.47
     Lower Hem. Trend, Plunge of P,T     94.30    21.47   334.42    51.71
     B trend, B plunge, Angle:  197.42  30.00  20.00
++++++++++++++++++++++++++++++++++++++++++++++++++++++++++++++++++++++++++++++++

     Dip,Strike,Rake     58.23   145.15    47.57
     Dip,Strike,Rake     51.13    25.20   137.45   Auxiliary Plane
     Lower Hem. Trend, Plunge of A,N    295.20    38.87    55.15    31.77
     Lower Hem. Trend, Plunge of P,T    263.72     4.09   359.52    54.69
     B trend, B plunge, Angle:  170.85  35.00  50.00
++++++++++++++++++++++++++++++++++++++++++++++++++++++++++++++++++++++++++++++++

     Dip,Strike,Rake     47.85   143.73    39.32
     Dip,Strike,Rake     61.98    24.93   130.52   Auxiliary Plane
     Lower Hem. Trend, Plunge of A,N    294.93    28.02    53.73    42.15
     Lower Hem. Trend, Plunge of P,T     87.28     8.18   345.96    53.78
     B trend, B plunge, Angle:  183.05  35.00  35.00
++++++++++++++++++++++++++++++++++++++++++++++++++++++++++++++++++++++++++++++++

     Dip,Strike,Rake     44.81   144.34    35.53
     Dip,Strike,Rake     65.82    27.48   128.96   Auxiliary Plane
     Lower Hem. Trend, Plunge of A,N    297.48    24.18    54.34    45.19
     Lower Hem. Trend, Plunge of P,T     90.42    12.24   344.11    52.30
     B trend, B plunge, Angle:  189.15  35.00  30.00
++++++++++++++++++++++++++++++++++++++++++++++++++++++++++++++++++++++++++++++++

     Dip,Strike,Rake     42.06   144.36    31.11
     Dip,Strike,Rake     69.75    30.23   127.69   Auxiliary Plane
     Lower Hem. Trend, Plunge of A,N    300.23    20.25    54.36    47.94
     Lower Hem. Trend, Plunge of P,T     93.46    16.27   342.86    50.33
     B trend, B plunge, Angle:  195.25  35.00  25.00
++++++++++++++++++++++++++++++++++++++++++++++++++++++++++++++++++++++++++++++++

     Dip,Strike,Rake     39.67   143.75    26.03
     Dip,Strike,Rake     73.73    33.15   126.69   Auxiliary Plane
     Lower Hem. Trend, Plunge of A,N    303.15    16.27    53.75    50.33
     Lower Hem. Trend, Plunge of P,T     96.38    20.25   342.25    47.94
     B trend, B plunge, Angle:  201.36  35.00  20.00
++++++++++++++++++++++++++++++++++++++++++++++++++++++++++++++++++++++++++++++++

     Dip,Strike,Rake     57.20   143.99    40.12
     Dip,Strike,Rake     57.20    29.46   139.88   Auxiliary Plane
     Lower Hem. Trend, Plunge of A,N    299.46    32.80    53.99    32.80
     Lower Hem. Trend, Plunge of P,T     86.73     0.00   356.73    50.00
     B trend, B plunge, Angle:  176.73  40.00  45.00
++++++++++++++++++++++++++++++++++++++++++++++++++++++++++++++++++++++++++++++++

     Dip,Strike,Rake     62.97   145.79    37.45
     Dip,Strike,Rake     57.20    36.59   147.27   Auxiliary Plane
     Lower Hem. Trend, Plunge of A,N    306.59    32.80    55.79    27.03
     Lower Hem. Trend, Plunge of P,T    270.01     3.53     3.52    44.78
     B trend, B plunge, Angle:  176.47  45.00  50.00
++++++++++++++++++++++++++++++++++++++++++++++++++++++++++++++++++++++++++++++++

     Dip,Strike,Rake     57.20   143.41    32.73
     Dip,Strike,Rake     62.97    34.21   142.55   Auxiliary Plane
     Lower Hem. Trend, Plunge of A,N    304.21    27.03    53.41    32.80
     Lower Hem. Trend, Plunge of P,T     89.99     3.53   356.48    44.78
     B trend, B plunge, Angle:  183.53  45.00  40.00
++++++++++++++++++++++++++++++++++++++++++++++++++++++++++++++++++++++++++++++++


 There are  18 acceptable solutions
