  Thu Oct 19 11:35:26 2023 for program Focplt
 Input from file puna_200806090050_p.inp
     2
 Statn  Azimuth  TOAngl  Key  Log10 Ratio     Pol  TOAng2  Comment
NS18  249.57  157.59D
BB24  273.61  112.69D
NS17  330.30  142.83C
BB02  326.19   98.84-
EW16  326.41   91.94-
EW15  332.97   91.08+
NS13  337.20  109.57C
NS14  340.20  116.11C
BB09  338.96   88.33C
EW14  339.66   91.60+
NS16  344.90  127.07C
EW13  345.37   91.15C
NS11  348.01  102.56+
NS15  349.54  119.86C
EW12  349.26   92.24+
NS10  349.77  100.90C
BB08  349.13   88.30+
NS09  353.10   97.51C
NS08  354.09   94.69C
NS07  358.82   92.31+
NS01    2.81   88.31+
NS06    3.40   91.19C
NS02    3.35   88.32C
NS05    4.52   88.85C
NS03    4.50   88.32+
NS04    6.57   88.33+
EW10   10.38   90.27C
EW09   14.37   91.86C
GALA   14.37   51.49-
BB19   14.86   88.32-
EW01   22.14   91.98C
EW03   34.22   91.95-
BB11   34.43   98.72C
BB12   45.09  113.23C
EW07   53.86   88.32-
BB15   63.06   93.37D
BB13   74.87  100.34D
 Plotting P nodal planes
 
  Solutions input from file output_200806090050_uw.out
   Thu Oct 19 11:35:26 2023 for program Focmec
  Event 8703270729 4 UW errors max
  Input from a file puna_200806090050_p.inp
  200806090050
  Including emergent polarity picks
  Polarities/Errors:  P 037/01  SV 000/00  SH 000/00
  There are no amplitude ratio data
  The minimum, increment and maximum B axis trend:     0.00    5.00  355.00
  The limits for the B axis plunge:     0.00    5.00   90.00
  The limits for Angle:     0.00    5.00  175.00
 
     Dip,Strike,Rake     80.15   327.82    79.85
     Dip,Strike,Rake     14.11   194.12   135.43   Auxiliary Plane
     Lower Hem. Trend, Plunge of A,N    104.12    75.89   237.82     9.85
     Lower Hem. Trend & Plunge of B    329.57    10.00
     Lower Hem. Trend, Plunge of P,T     66.51    34.39   225.65    53.78
     MRR = 0.33  MTT = 0.06  MPP =-0.39  MRT =-0.52  MRP = 0.77  MTP = 0.07
     Dip,Strike,Rake     80.15   332.89    79.85
     Dip,Strike,Rake     14.11   199.19   135.43   Auxiliary Plane
     Lower Hem. Trend, Plunge of A,N    109.19    75.89   242.89     9.85
     Lower Hem. Trend & Plunge of B    334.64    10.00
     Lower Hem. Trend, Plunge of P,T     71.58    34.39   230.72    53.78
     MRR = 0.33  MTT = 0.07  MPP =-0.40  MRT =-0.45  MRP = 0.81  MTP = 0.03
     Dip,Strike,Rake     75.52   330.32    74.50
     Dip,Strike,Rake     21.09   198.28   135.98   Auxiliary Plane
     Lower Hem. Trend, Plunge of A,N    108.28    68.91   240.32    14.48
     Lower Hem. Trend & Plunge of B    334.29    15.00
     Lower Hem. Trend, Plunge of P,T     72.78    28.88   220.14    56.78
     MRR = 0.47  MTT = 0.11  MPP =-0.57  MRT =-0.48  MRP = 0.70  MTP = 0.07
     Dip,Strike,Rake     71.25   331.73    68.83
     Dip,Strike,Rake     27.99   202.04   136.77   Auxiliary Plane
     Lower Hem. Trend, Plunge of A,N    112.04    62.01   241.73    18.75
     Lower Hem. Trend & Plunge of B    338.83    20.00
     Lower Hem. Trend, Plunge of P,T     77.89    23.40   212.57    58.40
     MRR = 0.57  MTT = 0.16  MPP =-0.73  MRT =-0.45  MRP = 0.60  MTP = 0.05
     Dip,Strike,Rake     71.94   329.10    63.61
     Dip,Strike,Rake     31.61   207.10   143.74   Auxiliary Plane
     Lower Hem. Trend, Plunge of A,N    117.10    58.39   239.10    18.06
     Lower Hem. Trend & Plunge of B    337.84    25.00
     Lower Hem. Trend, Plunge of P,T     78.99    22.52   205.66    55.23
     MRR = 0.53  MTT = 0.23  MPP =-0.76  MRT =-0.49  MRP = 0.55  MTP = 0.03
