  Wed Oct 18 15:42:55 2023 for program Focmec
 Event 8703270729 1.75 relative weighted errors
 Input from a file puna_20081018105_p.inp
 20081018105

 Statn  Azimuth    TOA   Key  Log10 Ratio  NumPol  DenTOA  Comment
  EW02   193.2     81.3   U                                IP
  BB11   193.7     80.0   U                                IP
  BB12   196.0     79.9   +                                IP
 Including emergent polarity picks
  NS16   209.4     79.8   U                                IP
  NS15   210.7     79.8   +                                IP
  NS14   213.7     79.8   +                                IP
  EW09   217.4     80.1   U                                IP
  BB24   215.7     79.4   +                                IP
  NS10   223.0     79.9   U                                IP
  EW10   225.9     80.4   U                                IP
  NS08   230.9     80.0   +                                IP
  NS06   231.9     80.1   U                                IP
  BB19   236.8     85.8   +                                IP
  NS07   233.0     80.0   U                                IP
  NS05   236.4     80.1   U                                IP
  NS04   240.0     81.2   +                                IP
  EW13   241.7     80.0   +                                IP
  NS03   249.3     81.3   D                                IP
  BB10   251.4     80.1   D                                IP
  NS02   259.0     81.4   D                                IP
  NS01   267.5     81.4   D                                IP
  BB08   272.5     80.0   D                                IP
  BB05   272.1     79.9   D                                IP
  NS20   282.1     82.0   D                                IP
  BB06   288.4     79.8   -                                IP
  NS21   291.9     82.6   D                                IP
  NS22   299.7     82.4   D                                IP
  GALA   310.9     87.1   D                                IP
  NS24   313.1     81.1   D                                IP
  NS25   317.9     80.5   D                                IP
  NS26   322.9     80.1   U                                IP
  BB20   349.6     82.2   +                                IP
  BB21    50.5     80.1   U                                IP
  BB17    77.3     81.2   D                                IP
  BB16   128.4     80.1   -                                IP
  EW08   138.2     80.0   +                                IP
  EW07   146.4     80.0   +                                IP
  EW06   148.8     80.1   +                                IP
  BB18   150.8     83.9   U                                IP
  EW05   155.6     80.1   U                                IP
  BB13   178.1     79.8   U                                IP
 Polarities/Errors:  P 041/ 0.2  SV 000/ 0.0  SH 000/ 0.0
 There are no amplitude ratio data
 The minimum, increment and maximum B axis trend:     0.00    5.00  355.00
 The limits for the B axis plunge:     0.00    5.00   90.00
 The limits for Angle:     0.00    5.00  175.00
 ++++++++++++++++++++++++++++++++++++++++++++++++++++++++++++++++++++++++++++

     Dip,Strike,Rake     68.53   315.06   -57.50
     Dip,Strike,Rake     38.29    74.94  -143.80   Auxiliary Plane
     Lower Hem. Trend, Plunge of A,N    344.94    51.71   225.06    21.47
     Lower Hem. Trend, Plunge of P,T    265.88    54.47    21.62    17.23
     B trend, B plunge, Angle:  121.94  30.00 115.00

 P Polarity error at  BB17
 P Polarity weights:  0.14
  Total P polarity weight is  0.136   Total number:   1
++++++++++++++++++++++++++++++++++++++++++++++++++++++++++++++++++++++++++++++++

     Dip,Strike,Rake     44.81   310.24   -35.53
     Dip,Strike,Rake     65.82    67.10  -128.96   Auxiliary Plane
     Lower Hem. Trend, Plunge of A,N    337.10    24.18   220.24    45.19
     Lower Hem. Trend, Plunge of P,T    290.46    52.30   184.16    12.24
     B trend, B plunge, Angle:   85.42  35.00 150.00

 P Polarity error at  BB16
 P Polarity weights:  0.14
  Total P polarity weight is  0.144   Total number:   1
++++++++++++++++++++++++++++++++++++++++++++++++++++++++++++++++++++++++++++++++

     Dip,Strike,Rake     47.85   310.85   -39.32
     Dip,Strike,Rake     61.98    69.64  -130.52   Auxiliary Plane
     Lower Hem. Trend, Plunge of A,N    339.64    28.02   220.85    42.15
     Lower Hem. Trend, Plunge of P,T    288.61    53.78   187.30     8.18
     B trend, B plunge, Angle:   91.53  35.00 145.00

 P Polarity error at  BB16
 P Polarity weights:  0.11
  Total P polarity weight is  0.112   Total number:   1
++++++++++++++++++++++++++++++++++++++++++++++++++++++++++++++++++++++++++++++++

     Dip,Strike,Rake     44.81   316.34   -35.53
     Dip,Strike,Rake     65.82    73.20  -128.96   Auxiliary Plane
     Lower Hem. Trend, Plunge of A,N    343.20    24.18   226.34    45.19
     Lower Hem. Trend, Plunge of P,T    296.57    52.30   190.26    12.24
     B trend, B plunge, Angle:   91.53  35.00 150.00

 P Polarity error at  NS26 BB16
 P Polarity weights:  0.08 0.04
  Total P polarity weight is  0.114   Total number:   2
++++++++++++++++++++++++++++++++++++++++++++++++++++++++++++++++++++++++++++++++

     Dip,Strike,Rake     51.13   311.98   -42.55
     Dip,Strike,Rake     58.23    71.93  -132.43   Auxiliary Plane
     Lower Hem. Trend, Plunge of A,N    341.93    31.77   221.98    38.87
     Lower Hem. Trend, Plunge of P,T    286.30    54.69   190.50     4.09
     B trend, B plunge, Angle:   97.63  35.00 140.00

 P Polarity error at  BB17 BB16
 P Polarity weights:  0.00 0.07
  Total P polarity weight is  0.075   Total number:   2
++++++++++++++++++++++++++++++++++++++++++++++++++++++++++++++++++++++++++++++++

     Dip,Strike,Rake     54.60   313.57   -45.28
     Dip,Strike,Rake     54.60    73.89  -134.72   Auxiliary Plane
     Lower Hem. Trend, Plunge of A,N    343.89    35.40   223.57    35.40
     Lower Hem. Trend, Plunge of P,T    283.73    55.00   193.73     0.00
     B trend, B plunge, Angle:  103.73  35.00 135.00

 P Polarity error at  BB17 BB16
 P Polarity weights:  0.05 0.03
  Total P polarity weight is  0.077   Total number:   2
++++++++++++++++++++++++++++++++++++++++++++++++++++++++++++++++++++++++++++++++

     Dip,Strike,Rake     61.98   311.71   -49.48
     Dip,Strike,Rake     47.85    70.51  -140.68   Auxiliary Plane
     Lower Hem. Trend, Plunge of A,N    340.51    42.15   221.71    28.02
     Lower Hem. Trend, Plunge of P,T    272.74    53.78    14.06     8.18
     B trend, B plunge, Angle:  109.83  35.00 125.00

 P Polarity error at  EW13 NS25 BB17 BB16
 P Polarity weights:  0.01 0.03 0.02 0.03
  Total P polarity weight is  0.086   Total number:   4
++++++++++++++++++++++++++++++++++++++++++++++++++++++++++++++++++++++++++++++++

     Dip,Strike,Rake     58.23   315.53   -47.57
     Dip,Strike,Rake     51.13    75.48  -137.45   Auxiliary Plane
     Lower Hem. Trend, Plunge of A,N    345.48    38.87   225.53    31.77
     Lower Hem. Trend, Plunge of P,T    281.16    54.69    16.96     4.09
     B trend, B plunge, Angle:  109.83  35.00 130.00

 P Polarity error at  BB17
 P Polarity weights:  0.09
  Total P polarity weight is  0.090   Total number:   1
++++++++++++++++++++++++++++++++++++++++++++++++++++++++++++++++++++++++++++++++

     Dip,Strike,Rake     65.82   314.25   -51.04
     Dip,Strike,Rake     44.81    71.12  -144.47   Auxiliary Plane
     Lower Hem. Trend, Plunge of A,N    341.12    45.19   224.25    24.18
     Lower Hem. Trend, Plunge of P,T    270.89    52.30    17.19    12.24
     B trend, B plunge, Angle:  115.93  35.00 120.00

 P Polarity error at  EW13 BB17
 P Polarity weights:  0.02 0.05
  Total P polarity weight is  0.064   Total number:   2
++++++++++++++++++++++++++++++++++++++++++++++++++++++++++++++++++++++++++++++++

     Dip,Strike,Rake     61.98   317.81   -49.48
     Dip,Strike,Rake     47.85    76.61  -140.68   Auxiliary Plane
     Lower Hem. Trend, Plunge of A,N    346.61    42.15   227.81    28.02
     Lower Hem. Trend, Plunge of P,T    278.84    53.78    20.16     8.18
     B trend, B plunge, Angle:  115.93  35.00 125.00

 P Polarity error at  NS26 BB17
 P Polarity weights:  0.01 0.13
  Total P polarity weight is  0.135   Total number:   2
++++++++++++++++++++++++++++++++++++++++++++++++++++++++++++++++++++++++++++++++

     Dip,Strike,Rake     69.75   317.01   -52.31
     Dip,Strike,Rake     42.06    71.14  -148.89   Auxiliary Plane
     Lower Hem. Trend, Plunge of A,N    341.14    47.94   227.01    20.25
     Lower Hem. Trend, Plunge of P,T    269.64    50.33    20.24    16.27
     B trend, B plunge, Angle:  122.03  35.00 115.00

 P Polarity error at  EW13 BB17
 P Polarity weights:  0.04 0.06
  Total P polarity weight is  0.103   Total number:   2
++++++++++++++++++++++++++++++++++++++++++++++++++++++++++++++++++++++++++++++++

     Dip,Strike,Rake     73.73   319.93   -53.31
     Dip,Strike,Rake     39.67    70.53  -153.97   Auxiliary Plane
     Lower Hem. Trend, Plunge of A,N    340.53    50.33   229.93    16.27
     Lower Hem. Trend, Plunge of P,T    269.03    47.94    23.16    20.25
     B trend, B plunge, Angle:  128.14  35.00 110.00

 P Polarity error at  NS04 EW13 BB17
 P Polarity weights:  0.00 0.07 0.07
  Total P polarity weight is  0.146   Total number:   3
++++++++++++++++++++++++++++++++++++++++++++++++++++++++++++++++++++++++++++++++

     Dip,Strike,Rake     48.44   313.16   -30.79
     Dip,Strike,Rake     67.48    64.73  -134.10   Auxiliary Plane
     Lower Hem. Trend, Plunge of A,N    334.73    22.52   223.16    41.56
     Lower Hem. Trend, Plunge of P,T    287.72    47.73   184.86    11.44
     B trend, B plunge, Angle:   85.09  40.00 150.00

 P Polarity error at  EW13 BB16
 P Polarity weights:  0.03 0.08
  Total P polarity weight is  0.110   Total number:   2
++++++++++++++++++++++++++++++++++++++++++++++++++++++++++++++++++++++++++++++++

     Dip,Strike,Rake     46.03   319.13   -26.73
     Dip,Strike,Rake     71.11    68.41  -132.79   Auxiliary Plane
     Lower Hem. Trend, Plunge of A,N    338.41    18.89   229.13    43.97
     Lower Hem. Trend, Plunge of P,T    294.61    46.04   188.26    15.19
     B trend, B plunge, Angle:   85.09  40.00 155.00

 P Polarity error at  NS26
 P Polarity weights:  0.14
  Total P polarity weight is  0.140   Total number:   1
++++++++++++++++++++++++++++++++++++++++++++++++++++++++++++++++++++++++++++++++

     Dip,Strike,Rake     51.13   314.19   -34.36
     Dip,Strike,Rake     63.94    67.40  -135.69   Auxiliary Plane
     Lower Hem. Trend, Plunge of A,N    337.40    26.06   224.19    38.87
     Lower Hem. Trend, Plunge of P,T    286.98    48.97   188.10     7.64
     B trend, B plunge, Angle:   91.64  40.00 145.00

 P Polarity error at  BB16
 P Polarity weights:  0.04
  Total P polarity weight is  0.043   Total number:   1
++++++++++++++++++++++++++++++++++++++++++++++++++++++++++++++++++++++++++++++++

     Dip,Strike,Rake     48.44   319.71   -30.79
     Dip,Strike,Rake     67.48    71.28  -134.10   Auxiliary Plane
     Lower Hem. Trend, Plunge of A,N    341.28    22.52   229.71    41.56
     Lower Hem. Trend, Plunge of P,T    294.27    47.73   191.41    11.44
     B trend, B plunge, Angle:   91.64  40.00 150.00

 P Polarity error at  NS26
 P Polarity weights:  0.14
  Total P polarity weight is  0.137   Total number:   1
++++++++++++++++++++++++++++++++++++++++++++++++++++++++++++++++++++++++++++++++

     Dip,Strike,Rake     54.07   315.64   -37.45
     Dip,Strike,Rake     60.50    69.84  -137.61   Auxiliary Plane
     Lower Hem. Trend, Plunge of A,N    339.84    29.50   225.64    35.93
     Lower Hem. Trend, Plunge of P,T    285.93    49.74   191.40     3.83
     B trend, B plunge, Angle:   98.18  40.00 140.00

 P Polarity error at  NS26 BB16
 P Polarity weights:  0.00 0.00
  Total P polarity weight is  0.002   Total number:   2
++++++++++++++++++++++++++++++++++++++++++++++++++++++++++++++++++++++++++++++++

     Dip,Strike,Rake     60.50   313.07   -42.39
     Dip,Strike,Rake     54.07    67.27  -142.55   Auxiliary Plane
     Lower Hem. Trend, Plunge of A,N    337.27    35.93   223.07    29.50
     Lower Hem. Trend, Plunge of P,T    276.98    49.74    11.51     3.83
     B trend, B plunge, Angle:  104.73  40.00 130.00

 P Polarity error at  EW13 BB16
 P Polarity weights:  0.04 0.02
  Total P polarity weight is  0.062   Total number:   2
++++++++++++++++++++++++++++++++++++++++++++++++++++++++++++++++++++++++++++++++

     Dip,Strike,Rake     57.20   317.46   -40.12
     Dip,Strike,Rake     57.20    71.99  -139.88   Auxiliary Plane
     Lower Hem. Trend, Plunge of A,N    341.99    32.80   227.46    32.80
     Lower Hem. Trend, Plunge of P,T    284.73    50.00   194.73     0.00
     B trend, B plunge, Angle:  104.73  40.00 135.00

 P Polarity error at  NS26 BB17
 P Polarity weights:  0.03 0.01
  Total P polarity weight is  0.034   Total number:   2
++++++++++++++++++++++++++++++++++++++++++++++++++++++++++++++++++++++++++++++++

     Dip,Strike,Rake     63.94   315.50   -44.31
     Dip,Strike,Rake     51.13    68.72  -145.64   Auxiliary Plane
     Lower Hem. Trend, Plunge of A,N    338.72    38.87   225.50    26.06
     Lower Hem. Trend, Plunge of P,T    275.93    48.97    14.81     7.64
     B trend, B plunge, Angle:  111.27  40.00 125.00

 P Polarity error at  EW13
 P Polarity weights:  0.03
  Total P polarity weight is  0.028   Total number:   1
++++++++++++++++++++++++++++++++++++++++++++++++++++++++++++++++++++++++++++++++

     Dip,Strike,Rake     60.50   319.61   -42.39
     Dip,Strike,Rake     54.07    73.82  -142.55   Auxiliary Plane
     Lower Hem. Trend, Plunge of A,N    343.82    35.93   229.61    29.50
     Lower Hem. Trend, Plunge of P,T    283.52    49.74    18.05     3.83
     B trend, B plunge, Angle:  111.27  40.00 130.00

 P Polarity error at  NS26 BB17
 P Polarity weights:  0.06 0.06
  Total P polarity weight is  0.117   Total number:   2
++++++++++++++++++++++++++++++++++++++++++++++++++++++++++++++++++++++++++++++++

     Dip,Strike,Rake     67.48   318.18   -45.90
     Dip,Strike,Rake     48.44    69.75  -149.21   Auxiliary Plane
     Lower Hem. Trend, Plunge of A,N    339.75    41.56   228.18    22.52
     Lower Hem. Trend, Plunge of P,T    275.19    47.73    18.05    11.44
     B trend, B plunge, Angle:  117.82  40.00 120.00

 P Polarity error at  EW13 BB17
 P Polarity weights:  0.02 0.01
  Total P polarity weight is  0.029   Total number:   2
++++++++++++++++++++++++++++++++++++++++++++++++++++++++++++++++++++++++++++++++

     Dip,Strike,Rake     71.11   321.05   -47.21
     Dip,Strike,Rake     46.03    70.32  -153.27   Auxiliary Plane
     Lower Hem. Trend, Plunge of A,N    340.32    43.97   231.05    18.89
     Lower Hem. Trend, Plunge of P,T    274.84    46.04    21.20    15.19
     B trend, B plunge, Angle:  124.36  40.00 115.00

 P Polarity error at  EW13 NS26 BB17
 P Polarity weights:  0.03 0.04 0.03
  Total P polarity weight is  0.100   Total number:   3
++++++++++++++++++++++++++++++++++++++++++++++++++++++++++++++++++++++++++++++++

     Dip,Strike,Rake     78.56   137.41   -49.02
     Dip,Strike,Rake     42.27   240.27  -162.86   Auxiliary Plane
     Lower Hem. Trend, Plunge of A,N    150.27    47.73    47.41    11.44
     Lower Hem. Trend, Plunge of P,T     85.71    41.56   197.28    22.52
     B trend, B plunge, Angle:  307.64  40.00 105.00

 P Polarity error at  NS03 BB10 NS25 BB21 EW08
 P Polarity weights:  0.01 0.00 0.04 0.03 0.03
  Total P polarity weight is  0.120   Total number:   5
++++++++++++++++++++++++++++++++++++++++++++++++++++++++++++++++++++++++++++++++

     Dip,Strike,Rake     52.24   315.47   -26.57
     Dip,Strike,Rake     69.30    62.50  -139.11   Auxiliary Plane
     Lower Hem. Trend, Plunge of A,N    332.50    20.70   225.47    37.76
     Lower Hem. Trend, Plunge of P,T    285.46    43.08   185.43    10.55
     B trend, B plunge, Angle:   84.71  45.00 150.00

 P Polarity error at  NS04 EW13 NS26 BB16
 P Polarity weights:  0.02 0.08 0.01 0.02
  Total P polarity weight is  0.132   Total number:   4
++++++++++++++++++++++++++++++++++++++++++++++++++++++++++++++++++++++++++++++++

     Dip,Strike,Rake     54.60   317.05   -29.84
     Dip,Strike,Rake     66.07    65.42  -140.68   Auxiliary Plane
     Lower Hem. Trend, Plunge of A,N    335.42    23.93   227.05    35.40
     Lower Hem. Trend, Plunge of P,T    285.77    44.14   188.87     7.05
     B trend, B plunge, Angle:   91.76  45.00 145.00

 P Polarity error at  EW13 NS26
 P Polarity weights:  0.02 0.03
  Total P polarity weight is  0.056   Total number:   2
++++++++++++++++++++++++++++++++++++++++++++++++++++++++++++++++++++++++++++++++

     Dip,Strike,Rake     57.20   318.94   -32.73
     Dip,Strike,Rake     62.97    68.14  -142.55   Auxiliary Plane
     Lower Hem. Trend, Plunge of A,N    338.14    27.03   228.94    32.80
     Lower Hem. Trend, Plunge of P,T    285.88    44.78   192.36     3.53
     B trend, B plunge, Angle:   98.82  45.00 140.00

 P Polarity error at  NS26
 P Polarity weights:  0.07
  Total P polarity weight is  0.068   Total number:   1
++++++++++++++++++++++++++++++++++++++++++++++++++++++++++++++++++++++++++++++++

     Dip,Strike,Rake     62.97   316.56   -37.45
     Dip,Strike,Rake     57.20    65.76  -147.27   Auxiliary Plane
     Lower Hem. Trend, Plunge of A,N    335.76    32.80   226.56    27.03
     Lower Hem. Trend, Plunge of P,T    278.83    44.78    12.34     3.53
     B trend, B plunge, Angle:  105.88  45.00 130.00

 P Polarity error at  EW13
 P Polarity weights:  0.07
  Total P polarity weight is  0.066   Total number:   1
++++++++++++++++++++++++++++++++++++++++++++++++++++++++++++++++++++++++++++++++

     Dip,Strike,Rake     60.00   321.15   -35.26
     Dip,Strike,Rake     60.00    70.62  -144.74   Auxiliary Plane
     Lower Hem. Trend, Plunge of A,N    340.62    30.00   231.15    30.00
     Lower Hem. Trend, Plunge of P,T    285.88    45.00   195.88     0.00
     B trend, B plunge, Angle:  105.88  45.00 135.00

 P Polarity error at  NS26
 P Polarity weights:  0.11
  Total P polarity weight is  0.109   Total number:   1
++++++++++++++++++++++++++++++++++++++++++++++++++++++++++++++++++++++++++++++++

     Dip,Strike,Rake     66.07   319.28   -39.32
     Dip,Strike,Rake     54.60    67.66  -150.16   Auxiliary Plane
     Lower Hem. Trend, Plunge of A,N    337.66    35.40   229.28    23.93
     Lower Hem. Trend, Plunge of P,T    278.94    44.14    15.83     7.05
     B trend, B plunge, Angle:  112.94  45.00 125.00

 P Polarity error at  EW13 NS26
 P Polarity weights:  0.03 0.02
  Total P polarity weight is  0.056   Total number:   2
++++++++++++++++++++++++++++++++++++++++++++++++++++++++++++++++++++++++++++++++

     Dip,Strike,Rake     69.30   322.21   -40.89
     Dip,Strike,Rake     52.24    69.23  -153.43   Auxiliary Plane
     Lower Hem. Trend, Plunge of A,N    339.23    37.76   232.21    20.70
     Lower Hem. Trend, Plunge of P,T    279.25    43.08    19.27    10.55
     B trend, B plunge, Angle:  120.00  45.00 120.00

 P Polarity error at  EW13 NS26 EW08
 P Polarity weights:  0.01 0.09 0.00
  Total P polarity weight is  0.097   Total number:   3
++++++++++++++++++++++++++++++++++++++++++++++++++++++++++++++++++++++++++++++++

     Dip,Strike,Rake     76.00   137.96   -43.22
     Dip,Strike,Rake     48.36   240.77  -161.12   Auxiliary Plane
     Lower Hem. Trend, Plunge of A,N    150.77    41.64    47.96    14.00
     Lower Hem. Trend, Plunge of P,T     90.13    39.86   195.28    17.39
     B trend, B plunge, Angle:  303.53  45.00 110.00

 P Polarity error at  NS25 EW08
 P Polarity weights:  0.05 0.06
  Total P polarity weight is  0.110   Total number:   2
++++++++++++++++++++++++++++++++++++++++++++++++++++++++++++++++++++++++++++++++

     Dip,Strike,Rake     79.45   141.32   -44.01
     Dip,Strike,Rake     46.92   241.34  -165.49   Auxiliary Plane
     Lower Hem. Trend, Plunge of A,N    151.34    43.08    51.32    10.55
     Lower Hem. Trend, Plunge of P,T     91.36    37.76   198.38    20.70
     B trend, B plunge, Angle:  310.59  45.00 105.00

 P Polarity error at  NS03 EW08
 P Polarity weights:  0.01 0.14
  Total P polarity weight is  0.144   Total number:   2
++++++++++++++++++++++++++++++++++++++++++++++++++++++++++++++++++++++++++++++++

     Dip,Strike,Rake     58.23   321.48   -25.70
     Dip,Strike,Rake     68.37    65.70  -145.50   Auxiliary Plane
     Lower Hem. Trend, Plunge of A,N    335.70    21.63   231.48    31.77
     Lower Hem. Trend, Plunge of P,T    286.88    39.27   191.61     6.41
     B trend, B plunge, Angle:   93.91  50.00 145.00

 P Polarity error at  EW13 NS26
 P Polarity weights:  0.00 0.13
  Total P polarity weight is  0.135   Total number:   2
++++++++++++++++++++++++++++++++++++++++++++++++++++++++++++++++++++++++++++++++

     Dip,Strike,Rake     62.97   319.19   -30.68
     Dip,Strike,Rake     62.97    64.29  -149.32   Auxiliary Plane
     Lower Hem. Trend, Plunge of A,N    334.29    27.03   229.19    27.03
     Lower Hem. Trend, Plunge of P,T    281.74    40.00   191.74     0.00
     B trend, B plunge, Angle:  101.74  50.00 135.00

 P Polarity error at  NS04 EW13 NS26
 P Polarity weights:  0.01 0.07 0.04
  Total P polarity weight is  0.122   Total number:   3
++++++++++++++++++++++++++++++++++++++++++++++++++++++++++++++++++++++++++++++++

     Dip,Strike,Rake     65.60   322.30   -32.73
     Dip,Strike,Rake     60.50    67.17  -151.66   Auxiliary Plane
     Lower Hem. Trend, Plunge of A,N    337.17    29.50   232.30    24.40
     Lower Hem. Trend, Plunge of P,T    283.05    39.82    15.73     3.21
     B trend, B plunge, Angle:  109.57  50.00 130.00

 P Polarity error at  EW13 NS26
 P Polarity weights:  0.01 0.11
  Total P polarity weight is  0.121   Total number:   2
++++++++++++++++++++++++++++++++++++++++++++++++++++++++++++++++++++++++++++++++

     Dip,Strike,Rake     74.24   137.05   -37.25
     Dip,Strike,Rake     54.37   238.72  -160.47   Auxiliary Plane
     Lower Hem. Trend, Plunge of A,N    148.72    35.63    47.05    15.76
     Lower Hem. Trend, Plunge of P,T     91.98    37.16   191.81    12.70
     B trend, B plunge, Angle:  297.39  50.00 115.00

 P Polarity error at  NS25 EW08
 P Polarity weights:  0.08 0.05
  Total P polarity weight is  0.130   Total number:   2
++++++++++++++++++++++++++++++++++++++++++++++++++++++++++++++++++++++++++++++++

     Dip,Strike,Rake     77.30   140.80   -38.26
     Dip,Strike,Rake     52.84   240.63  -163.99   Auxiliary Plane
     Lower Hem. Trend, Plunge of A,N    150.63    37.16    50.80    12.70
     Lower Hem. Trend, Plunge of P,T     93.89    35.63   195.56    15.76
     B trend, B plunge, Angle:  305.22  50.00 110.00

 P Polarity error at  EW08
 P Polarity weights:  0.14
  Total P polarity weight is  0.141   Total number:   1
++++++++++++++++++++++++++++++++++++++++++++++++++++++++++++++++++++++++++++++++

     Dip,Strike,Rake     75.97   139.44   -32.40
     Dip,Strike,Rake     58.68   238.19  -163.52   Auxiliary Plane
     Lower Hem. Trend, Plunge of A,N    148.19    31.32    49.44    14.03
     Lower Hem. Trend, Plunge of P,T     94.58    32.61   191.93    11.31
     B trend, B plunge, Angle:  298.54  55.00 115.00

 P Polarity error at  NS25 EW08
 P Polarity weights:  0.02 0.11
  Total P polarity weight is  0.136   Total number:   2
++++++++++++++++++++++++++++++++++++++++++++++++++++++++++++++++++++++++++++++++

     Dip,Strike,Rake     81.46   139.70   -34.07
     Dip,Strike,Rake     56.36   235.43  -169.73   Auxiliary Plane
     Lower Hem. Trend, Plunge of A,N    145.43    33.64    49.70     8.54
     Lower Hem. Trend, Plunge of P,T     92.14    29.78   192.01    16.67
     B trend, B plunge, Angle:  307.32  55.00 105.00

 P Polarity error at  BB21 EW08
 P Polarity weights:  0.05 0.09
  Total P polarity weight is  0.142   Total number:   2
++++++++++++++++++++++++++++++++++++++++++++++++++++++++++++++++++++++++++++++++


 There are  40 acceptable solutions
